<?xml version="1.0" encoding="UTF-8"?>
<testsuite name="issuetracker.app.server.service.organizationboundedcontext.contacts.CoreContactsTestCase" tests="8" skipped="0" failures="0" errors="0" timestamp="2016-03-16T11:45:54" hostname="874d4be5f1eb" time="7.657">
  <properties/>
  <testcase name="test1Save" classname="issuetracker.app.server.service.organizationboundedcontext.contacts.CoreContactsTestCase" time="0.886"/>
  <testcase name="test2Update" classname="issuetracker.app.server.service.organizationboundedcontext.contacts.CoreContactsTestCase" time="0.209"/>
  <testcase name="test3FindById" classname="issuetracker.app.server.service.organizationboundedcontext.contacts.CoreContactsTestCase" time="0.024"/>
  <testcase name="test3findBygenderId" classname="issuetracker.app.server.service.organizationboundedcontext.contacts.CoreContactsTestCase" time="0.026"/>
  <testcase name="test3findBynativeLanguageCode" classname="issuetracker.app.server.service.organizationboundedcontext.contacts.CoreContactsTestCase" time="0.024"/>
  <testcase name="test3findBytitleId" classname="issuetracker.app.server.service.organizationboundedcontext.contacts.CoreContactsTestCase" time="0.02"/>
  <testcase name="test4Delete" classname="issuetracker.app.server.service.organizationboundedcontext.contacts.CoreContactsTestCase" time="0.138"/>
  <testcase name="test5NegativeTesting" classname="issuetracker.app.server.service.organizationboundedcontext.contacts.CoreContactsTestCase" time="6.328"/>
  <system-out><![CDATA[[EL Fine]: sql: 2016-03-16 11:45:54.433--ClientSession(1855557577)--Connection(1183009156)--Thread(Thread[Test worker,5,main])--INSERT INTO ast_Title_M (titleId, titles, versionId, createdBy, createdDate, updatedBy, updatedDate, activeStatus, txnAccessCode) VALUES (?, ?, ?, ?, ?, ?, ?, ?, ?)
	bind => [06930F55-1641-4024-ADEF-4D12F6083766, 26dY1XHI2nZPSXMZd1W1Bj6QSuUWW4GzpHGEq2QJtlhsk8ViuJ, 1, AAAAA, 2016-03-16 11:45:54.42, null, 2016-03-16 11:45:54.42, 1, 51000]
[EL Fine]: sql: 2016-03-16 11:45:54.513--ClientSession(496230298)--Connection(1183009156)--Thread(Thread[Test worker,5,main])--INSERT INTO ast_Gender_M (genderId, gender, versionId, createdBy, createdDate, updatedBy, updatedDate, activeStatus, txnAccessCode) VALUES (?, ?, ?, ?, ?, ?, ?, ?, ?)
	bind => [5514C03B-8188-4FDB-ACD5-77353B21E35B, tAOVFYxGjiOtzsn3q6anlIbmi1WxyDX9QQ7lGBDGwV5AoqpWOn, 1, AAAAA, 2016-03-16 11:45:54.495, null, 2016-03-16 11:45:54.495, 1, 51000]
[EL Fine]: sql: 2016-03-16 11:45:54.563--ClientSession(510279011)--Connection(1183009156)--Thread(Thread[Test worker,5,main])--INSERT INTO ast_Language_M (languageId, alpha2, alpha3, alpha4, alpha4parentid, language, languageDescription, languageIcon, languageType, versionId, createdBy, createdDate, updatedBy, updatedDate, activeStatus, txnAccessCode) VALUES (?, ?, ?, ?, ?, ?, ?, ?, ?, ?, ?, ?, ?, ?, ?, ?)
	bind => [7896B892-4B8F-4329-91EB-C542BA6B82CF, mU, w0z, xItO, 3, ZyjFyesO95FaulYLVrTuzUTbiMgfUovkGlHYjUkGcMvixNv6s3, nljgZHksvUm2HBQG638zP4sft8WBenLkqvesEiVGdtwW1y7umI, vtIuFVAv7mS5HIprVOsXxKDWz4SI8reybfycvbJpQfFDsryl6f, R2IMDKWV0WTMwbIsWKeMqUOBZFbAinLJ, 1, AAAAA, 2016-03-16 11:45:54.551, null, 2016-03-16 11:45:54.551, 1, 51000]
[EL Fine]: sql: 2016-03-16 11:45:54.633--ClientSession(551824407)--Connection(1183009156)--Thread(Thread[Test worker,5,main])--INSERT INTO ast_Timezone_M (timeZoneId, cities, country, gmtLabel, timeZoneLabel, utcdifference, versionId, createdBy, createdDate, updatedBy, updatedDate, activeStatus, txnAccessCode) VALUES (?, ?, ?, ?, ?, ?, ?, ?, ?, ?, ?, ?, ?)
	bind => [4EF19CAD-F7FA-4C31-900A-9B987CE3F174, 4O1JyTMGxpwooeNlhaiYaLtgmoicHWi8GILWRsjSXqWSczDCN3, zWlFyJxadPmRJaRBY03d8TYM0jZ7XG47uUnwq5b6h8OUQFYkSK, wGZTjcclc8fEH6Rp3Qym5buhhEaLfbGmKLApfl9CxfE357py0T, e5P6fXP0JWRtYIZRqHluUFMEb2grr0rJgjFRqHzb4TcuCufmNI, 11, 1, AAAAA, 2016-03-16 11:45:54.42, null, 2016-03-16 11:45:54.42, 1, 51000]
[EL Fine]: sql: 2016-03-16 11:45:54.713--ClientSession(1463124721)--Connection(1183009156)--Thread(Thread[Test worker,5,main])--INSERT INTO ast_Country_M (countryId, capital, capitalLatitude, capitalLongitude, countryCode1, countryCode2, countryFlag, countryName, currencyCode, currencyName, currencySymbol, isoNumeric, versionId, createdBy, createdDate, updatedBy, updatedDate, activeStatus, txnAccessCode) VALUES (?, ?, ?, ?, ?, ?, ?, ?, ?, ?, ?, ?, ?, ?, ?, ?, ?, ?, ?)
	bind => [AEB696A1-CDD9-4499-9A00-A72225C3816D, reGd67lkR1ETj8p6As7qb5rK01UO4HB6, 9, 10, 7Cy, 3LS, T0c2yECBRlypt2Umqvmz0P5Mb7z1joHdB13oLJ8MUCYpwLcQGl, DSz9YaD7jPZTdlRGVbXFreEk1JWPGq61MLM5kJAPqn0i1HQ1JV, bw3, vcJkFVuz6MtVuxVkc48ZqOPytUP2rH2Obruy94k3booGuYZeAT, iG3UAEHM7fpgyYgYXBvPr5uNG9ci9kCY, 6, 1, AAAAA, 2016-03-16 11:45:54.696, null, 2016-03-16 11:45:54.696, 1, 51000]
[EL Fine]: sql: 2016-03-16 11:45:54.775--ClientSession(349747798)--Connection(1183009156)--Thread(Thread[Test worker,5,main])--INSERT INTO ast_State_M (stateId, countryId, stateCapital, stateCapitalLatitude, stateCapitalLongitude, stateCode, stateCodeChar2, stateCodeChar3, stateDescription, stateFlag, stateName, versionId, createdBy, createdDate, updatedBy, updatedDate, activeStatus, txnAccessCode) VALUES (?, ?, ?, ?, ?, ?, ?, ?, ?, ?, ?, ?, ?, ?, ?, ?, ?, ?)
	bind => [15920429-AC0E-4F40-8A15-889D21194134, AEB696A1-CDD9-4499-9A00-A72225C3816D, 8WHvLxv9N0dE5H3jeqBH0V8uYVX6JJdCnXt42hheZUP8DcKJiw, 8, 8, 1, 0FZQ8GRj6Z6lBVtCYAMbghjg5xkV4a2h, QAlFr77daJj8d2xNmQ9intTWdNNRExW6, fN3XRqBIT6HBu0L37P65ncY1mVzhFpNTeG8SRoX5cBneHpl2m6, 9QgSnncHqLP8aJwm8mAt2OHGnnYLj2e5e0ojhOgb1fEXRj0PNO, RkT288HsQbEJHbH02se19BaXHUraTXXPNB4idW9SttpaAciDzM, 1, AAAAA, 2016-03-16 11:45:54.759, null, 2016-03-16 11:45:54.759, 1, 51000]
[EL Fine]: sql: 2016-03-16 11:45:54.813--ClientSession(563719194)--Connection(1183009156)--Thread(Thread[Test worker,5,main])--INSERT INTO ast_City_M (cityId, cityCode, cityCodeChar2, cityDescription, cityFlag, cityLatitude, cityLongitude, cityName, countryId, stateId, versionId, createdBy, createdDate, updatedBy, updatedDate, activeStatus, txnAccessCode) VALUES (?, ?, ?, ?, ?, ?, ?, ?, ?, ?, ?, ?, ?, ?, ?, ?, ?)
	bind => [6181EB1D-72D4-4F80-B330-C24D393029A7, 3, 1C3u7Z4XDm4NYouuIB3kOjAkZWxg3tcx, eX4fSSCDlynLTb7geDyqdYcJJGdUwemxvesljnORPNovxl5s2s, TW9SMgGq2NC4qtnNORctwzl1MsLDC2IIJQQfDIliAGQRBkLrnw, 8, 6, U4Nbw9BZ1FYn3qoUvxJLHNDYQVAmnDpJBrHFaakc398BqYuuyF, AEB696A1-CDD9-4499-9A00-A72225C3816D, 15920429-AC0E-4F40-8A15-889D21194134, 1, AAAAA, 2016-03-16 11:45:54.759, null, 2016-03-16 11:45:54.759, 1, 51000]
[EL Fine]: sql: 2016-03-16 11:45:54.845--ClientSession(1315444244)--Connection(1183009156)--Thread(Thread[Test worker,5,main])--INSERT INTO ast_AddressType_M (addressTypeId, addressType, addressTypeDesc, addressTypeIcon, versionId, createdBy, createdDate, updatedBy, updatedDate, activeStatus, txnAccessCode) VALUES (?, ?, ?, ?, ?, ?, ?, ?, ?, ?, ?)
	bind => [4A231D25-66B2-41DD-B951-1D2D2F2C9CFD, UuB0FUVcvTSKH9qoTGYOHCDAGIYG0T9Llt5DIs7R8RrDnMHanz, jiwEGgxytpJFGxzDebxpzDPMYLyqtzYEwgM9A5AnMqOX8ENRmE, usakL6k4PprhBzBeS2D2T3xwnwsEP6DOR3xVdFmBCoswkOd0f0, 1, AAAAA, 2016-03-16 11:45:54.832, null, 2016-03-16 11:45:54.832, 1, 51000]
[EL Fine]: sql: 2016-03-16 11:45:54.877--ClientSession(850570160)--Connection(1183009156)--Thread(Thread[Test worker,5,main])--INSERT INTO ast_CommunicationGroup_M (commGroupId, commGroupDescription, commGroupName, versionId, createdBy, createdDate, updatedBy, updatedDate, activeStatus, txnAccessCode) VALUES (?, ?, ?, ?, ?, ?, ?, ?, ?, ?)
	bind => [FE8E6C46-0EAD-4D31-9521-AE7265BFD5BF, yzBEthgM44wyU6XE2ZvYwgwn4L458zUOsxaaQlvhCqySuYVeny, ApQhz4BWfL9Xt7jGVvBU60rnR16cG9I17j7Cd4Ihc8LQ1qBL5N, 1, AAAAA, 2016-03-16 11:45:54.862, null, 2016-03-16 11:45:54.862, 1, 51000]
[EL Fine]: sql: 2016-03-16 11:45:54.963--ClientSession(230303588)--Connection(1183009156)--Thread(Thread[Test worker,5,main])--INSERT INTO ast_CommunicationType_M (commType, commGroupId, commTypeDescription, commTypeName, versionId, createdBy, createdDate, updatedBy, updatedDate, activeStatus, txnAccessCode) VALUES (?, ?, ?, ?, ?, ?, ?, ?, ?, ?, ?)
	bind => [3A3E8022-4B50-4E90-97A3-EAAFF229D718, FE8E6C46-0EAD-4D31-9521-AE7265BFD5BF, PWq6TUw4cqX0VNsK3D2wSCpAatWKwYjKHlJjC126yBxtm1sxK4, ITjCP9hAOYsYazkpHVFUEXXwrOE5S1uZdU9NxikHt5rZjeGQ3Y, 1, AAAAA, 2016-03-16 11:45:54.89, null, 2016-03-16 11:45:54.89, 1, 51000]
Setting logged in user info for ADD
Setting logged in user info for ADD
Setting logged in user info for ADD
[EL Fine]: sql: 2016-03-16 11:45:55.125--ClientSession(1651593137)--Connection(1183009156)--Thread(Thread[Test worker,5,main])--SELECT timeZoneId FROM ast_Timezone_M WHERE (timeZoneId = ?)
	bind => [4EF19CAD-F7FA-4C31-900A-9B987CE3F174]
[EL Fine]: sql: 2016-03-16 11:45:55.127--ClientSession(1651593137)--Connection(1183009156)--Thread(Thread[Test worker,5,main])--INSERT INTO ast_CoreContacts_T (contactId, age, approximateDOB, dateofbirth, emailId, firstName, genderId, lastName, middleName, nativeFirstName, nativeLanguageCode, nativeLastName, nativeMiddleName, nativeTitle, phoneNumber, titleId, versionId, createdBy, createdDate, updatedBy, updatedDate, activeStatus, txnAccessCode, timeZoneId) VALUES (?, ?, ?, ?, ?, ?, ?, ?, ?, ?, ?, ?, ?, ?, ?, ?, ?, ?, ?, ?, ?, ?, ?, ?)
	bind => [6F4E13DA-AABF-4CFD-BD0D-E524CAEECA25, 77, 2016-03-16 11:30:51.114, 2016-03-16 11:30:51.217, o12KWeJ8Dwc8S1jqwZjD2S1piuCRSSCYzkYzjbluVMfZWK163E, QMgEkDMNCLoR6qzzKzZ5GrT9n76SSatf6iYXHvCarwpA6u0Yxb, 5514C03B-8188-4FDB-ACD5-77353B21E35B, cWxlzBNGpae7NhmPS0AUtPTBW9kdveGopnHx1Ct89Na0ZxyyYL, AhLfIjAUUKd1v7UMyCHwCERydB1NVlvLSpoITuzxDb4TaYxdSM, 4xMpbMXeUEcHMZ1gsLd1Opk0lCdTSB53znOozVyLLjULj6TeAX, 7896B892-4B8F-4329-91EB-C542BA6B82CF, fXM7F6o5UiL9PlRKfAoA9bMZmltPel624CgutmarIypWQEhO26, eXrloJbotYTsjpCtNrp67u7mT4UFpsgPGODhtFKjHgjVxBBWr1, ffdLgpmNnG5pHf4ylH8X1hMD6yXMsLgH5pJIDxNkBKCSrNYwJk, AXfuknwyG7ukKpVtk0Wf, 06930F55-1641-4024-ADEF-4D12F6083766, 1, AAAAA, 2016-03-16 11:45:54.618, null, 2016-03-16 11:45:54.618, 1, 51000, 4EF19CAD-F7FA-4C31-900A-9B987CE3F174]
[EL Fine]: sql: 2016-03-16 11:45:55.13--ClientSession(1651593137)--Connection(1183009156)--Thread(Thread[Test worker,5,main])--INSERT INTO ast_CommunicationData_TP (commDataId, commData, commGroupId, commType, versionId, createdBy, createdDate, updatedBy, updatedDate, activeStatus, txnAccessCode) VALUES (?, ?, ?, ?, ?, ?, ?, ?, ?, ?, ?)
	bind => [883A4145-9406-40F6-9435-D93CCDDCEB42, bOdHrPlcC8yuGOKG6AFQMfHRhnPk70JAS9tPH0WLiQ3Wy6rgwE, FE8E6C46-0EAD-4D31-9521-AE7265BFD5BF, 3A3E8022-4B50-4E90-97A3-EAAFF229D718, 1, AAAAA, 2016-03-16 11:45:54.862, null, 2016-03-16 11:45:54.862, 1, 51000]
[EL Fine]: sql: 2016-03-16 11:45:55.132--ClientSession(1651593137)--Connection(1183009156)--Thread(Thread[Test worker,5,main])--INSERT INTO ast_Address_T (addressId, address1, address2, address3, addressLabel, addressTypeId, cityId, countryId, latitude, longitude, stateId, versionId, zipcode, createdBy, createdDate, updatedBy, updatedDate, activeStatus, txnAccessCode) VALUES (?, ?, ?, ?, ?, ?, ?, ?, ?, ?, ?, ?, ?, ?, ?, ?, ?, ?, ?)
	bind => [783BFCE2-3488-49C3-9C5D-0B5A64339D22, ZRsJjWnB2oLuhmD8WVaj1PmLFIQ3lj5e5q7ckk98R3wIMEqPYl, 3iNT3f0UXd0LcItaYscIfEg03YIAS4YoirYCmsjdJyz6PLDsnK, dIaFv73pMXtfkPHcl9SDla8YDr0vYl0dYlCm6hzeTf7vTvgvT1, w456l4lrjDc, 4A231D25-66B2-41DD-B951-1D2D2F2C9CFD, 6181EB1D-72D4-4F80-B330-C24D393029A7, AEB696A1-CDD9-4499-9A00-A72225C3816D, cNk156fKqic6OVMYyUnNXEFG3A8Yn1v8Vvic9hbnQooi5JDf0L, bTPKUc3jk1rlnd2KstDO6QAvGqxIQypmCIymRdvkT4iSIa5BJD, 15920429-AC0E-4F40-8A15-889D21194134, 1, 9xOk9W, AAAAA, 2016-03-16 11:45:54.696, null, 2016-03-16 11:45:54.696, 1, 51000]
[EL Fine]: sql: 2016-03-16 11:45:55.134--ClientSession(1651593137)--Connection(1183009156)--Thread(Thread[Test worker,5,main])--INSERT INTO ast_AddressMap_B (addressId, contactId) VALUES (?, ?)
	bind => [783BFCE2-3488-49C3-9C5D-0B5A64339D22, 6F4E13DA-AABF-4CFD-BD0D-E524CAEECA25]
[EL Fine]: sql: 2016-03-16 11:45:55.167--ClientSession(1651593137)--Connection(1183009156)--Thread(Thread[Test worker,5,main])--INSERT INTO ast_CommunicationMap_B (commDataId, contactId) VALUES (?, ?)
	bind => [883A4145-9406-40F6-9435-D93CCDDCEB42, 6F4E13DA-AABF-4CFD-BD0D-E524CAEECA25]
[EL Fine]: sql: 2016-03-16 11:45:55.3--ClientSession(616220796)--Connection(1183009156)--Thread(Thread[Test worker,5,main])--SELECT contactId, age, approximateDOB, dateofbirth, emailId, firstName, genderId, lastName, middleName, nativeFirstName, nativeLanguageCode, nativeLastName, nativeMiddleName, nativeTitle, phoneNumber, titleId, versionId, createdBy, createdDate, updatedBy, updatedDate, activeStatus, txnAccessCode, timeZoneId FROM ast_CoreContacts_T WHERE ((activeStatus = ?) AND (contactId = ?))
	bind => [1, 6F4E13DA-AABF-4CFD-BD0D-E524CAEECA25]
[EL Fine]: sql: 2016-03-16 11:45:55.305--ClientSession(616220796)--Connection(1183009156)--Thread(Thread[Test worker,5,main])--SELECT timeZoneId, cities, country, gmtLabel, timeZoneLabel, utcdifference, versionId, createdBy, createdDate, updatedBy, updatedDate, activeStatus, txnAccessCode FROM ast_Timezone_M WHERE (timeZoneId = ?)
	bind => [4EF19CAD-F7FA-4C31-900A-9B987CE3F174]
Setting logged in user info for UPDATE
[EL Fine]: sql: 2016-03-16 11:45:55.312--ServerSession(1784714969)--Connection(1183009156)--Thread(Thread[Test worker,5,main])--SELECT t1.addressId, t1.address1, t1.address2, t1.address3, t1.addressLabel, t1.addressTypeId, t1.cityId, t1.countryId, t1.latitude, t1.longitude, t1.stateId, t1.versionId, t1.zipcode, t1.createdBy, t1.createdDate, t1.updatedBy, t1.updatedDate, t1.activeStatus, t1.txnAccessCode FROM ast_AddressMap_B t0, ast_Address_T t1 WHERE ((t0.contactId = ?) AND (t1.addressId = t0.addressId))
	bind => [6F4E13DA-AABF-4CFD-BD0D-E524CAEECA25]
Setting logged in user info for UPDATE
[EL Fine]: sql: 2016-03-16 11:45:55.321--ServerSession(1784714969)--Connection(1183009156)--Thread(Thread[Test worker,5,main])--SELECT t1.commDataId, t1.commData, t1.commGroupId, t1.commType, t1.versionId, t1.createdBy, t1.createdDate, t1.updatedBy, t1.updatedDate, t1.activeStatus, t1.txnAccessCode FROM ast_CommunicationMap_B t0, ast_CommunicationData_TP t1 WHERE ((t0.contactId = ?) AND (t1.commDataId = t0.commDataId))
	bind => [6F4E13DA-AABF-4CFD-BD0D-E524CAEECA25]
Setting logged in user info for UPDATE
[EL Fine]: sql: 2016-03-16 11:45:55.404--ClientSession(1067113131)--Connection(1183009156)--Thread(Thread[Test worker,5,main])--SELECT contactId, age, approximateDOB, dateofbirth, emailId, firstName, genderId, lastName, middleName, nativeFirstName, nativeLanguageCode, nativeLastName, nativeMiddleName, nativeTitle, phoneNumber, titleId, versionId, createdBy, createdDate, updatedBy, updatedDate, activeStatus, txnAccessCode, timeZoneId FROM ast_CoreContacts_T WHERE (contactId = ?)
	bind => [6F4E13DA-AABF-4CFD-BD0D-E524CAEECA25]
[EL Fine]: sql: 2016-03-16 11:45:55.406--ClientSession(1067113131)--Connection(1183009156)--Thread(Thread[Test worker,5,main])--SELECT timeZoneId, cities, country, gmtLabel, timeZoneLabel, utcdifference, versionId, createdBy, createdDate, updatedBy, updatedDate, activeStatus, txnAccessCode FROM ast_Timezone_M WHERE (timeZoneId = ?)
	bind => [4EF19CAD-F7FA-4C31-900A-9B987CE3F174]
[EL Fine]: sql: 2016-03-16 11:45:55.408--ClientSession(1067113131)--Connection(1183009156)--Thread(Thread[Test worker,5,main])--SELECT t1.addressId, t1.address1, t1.address2, t1.address3, t1.addressLabel, t1.addressTypeId, t1.cityId, t1.countryId, t1.latitude, t1.longitude, t1.stateId, t1.versionId, t1.zipcode, t1.createdBy, t1.createdDate, t1.updatedBy, t1.updatedDate, t1.activeStatus, t1.txnAccessCode FROM ast_AddressMap_B t0, ast_Address_T t1 WHERE ((t0.contactId = ?) AND (t1.addressId = t0.addressId))
	bind => [6F4E13DA-AABF-4CFD-BD0D-E524CAEECA25]
[EL Fine]: sql: 2016-03-16 11:45:55.41--ClientSession(1067113131)--Connection(1183009156)--Thread(Thread[Test worker,5,main])--SELECT t1.commDataId, t1.commData, t1.commGroupId, t1.commType, t1.versionId, t1.createdBy, t1.createdDate, t1.updatedBy, t1.updatedDate, t1.activeStatus, t1.txnAccessCode FROM ast_CommunicationMap_B t0, ast_CommunicationData_TP t1 WHERE ((t0.contactId = ?) AND (t1.commDataId = t0.commDataId))
	bind => [6F4E13DA-AABF-4CFD-BD0D-E524CAEECA25]
[EL Fine]: sql: 2016-03-16 11:45:55.414--ClientSession(1067113131)--Connection(1183009156)--Thread(Thread[Test worker,5,main])--UPDATE ast_CoreContacts_T SET age = ?, approximateDOB = ?, dateofbirth = ?, emailId = ?, firstName = ?, lastName = ?, middleName = ?, nativeFirstName = ?, nativeLastName = ?, nativeMiddleName = ?, nativeTitle = ?, phoneNumber = ?, updatedBy = ?, versionId = ? WHERE ((contactId = ?) AND (versionId = ?))
	bind => [93, 2016-03-16 11:30:51.576, 2016-03-16 11:30:51.627, 2pvZEDhIosuxVQMQmexSA4Yt5GNHQGFNqEC8FsuUvFTGDMjIQJ, m7G8V0XErcYBChch8dNQklSkXmvZadVLRgkJKzSOqUsmUpVbJT, MkXC37ZQ2gEzbPTnjWonkXTMafai0jyEQBXrBPrJbJwZdDw1er, rYCrULncEuDVTeRAJxakMMN7uLPPVkD9FnnnkBfIQV7rqxDngn, ojGTFMKJMzcvTAwsZKklI4PYZNhpfrKsSMUhTMBB4YGO9P9zQ6, g8yJy9eHVWsAefZqQLluNRBJSntGdPdqGx2lE5eEhzPIMhdNrl, vfnhYnjZMADEpYA8pZBimYFQ11Z5IN0JM447VbAaJljYXd3EWY, McjhQIjEXxhUCb0h3qVz1rHeDAv7o38Ecdfr1LySkjwiN7mINX, IgjkxwA0ATTdnWHI26cI, AAAAA, 2, 6F4E13DA-AABF-4CFD-BD0D-E524CAEECA25, 1]
[EL Fine]: sql: 2016-03-16 11:45:55.417--ClientSession(1067113131)--Connection(1183009156)--Thread(Thread[Test worker,5,main])--UPDATE ast_CommunicationData_TP SET updatedBy = ?, versionId = ? WHERE ((commDataId = ?) AND (versionId = ?))
	bind => [AAAAA, 2, 883A4145-9406-40F6-9435-D93CCDDCEB42, 1]
[EL Fine]: sql: 2016-03-16 11:45:55.419--ClientSession(1067113131)--Connection(1183009156)--Thread(Thread[Test worker,5,main])--UPDATE ast_Address_T SET updatedBy = ?, versionId = ? WHERE ((addressId = ?) AND (versionId = ?))
	bind => [AAAAA, 2, 783BFCE2-3488-49C3-9C5D-0B5A64339D22, 1]
[EL Fine]: sql: 2016-03-16 11:45:55.512--ClientSession(891830320)--Connection(1183009156)--Thread(Thread[Test worker,5,main])--SELECT contactId, age, approximateDOB, dateofbirth, emailId, firstName, genderId, lastName, middleName, nativeFirstName, nativeLanguageCode, nativeLastName, nativeMiddleName, nativeTitle, phoneNumber, titleId, versionId, createdBy, createdDate, updatedBy, updatedDate, activeStatus, txnAccessCode, timeZoneId FROM ast_CoreContacts_T WHERE ((activeStatus = ?) AND (contactId = ?))
	bind => [1, 6F4E13DA-AABF-4CFD-BD0D-E524CAEECA25]
[EL Fine]: sql: 2016-03-16 11:45:55.514--ClientSession(891830320)--Connection(1183009156)--Thread(Thread[Test worker,5,main])--SELECT timeZoneId, cities, country, gmtLabel, timeZoneLabel, utcdifference, versionId, createdBy, createdDate, updatedBy, updatedDate, activeStatus, txnAccessCode FROM ast_Timezone_M WHERE (timeZoneId = ?)
	bind => [4EF19CAD-F7FA-4C31-900A-9B987CE3F174]
[EL Fine]: sql: 2016-03-16 11:45:55.534--ClientSession(1160081287)--Connection(1183009156)--Thread(Thread[Test worker,5,main])--SELECT contactId, age, approximateDOB, dateofbirth, emailId, firstName, genderId, lastName, middleName, nativeFirstName, nativeLanguageCode, nativeLastName, nativeMiddleName, nativeTitle, phoneNumber, titleId, versionId, createdBy, createdDate, updatedBy, updatedDate, activeStatus, txnAccessCode, timeZoneId FROM ast_CoreContacts_T WHERE ((activeStatus = ?) AND (genderId = ?))
	bind => [1, 5514C03B-8188-4FDB-ACD5-77353B21E35B]
[EL Fine]: sql: 2016-03-16 11:45:55.539--ClientSession(1160081287)--Connection(1183009156)--Thread(Thread[Test worker,5,main])--SELECT timeZoneId, cities, country, gmtLabel, timeZoneLabel, utcdifference, versionId, createdBy, createdDate, updatedBy, updatedDate, activeStatus, txnAccessCode FROM ast_Timezone_M WHERE (timeZoneId = ?)
	bind => [4EF19CAD-F7FA-4C31-900A-9B987CE3F174]
[EL Fine]: sql: 2016-03-16 11:45:55.559--ClientSession(810374089)--Connection(1183009156)--Thread(Thread[Test worker,5,main])--SELECT contactId, age, approximateDOB, dateofbirth, emailId, firstName, genderId, lastName, middleName, nativeFirstName, nativeLanguageCode, nativeLastName, nativeMiddleName, nativeTitle, phoneNumber, titleId, versionId, createdBy, createdDate, updatedBy, updatedDate, activeStatus, txnAccessCode, timeZoneId FROM ast_CoreContacts_T WHERE ((activeStatus = ?) AND (nativeLanguageCode = ?))
	bind => [1, 7896B892-4B8F-4329-91EB-C542BA6B82CF]
[EL Fine]: sql: 2016-03-16 11:45:55.564--ClientSession(810374089)--Connection(1183009156)--Thread(Thread[Test worker,5,main])--SELECT timeZoneId, cities, country, gmtLabel, timeZoneLabel, utcdifference, versionId, createdBy, createdDate, updatedBy, updatedDate, activeStatus, txnAccessCode FROM ast_Timezone_M WHERE (timeZoneId = ?)
	bind => [4EF19CAD-F7FA-4C31-900A-9B987CE3F174]
[EL Fine]: sql: 2016-03-16 11:45:55.581--ClientSession(757545741)--Connection(1183009156)--Thread(Thread[Test worker,5,main])--SELECT contactId, age, approximateDOB, dateofbirth, emailId, firstName, genderId, lastName, middleName, nativeFirstName, nativeLanguageCode, nativeLastName, nativeMiddleName, nativeTitle, phoneNumber, titleId, versionId, createdBy, createdDate, updatedBy, updatedDate, activeStatus, txnAccessCode, timeZoneId FROM ast_CoreContacts_T WHERE ((activeStatus = ?) AND (titleId = ?))
	bind => [1, 06930F55-1641-4024-ADEF-4D12F6083766]
[EL Fine]: sql: 2016-03-16 11:45:55.585--ClientSession(757545741)--Connection(1183009156)--Thread(Thread[Test worker,5,main])--SELECT timeZoneId, cities, country, gmtLabel, timeZoneLabel, utcdifference, versionId, createdBy, createdDate, updatedBy, updatedDate, activeStatus, txnAccessCode FROM ast_Timezone_M WHERE (timeZoneId = ?)
	bind => [4EF19CAD-F7FA-4C31-900A-9B987CE3F174]
[EL Fine]: sql: 2016-03-16 11:45:55.604--ClientSession(753973848)--Connection(1183009156)--Thread(Thread[Test worker,5,main])--SELECT contactId, age, approximateDOB, dateofbirth, emailId, firstName, genderId, lastName, middleName, nativeFirstName, nativeLanguageCode, nativeLastName, nativeMiddleName, nativeTitle, phoneNumber, titleId, versionId, createdBy, createdDate, updatedBy, updatedDate, activeStatus, txnAccessCode, timeZoneId FROM ast_CoreContacts_T WHERE (contactId = ?)
	bind => [6F4E13DA-AABF-4CFD-BD0D-E524CAEECA25]
[EL Fine]: sql: 2016-03-16 11:45:55.605--ClientSession(753973848)--Connection(1183009156)--Thread(Thread[Test worker,5,main])--SELECT timeZoneId, cities, country, gmtLabel, timeZoneLabel, utcdifference, versionId, createdBy, createdDate, updatedBy, updatedDate, activeStatus, txnAccessCode FROM ast_Timezone_M WHERE (timeZoneId = ?)
	bind => [4EF19CAD-F7FA-4C31-900A-9B987CE3F174]
[EL Fine]: sql: 2016-03-16 11:45:55.607--ClientSession(753973848)--Connection(1183009156)--Thread(Thread[Test worker,5,main])--SELECT t1.addressId, t1.address1, t1.address2, t1.address3, t1.addressLabel, t1.addressTypeId, t1.cityId, t1.countryId, t1.latitude, t1.longitude, t1.stateId, t1.versionId, t1.zipcode, t1.createdBy, t1.createdDate, t1.updatedBy, t1.updatedDate, t1.activeStatus, t1.txnAccessCode FROM ast_AddressMap_B t0, ast_Address_T t1 WHERE ((t0.contactId = ?) AND (t1.addressId = t0.addressId))
	bind => [6F4E13DA-AABF-4CFD-BD0D-E524CAEECA25]
[EL Fine]: sql: 2016-03-16 11:45:55.609--ClientSession(753973848)--Connection(1183009156)--Thread(Thread[Test worker,5,main])--SELECT t1.commDataId, t1.commData, t1.commGroupId, t1.commType, t1.versionId, t1.createdBy, t1.createdDate, t1.updatedBy, t1.updatedDate, t1.activeStatus, t1.txnAccessCode FROM ast_CommunicationMap_B t0, ast_CommunicationData_TP t1 WHERE ((t0.contactId = ?) AND (t1.commDataId = t0.commDataId))
	bind => [6F4E13DA-AABF-4CFD-BD0D-E524CAEECA25]
[EL Fine]: sql: 2016-03-16 11:45:55.612--ClientSession(753973848)--Connection(1183009156)--Thread(Thread[Test worker,5,main])--DELETE FROM ast_AddressMap_B WHERE (contactId = ?)
	bind => [6F4E13DA-AABF-4CFD-BD0D-E524CAEECA25]
[EL Fine]: sql: 2016-03-16 11:45:55.617--ClientSession(753973848)--Connection(1183009156)--Thread(Thread[Test worker,5,main])--DELETE FROM ast_CommunicationMap_B WHERE (contactId = ?)
	bind => [6F4E13DA-AABF-4CFD-BD0D-E524CAEECA25]
[EL Fine]: sql: 2016-03-16 11:45:55.62--ClientSession(753973848)--Connection(1183009156)--Thread(Thread[Test worker,5,main])--DELETE FROM ast_Address_T WHERE ((addressId = ?) AND (versionId = ?))
	bind => [783BFCE2-3488-49C3-9C5D-0B5A64339D22, 2]
[EL Fine]: sql: 2016-03-16 11:45:55.622--ClientSession(753973848)--Connection(1183009156)--Thread(Thread[Test worker,5,main])--DELETE FROM ast_CommunicationData_TP WHERE ((commDataId = ?) AND (versionId = ?))
	bind => [883A4145-9406-40F6-9435-D93CCDDCEB42, 2]
[EL Fine]: sql: 2016-03-16 11:45:55.627--ClientSession(753973848)--Connection(1183009156)--Thread(Thread[Test worker,5,main])--DELETE FROM ast_CoreContacts_T WHERE ((contactId = ?) AND (versionId = ?))
	bind => [6F4E13DA-AABF-4CFD-BD0D-E524CAEECA25, 2]
[EL Fine]: sql: 2016-03-16 11:45:55.747--ClientSession(390366243)--Connection(1183009156)--Thread(Thread[Test worker,5,main])--INSERT INTO ast_Title_M (titleId, titles, versionId, createdBy, createdDate, updatedBy, updatedDate, activeStatus, txnAccessCode) VALUES (?, ?, ?, ?, ?, ?, ?, ?, ?)
	bind => [5D51ED76-D6DB-49FA-A59C-B1FA9BC3058E, 26dY1XHI2nZPSXMZd1W1Bj6QSuUWW4GzpHGEq2QJtlhsk8ViuJ, 1, AAAAA, 2016-03-16 11:45:55.732, null, 2016-03-16 11:45:55.732, 1, 51000]
[EL Fine]: sql: 2016-03-16 11:45:55.788--ClientSession(1539439896)--Connection(1183009156)--Thread(Thread[Test worker,5,main])--INSERT INTO ast_Gender_M (genderId, gender, versionId, createdBy, createdDate, updatedBy, updatedDate, activeStatus, txnAccessCode) VALUES (?, ?, ?, ?, ?, ?, ?, ?, ?)
	bind => [1934A3FE-2743-43AF-9123-5C3567940FFC, tAOVFYxGjiOtzsn3q6anlIbmi1WxyDX9QQ7lGBDGwV5AoqpWOn, 1, AAAAA, 2016-03-16 11:45:55.767, null, 2016-03-16 11:45:55.767, 1, 51000]
[EL Fine]: sql: 2016-03-16 11:45:55.867--ClientSession(373621623)--Connection(1183009156)--Thread(Thread[Test worker,5,main])--INSERT INTO ast_Language_M (languageId, alpha2, alpha3, alpha4, alpha4parentid, language, languageDescription, languageIcon, languageType, versionId, createdBy, createdDate, updatedBy, updatedDate, activeStatus, txnAccessCode) VALUES (?, ?, ?, ?, ?, ?, ?, ?, ?, ?, ?, ?, ?, ?, ?, ?)
	bind => [D1ABEE26-F54F-4012-A350-8366FDDED02B, mU, w0z, xItO, 3, ZyjFyesO95FaulYLVrTuzUTbiMgfUovkGlHYjUkGcMvixNv6s3, nljgZHksvUm2HBQG638zP4sft8WBenLkqvesEiVGdtwW1y7umI, vtIuFVAv7mS5HIprVOsXxKDWz4SI8reybfycvbJpQfFDsryl6f, R2IMDKWV0WTMwbIsWKeMqUOBZFbAinLJ, 1, AAAAA, 2016-03-16 11:45:55.85, null, 2016-03-16 11:45:55.85, 1, 51000]
[EL Fine]: sql: 2016-03-16 11:45:55.897--ClientSession(331549187)--Connection(1183009156)--Thread(Thread[Test worker,5,main])--INSERT INTO ast_Timezone_M (timeZoneId, cities, country, gmtLabel, timeZoneLabel, utcdifference, versionId, createdBy, createdDate, updatedBy, updatedDate, activeStatus, txnAccessCode) VALUES (?, ?, ?, ?, ?, ?, ?, ?, ?, ?, ?, ?, ?)
	bind => [86C30834-570F-47F4-9FF3-CD8E44D0546F, 4O1JyTMGxpwooeNlhaiYaLtgmoicHWi8GILWRsjSXqWSczDCN3, zWlFyJxadPmRJaRBY03d8TYM0jZ7XG47uUnwq5b6h8OUQFYkSK, wGZTjcclc8fEH6Rp3Qym5buhhEaLfbGmKLApfl9CxfE357py0T, e5P6fXP0JWRtYIZRqHluUFMEb2grr0rJgjFRqHzb4TcuCufmNI, 11, 1, AAAAA, 2016-03-16 11:45:55.732, null, 2016-03-16 11:45:55.732, 1, 51000]
[EL Fine]: sql: 2016-03-16 11:45:55.968--ClientSession(217263214)--Connection(1183009156)--Thread(Thread[Test worker,5,main])--INSERT INTO ast_Country_M (countryId, capital, capitalLatitude, capitalLongitude, countryCode1, countryCode2, countryFlag, countryName, currencyCode, currencyName, currencySymbol, isoNumeric, versionId, createdBy, createdDate, updatedBy, updatedDate, activeStatus, txnAccessCode) VALUES (?, ?, ?, ?, ?, ?, ?, ?, ?, ?, ?, ?, ?, ?, ?, ?, ?, ?, ?)
	bind => [5515161E-7C38-4498-98F8-09B7D3820220, reGd67lkR1ETj8p6As7qb5rK01UO4HB6, 9, 10, 7Cy, 3LS, T0c2yECBRlypt2Umqvmz0P5Mb7z1joHdB13oLJ8MUCYpwLcQGl, DSz9YaD7jPZTdlRGVbXFreEk1JWPGq61MLM5kJAPqn0i1HQ1JV, bw3, vcJkFVuz6MtVuxVkc48ZqOPytUP2rH2Obruy94k3booGuYZeAT, iG3UAEHM7fpgyYgYXBvPr5uNG9ci9kCY, 6, 1, AAAAA, 2016-03-16 11:45:55.953, null, 2016-03-16 11:45:55.953, 1, 51000]
[EL Fine]: sql: 2016-03-16 11:45:55.996--ClientSession(1664168604)--Connection(1183009156)--Thread(Thread[Test worker,5,main])--INSERT INTO ast_State_M (stateId, countryId, stateCapital, stateCapitalLatitude, stateCapitalLongitude, stateCode, stateCodeChar2, stateCodeChar3, stateDescription, stateFlag, stateName, versionId, createdBy, createdDate, updatedBy, updatedDate, activeStatus, txnAccessCode) VALUES (?, ?, ?, ?, ?, ?, ?, ?, ?, ?, ?, ?, ?, ?, ?, ?, ?, ?)
	bind => [E289CDC6-244A-4BC7-884B-310CE4A61A12, 5515161E-7C38-4498-98F8-09B7D3820220, 8WHvLxv9N0dE5H3jeqBH0V8uYVX6JJdCnXt42hheZUP8DcKJiw, 8, 8, 1, 0FZQ8GRj6Z6lBVtCYAMbghjg5xkV4a2h, QAlFr77daJj8d2xNmQ9intTWdNNRExW6, fN3XRqBIT6HBu0L37P65ncY1mVzhFpNTeG8SRoX5cBneHpl2m6, 9QgSnncHqLP8aJwm8mAt2OHGnnYLj2e5e0ojhOgb1fEXRj0PNO, RkT288HsQbEJHbH02se19BaXHUraTXXPNB4idW9SttpaAciDzM, 1, AAAAA, 2016-03-16 11:45:55.981, null, 2016-03-16 11:45:55.981, 1, 51000]
[EL Fine]: sql: 2016-03-16 11:45:56.028--ClientSession(650748015)--Connection(1183009156)--Thread(Thread[Test worker,5,main])--INSERT INTO ast_City_M (cityId, cityCode, cityCodeChar2, cityDescription, cityFlag, cityLatitude, cityLongitude, cityName, countryId, stateId, versionId, createdBy, createdDate, updatedBy, updatedDate, activeStatus, txnAccessCode) VALUES (?, ?, ?, ?, ?, ?, ?, ?, ?, ?, ?, ?, ?, ?, ?, ?, ?)
	bind => [557E8D1C-4737-4FDC-8A03-2446ABCDD80A, 3, 1C3u7Z4XDm4NYouuIB3kOjAkZWxg3tcx, eX4fSSCDlynLTb7geDyqdYcJJGdUwemxvesljnORPNovxl5s2s, TW9SMgGq2NC4qtnNORctwzl1MsLDC2IIJQQfDIliAGQRBkLrnw, 8, 6, U4Nbw9BZ1FYn3qoUvxJLHNDYQVAmnDpJBrHFaakc398BqYuuyF, 5515161E-7C38-4498-98F8-09B7D3820220, E289CDC6-244A-4BC7-884B-310CE4A61A12, 1, AAAAA, 2016-03-16 11:45:55.981, null, 2016-03-16 11:45:55.981, 1, 51000]
[EL Fine]: sql: 2016-03-16 11:45:56.09--ClientSession(644473026)--Connection(1183009156)--Thread(Thread[Test worker,5,main])--INSERT INTO ast_AddressType_M (addressTypeId, addressType, addressTypeDesc, addressTypeIcon, versionId, createdBy, createdDate, updatedBy, updatedDate, activeStatus, txnAccessCode) VALUES (?, ?, ?, ?, ?, ?, ?, ?, ?, ?, ?)
	bind => [2752E9AA-3094-4309-AC7E-1C89E6809A90, UuB0FUVcvTSKH9qoTGYOHCDAGIYG0T9Llt5DIs7R8RrDnMHanz, jiwEGgxytpJFGxzDebxpzDPMYLyqtzYEwgM9A5AnMqOX8ENRmE, usakL6k4PprhBzBeS2D2T3xwnwsEP6DOR3xVdFmBCoswkOd0f0, 1, AAAAA, 2016-03-16 11:45:56.072, null, 2016-03-16 11:45:56.072, 1, 51000]
[EL Fine]: sql: 2016-03-16 11:45:56.158--ClientSession(767030072)--Connection(1183009156)--Thread(Thread[Test worker,5,main])--INSERT INTO ast_CommunicationGroup_M (commGroupId, commGroupDescription, commGroupName, versionId, createdBy, createdDate, updatedBy, updatedDate, activeStatus, txnAccessCode) VALUES (?, ?, ?, ?, ?, ?, ?, ?, ?, ?)
	bind => [DE48A1B3-FE3C-457E-A43A-6A5A12FE53C6, yzBEthgM44wyU6XE2ZvYwgwn4L458zUOsxaaQlvhCqySuYVeny, ApQhz4BWfL9Xt7jGVvBU60rnR16cG9I17j7Cd4Ihc8LQ1qBL5N, 1, AAAAA, 2016-03-16 11:45:56.144, null, 2016-03-16 11:45:56.144, 1, 51000]
[EL Fine]: sql: 2016-03-16 11:45:56.193--ClientSession(554206801)--Connection(1183009156)--Thread(Thread[Test worker,5,main])--INSERT INTO ast_CommunicationType_M (commType, commGroupId, commTypeDescription, commTypeName, versionId, createdBy, createdDate, updatedBy, updatedDate, activeStatus, txnAccessCode) VALUES (?, ?, ?, ?, ?, ?, ?, ?, ?, ?, ?)
	bind => [A1E6BCC9-D4BE-4C09-BC84-4E29F90319C0, DE48A1B3-FE3C-457E-A43A-6A5A12FE53C6, PWq6TUw4cqX0VNsK3D2wSCpAatWKwYjKHlJjC126yBxtm1sxK4, ITjCP9hAOYsYazkpHVFUEXXwrOE5S1uZdU9NxikHt5rZjeGQ3Y, 1, AAAAA, 2016-03-16 11:45:56.172, null, 2016-03-16 11:45:56.172, 1, 51000]
[EL Fine]: sql: 2016-03-16 11:45:56.256--ClientSession(1956489450)--Connection(1183009156)--Thread(Thread[Test worker,5,main])--INSERT INTO ast_Title_M (titleId, titles, versionId, createdBy, createdDate, updatedBy, updatedDate, activeStatus, txnAccessCode) VALUES (?, ?, ?, ?, ?, ?, ?, ?, ?)
	bind => [62B704FF-0C4E-45D6-B37F-71CA7F0593A9, 26dY1XHI2nZPSXMZd1W1Bj6QSuUWW4GzpHGEq2QJtlhsk8ViuJ, 1, AAAAA, 2016-03-16 11:45:56.25, null, 2016-03-16 11:45:56.25, 1, 51000]
[EL Fine]: sql: 2016-03-16 11:45:56.275--ClientSession(949724953)--Connection(1183009156)--Thread(Thread[Test worker,5,main])--INSERT INTO ast_Gender_M (genderId, gender, versionId, createdBy, createdDate, updatedBy, updatedDate, activeStatus, txnAccessCode) VALUES (?, ?, ?, ?, ?, ?, ?, ?, ?)
	bind => [5C5749B3-26FB-4448-9C1D-A02E07579679, tAOVFYxGjiOtzsn3q6anlIbmi1WxyDX9QQ7lGBDGwV5AoqpWOn, 1, AAAAA, 2016-03-16 11:45:56.271, null, 2016-03-16 11:45:56.271, 1, 51000]
[EL Fine]: sql: 2016-03-16 11:45:56.297--ClientSession(534160532)--Connection(1183009156)--Thread(Thread[Test worker,5,main])--INSERT INTO ast_Language_M (languageId, alpha2, alpha3, alpha4, alpha4parentid, language, languageDescription, languageIcon, languageType, versionId, createdBy, createdDate, updatedBy, updatedDate, activeStatus, txnAccessCode) VALUES (?, ?, ?, ?, ?, ?, ?, ?, ?, ?, ?, ?, ?, ?, ?, ?)
	bind => [86BB85C8-058C-4EE9-B75E-96BB7B54E001, mU, w0z, xItO, 3, ZyjFyesO95FaulYLVrTuzUTbiMgfUovkGlHYjUkGcMvixNv6s3, nljgZHksvUm2HBQG638zP4sft8WBenLkqvesEiVGdtwW1y7umI, vtIuFVAv7mS5HIprVOsXxKDWz4SI8reybfycvbJpQfFDsryl6f, R2IMDKWV0WTMwbIsWKeMqUOBZFbAinLJ, 1, AAAAA, 2016-03-16 11:45:56.292, null, 2016-03-16 11:45:56.292, 1, 51000]
[EL Fine]: sql: 2016-03-16 11:45:56.356--ClientSession(2043785112)--Connection(1183009156)--Thread(Thread[Test worker,5,main])--INSERT INTO ast_Timezone_M (timeZoneId, cities, country, gmtLabel, timeZoneLabel, utcdifference, versionId, createdBy, createdDate, updatedBy, updatedDate, activeStatus, txnAccessCode) VALUES (?, ?, ?, ?, ?, ?, ?, ?, ?, ?, ?, ?, ?)
	bind => [5993DB56-3A9F-4BFB-AC1D-92C6C32A3E26, 4O1JyTMGxpwooeNlhaiYaLtgmoicHWi8GILWRsjSXqWSczDCN3, zWlFyJxadPmRJaRBY03d8TYM0jZ7XG47uUnwq5b6h8OUQFYkSK, wGZTjcclc8fEH6Rp3Qym5buhhEaLfbGmKLApfl9CxfE357py0T, e5P6fXP0JWRtYIZRqHluUFMEb2grr0rJgjFRqHzb4TcuCufmNI, 11, 1, AAAAA, 2016-03-16 11:45:56.25, null, 2016-03-16 11:45:56.25, 1, 51000]
[EL Fine]: sql: 2016-03-16 11:45:56.385--ClientSession(1825876860)--Connection(1183009156)--Thread(Thread[Test worker,5,main])--INSERT INTO ast_Country_M (countryId, capital, capitalLatitude, capitalLongitude, countryCode1, countryCode2, countryFlag, countryName, currencyCode, currencyName, currencySymbol, isoNumeric, versionId, createdBy, createdDate, updatedBy, updatedDate, activeStatus, txnAccessCode) VALUES (?, ?, ?, ?, ?, ?, ?, ?, ?, ?, ?, ?, ?, ?, ?, ?, ?, ?, ?)
	bind => [1E8F4F0F-832C-40A0-9EE9-B18B9DA92911, reGd67lkR1ETj8p6As7qb5rK01UO4HB6, 9, 10, 7Cy, 3LS, T0c2yECBRlypt2Umqvmz0P5Mb7z1joHdB13oLJ8MUCYpwLcQGl, DSz9YaD7jPZTdlRGVbXFreEk1JWPGq61MLM5kJAPqn0i1HQ1JV, bw3, vcJkFVuz6MtVuxVkc48ZqOPytUP2rH2Obruy94k3booGuYZeAT, iG3UAEHM7fpgyYgYXBvPr5uNG9ci9kCY, 6, 1, AAAAA, 2016-03-16 11:45:56.378, null, 2016-03-16 11:45:56.378, 1, 51000]
[EL Fine]: sql: 2016-03-16 11:45:56.412--ClientSession(294335520)--Connection(1183009156)--Thread(Thread[Test worker,5,main])--INSERT INTO ast_State_M (stateId, countryId, stateCapital, stateCapitalLatitude, stateCapitalLongitude, stateCode, stateCodeChar2, stateCodeChar3, stateDescription, stateFlag, stateName, versionId, createdBy, createdDate, updatedBy, updatedDate, activeStatus, txnAccessCode) VALUES (?, ?, ?, ?, ?, ?, ?, ?, ?, ?, ?, ?, ?, ?, ?, ?, ?, ?)
	bind => [606515CA-FE1C-489F-8A8E-16048D59E24E, 1E8F4F0F-832C-40A0-9EE9-B18B9DA92911, 8WHvLxv9N0dE5H3jeqBH0V8uYVX6JJdCnXt42hheZUP8DcKJiw, 8, 8, 1, 0FZQ8GRj6Z6lBVtCYAMbghjg5xkV4a2h, QAlFr77daJj8d2xNmQ9intTWdNNRExW6, fN3XRqBIT6HBu0L37P65ncY1mVzhFpNTeG8SRoX5cBneHpl2m6, 9QgSnncHqLP8aJwm8mAt2OHGnnYLj2e5e0ojhOgb1fEXRj0PNO, RkT288HsQbEJHbH02se19BaXHUraTXXPNB4idW9SttpaAciDzM, 1, AAAAA, 2016-03-16 11:45:56.406, null, 2016-03-16 11:45:56.406, 1, 51000]
[EL Fine]: sql: 2016-03-16 11:45:56.434--ClientSession(1584819772)--Connection(1183009156)--Thread(Thread[Test worker,5,main])--INSERT INTO ast_City_M (cityId, cityCode, cityCodeChar2, cityDescription, cityFlag, cityLatitude, cityLongitude, cityName, countryId, stateId, versionId, createdBy, createdDate, updatedBy, updatedDate, activeStatus, txnAccessCode) VALUES (?, ?, ?, ?, ?, ?, ?, ?, ?, ?, ?, ?, ?, ?, ?, ?, ?)
	bind => [21853781-9C08-4A5C-9570-ACAB580F6D45, 3, 1C3u7Z4XDm4NYouuIB3kOjAkZWxg3tcx, eX4fSSCDlynLTb7geDyqdYcJJGdUwemxvesljnORPNovxl5s2s, TW9SMgGq2NC4qtnNORctwzl1MsLDC2IIJQQfDIliAGQRBkLrnw, 8, 6, U4Nbw9BZ1FYn3qoUvxJLHNDYQVAmnDpJBrHFaakc398BqYuuyF, 1E8F4F0F-832C-40A0-9EE9-B18B9DA92911, 606515CA-FE1C-489F-8A8E-16048D59E24E, 1, AAAAA, 2016-03-16 11:45:56.406, null, 2016-03-16 11:45:56.406, 1, 51000]
[EL Fine]: sql: 2016-03-16 11:45:56.49--ClientSession(19338955)--Connection(1183009156)--Thread(Thread[Test worker,5,main])--INSERT INTO ast_AddressType_M (addressTypeId, addressType, addressTypeDesc, addressTypeIcon, versionId, createdBy, createdDate, updatedBy, updatedDate, activeStatus, txnAccessCode) VALUES (?, ?, ?, ?, ?, ?, ?, ?, ?, ?, ?)
	bind => [FE03EE1C-24EC-4CC4-9A68-4370804150F4, UuB0FUVcvTSKH9qoTGYOHCDAGIYG0T9Llt5DIs7R8RrDnMHanz, jiwEGgxytpJFGxzDebxpzDPMYLyqtzYEwgM9A5AnMqOX8ENRmE, usakL6k4PprhBzBeS2D2T3xwnwsEP6DOR3xVdFmBCoswkOd0f0, 1, AAAAA, 2016-03-16 11:45:56.486, null, 2016-03-16 11:45:56.486, 1, 51000]
[EL Fine]: sql: 2016-03-16 11:45:56.552--ClientSession(1832704094)--Connection(1183009156)--Thread(Thread[Test worker,5,main])--INSERT INTO ast_CommunicationGroup_M (commGroupId, commGroupDescription, commGroupName, versionId, createdBy, createdDate, updatedBy, updatedDate, activeStatus, txnAccessCode) VALUES (?, ?, ?, ?, ?, ?, ?, ?, ?, ?)
	bind => [E4CBA8E2-B531-4620-BF55-1A29D9942B71, yzBEthgM44wyU6XE2ZvYwgwn4L458zUOsxaaQlvhCqySuYVeny, ApQhz4BWfL9Xt7jGVvBU60rnR16cG9I17j7Cd4Ihc8LQ1qBL5N, 1, AAAAA, 2016-03-16 11:45:56.549, null, 2016-03-16 11:45:56.549, 1, 51000]
[EL Fine]: sql: 2016-03-16 11:45:56.567--ClientSession(50403087)--Connection(1183009156)--Thread(Thread[Test worker,5,main])--INSERT INTO ast_CommunicationType_M (commType, commGroupId, commTypeDescription, commTypeName, versionId, createdBy, createdDate, updatedBy, updatedDate, activeStatus, txnAccessCode) VALUES (?, ?, ?, ?, ?, ?, ?, ?, ?, ?, ?)
	bind => [FCEFE60E-BC4A-4FFC-A731-B4AF43E35642, E4CBA8E2-B531-4620-BF55-1A29D9942B71, PWq6TUw4cqX0VNsK3D2wSCpAatWKwYjKHlJjC126yBxtm1sxK4, ITjCP9hAOYsYazkpHVFUEXXwrOE5S1uZdU9NxikHt5rZjeGQ3Y, 1, AAAAA, 2016-03-16 11:45:56.565, null, 2016-03-16 11:45:56.565, 1, 51000]
[EL Fine]: sql: 2016-03-16 11:45:56.595--ClientSession(1664952795)--Connection(1183009156)--Thread(Thread[Test worker,5,main])--INSERT INTO ast_Title_M (titleId, titles, versionId, createdBy, createdDate, updatedBy, updatedDate, activeStatus, txnAccessCode) VALUES (?, ?, ?, ?, ?, ?, ?, ?, ?)
	bind => [C9E8EC56-81D3-48BC-8B30-52AA45FFFFF1, 26dY1XHI2nZPSXMZd1W1Bj6QSuUWW4GzpHGEq2QJtlhsk8ViuJ, 1, AAAAA, 2016-03-16 11:45:56.592, null, 2016-03-16 11:45:56.592, 1, 51000]
[EL Fine]: sql: 2016-03-16 11:45:56.649--ClientSession(1140575282)--Connection(1183009156)--Thread(Thread[Test worker,5,main])--INSERT INTO ast_Gender_M (genderId, gender, versionId, createdBy, createdDate, updatedBy, updatedDate, activeStatus, txnAccessCode) VALUES (?, ?, ?, ?, ?, ?, ?, ?, ?)
	bind => [C3CFA372-9DC4-4A43-A8E1-13988ACC85F8, tAOVFYxGjiOtzsn3q6anlIbmi1WxyDX9QQ7lGBDGwV5AoqpWOn, 1, AAAAA, 2016-03-16 11:45:56.645, null, 2016-03-16 11:45:56.645, 1, 51000]
[EL Fine]: sql: 2016-03-16 11:45:56.715--ClientSession(17237708)--Connection(1183009156)--Thread(Thread[Test worker,5,main])--INSERT INTO ast_Language_M (languageId, alpha2, alpha3, alpha4, alpha4parentid, language, languageDescription, languageIcon, languageType, versionId, createdBy, createdDate, updatedBy, updatedDate, activeStatus, txnAccessCode) VALUES (?, ?, ?, ?, ?, ?, ?, ?, ?, ?, ?, ?, ?, ?, ?, ?)
	bind => [4C5FBB8F-6B5E-416C-ABA2-F7254149AD1A, mU, w0z, xItO, 3, ZyjFyesO95FaulYLVrTuzUTbiMgfUovkGlHYjUkGcMvixNv6s3, nljgZHksvUm2HBQG638zP4sft8WBenLkqvesEiVGdtwW1y7umI, vtIuFVAv7mS5HIprVOsXxKDWz4SI8reybfycvbJpQfFDsryl6f, R2IMDKWV0WTMwbIsWKeMqUOBZFbAinLJ, 1, AAAAA, 2016-03-16 11:45:56.709, null, 2016-03-16 11:45:56.709, 1, 51000]
[EL Fine]: sql: 2016-03-16 11:45:56.776--ClientSession(2031983615)--Connection(1183009156)--Thread(Thread[Test worker,5,main])--INSERT INTO ast_Timezone_M (timeZoneId, cities, country, gmtLabel, timeZoneLabel, utcdifference, versionId, createdBy, createdDate, updatedBy, updatedDate, activeStatus, txnAccessCode) VALUES (?, ?, ?, ?, ?, ?, ?, ?, ?, ?, ?, ?, ?)
	bind => [5C49DC74-C59C-433D-B9E7-728EFE864F4B, 4O1JyTMGxpwooeNlhaiYaLtgmoicHWi8GILWRsjSXqWSczDCN3, zWlFyJxadPmRJaRBY03d8TYM0jZ7XG47uUnwq5b6h8OUQFYkSK, wGZTjcclc8fEH6Rp3Qym5buhhEaLfbGmKLApfl9CxfE357py0T, e5P6fXP0JWRtYIZRqHluUFMEb2grr0rJgjFRqHzb4TcuCufmNI, 11, 1, AAAAA, 2016-03-16 11:45:56.592, null, 2016-03-16 11:45:56.592, 1, 51000]
[EL Fine]: sql: 2016-03-16 11:45:56.801--ClientSession(1601240929)--Connection(1183009156)--Thread(Thread[Test worker,5,main])--INSERT INTO ast_Country_M (countryId, capital, capitalLatitude, capitalLongitude, countryCode1, countryCode2, countryFlag, countryName, currencyCode, currencyName, currencySymbol, isoNumeric, versionId, createdBy, createdDate, updatedBy, updatedDate, activeStatus, txnAccessCode) VALUES (?, ?, ?, ?, ?, ?, ?, ?, ?, ?, ?, ?, ?, ?, ?, ?, ?, ?, ?)
	bind => [573923EB-0775-43CA-AFE4-43CFAF02C743, reGd67lkR1ETj8p6As7qb5rK01UO4HB6, 9, 10, 7Cy, 3LS, T0c2yECBRlypt2Umqvmz0P5Mb7z1joHdB13oLJ8MUCYpwLcQGl, DSz9YaD7jPZTdlRGVbXFreEk1JWPGq61MLM5kJAPqn0i1HQ1JV, bw3, vcJkFVuz6MtVuxVkc48ZqOPytUP2rH2Obruy94k3booGuYZeAT, iG3UAEHM7fpgyYgYXBvPr5uNG9ci9kCY, 6, 1, AAAAA, 2016-03-16 11:45:56.795, null, 2016-03-16 11:45:56.795, 1, 51000]
[EL Fine]: sql: 2016-03-16 11:45:56.821--ClientSession(1256898524)--Connection(1183009156)--Thread(Thread[Test worker,5,main])--INSERT INTO ast_State_M (stateId, countryId, stateCapital, stateCapitalLatitude, stateCapitalLongitude, stateCode, stateCodeChar2, stateCodeChar3, stateDescription, stateFlag, stateName, versionId, createdBy, createdDate, updatedBy, updatedDate, activeStatus, txnAccessCode) VALUES (?, ?, ?, ?, ?, ?, ?, ?, ?, ?, ?, ?, ?, ?, ?, ?, ?, ?)
	bind => [64AC180C-2DA3-4029-B156-F6CCFFF75007, 573923EB-0775-43CA-AFE4-43CFAF02C743, 8WHvLxv9N0dE5H3jeqBH0V8uYVX6JJdCnXt42hheZUP8DcKJiw, 8, 8, 1, 0FZQ8GRj6Z6lBVtCYAMbghjg5xkV4a2h, QAlFr77daJj8d2xNmQ9intTWdNNRExW6, fN3XRqBIT6HBu0L37P65ncY1mVzhFpNTeG8SRoX5cBneHpl2m6, 9QgSnncHqLP8aJwm8mAt2OHGnnYLj2e5e0ojhOgb1fEXRj0PNO, RkT288HsQbEJHbH02se19BaXHUraTXXPNB4idW9SttpaAciDzM, 1, AAAAA, 2016-03-16 11:45:56.816, null, 2016-03-16 11:45:56.816, 1, 51000]
[EL Fine]: sql: 2016-03-16 11:45:56.842--ClientSession(1455858565)--Connection(1183009156)--Thread(Thread[Test worker,5,main])--INSERT INTO ast_City_M (cityId, cityCode, cityCodeChar2, cityDescription, cityFlag, cityLatitude, cityLongitude, cityName, countryId, stateId, versionId, createdBy, createdDate, updatedBy, updatedDate, activeStatus, txnAccessCode) VALUES (?, ?, ?, ?, ?, ?, ?, ?, ?, ?, ?, ?, ?, ?, ?, ?, ?)
	bind => [9F816673-BE8B-4250-841B-E69D27ADFF58, 3, 1C3u7Z4XDm4NYouuIB3kOjAkZWxg3tcx, eX4fSSCDlynLTb7geDyqdYcJJGdUwemxvesljnORPNovxl5s2s, TW9SMgGq2NC4qtnNORctwzl1MsLDC2IIJQQfDIliAGQRBkLrnw, 8, 6, U4Nbw9BZ1FYn3qoUvxJLHNDYQVAmnDpJBrHFaakc398BqYuuyF, 573923EB-0775-43CA-AFE4-43CFAF02C743, 64AC180C-2DA3-4029-B156-F6CCFFF75007, 1, AAAAA, 2016-03-16 11:45:56.816, null, 2016-03-16 11:45:56.816, 1, 51000]
[EL Fine]: sql: 2016-03-16 11:45:56.862--ClientSession(448621352)--Connection(1183009156)--Thread(Thread[Test worker,5,main])--INSERT INTO ast_AddressType_M (addressTypeId, addressType, addressTypeDesc, addressTypeIcon, versionId, createdBy, createdDate, updatedBy, updatedDate, activeStatus, txnAccessCode) VALUES (?, ?, ?, ?, ?, ?, ?, ?, ?, ?, ?)
	bind => [E6611353-B109-40A4-8E6A-805596553658, UuB0FUVcvTSKH9qoTGYOHCDAGIYG0T9Llt5DIs7R8RrDnMHanz, jiwEGgxytpJFGxzDebxpzDPMYLyqtzYEwgM9A5AnMqOX8ENRmE, usakL6k4PprhBzBeS2D2T3xwnwsEP6DOR3xVdFmBCoswkOd0f0, 1, AAAAA, 2016-03-16 11:45:56.859, null, 2016-03-16 11:45:56.859, 1, 51000]
[EL Fine]: sql: 2016-03-16 11:45:56.883--ClientSession(1464088638)--Connection(1183009156)--Thread(Thread[Test worker,5,main])--INSERT INTO ast_CommunicationGroup_M (commGroupId, commGroupDescription, commGroupName, versionId, createdBy, createdDate, updatedBy, updatedDate, activeStatus, txnAccessCode) VALUES (?, ?, ?, ?, ?, ?, ?, ?, ?, ?)
	bind => [D57ADB90-A598-40F1-A395-95B0F83B7969, yzBEthgM44wyU6XE2ZvYwgwn4L458zUOsxaaQlvhCqySuYVeny, ApQhz4BWfL9Xt7jGVvBU60rnR16cG9I17j7Cd4Ihc8LQ1qBL5N, 1, AAAAA, 2016-03-16 11:45:56.879, null, 2016-03-16 11:45:56.879, 1, 51000]
[EL Fine]: sql: 2016-03-16 11:45:56.943--ClientSession(2075074886)--Connection(1183009156)--Thread(Thread[Test worker,5,main])--INSERT INTO ast_CommunicationType_M (commType, commGroupId, commTypeDescription, commTypeName, versionId, createdBy, createdDate, updatedBy, updatedDate, activeStatus, txnAccessCode) VALUES (?, ?, ?, ?, ?, ?, ?, ?, ?, ?, ?)
	bind => [7D2C9A77-FE28-4DF0-BCB2-CBB91021A39B, D57ADB90-A598-40F1-A395-95B0F83B7969, PWq6TUw4cqX0VNsK3D2wSCpAatWKwYjKHlJjC126yBxtm1sxK4, ITjCP9hAOYsYazkpHVFUEXXwrOE5S1uZdU9NxikHt5rZjeGQ3Y, 1, AAAAA, 2016-03-16 11:45:56.939, null, 2016-03-16 11:45:56.939, 1, 51000]
[EL Fine]: sql: 2016-03-16 11:45:57.033--ClientSession(439686069)--Connection(1183009156)--Thread(Thread[Test worker,5,main])--INSERT INTO ast_Title_M (titleId, titles, versionId, createdBy, createdDate, updatedBy, updatedDate, activeStatus, txnAccessCode) VALUES (?, ?, ?, ?, ?, ?, ?, ?, ?)
	bind => [EC6FE8BF-87AA-45B2-B560-E26A2C1B6C40, 26dY1XHI2nZPSXMZd1W1Bj6QSuUWW4GzpHGEq2QJtlhsk8ViuJ, 1, AAAAA, 2016-03-16 11:45:57.031, null, 2016-03-16 11:45:57.031, 1, 51000]
[EL Fine]: sql: 2016-03-16 11:45:57.058--ClientSession(790550285)--Connection(1183009156)--Thread(Thread[Test worker,5,main])--INSERT INTO ast_Gender_M (genderId, gender, versionId, createdBy, createdDate, updatedBy, updatedDate, activeStatus, txnAccessCode) VALUES (?, ?, ?, ?, ?, ?, ?, ?, ?)
	bind => [03C49214-247B-43E8-AE0B-ADA0089FC4A8, tAOVFYxGjiOtzsn3q6anlIbmi1WxyDX9QQ7lGBDGwV5AoqpWOn, 1, AAAAA, 2016-03-16 11:45:57.056, null, 2016-03-16 11:45:57.056, 1, 51000]
[EL Fine]: sql: 2016-03-16 11:45:57.136--ClientSession(1846488803)--Connection(1183009156)--Thread(Thread[Test worker,5,main])--INSERT INTO ast_Language_M (languageId, alpha2, alpha3, alpha4, alpha4parentid, language, languageDescription, languageIcon, languageType, versionId, createdBy, createdDate, updatedBy, updatedDate, activeStatus, txnAccessCode) VALUES (?, ?, ?, ?, ?, ?, ?, ?, ?, ?, ?, ?, ?, ?, ?, ?)
	bind => [3EF45890-8F45-47DE-980B-3D36B82BEB82, mU, w0z, xItO, 3, ZyjFyesO95FaulYLVrTuzUTbiMgfUovkGlHYjUkGcMvixNv6s3, nljgZHksvUm2HBQG638zP4sft8WBenLkqvesEiVGdtwW1y7umI, vtIuFVAv7mS5HIprVOsXxKDWz4SI8reybfycvbJpQfFDsryl6f, R2IMDKWV0WTMwbIsWKeMqUOBZFbAinLJ, 1, AAAAA, 2016-03-16 11:45:57.132, null, 2016-03-16 11:45:57.132, 1, 51000]
[EL Fine]: sql: 2016-03-16 11:45:57.195--ClientSession(2115348668)--Connection(1183009156)--Thread(Thread[Test worker,5,main])--INSERT INTO ast_Timezone_M (timeZoneId, cities, country, gmtLabel, timeZoneLabel, utcdifference, versionId, createdBy, createdDate, updatedBy, updatedDate, activeStatus, txnAccessCode) VALUES (?, ?, ?, ?, ?, ?, ?, ?, ?, ?, ?, ?, ?)
	bind => [D9ADE88C-0B9D-48CD-BDA4-0E789C5C2C1D, 4O1JyTMGxpwooeNlhaiYaLtgmoicHWi8GILWRsjSXqWSczDCN3, zWlFyJxadPmRJaRBY03d8TYM0jZ7XG47uUnwq5b6h8OUQFYkSK, wGZTjcclc8fEH6Rp3Qym5buhhEaLfbGmKLApfl9CxfE357py0T, e5P6fXP0JWRtYIZRqHluUFMEb2grr0rJgjFRqHzb4TcuCufmNI, 11, 1, AAAAA, 2016-03-16 11:45:57.031, null, 2016-03-16 11:45:57.031, 1, 51000]
[EL Fine]: sql: 2016-03-16 11:45:57.22--ClientSession(666841818)--Connection(1183009156)--Thread(Thread[Test worker,5,main])--INSERT INTO ast_Country_M (countryId, capital, capitalLatitude, capitalLongitude, countryCode1, countryCode2, countryFlag, countryName, currencyCode, currencyName, currencySymbol, isoNumeric, versionId, createdBy, createdDate, updatedBy, updatedDate, activeStatus, txnAccessCode) VALUES (?, ?, ?, ?, ?, ?, ?, ?, ?, ?, ?, ?, ?, ?, ?, ?, ?, ?, ?)
	bind => [E2697600-8AED-4131-AFF6-48BC5CC749A9, reGd67lkR1ETj8p6As7qb5rK01UO4HB6, 9, 10, 7Cy, 3LS, T0c2yECBRlypt2Umqvmz0P5Mb7z1joHdB13oLJ8MUCYpwLcQGl, DSz9YaD7jPZTdlRGVbXFreEk1JWPGq61MLM5kJAPqn0i1HQ1JV, bw3, vcJkFVuz6MtVuxVkc48ZqOPytUP2rH2Obruy94k3booGuYZeAT, iG3UAEHM7fpgyYgYXBvPr5uNG9ci9kCY, 6, 1, AAAAA, 2016-03-16 11:45:57.215, null, 2016-03-16 11:45:57.215, 1, 51000]
[EL Fine]: sql: 2016-03-16 11:45:57.242--ClientSession(422937272)--Connection(1183009156)--Thread(Thread[Test worker,5,main])--INSERT INTO ast_State_M (stateId, countryId, stateCapital, stateCapitalLatitude, stateCapitalLongitude, stateCode, stateCodeChar2, stateCodeChar3, stateDescription, stateFlag, stateName, versionId, createdBy, createdDate, updatedBy, updatedDate, activeStatus, txnAccessCode) VALUES (?, ?, ?, ?, ?, ?, ?, ?, ?, ?, ?, ?, ?, ?, ?, ?, ?, ?)
	bind => [975C1820-2E9E-4A79-A747-FCC8A33FCC10, E2697600-8AED-4131-AFF6-48BC5CC749A9, 8WHvLxv9N0dE5H3jeqBH0V8uYVX6JJdCnXt42hheZUP8DcKJiw, 8, 8, 1, 0FZQ8GRj6Z6lBVtCYAMbghjg5xkV4a2h, QAlFr77daJj8d2xNmQ9intTWdNNRExW6, fN3XRqBIT6HBu0L37P65ncY1mVzhFpNTeG8SRoX5cBneHpl2m6, 9QgSnncHqLP8aJwm8mAt2OHGnnYLj2e5e0ojhOgb1fEXRj0PNO, RkT288HsQbEJHbH02se19BaXHUraTXXPNB4idW9SttpaAciDzM, 1, AAAAA, 2016-03-16 11:45:57.236, null, 2016-03-16 11:45:57.236, 1, 51000]
[EL Fine]: sql: 2016-03-16 11:45:57.264--ClientSession(1268038233)--Connection(1183009156)--Thread(Thread[Test worker,5,main])--INSERT INTO ast_City_M (cityId, cityCode, cityCodeChar2, cityDescription, cityFlag, cityLatitude, cityLongitude, cityName, countryId, stateId, versionId, createdBy, createdDate, updatedBy, updatedDate, activeStatus, txnAccessCode) VALUES (?, ?, ?, ?, ?, ?, ?, ?, ?, ?, ?, ?, ?, ?, ?, ?, ?)
	bind => [371CD575-32AB-4538-8A17-1F6FD24EEA8D, 3, 1C3u7Z4XDm4NYouuIB3kOjAkZWxg3tcx, eX4fSSCDlynLTb7geDyqdYcJJGdUwemxvesljnORPNovxl5s2s, TW9SMgGq2NC4qtnNORctwzl1MsLDC2IIJQQfDIliAGQRBkLrnw, 8, 6, U4Nbw9BZ1FYn3qoUvxJLHNDYQVAmnDpJBrHFaakc398BqYuuyF, E2697600-8AED-4131-AFF6-48BC5CC749A9, 975C1820-2E9E-4A79-A747-FCC8A33FCC10, 1, AAAAA, 2016-03-16 11:45:57.236, null, 2016-03-16 11:45:57.236, 1, 51000]
[EL Fine]: sql: 2016-03-16 11:45:57.319--ClientSession(1486210008)--Connection(1183009156)--Thread(Thread[Test worker,5,main])--INSERT INTO ast_AddressType_M (addressTypeId, addressType, addressTypeDesc, addressTypeIcon, versionId, createdBy, createdDate, updatedBy, updatedDate, activeStatus, txnAccessCode) VALUES (?, ?, ?, ?, ?, ?, ?, ?, ?, ?, ?)
	bind => [F36448E2-4202-4948-AD23-B71C1B443821, UuB0FUVcvTSKH9qoTGYOHCDAGIYG0T9Llt5DIs7R8RrDnMHanz, jiwEGgxytpJFGxzDebxpzDPMYLyqtzYEwgM9A5AnMqOX8ENRmE, usakL6k4PprhBzBeS2D2T3xwnwsEP6DOR3xVdFmBCoswkOd0f0, 1, AAAAA, 2016-03-16 11:45:57.316, null, 2016-03-16 11:45:57.316, 1, 51000]
[EL Fine]: sql: 2016-03-16 11:45:57.335--ClientSession(759695080)--Connection(1183009156)--Thread(Thread[Test worker,5,main])--INSERT INTO ast_CommunicationGroup_M (commGroupId, commGroupDescription, commGroupName, versionId, createdBy, createdDate, updatedBy, updatedDate, activeStatus, txnAccessCode) VALUES (?, ?, ?, ?, ?, ?, ?, ?, ?, ?)
	bind => [3CA74D73-94AC-450D-B08F-1516D57BAA10, yzBEthgM44wyU6XE2ZvYwgwn4L458zUOsxaaQlvhCqySuYVeny, ApQhz4BWfL9Xt7jGVvBU60rnR16cG9I17j7Cd4Ihc8LQ1qBL5N, 1, AAAAA, 2016-03-16 11:45:57.333, null, 2016-03-16 11:45:57.333, 1, 51000]
[EL Fine]: sql: 2016-03-16 11:45:57.356--ClientSession(767078402)--Connection(1183009156)--Thread(Thread[Test worker,5,main])--INSERT INTO ast_CommunicationType_M (commType, commGroupId, commTypeDescription, commTypeName, versionId, createdBy, createdDate, updatedBy, updatedDate, activeStatus, txnAccessCode) VALUES (?, ?, ?, ?, ?, ?, ?, ?, ?, ?, ?)
	bind => [4AA46F90-C95F-457B-9D29-D11DCDAE8ABE, 3CA74D73-94AC-450D-B08F-1516D57BAA10, PWq6TUw4cqX0VNsK3D2wSCpAatWKwYjKHlJjC126yBxtm1sxK4, ITjCP9hAOYsYazkpHVFUEXXwrOE5S1uZdU9NxikHt5rZjeGQ3Y, 1, AAAAA, 2016-03-16 11:45:57.354, null, 2016-03-16 11:45:57.354, 1, 51000]
[EL Fine]: sql: 2016-03-16 11:45:57.384--ClientSession(950074991)--Connection(1183009156)--Thread(Thread[Test worker,5,main])--INSERT INTO ast_Title_M (titleId, titles, versionId, createdBy, createdDate, updatedBy, updatedDate, activeStatus, txnAccessCode) VALUES (?, ?, ?, ?, ?, ?, ?, ?, ?)
	bind => [B748AB5F-CA82-4BE9-908B-F098D6002592, 26dY1XHI2nZPSXMZd1W1Bj6QSuUWW4GzpHGEq2QJtlhsk8ViuJ, 1, AAAAA, 2016-03-16 11:45:57.382, null, 2016-03-16 11:45:57.382, 1, 51000]
[EL Fine]: sql: 2016-03-16 11:45:57.407--ClientSession(1420671371)--Connection(1183009156)--Thread(Thread[Test worker,5,main])--INSERT INTO ast_Gender_M (genderId, gender, versionId, createdBy, createdDate, updatedBy, updatedDate, activeStatus, txnAccessCode) VALUES (?, ?, ?, ?, ?, ?, ?, ?, ?)
	bind => [E1408B17-4617-4F18-B553-A97E1D81983E, tAOVFYxGjiOtzsn3q6anlIbmi1WxyDX9QQ7lGBDGwV5AoqpWOn, 1, AAAAA, 2016-03-16 11:45:57.404, null, 2016-03-16 11:45:57.404, 1, 51000]
[EL Fine]: sql: 2016-03-16 11:45:57.43--ClientSession(1337498712)--Connection(1183009156)--Thread(Thread[Test worker,5,main])--INSERT INTO ast_Language_M (languageId, alpha2, alpha3, alpha4, alpha4parentid, language, languageDescription, languageIcon, languageType, versionId, createdBy, createdDate, updatedBy, updatedDate, activeStatus, txnAccessCode) VALUES (?, ?, ?, ?, ?, ?, ?, ?, ?, ?, ?, ?, ?, ?, ?, ?)
	bind => [740F583E-469A-4D05-A74A-B7B4A92F704B, mU, w0z, xItO, 3, ZyjFyesO95FaulYLVrTuzUTbiMgfUovkGlHYjUkGcMvixNv6s3, nljgZHksvUm2HBQG638zP4sft8WBenLkqvesEiVGdtwW1y7umI, vtIuFVAv7mS5HIprVOsXxKDWz4SI8reybfycvbJpQfFDsryl6f, R2IMDKWV0WTMwbIsWKeMqUOBZFbAinLJ, 1, AAAAA, 2016-03-16 11:45:57.426, null, 2016-03-16 11:45:57.426, 1, 51000]
[EL Fine]: sql: 2016-03-16 11:45:57.454--ClientSession(647683913)--Connection(1183009156)--Thread(Thread[Test worker,5,main])--INSERT INTO ast_Timezone_M (timeZoneId, cities, country, gmtLabel, timeZoneLabel, utcdifference, versionId, createdBy, createdDate, updatedBy, updatedDate, activeStatus, txnAccessCode) VALUES (?, ?, ?, ?, ?, ?, ?, ?, ?, ?, ?, ?, ?)
	bind => [8C4542CF-76BE-4A91-BFDB-21307AF3EF5B, 4O1JyTMGxpwooeNlhaiYaLtgmoicHWi8GILWRsjSXqWSczDCN3, zWlFyJxadPmRJaRBY03d8TYM0jZ7XG47uUnwq5b6h8OUQFYkSK, wGZTjcclc8fEH6Rp3Qym5buhhEaLfbGmKLApfl9CxfE357py0T, e5P6fXP0JWRtYIZRqHluUFMEb2grr0rJgjFRqHzb4TcuCufmNI, 11, 1, AAAAA, 2016-03-16 11:45:57.382, null, 2016-03-16 11:45:57.382, 1, 51000]
[EL Fine]: sql: 2016-03-16 11:45:57.528--ClientSession(1467310158)--Connection(1183009156)--Thread(Thread[Test worker,5,main])--INSERT INTO ast_Country_M (countryId, capital, capitalLatitude, capitalLongitude, countryCode1, countryCode2, countryFlag, countryName, currencyCode, currencyName, currencySymbol, isoNumeric, versionId, createdBy, createdDate, updatedBy, updatedDate, activeStatus, txnAccessCode) VALUES (?, ?, ?, ?, ?, ?, ?, ?, ?, ?, ?, ?, ?, ?, ?, ?, ?, ?, ?)
	bind => [3A22F318-9DE7-483C-9861-74B9AA702639, reGd67lkR1ETj8p6As7qb5rK01UO4HB6, 9, 10, 7Cy, 3LS, T0c2yECBRlypt2Umqvmz0P5Mb7z1joHdB13oLJ8MUCYpwLcQGl, DSz9YaD7jPZTdlRGVbXFreEk1JWPGq61MLM5kJAPqn0i1HQ1JV, bw3, vcJkFVuz6MtVuxVkc48ZqOPytUP2rH2Obruy94k3booGuYZeAT, iG3UAEHM7fpgyYgYXBvPr5uNG9ci9kCY, 6, 1, AAAAA, 2016-03-16 11:45:57.519, null, 2016-03-16 11:45:57.519, 1, 51000]
[EL Fine]: sql: 2016-03-16 11:45:57.546--ClientSession(179890383)--Connection(1183009156)--Thread(Thread[Test worker,5,main])--INSERT INTO ast_State_M (stateId, countryId, stateCapital, stateCapitalLatitude, stateCapitalLongitude, stateCode, stateCodeChar2, stateCodeChar3, stateDescription, stateFlag, stateName, versionId, createdBy, createdDate, updatedBy, updatedDate, activeStatus, txnAccessCode) VALUES (?, ?, ?, ?, ?, ?, ?, ?, ?, ?, ?, ?, ?, ?, ?, ?, ?, ?)
	bind => [0F682E3D-F4FC-4FA1-8B55-FF492A2C8BFB, 3A22F318-9DE7-483C-9861-74B9AA702639, 8WHvLxv9N0dE5H3jeqBH0V8uYVX6JJdCnXt42hheZUP8DcKJiw, 8, 8, 1, 0FZQ8GRj6Z6lBVtCYAMbghjg5xkV4a2h, QAlFr77daJj8d2xNmQ9intTWdNNRExW6, fN3XRqBIT6HBu0L37P65ncY1mVzhFpNTeG8SRoX5cBneHpl2m6, 9QgSnncHqLP8aJwm8mAt2OHGnnYLj2e5e0ojhOgb1fEXRj0PNO, RkT288HsQbEJHbH02se19BaXHUraTXXPNB4idW9SttpaAciDzM, 1, AAAAA, 2016-03-16 11:45:57.543, null, 2016-03-16 11:45:57.543, 1, 51000]
[EL Fine]: sql: 2016-03-16 11:45:57.567--ClientSession(1519969471)--Connection(1183009156)--Thread(Thread[Test worker,5,main])--INSERT INTO ast_City_M (cityId, cityCode, cityCodeChar2, cityDescription, cityFlag, cityLatitude, cityLongitude, cityName, countryId, stateId, versionId, createdBy, createdDate, updatedBy, updatedDate, activeStatus, txnAccessCode) VALUES (?, ?, ?, ?, ?, ?, ?, ?, ?, ?, ?, ?, ?, ?, ?, ?, ?)
	bind => [41E63FAF-EA91-4EC2-BEDA-2300926A35EE, 3, 1C3u7Z4XDm4NYouuIB3kOjAkZWxg3tcx, eX4fSSCDlynLTb7geDyqdYcJJGdUwemxvesljnORPNovxl5s2s, TW9SMgGq2NC4qtnNORctwzl1MsLDC2IIJQQfDIliAGQRBkLrnw, 8, 6, U4Nbw9BZ1FYn3qoUvxJLHNDYQVAmnDpJBrHFaakc398BqYuuyF, 3A22F318-9DE7-483C-9861-74B9AA702639, 0F682E3D-F4FC-4FA1-8B55-FF492A2C8BFB, 1, AAAAA, 2016-03-16 11:45:57.543, null, 2016-03-16 11:45:57.543, 1, 51000]
[EL Fine]: sql: 2016-03-16 11:45:57.588--ClientSession(1824636737)--Connection(1183009156)--Thread(Thread[Test worker,5,main])--INSERT INTO ast_AddressType_M (addressTypeId, addressType, addressTypeDesc, addressTypeIcon, versionId, createdBy, createdDate, updatedBy, updatedDate, activeStatus, txnAccessCode) VALUES (?, ?, ?, ?, ?, ?, ?, ?, ?, ?, ?)
	bind => [79D48E3A-1C1A-4AD1-B982-42893E511229, UuB0FUVcvTSKH9qoTGYOHCDAGIYG0T9Llt5DIs7R8RrDnMHanz, jiwEGgxytpJFGxzDebxpzDPMYLyqtzYEwgM9A5AnMqOX8ENRmE, usakL6k4PprhBzBeS2D2T3xwnwsEP6DOR3xVdFmBCoswkOd0f0, 1, AAAAA, 2016-03-16 11:45:57.585, null, 2016-03-16 11:45:57.585, 1, 51000]
[EL Fine]: sql: 2016-03-16 11:45:57.639--ClientSession(1603208768)--Connection(1183009156)--Thread(Thread[Test worker,5,main])--INSERT INTO ast_CommunicationGroup_M (commGroupId, commGroupDescription, commGroupName, versionId, createdBy, createdDate, updatedBy, updatedDate, activeStatus, txnAccessCode) VALUES (?, ?, ?, ?, ?, ?, ?, ?, ?, ?)
	bind => [E8890A8B-AB89-4BB5-8B76-7861AAC8505B, yzBEthgM44wyU6XE2ZvYwgwn4L458zUOsxaaQlvhCqySuYVeny, ApQhz4BWfL9Xt7jGVvBU60rnR16cG9I17j7Cd4Ihc8LQ1qBL5N, 1, AAAAA, 2016-03-16 11:45:57.637, null, 2016-03-16 11:45:57.637, 1, 51000]
[EL Fine]: sql: 2016-03-16 11:45:57.654--ClientSession(342838150)--Connection(1183009156)--Thread(Thread[Test worker,5,main])--INSERT INTO ast_CommunicationType_M (commType, commGroupId, commTypeDescription, commTypeName, versionId, createdBy, createdDate, updatedBy, updatedDate, activeStatus, txnAccessCode) VALUES (?, ?, ?, ?, ?, ?, ?, ?, ?, ?, ?)
	bind => [153D87C6-94DB-4756-BB37-92A04EA6959D, E8890A8B-AB89-4BB5-8B76-7861AAC8505B, PWq6TUw4cqX0VNsK3D2wSCpAatWKwYjKHlJjC126yBxtm1sxK4, ITjCP9hAOYsYazkpHVFUEXXwrOE5S1uZdU9NxikHt5rZjeGQ3Y, 1, AAAAA, 2016-03-16 11:45:57.652, null, 2016-03-16 11:45:57.652, 1, 51000]
[EL Fine]: sql: 2016-03-16 11:45:57.684--ClientSession(26357619)--Connection(1183009156)--Thread(Thread[Test worker,5,main])--INSERT INTO ast_Title_M (titleId, titles, versionId, createdBy, createdDate, updatedBy, updatedDate, activeStatus, txnAccessCode) VALUES (?, ?, ?, ?, ?, ?, ?, ?, ?)
	bind => [EA0CDDC5-C71F-43DE-ABF7-FC34C2151BEB, 26dY1XHI2nZPSXMZd1W1Bj6QSuUWW4GzpHGEq2QJtlhsk8ViuJ, 1, AAAAA, 2016-03-16 11:45:57.681, null, 2016-03-16 11:45:57.681, 1, 51000]
[EL Fine]: sql: 2016-03-16 11:45:57.76--ClientSession(1832041492)--Connection(1183009156)--Thread(Thread[Test worker,5,main])--INSERT INTO ast_Gender_M (genderId, gender, versionId, createdBy, createdDate, updatedBy, updatedDate, activeStatus, txnAccessCode) VALUES (?, ?, ?, ?, ?, ?, ?, ?, ?)
	bind => [DAA8ECC4-8FCE-48BA-8BDA-609EE62BC0EA, tAOVFYxGjiOtzsn3q6anlIbmi1WxyDX9QQ7lGBDGwV5AoqpWOn, 1, AAAAA, 2016-03-16 11:45:57.758, null, 2016-03-16 11:45:57.758, 1, 51000]
[EL Fine]: sql: 2016-03-16 11:45:57.783--ClientSession(2061051738)--Connection(1183009156)--Thread(Thread[Test worker,5,main])--INSERT INTO ast_Language_M (languageId, alpha2, alpha3, alpha4, alpha4parentid, language, languageDescription, languageIcon, languageType, versionId, createdBy, createdDate, updatedBy, updatedDate, activeStatus, txnAccessCode) VALUES (?, ?, ?, ?, ?, ?, ?, ?, ?, ?, ?, ?, ?, ?, ?, ?)
	bind => [8DE44B04-F272-491C-9C3D-907A142166B0, mU, w0z, xItO, 3, ZyjFyesO95FaulYLVrTuzUTbiMgfUovkGlHYjUkGcMvixNv6s3, nljgZHksvUm2HBQG638zP4sft8WBenLkqvesEiVGdtwW1y7umI, vtIuFVAv7mS5HIprVOsXxKDWz4SI8reybfycvbJpQfFDsryl6f, R2IMDKWV0WTMwbIsWKeMqUOBZFbAinLJ, 1, AAAAA, 2016-03-16 11:45:57.778, null, 2016-03-16 11:45:57.778, 1, 51000]
[EL Fine]: sql: 2016-03-16 11:45:57.844--ClientSession(1050017520)--Connection(1183009156)--Thread(Thread[Test worker,5,main])--INSERT INTO ast_Timezone_M (timeZoneId, cities, country, gmtLabel, timeZoneLabel, utcdifference, versionId, createdBy, createdDate, updatedBy, updatedDate, activeStatus, txnAccessCode) VALUES (?, ?, ?, ?, ?, ?, ?, ?, ?, ?, ?, ?, ?)
	bind => [9BB153AE-FC7D-434D-8DB7-DC0ED3AF468C, 4O1JyTMGxpwooeNlhaiYaLtgmoicHWi8GILWRsjSXqWSczDCN3, zWlFyJxadPmRJaRBY03d8TYM0jZ7XG47uUnwq5b6h8OUQFYkSK, wGZTjcclc8fEH6Rp3Qym5buhhEaLfbGmKLApfl9CxfE357py0T, e5P6fXP0JWRtYIZRqHluUFMEb2grr0rJgjFRqHzb4TcuCufmNI, 11, 1, AAAAA, 2016-03-16 11:45:57.681, null, 2016-03-16 11:45:57.681, 1, 51000]
[EL Fine]: sql: 2016-03-16 11:45:57.9--ClientSession(507754020)--Connection(1183009156)--Thread(Thread[Test worker,5,main])--INSERT INTO ast_Country_M (countryId, capital, capitalLatitude, capitalLongitude, countryCode1, countryCode2, countryFlag, countryName, currencyCode, currencyName, currencySymbol, isoNumeric, versionId, createdBy, createdDate, updatedBy, updatedDate, activeStatus, txnAccessCode) VALUES (?, ?, ?, ?, ?, ?, ?, ?, ?, ?, ?, ?, ?, ?, ?, ?, ?, ?, ?)
	bind => [4B6C9B59-9D11-43CF-B557-5400F5E3D5CD, reGd67lkR1ETj8p6As7qb5rK01UO4HB6, 9, 10, 7Cy, 3LS, T0c2yECBRlypt2Umqvmz0P5Mb7z1joHdB13oLJ8MUCYpwLcQGl, DSz9YaD7jPZTdlRGVbXFreEk1JWPGq61MLM5kJAPqn0i1HQ1JV, bw3, vcJkFVuz6MtVuxVkc48ZqOPytUP2rH2Obruy94k3booGuYZeAT, iG3UAEHM7fpgyYgYXBvPr5uNG9ci9kCY, 6, 1, AAAAA, 2016-03-16 11:45:57.892, null, 2016-03-16 11:45:57.892, 1, 51000]
[EL Fine]: sql: 2016-03-16 11:45:57.921--ClientSession(1770747953)--Connection(1183009156)--Thread(Thread[Test worker,5,main])--INSERT INTO ast_State_M (stateId, countryId, stateCapital, stateCapitalLatitude, stateCapitalLongitude, stateCode, stateCodeChar2, stateCodeChar3, stateDescription, stateFlag, stateName, versionId, createdBy, createdDate, updatedBy, updatedDate, activeStatus, txnAccessCode) VALUES (?, ?, ?, ?, ?, ?, ?, ?, ?, ?, ?, ?, ?, ?, ?, ?, ?, ?)
	bind => [8A2E6FD4-7EFD-4C25-8D30-289A7075EE17, 4B6C9B59-9D11-43CF-B557-5400F5E3D5CD, 8WHvLxv9N0dE5H3jeqBH0V8uYVX6JJdCnXt42hheZUP8DcKJiw, 8, 8, 1, 0FZQ8GRj6Z6lBVtCYAMbghjg5xkV4a2h, QAlFr77daJj8d2xNmQ9intTWdNNRExW6, fN3XRqBIT6HBu0L37P65ncY1mVzhFpNTeG8SRoX5cBneHpl2m6, 9QgSnncHqLP8aJwm8mAt2OHGnnYLj2e5e0ojhOgb1fEXRj0PNO, RkT288HsQbEJHbH02se19BaXHUraTXXPNB4idW9SttpaAciDzM, 1, AAAAA, 2016-03-16 11:45:57.916, null, 2016-03-16 11:45:57.916, 1, 51000]
[EL Fine]: sql: 2016-03-16 11:45:57.942--ClientSession(558199751)--Connection(1183009156)--Thread(Thread[Test worker,5,main])--INSERT INTO ast_City_M (cityId, cityCode, cityCodeChar2, cityDescription, cityFlag, cityLatitude, cityLongitude, cityName, countryId, stateId, versionId, createdBy, createdDate, updatedBy, updatedDate, activeStatus, txnAccessCode) VALUES (?, ?, ?, ?, ?, ?, ?, ?, ?, ?, ?, ?, ?, ?, ?, ?, ?)
	bind => [F618BDF4-B253-489D-B81B-FDEC2718AA26, 3, 1C3u7Z4XDm4NYouuIB3kOjAkZWxg3tcx, eX4fSSCDlynLTb7geDyqdYcJJGdUwemxvesljnORPNovxl5s2s, TW9SMgGq2NC4qtnNORctwzl1MsLDC2IIJQQfDIliAGQRBkLrnw, 8, 6, U4Nbw9BZ1FYn3qoUvxJLHNDYQVAmnDpJBrHFaakc398BqYuuyF, 4B6C9B59-9D11-43CF-B557-5400F5E3D5CD, 8A2E6FD4-7EFD-4C25-8D30-289A7075EE17, 1, AAAAA, 2016-03-16 11:45:57.916, null, 2016-03-16 11:45:57.916, 1, 51000]
[EL Fine]: sql: 2016-03-16 11:45:58.001--ClientSession(349658132)--Connection(1183009156)--Thread(Thread[Test worker,5,main])--INSERT INTO ast_AddressType_M (addressTypeId, addressType, addressTypeDesc, addressTypeIcon, versionId, createdBy, createdDate, updatedBy, updatedDate, activeStatus, txnAccessCode) VALUES (?, ?, ?, ?, ?, ?, ?, ?, ?, ?, ?)
	bind => [0F26BFF1-EBE3-495C-94CB-13C4707E8FEE, UuB0FUVcvTSKH9qoTGYOHCDAGIYG0T9Llt5DIs7R8RrDnMHanz, jiwEGgxytpJFGxzDebxpzDPMYLyqtzYEwgM9A5AnMqOX8ENRmE, usakL6k4PprhBzBeS2D2T3xwnwsEP6DOR3xVdFmBCoswkOd0f0, 1, AAAAA, 2016-03-16 11:45:57.997, null, 2016-03-16 11:45:57.997, 1, 51000]
[EL Fine]: sql: 2016-03-16 11:45:58.057--ClientSession(2122444351)--Connection(1183009156)--Thread(Thread[Test worker,5,main])--INSERT INTO ast_CommunicationGroup_M (commGroupId, commGroupDescription, commGroupName, versionId, createdBy, createdDate, updatedBy, updatedDate, activeStatus, txnAccessCode) VALUES (?, ?, ?, ?, ?, ?, ?, ?, ?, ?)
	bind => [BE2A0F85-0FE2-41DC-BC60-DC8F12BB8911, yzBEthgM44wyU6XE2ZvYwgwn4L458zUOsxaaQlvhCqySuYVeny, ApQhz4BWfL9Xt7jGVvBU60rnR16cG9I17j7Cd4Ihc8LQ1qBL5N, 1, AAAAA, 2016-03-16 11:45:58.052, null, 2016-03-16 11:45:58.052, 1, 51000]
[EL Fine]: sql: 2016-03-16 11:45:58.079--ClientSession(1953008427)--Connection(1183009156)--Thread(Thread[Test worker,5,main])--INSERT INTO ast_CommunicationType_M (commType, commGroupId, commTypeDescription, commTypeName, versionId, createdBy, createdDate, updatedBy, updatedDate, activeStatus, txnAccessCode) VALUES (?, ?, ?, ?, ?, ?, ?, ?, ?, ?, ?)
	bind => [7B1EC5E7-A02B-41B8-81D4-6E2B5206B99C, BE2A0F85-0FE2-41DC-BC60-DC8F12BB8911, PWq6TUw4cqX0VNsK3D2wSCpAatWKwYjKHlJjC126yBxtm1sxK4, ITjCP9hAOYsYazkpHVFUEXXwrOE5S1uZdU9NxikHt5rZjeGQ3Y, 1, AAAAA, 2016-03-16 11:45:58.075, null, 2016-03-16 11:45:58.075, 1, 51000]
[EL Fine]: sql: 2016-03-16 11:45:58.109--ClientSession(1196680289)--Connection(1183009156)--Thread(Thread[Test worker,5,main])--INSERT INTO ast_Title_M (titleId, titles, versionId, createdBy, createdDate, updatedBy, updatedDate, activeStatus, txnAccessCode) VALUES (?, ?, ?, ?, ?, ?, ?, ?, ?)
	bind => [B4437641-34B9-4111-99DF-A7D99C97F2BD, 26dY1XHI2nZPSXMZd1W1Bj6QSuUWW4GzpHGEq2QJtlhsk8ViuJ, 1, AAAAA, 2016-03-16 11:45:58.106, null, 2016-03-16 11:45:58.106, 1, 51000]
[EL Fine]: sql: 2016-03-16 11:45:58.179--ClientSession(543782254)--Connection(1183009156)--Thread(Thread[Test worker,5,main])--INSERT INTO ast_Gender_M (genderId, gender, versionId, createdBy, createdDate, updatedBy, updatedDate, activeStatus, txnAccessCode) VALUES (?, ?, ?, ?, ?, ?, ?, ?, ?)
	bind => [21D664B5-0258-438B-A6D8-82822CA6FEDE, tAOVFYxGjiOtzsn3q6anlIbmi1WxyDX9QQ7lGBDGwV5AoqpWOn, 1, AAAAA, 2016-03-16 11:45:58.176, null, 2016-03-16 11:45:58.176, 1, 51000]
[EL Fine]: sql: 2016-03-16 11:45:58.203--ClientSession(1812979830)--Connection(1183009156)--Thread(Thread[Test worker,5,main])--INSERT INTO ast_Language_M (languageId, alpha2, alpha3, alpha4, alpha4parentid, language, languageDescription, languageIcon, languageType, versionId, createdBy, createdDate, updatedBy, updatedDate, activeStatus, txnAccessCode) VALUES (?, ?, ?, ?, ?, ?, ?, ?, ?, ?, ?, ?, ?, ?, ?, ?)
	bind => [EA9D63F8-5B00-4121-8A37-1CC4D60BBFF4, mU, w0z, xItO, 3, ZyjFyesO95FaulYLVrTuzUTbiMgfUovkGlHYjUkGcMvixNv6s3, nljgZHksvUm2HBQG638zP4sft8WBenLkqvesEiVGdtwW1y7umI, vtIuFVAv7mS5HIprVOsXxKDWz4SI8reybfycvbJpQfFDsryl6f, R2IMDKWV0WTMwbIsWKeMqUOBZFbAinLJ, 1, AAAAA, 2016-03-16 11:45:58.198, null, 2016-03-16 11:45:58.198, 1, 51000]
[EL Fine]: sql: 2016-03-16 11:45:58.223--ClientSession(143491127)--Connection(1183009156)--Thread(Thread[Test worker,5,main])--INSERT INTO ast_Timezone_M (timeZoneId, cities, country, gmtLabel, timeZoneLabel, utcdifference, versionId, createdBy, createdDate, updatedBy, updatedDate, activeStatus, txnAccessCode) VALUES (?, ?, ?, ?, ?, ?, ?, ?, ?, ?, ?, ?, ?)
	bind => [13D4DB23-2274-4E3C-974B-8DBAE2EEB8FF, 4O1JyTMGxpwooeNlhaiYaLtgmoicHWi8GILWRsjSXqWSczDCN3, zWlFyJxadPmRJaRBY03d8TYM0jZ7XG47uUnwq5b6h8OUQFYkSK, wGZTjcclc8fEH6Rp3Qym5buhhEaLfbGmKLApfl9CxfE357py0T, e5P6fXP0JWRtYIZRqHluUFMEb2grr0rJgjFRqHzb4TcuCufmNI, 11, 1, AAAAA, 2016-03-16 11:45:58.106, null, 2016-03-16 11:45:58.106, 1, 51000]
[EL Fine]: sql: 2016-03-16 11:45:58.293--ClientSession(1051095333)--Connection(1183009156)--Thread(Thread[Test worker,5,main])--INSERT INTO ast_Country_M (countryId, capital, capitalLatitude, capitalLongitude, countryCode1, countryCode2, countryFlag, countryName, currencyCode, currencyName, currencySymbol, isoNumeric, versionId, createdBy, createdDate, updatedBy, updatedDate, activeStatus, txnAccessCode) VALUES (?, ?, ?, ?, ?, ?, ?, ?, ?, ?, ?, ?, ?, ?, ?, ?, ?, ?, ?)
	bind => [F4C0CE2F-99CD-4062-A59F-B83A665E94C4, reGd67lkR1ETj8p6As7qb5rK01UO4HB6, 9, 10, 7Cy, 3LS, T0c2yECBRlypt2Umqvmz0P5Mb7z1joHdB13oLJ8MUCYpwLcQGl, DSz9YaD7jPZTdlRGVbXFreEk1JWPGq61MLM5kJAPqn0i1HQ1JV, bw3, vcJkFVuz6MtVuxVkc48ZqOPytUP2rH2Obruy94k3booGuYZeAT, iG3UAEHM7fpgyYgYXBvPr5uNG9ci9kCY, 6, 1, AAAAA, 2016-03-16 11:45:58.287, null, 2016-03-16 11:45:58.287, 1, 51000]
[EL Fine]: sql: 2016-03-16 11:45:58.405--ClientSession(742080226)--Connection(1183009156)--Thread(Thread[Test worker,5,main])--INSERT INTO ast_State_M (stateId, countryId, stateCapital, stateCapitalLatitude, stateCapitalLongitude, stateCode, stateCodeChar2, stateCodeChar3, stateDescription, stateFlag, stateName, versionId, createdBy, createdDate, updatedBy, updatedDate, activeStatus, txnAccessCode) VALUES (?, ?, ?, ?, ?, ?, ?, ?, ?, ?, ?, ?, ?, ?, ?, ?, ?, ?)
	bind => [C2540BC5-CB09-4363-B8EF-0E1B7E30718A, F4C0CE2F-99CD-4062-A59F-B83A665E94C4, 8WHvLxv9N0dE5H3jeqBH0V8uYVX6JJdCnXt42hheZUP8DcKJiw, 8, 8, 1, 0FZQ8GRj6Z6lBVtCYAMbghjg5xkV4a2h, QAlFr77daJj8d2xNmQ9intTWdNNRExW6, fN3XRqBIT6HBu0L37P65ncY1mVzhFpNTeG8SRoX5cBneHpl2m6, 9QgSnncHqLP8aJwm8mAt2OHGnnYLj2e5e0ojhOgb1fEXRj0PNO, RkT288HsQbEJHbH02se19BaXHUraTXXPNB4idW9SttpaAciDzM, 1, AAAAA, 2016-03-16 11:45:58.399, null, 2016-03-16 11:45:58.399, 1, 51000]
[EL Fine]: sql: 2016-03-16 11:45:58.429--ClientSession(1555034918)--Connection(1183009156)--Thread(Thread[Test worker,5,main])--INSERT INTO ast_City_M (cityId, cityCode, cityCodeChar2, cityDescription, cityFlag, cityLatitude, cityLongitude, cityName, countryId, stateId, versionId, createdBy, createdDate, updatedBy, updatedDate, activeStatus, txnAccessCode) VALUES (?, ?, ?, ?, ?, ?, ?, ?, ?, ?, ?, ?, ?, ?, ?, ?, ?)
	bind => [1E0B115C-9A15-4A2D-97EA-B104F3FA4C5B, 3, 1C3u7Z4XDm4NYouuIB3kOjAkZWxg3tcx, eX4fSSCDlynLTb7geDyqdYcJJGdUwemxvesljnORPNovxl5s2s, TW9SMgGq2NC4qtnNORctwzl1MsLDC2IIJQQfDIliAGQRBkLrnw, 8, 6, U4Nbw9BZ1FYn3qoUvxJLHNDYQVAmnDpJBrHFaakc398BqYuuyF, F4C0CE2F-99CD-4062-A59F-B83A665E94C4, C2540BC5-CB09-4363-B8EF-0E1B7E30718A, 1, AAAAA, 2016-03-16 11:45:58.399, null, 2016-03-16 11:45:58.399, 1, 51000]
[EL Fine]: sql: 2016-03-16 11:45:58.449--ClientSession(1336321633)--Connection(1183009156)--Thread(Thread[Test worker,5,main])--INSERT INTO ast_AddressType_M (addressTypeId, addressType, addressTypeDesc, addressTypeIcon, versionId, createdBy, createdDate, updatedBy, updatedDate, activeStatus, txnAccessCode) VALUES (?, ?, ?, ?, ?, ?, ?, ?, ?, ?, ?)
	bind => [04020886-E388-4693-89B5-11438B1093E8, UuB0FUVcvTSKH9qoTGYOHCDAGIYG0T9Llt5DIs7R8RrDnMHanz, jiwEGgxytpJFGxzDebxpzDPMYLyqtzYEwgM9A5AnMqOX8ENRmE, usakL6k4PprhBzBeS2D2T3xwnwsEP6DOR3xVdFmBCoswkOd0f0, 1, AAAAA, 2016-03-16 11:45:58.444, null, 2016-03-16 11:45:58.444, 1, 51000]
[EL Fine]: sql: 2016-03-16 11:45:58.515--ClientSession(122719758)--Connection(1183009156)--Thread(Thread[Test worker,5,main])--INSERT INTO ast_CommunicationGroup_M (commGroupId, commGroupDescription, commGroupName, versionId, createdBy, createdDate, updatedBy, updatedDate, activeStatus, txnAccessCode) VALUES (?, ?, ?, ?, ?, ?, ?, ?, ?, ?)
	bind => [B08A07AA-61B6-4CED-B811-81BE4D5A92A3, yzBEthgM44wyU6XE2ZvYwgwn4L458zUOsxaaQlvhCqySuYVeny, ApQhz4BWfL9Xt7jGVvBU60rnR16cG9I17j7Cd4Ihc8LQ1qBL5N, 1, AAAAA, 2016-03-16 11:45:58.512, null, 2016-03-16 11:45:58.512, 1, 51000]
[EL Fine]: sql: 2016-03-16 11:45:58.58--ClientSession(389329634)--Connection(1183009156)--Thread(Thread[Test worker,5,main])--INSERT INTO ast_CommunicationType_M (commType, commGroupId, commTypeDescription, commTypeName, versionId, createdBy, createdDate, updatedBy, updatedDate, activeStatus, txnAccessCode) VALUES (?, ?, ?, ?, ?, ?, ?, ?, ?, ?, ?)
	bind => [706B5D8A-9E05-4E55-B2FE-CCCE0AEB3A28, B08A07AA-61B6-4CED-B811-81BE4D5A92A3, PWq6TUw4cqX0VNsK3D2wSCpAatWKwYjKHlJjC126yBxtm1sxK4, ITjCP9hAOYsYazkpHVFUEXXwrOE5S1uZdU9NxikHt5rZjeGQ3Y, 1, AAAAA, 2016-03-16 11:45:58.575, null, 2016-03-16 11:45:58.575, 1, 51000]
[EL Fine]: sql: 2016-03-16 11:45:58.65--ClientSession(557251687)--Connection(1183009156)--Thread(Thread[Test worker,5,main])--INSERT INTO ast_Title_M (titleId, titles, versionId, createdBy, createdDate, updatedBy, updatedDate, activeStatus, txnAccessCode) VALUES (?, ?, ?, ?, ?, ?, ?, ?, ?)
	bind => [8DD2C143-09D8-4F16-B988-10D3B543EBF9, 26dY1XHI2nZPSXMZd1W1Bj6QSuUWW4GzpHGEq2QJtlhsk8ViuJ, 1, AAAAA, 2016-03-16 11:45:58.648, null, 2016-03-16 11:45:58.648, 1, 51000]
[EL Fine]: sql: 2016-03-16 11:45:58.702--ClientSession(269485105)--Connection(1183009156)--Thread(Thread[Test worker,5,main])--INSERT INTO ast_Gender_M (genderId, gender, versionId, createdBy, createdDate, updatedBy, updatedDate, activeStatus, txnAccessCode) VALUES (?, ?, ?, ?, ?, ?, ?, ?, ?)
	bind => [7B2858BE-DE18-4077-85EE-2D0783D87140, tAOVFYxGjiOtzsn3q6anlIbmi1WxyDX9QQ7lGBDGwV5AoqpWOn, 1, AAAAA, 2016-03-16 11:45:58.7, null, 2016-03-16 11:45:58.7, 1, 51000]
[EL Fine]: sql: 2016-03-16 11:45:58.719--ClientSession(512692321)--Connection(1183009156)--Thread(Thread[Test worker,5,main])--INSERT INTO ast_Language_M (languageId, alpha2, alpha3, alpha4, alpha4parentid, language, languageDescription, languageIcon, languageType, versionId, createdBy, createdDate, updatedBy, updatedDate, activeStatus, txnAccessCode) VALUES (?, ?, ?, ?, ?, ?, ?, ?, ?, ?, ?, ?, ?, ?, ?, ?)
	bind => [2D43CABB-EA35-4C2B-A1E2-545A88BF16E3, mU, w0z, xItO, 3, ZyjFyesO95FaulYLVrTuzUTbiMgfUovkGlHYjUkGcMvixNv6s3, nljgZHksvUm2HBQG638zP4sft8WBenLkqvesEiVGdtwW1y7umI, vtIuFVAv7mS5HIprVOsXxKDWz4SI8reybfycvbJpQfFDsryl6f, R2IMDKWV0WTMwbIsWKeMqUOBZFbAinLJ, 1, AAAAA, 2016-03-16 11:45:58.715, null, 2016-03-16 11:45:58.715, 1, 51000]
[EL Fine]: sql: 2016-03-16 11:45:58.741--ClientSession(1263134297)--Connection(1183009156)--Thread(Thread[Test worker,5,main])--INSERT INTO ast_Timezone_M (timeZoneId, cities, country, gmtLabel, timeZoneLabel, utcdifference, versionId, createdBy, createdDate, updatedBy, updatedDate, activeStatus, txnAccessCode) VALUES (?, ?, ?, ?, ?, ?, ?, ?, ?, ?, ?, ?, ?)
	bind => [51E5FDCA-01F1-4400-B0CE-09EACF3A32AA, 4O1JyTMGxpwooeNlhaiYaLtgmoicHWi8GILWRsjSXqWSczDCN3, zWlFyJxadPmRJaRBY03d8TYM0jZ7XG47uUnwq5b6h8OUQFYkSK, wGZTjcclc8fEH6Rp3Qym5buhhEaLfbGmKLApfl9CxfE357py0T, e5P6fXP0JWRtYIZRqHluUFMEb2grr0rJgjFRqHzb4TcuCufmNI, 11, 1, AAAAA, 2016-03-16 11:45:58.648, null, 2016-03-16 11:45:58.648, 1, 51000]
[EL Fine]: sql: 2016-03-16 11:45:58.812--ClientSession(485886144)--Connection(1183009156)--Thread(Thread[Test worker,5,main])--INSERT INTO ast_Country_M (countryId, capital, capitalLatitude, capitalLongitude, countryCode1, countryCode2, countryFlag, countryName, currencyCode, currencyName, currencySymbol, isoNumeric, versionId, createdBy, createdDate, updatedBy, updatedDate, activeStatus, txnAccessCode) VALUES (?, ?, ?, ?, ?, ?, ?, ?, ?, ?, ?, ?, ?, ?, ?, ?, ?, ?, ?)
	bind => [75AC6CF2-0A27-4FD9-BDDD-3FAF2DF7C5E7, reGd67lkR1ETj8p6As7qb5rK01UO4HB6, 9, 10, 7Cy, 3LS, T0c2yECBRlypt2Umqvmz0P5Mb7z1joHdB13oLJ8MUCYpwLcQGl, DSz9YaD7jPZTdlRGVbXFreEk1JWPGq61MLM5kJAPqn0i1HQ1JV, bw3, vcJkFVuz6MtVuxVkc48ZqOPytUP2rH2Obruy94k3booGuYZeAT, iG3UAEHM7fpgyYgYXBvPr5uNG9ci9kCY, 6, 1, AAAAA, 2016-03-16 11:45:58.805, null, 2016-03-16 11:45:58.805, 1, 51000]
[EL Fine]: sql: 2016-03-16 11:45:58.834--ClientSession(651517082)--Connection(1183009156)--Thread(Thread[Test worker,5,main])--INSERT INTO ast_State_M (stateId, countryId, stateCapital, stateCapitalLatitude, stateCapitalLongitude, stateCode, stateCodeChar2, stateCodeChar3, stateDescription, stateFlag, stateName, versionId, createdBy, createdDate, updatedBy, updatedDate, activeStatus, txnAccessCode) VALUES (?, ?, ?, ?, ?, ?, ?, ?, ?, ?, ?, ?, ?, ?, ?, ?, ?, ?)
	bind => [39983572-3854-4619-9FC3-D818FDCD6667, 75AC6CF2-0A27-4FD9-BDDD-3FAF2DF7C5E7, 8WHvLxv9N0dE5H3jeqBH0V8uYVX6JJdCnXt42hheZUP8DcKJiw, 8, 8, 1, 0FZQ8GRj6Z6lBVtCYAMbghjg5xkV4a2h, QAlFr77daJj8d2xNmQ9intTWdNNRExW6, fN3XRqBIT6HBu0L37P65ncY1mVzhFpNTeG8SRoX5cBneHpl2m6, 9QgSnncHqLP8aJwm8mAt2OHGnnYLj2e5e0ojhOgb1fEXRj0PNO, RkT288HsQbEJHbH02se19BaXHUraTXXPNB4idW9SttpaAciDzM, 1, AAAAA, 2016-03-16 11:45:58.83, null, 2016-03-16 11:45:58.83, 1, 51000]
[EL Fine]: sql: 2016-03-16 11:45:58.902--ClientSession(1164889411)--Connection(1183009156)--Thread(Thread[Test worker,5,main])--INSERT INTO ast_City_M (cityId, cityCode, cityCodeChar2, cityDescription, cityFlag, cityLatitude, cityLongitude, cityName, countryId, stateId, versionId, createdBy, createdDate, updatedBy, updatedDate, activeStatus, txnAccessCode) VALUES (?, ?, ?, ?, ?, ?, ?, ?, ?, ?, ?, ?, ?, ?, ?, ?, ?)
	bind => [E428FD2C-F675-4FAC-872E-68290A770474, 3, 1C3u7Z4XDm4NYouuIB3kOjAkZWxg3tcx, eX4fSSCDlynLTb7geDyqdYcJJGdUwemxvesljnORPNovxl5s2s, TW9SMgGq2NC4qtnNORctwzl1MsLDC2IIJQQfDIliAGQRBkLrnw, 8, 6, U4Nbw9BZ1FYn3qoUvxJLHNDYQVAmnDpJBrHFaakc398BqYuuyF, 75AC6CF2-0A27-4FD9-BDDD-3FAF2DF7C5E7, 39983572-3854-4619-9FC3-D818FDCD6667, 1, AAAAA, 2016-03-16 11:45:58.83, null, 2016-03-16 11:45:58.83, 1, 51000]
[EL Fine]: sql: 2016-03-16 11:45:58.964--ClientSession(353129517)--Connection(1183009156)--Thread(Thread[Test worker,5,main])--INSERT INTO ast_AddressType_M (addressTypeId, addressType, addressTypeDesc, addressTypeIcon, versionId, createdBy, createdDate, updatedBy, updatedDate, activeStatus, txnAccessCode) VALUES (?, ?, ?, ?, ?, ?, ?, ?, ?, ?, ?)
	bind => [466E1D5F-219B-47C8-B0F6-F8BDFD61C2BA, UuB0FUVcvTSKH9qoTGYOHCDAGIYG0T9Llt5DIs7R8RrDnMHanz, jiwEGgxytpJFGxzDebxpzDPMYLyqtzYEwgM9A5AnMqOX8ENRmE, usakL6k4PprhBzBeS2D2T3xwnwsEP6DOR3xVdFmBCoswkOd0f0, 1, AAAAA, 2016-03-16 11:45:58.96, null, 2016-03-16 11:45:58.96, 1, 51000]
[EL Fine]: sql: 2016-03-16 11:45:59.06--ClientSession(1904637003)--Connection(1183009156)--Thread(Thread[Test worker,5,main])--INSERT INTO ast_CommunicationGroup_M (commGroupId, commGroupDescription, commGroupName, versionId, createdBy, createdDate, updatedBy, updatedDate, activeStatus, txnAccessCode) VALUES (?, ?, ?, ?, ?, ?, ?, ?, ?, ?)
	bind => [9BF35BAC-C39B-431A-8E30-52FCDBA036AD, yzBEthgM44wyU6XE2ZvYwgwn4L458zUOsxaaQlvhCqySuYVeny, ApQhz4BWfL9Xt7jGVvBU60rnR16cG9I17j7Cd4Ihc8LQ1qBL5N, 1, AAAAA, 2016-03-16 11:45:59.057, null, 2016-03-16 11:45:59.057, 1, 51000]
[EL Fine]: sql: 2016-03-16 11:45:59.121--ClientSession(107650755)--Connection(1183009156)--Thread(Thread[Test worker,5,main])--INSERT INTO ast_CommunicationType_M (commType, commGroupId, commTypeDescription, commTypeName, versionId, createdBy, createdDate, updatedBy, updatedDate, activeStatus, txnAccessCode) VALUES (?, ?, ?, ?, ?, ?, ?, ?, ?, ?, ?)
	bind => [D362405C-DC81-429D-85E0-E1DACC932E92, 9BF35BAC-C39B-431A-8E30-52FCDBA036AD, PWq6TUw4cqX0VNsK3D2wSCpAatWKwYjKHlJjC126yBxtm1sxK4, ITjCP9hAOYsYazkpHVFUEXXwrOE5S1uZdU9NxikHt5rZjeGQ3Y, 1, AAAAA, 2016-03-16 11:45:59.118, null, 2016-03-16 11:45:59.118, 1, 51000]
[EL Fine]: sql: 2016-03-16 11:45:59.149--ClientSession(1983295162)--Connection(1183009156)--Thread(Thread[Test worker,5,main])--INSERT INTO ast_Title_M (titleId, titles, versionId, createdBy, createdDate, updatedBy, updatedDate, activeStatus, txnAccessCode) VALUES (?, ?, ?, ?, ?, ?, ?, ?, ?)
	bind => [4C862E79-8CBF-4028-9821-600C4022B0F3, 26dY1XHI2nZPSXMZd1W1Bj6QSuUWW4GzpHGEq2QJtlhsk8ViuJ, 1, AAAAA, 2016-03-16 11:45:59.146, null, 2016-03-16 11:45:59.146, 1, 51000]
[EL Fine]: sql: 2016-03-16 11:45:59.166--ClientSession(557790601)--Connection(1183009156)--Thread(Thread[Test worker,5,main])--INSERT INTO ast_Gender_M (genderId, gender, versionId, createdBy, createdDate, updatedBy, updatedDate, activeStatus, txnAccessCode) VALUES (?, ?, ?, ?, ?, ?, ?, ?, ?)
	bind => [4F817C27-9472-4DC0-A4B5-6CA70805C85A, tAOVFYxGjiOtzsn3q6anlIbmi1WxyDX9QQ7lGBDGwV5AoqpWOn, 1, AAAAA, 2016-03-16 11:45:59.164, null, 2016-03-16 11:45:59.164, 1, 51000]
[EL Fine]: sql: 2016-03-16 11:45:59.19--ClientSession(655465281)--Connection(1183009156)--Thread(Thread[Test worker,5,main])--INSERT INTO ast_Language_M (languageId, alpha2, alpha3, alpha4, alpha4parentid, language, languageDescription, languageIcon, languageType, versionId, createdBy, createdDate, updatedBy, updatedDate, activeStatus, txnAccessCode) VALUES (?, ?, ?, ?, ?, ?, ?, ?, ?, ?, ?, ?, ?, ?, ?, ?)
	bind => [E5918022-E1CF-4C58-AEF6-A0155BA691CE, mU, w0z, xItO, 3, ZyjFyesO95FaulYLVrTuzUTbiMgfUovkGlHYjUkGcMvixNv6s3, nljgZHksvUm2HBQG638zP4sft8WBenLkqvesEiVGdtwW1y7umI, vtIuFVAv7mS5HIprVOsXxKDWz4SI8reybfycvbJpQfFDsryl6f, R2IMDKWV0WTMwbIsWKeMqUOBZFbAinLJ, 1, AAAAA, 2016-03-16 11:45:59.186, null, 2016-03-16 11:45:59.186, 1, 51000]
[EL Fine]: sql: 2016-03-16 11:45:59.259--ClientSession(304181556)--Connection(1183009156)--Thread(Thread[Test worker,5,main])--INSERT INTO ast_Timezone_M (timeZoneId, cities, country, gmtLabel, timeZoneLabel, utcdifference, versionId, createdBy, createdDate, updatedBy, updatedDate, activeStatus, txnAccessCode) VALUES (?, ?, ?, ?, ?, ?, ?, ?, ?, ?, ?, ?, ?)
	bind => [0DEC8721-5818-4620-9F47-33E05008BAF6, 4O1JyTMGxpwooeNlhaiYaLtgmoicHWi8GILWRsjSXqWSczDCN3, zWlFyJxadPmRJaRBY03d8TYM0jZ7XG47uUnwq5b6h8OUQFYkSK, wGZTjcclc8fEH6Rp3Qym5buhhEaLfbGmKLApfl9CxfE357py0T, e5P6fXP0JWRtYIZRqHluUFMEb2grr0rJgjFRqHzb4TcuCufmNI, 11, 1, AAAAA, 2016-03-16 11:45:59.146, null, 2016-03-16 11:45:59.146, 1, 51000]
[EL Fine]: sql: 2016-03-16 11:45:59.284--ClientSession(567270940)--Connection(1183009156)--Thread(Thread[Test worker,5,main])--INSERT INTO ast_Country_M (countryId, capital, capitalLatitude, capitalLongitude, countryCode1, countryCode2, countryFlag, countryName, currencyCode, currencyName, currencySymbol, isoNumeric, versionId, createdBy, createdDate, updatedBy, updatedDate, activeStatus, txnAccessCode) VALUES (?, ?, ?, ?, ?, ?, ?, ?, ?, ?, ?, ?, ?, ?, ?, ?, ?, ?, ?)
	bind => [07F740BA-4F4F-4377-99D6-C7F146C63EF1, reGd67lkR1ETj8p6As7qb5rK01UO4HB6, 9, 10, 7Cy, 3LS, T0c2yECBRlypt2Umqvmz0P5Mb7z1joHdB13oLJ8MUCYpwLcQGl, DSz9YaD7jPZTdlRGVbXFreEk1JWPGq61MLM5kJAPqn0i1HQ1JV, bw3, vcJkFVuz6MtVuxVkc48ZqOPytUP2rH2Obruy94k3booGuYZeAT, iG3UAEHM7fpgyYgYXBvPr5uNG9ci9kCY, 6, 1, AAAAA, 2016-03-16 11:45:59.278, null, 2016-03-16 11:45:59.278, 1, 51000]
[EL Fine]: sql: 2016-03-16 11:45:59.351--ClientSession(359695153)--Connection(1183009156)--Thread(Thread[Test worker,5,main])--INSERT INTO ast_State_M (stateId, countryId, stateCapital, stateCapitalLatitude, stateCapitalLongitude, stateCode, stateCodeChar2, stateCodeChar3, stateDescription, stateFlag, stateName, versionId, createdBy, createdDate, updatedBy, updatedDate, activeStatus, txnAccessCode) VALUES (?, ?, ?, ?, ?, ?, ?, ?, ?, ?, ?, ?, ?, ?, ?, ?, ?, ?)
	bind => [5DDAE25A-C01C-435A-8FA6-78779DEC7558, 07F740BA-4F4F-4377-99D6-C7F146C63EF1, 8WHvLxv9N0dE5H3jeqBH0V8uYVX6JJdCnXt42hheZUP8DcKJiw, 8, 8, 1, 0FZQ8GRj6Z6lBVtCYAMbghjg5xkV4a2h, QAlFr77daJj8d2xNmQ9intTWdNNRExW6, fN3XRqBIT6HBu0L37P65ncY1mVzhFpNTeG8SRoX5cBneHpl2m6, 9QgSnncHqLP8aJwm8mAt2OHGnnYLj2e5e0ojhOgb1fEXRj0PNO, RkT288HsQbEJHbH02se19BaXHUraTXXPNB4idW9SttpaAciDzM, 1, AAAAA, 2016-03-16 11:45:59.345, null, 2016-03-16 11:45:59.345, 1, 51000]
[EL Fine]: sql: 2016-03-16 11:45:59.414--ClientSession(1827725920)--Connection(1183009156)--Thread(Thread[Test worker,5,main])--INSERT INTO ast_City_M (cityId, cityCode, cityCodeChar2, cityDescription, cityFlag, cityLatitude, cityLongitude, cityName, countryId, stateId, versionId, createdBy, createdDate, updatedBy, updatedDate, activeStatus, txnAccessCode) VALUES (?, ?, ?, ?, ?, ?, ?, ?, ?, ?, ?, ?, ?, ?, ?, ?, ?)
	bind => [CD719427-A9A5-487A-B910-EDCEEB3BDF78, 3, 1C3u7Z4XDm4NYouuIB3kOjAkZWxg3tcx, eX4fSSCDlynLTb7geDyqdYcJJGdUwemxvesljnORPNovxl5s2s, TW9SMgGq2NC4qtnNORctwzl1MsLDC2IIJQQfDIliAGQRBkLrnw, 8, 6, U4Nbw9BZ1FYn3qoUvxJLHNDYQVAmnDpJBrHFaakc398BqYuuyF, 07F740BA-4F4F-4377-99D6-C7F146C63EF1, 5DDAE25A-C01C-435A-8FA6-78779DEC7558, 1, AAAAA, 2016-03-16 11:45:59.345, null, 2016-03-16 11:45:59.345, 1, 51000]
[EL Fine]: sql: 2016-03-16 11:45:59.483--ClientSession(863427311)--Connection(1183009156)--Thread(Thread[Test worker,5,main])--INSERT INTO ast_AddressType_M (addressTypeId, addressType, addressTypeDesc, addressTypeIcon, versionId, createdBy, createdDate, updatedBy, updatedDate, activeStatus, txnAccessCode) VALUES (?, ?, ?, ?, ?, ?, ?, ?, ?, ?, ?)
	bind => [BF6A9878-5FAD-432D-A70B-373883DFEAF5, UuB0FUVcvTSKH9qoTGYOHCDAGIYG0T9Llt5DIs7R8RrDnMHanz, jiwEGgxytpJFGxzDebxpzDPMYLyqtzYEwgM9A5AnMqOX8ENRmE, usakL6k4PprhBzBeS2D2T3xwnwsEP6DOR3xVdFmBCoswkOd0f0, 1, AAAAA, 2016-03-16 11:45:59.479, null, 2016-03-16 11:45:59.479, 1, 51000]
[EL Fine]: sql: 2016-03-16 11:45:59.508--ClientSession(1617037168)--Connection(1183009156)--Thread(Thread[Test worker,5,main])--INSERT INTO ast_CommunicationGroup_M (commGroupId, commGroupDescription, commGroupName, versionId, createdBy, createdDate, updatedBy, updatedDate, activeStatus, txnAccessCode) VALUES (?, ?, ?, ?, ?, ?, ?, ?, ?, ?)
	bind => [E17556CF-B2E1-4A9C-8EA2-06C48BCBDF1A, yzBEthgM44wyU6XE2ZvYwgwn4L458zUOsxaaQlvhCqySuYVeny, ApQhz4BWfL9Xt7jGVvBU60rnR16cG9I17j7Cd4Ihc8LQ1qBL5N, 1, AAAAA, 2016-03-16 11:45:59.504, null, 2016-03-16 11:45:59.504, 1, 51000]
[EL Fine]: sql: 2016-03-16 11:45:59.577--ClientSession(657814809)--Connection(1183009156)--Thread(Thread[Test worker,5,main])--INSERT INTO ast_CommunicationType_M (commType, commGroupId, commTypeDescription, commTypeName, versionId, createdBy, createdDate, updatedBy, updatedDate, activeStatus, txnAccessCode) VALUES (?, ?, ?, ?, ?, ?, ?, ?, ?, ?, ?)
	bind => [918954BD-676C-4719-A888-350665F57862, E17556CF-B2E1-4A9C-8EA2-06C48BCBDF1A, PWq6TUw4cqX0VNsK3D2wSCpAatWKwYjKHlJjC126yBxtm1sxK4, ITjCP9hAOYsYazkpHVFUEXXwrOE5S1uZdU9NxikHt5rZjeGQ3Y, 1, AAAAA, 2016-03-16 11:45:59.571, null, 2016-03-16 11:45:59.571, 1, 51000]
[EL Fine]: sql: 2016-03-16 11:45:59.645--ClientSession(103916142)--Connection(1183009156)--Thread(Thread[Test worker,5,main])--INSERT INTO ast_Title_M (titleId, titles, versionId, createdBy, createdDate, updatedBy, updatedDate, activeStatus, txnAccessCode) VALUES (?, ?, ?, ?, ?, ?, ?, ?, ?)
	bind => [9F2EFC58-E295-4344-B729-2BA91466F621, 26dY1XHI2nZPSXMZd1W1Bj6QSuUWW4GzpHGEq2QJtlhsk8ViuJ, 1, AAAAA, 2016-03-16 11:45:59.643, null, 2016-03-16 11:45:59.643, 1, 51000]
[EL Fine]: sql: 2016-03-16 11:45:59.71--ClientSession(1651429999)--Connection(1183009156)--Thread(Thread[Test worker,5,main])--INSERT INTO ast_Gender_M (genderId, gender, versionId, createdBy, createdDate, updatedBy, updatedDate, activeStatus, txnAccessCode) VALUES (?, ?, ?, ?, ?, ?, ?, ?, ?)
	bind => [CD227473-C126-4769-8431-AB2CB573237E, tAOVFYxGjiOtzsn3q6anlIbmi1WxyDX9QQ7lGBDGwV5AoqpWOn, 1, AAAAA, 2016-03-16 11:45:59.705, null, 2016-03-16 11:45:59.705, 1, 51000]
[EL Fine]: sql: 2016-03-16 11:45:59.734--ClientSession(1450691451)--Connection(1183009156)--Thread(Thread[Test worker,5,main])--INSERT INTO ast_Language_M (languageId, alpha2, alpha3, alpha4, alpha4parentid, language, languageDescription, languageIcon, languageType, versionId, createdBy, createdDate, updatedBy, updatedDate, activeStatus, txnAccessCode) VALUES (?, ?, ?, ?, ?, ?, ?, ?, ?, ?, ?, ?, ?, ?, ?, ?)
	bind => [2E58A1B4-5B9C-4608-81EE-E6CDEF66193C, mU, w0z, xItO, 3, ZyjFyesO95FaulYLVrTuzUTbiMgfUovkGlHYjUkGcMvixNv6s3, nljgZHksvUm2HBQG638zP4sft8WBenLkqvesEiVGdtwW1y7umI, vtIuFVAv7mS5HIprVOsXxKDWz4SI8reybfycvbJpQfFDsryl6f, R2IMDKWV0WTMwbIsWKeMqUOBZFbAinLJ, 1, AAAAA, 2016-03-16 11:45:59.729, null, 2016-03-16 11:45:59.729, 1, 51000]
[EL Fine]: sql: 2016-03-16 11:45:59.802--ClientSession(397747087)--Connection(1183009156)--Thread(Thread[Test worker,5,main])--INSERT INTO ast_Timezone_M (timeZoneId, cities, country, gmtLabel, timeZoneLabel, utcdifference, versionId, createdBy, createdDate, updatedBy, updatedDate, activeStatus, txnAccessCode) VALUES (?, ?, ?, ?, ?, ?, ?, ?, ?, ?, ?, ?, ?)
	bind => [66D7F23D-EFD7-46CC-80F9-FBE9739E834D, 4O1JyTMGxpwooeNlhaiYaLtgmoicHWi8GILWRsjSXqWSczDCN3, zWlFyJxadPmRJaRBY03d8TYM0jZ7XG47uUnwq5b6h8OUQFYkSK, wGZTjcclc8fEH6Rp3Qym5buhhEaLfbGmKLApfl9CxfE357py0T, e5P6fXP0JWRtYIZRqHluUFMEb2grr0rJgjFRqHzb4TcuCufmNI, 11, 1, AAAAA, 2016-03-16 11:45:59.643, null, 2016-03-16 11:45:59.643, 1, 51000]
[EL Fine]: sql: 2016-03-16 11:45:59.867--ClientSession(1658879988)--Connection(1183009156)--Thread(Thread[Test worker,5,main])--INSERT INTO ast_Country_M (countryId, capital, capitalLatitude, capitalLongitude, countryCode1, countryCode2, countryFlag, countryName, currencyCode, currencyName, currencySymbol, isoNumeric, versionId, createdBy, createdDate, updatedBy, updatedDate, activeStatus, txnAccessCode) VALUES (?, ?, ?, ?, ?, ?, ?, ?, ?, ?, ?, ?, ?, ?, ?, ?, ?, ?, ?)
	bind => [963C939E-4245-46D4-B883-6FD76214A13D, reGd67lkR1ETj8p6As7qb5rK01UO4HB6, 9, 10, 7Cy, 3LS, T0c2yECBRlypt2Umqvmz0P5Mb7z1joHdB13oLJ8MUCYpwLcQGl, DSz9YaD7jPZTdlRGVbXFreEk1JWPGq61MLM5kJAPqn0i1HQ1JV, bw3, vcJkFVuz6MtVuxVkc48ZqOPytUP2rH2Obruy94k3booGuYZeAT, iG3UAEHM7fpgyYgYXBvPr5uNG9ci9kCY, 6, 1, AAAAA, 2016-03-16 11:45:59.859, null, 2016-03-16 11:45:59.859, 1, 51000]
[EL Fine]: sql: 2016-03-16 11:45:59.937--ClientSession(641528548)--Connection(1183009156)--Thread(Thread[Test worker,5,main])--INSERT INTO ast_State_M (stateId, countryId, stateCapital, stateCapitalLatitude, stateCapitalLongitude, stateCode, stateCodeChar2, stateCodeChar3, stateDescription, stateFlag, stateName, versionId, createdBy, createdDate, updatedBy, updatedDate, activeStatus, txnAccessCode) VALUES (?, ?, ?, ?, ?, ?, ?, ?, ?, ?, ?, ?, ?, ?, ?, ?, ?, ?)
	bind => [EA1CD1A1-148B-4211-BFB6-4407BE2EFAC2, 963C939E-4245-46D4-B883-6FD76214A13D, 8WHvLxv9N0dE5H3jeqBH0V8uYVX6JJdCnXt42hheZUP8DcKJiw, 8, 8, 1, 0FZQ8GRj6Z6lBVtCYAMbghjg5xkV4a2h, QAlFr77daJj8d2xNmQ9intTWdNNRExW6, fN3XRqBIT6HBu0L37P65ncY1mVzhFpNTeG8SRoX5cBneHpl2m6, 9QgSnncHqLP8aJwm8mAt2OHGnnYLj2e5e0ojhOgb1fEXRj0PNO, RkT288HsQbEJHbH02se19BaXHUraTXXPNB4idW9SttpaAciDzM, 1, AAAAA, 2016-03-16 11:45:59.931, null, 2016-03-16 11:45:59.931, 1, 51000]
[EL Fine]: sql: 2016-03-16 11:45:59.961--ClientSession(1246300035)--Connection(1183009156)--Thread(Thread[Test worker,5,main])--INSERT INTO ast_City_M (cityId, cityCode, cityCodeChar2, cityDescription, cityFlag, cityLatitude, cityLongitude, cityName, countryId, stateId, versionId, createdBy, createdDate, updatedBy, updatedDate, activeStatus, txnAccessCode) VALUES (?, ?, ?, ?, ?, ?, ?, ?, ?, ?, ?, ?, ?, ?, ?, ?, ?)
	bind => [0A72EF89-8465-4C4B-94F4-104889B975C8, 3, 1C3u7Z4XDm4NYouuIB3kOjAkZWxg3tcx, eX4fSSCDlynLTb7geDyqdYcJJGdUwemxvesljnORPNovxl5s2s, TW9SMgGq2NC4qtnNORctwzl1MsLDC2IIJQQfDIliAGQRBkLrnw, 8, 6, U4Nbw9BZ1FYn3qoUvxJLHNDYQVAmnDpJBrHFaakc398BqYuuyF, 963C939E-4245-46D4-B883-6FD76214A13D, EA1CD1A1-148B-4211-BFB6-4407BE2EFAC2, 1, AAAAA, 2016-03-16 11:45:59.931, null, 2016-03-16 11:45:59.931, 1, 51000]
[EL Fine]: sql: 2016-03-16 11:46:00.056--ClientSession(1284591556)--Connection(1183009156)--Thread(Thread[Test worker,5,main])--INSERT INTO ast_AddressType_M (addressTypeId, addressType, addressTypeDesc, addressTypeIcon, versionId, createdBy, createdDate, updatedBy, updatedDate, activeStatus, txnAccessCode) VALUES (?, ?, ?, ?, ?, ?, ?, ?, ?, ?, ?)
	bind => [F297E81F-6AFA-44AD-95FD-DACD8CE27A87, UuB0FUVcvTSKH9qoTGYOHCDAGIYG0T9Llt5DIs7R8RrDnMHanz, jiwEGgxytpJFGxzDebxpzDPMYLyqtzYEwgM9A5AnMqOX8ENRmE, usakL6k4PprhBzBeS2D2T3xwnwsEP6DOR3xVdFmBCoswkOd0f0, 1, AAAAA, 2016-03-16 11:46:00.052, null, 2016-03-16 11:46:00.052, 1, 51000]
[EL Fine]: sql: 2016-03-16 11:46:00.123--ClientSession(1242907357)--Connection(1183009156)--Thread(Thread[Test worker,5,main])--INSERT INTO ast_CommunicationGroup_M (commGroupId, commGroupDescription, commGroupName, versionId, createdBy, createdDate, updatedBy, updatedDate, activeStatus, txnAccessCode) VALUES (?, ?, ?, ?, ?, ?, ?, ?, ?, ?)
	bind => [A7E96EE2-4FF0-45EA-903E-4E8D4CFC0B5D, yzBEthgM44wyU6XE2ZvYwgwn4L458zUOsxaaQlvhCqySuYVeny, ApQhz4BWfL9Xt7jGVvBU60rnR16cG9I17j7Cd4Ihc8LQ1qBL5N, 1, AAAAA, 2016-03-16 11:46:00.12, null, 2016-03-16 11:46:00.12, 1, 51000]
[EL Fine]: sql: 2016-03-16 11:46:00.148--ClientSession(1933787741)--Connection(1183009156)--Thread(Thread[Test worker,5,main])--INSERT INTO ast_CommunicationType_M (commType, commGroupId, commTypeDescription, commTypeName, versionId, createdBy, createdDate, updatedBy, updatedDate, activeStatus, txnAccessCode) VALUES (?, ?, ?, ?, ?, ?, ?, ?, ?, ?, ?)
	bind => [024FA07C-64BD-4B90-A058-4A0AE6E3E2F8, A7E96EE2-4FF0-45EA-903E-4E8D4CFC0B5D, PWq6TUw4cqX0VNsK3D2wSCpAatWKwYjKHlJjC126yBxtm1sxK4, ITjCP9hAOYsYazkpHVFUEXXwrOE5S1uZdU9NxikHt5rZjeGQ3Y, 1, AAAAA, 2016-03-16 11:46:00.144, null, 2016-03-16 11:46:00.144, 1, 51000]
[EL Fine]: sql: 2016-03-16 11:46:00.174--ClientSession(750271393)--Connection(1183009156)--Thread(Thread[Test worker,5,main])--INSERT INTO ast_Title_M (titleId, titles, versionId, createdBy, createdDate, updatedBy, updatedDate, activeStatus, txnAccessCode) VALUES (?, ?, ?, ?, ?, ?, ?, ?, ?)
	bind => [72F56C63-0FC6-4893-9C65-5F96175FFABC, 26dY1XHI2nZPSXMZd1W1Bj6QSuUWW4GzpHGEq2QJtlhsk8ViuJ, 1, AAAAA, 2016-03-16 11:46:00.171, null, 2016-03-16 11:46:00.171, 1, 51000]
[EL Fine]: sql: 2016-03-16 11:46:00.198--ClientSession(1432217719)--Connection(1183009156)--Thread(Thread[Test worker,5,main])--INSERT INTO ast_Gender_M (genderId, gender, versionId, createdBy, createdDate, updatedBy, updatedDate, activeStatus, txnAccessCode) VALUES (?, ?, ?, ?, ?, ?, ?, ?, ?)
	bind => [031FF5B7-2A2D-41A9-ADD2-B69252468996, tAOVFYxGjiOtzsn3q6anlIbmi1WxyDX9QQ7lGBDGwV5AoqpWOn, 1, AAAAA, 2016-03-16 11:46:00.195, null, 2016-03-16 11:46:00.195, 1, 51000]
[EL Fine]: sql: 2016-03-16 11:46:00.22--ClientSession(2085985880)--Connection(1183009156)--Thread(Thread[Test worker,5,main])--INSERT INTO ast_Language_M (languageId, alpha2, alpha3, alpha4, alpha4parentid, language, languageDescription, languageIcon, languageType, versionId, createdBy, createdDate, updatedBy, updatedDate, activeStatus, txnAccessCode) VALUES (?, ?, ?, ?, ?, ?, ?, ?, ?, ?, ?, ?, ?, ?, ?, ?)
	bind => [04463BCE-B489-4614-A54F-F02FDBA87D0C, mU, w0z, xItO, 3, ZyjFyesO95FaulYLVrTuzUTbiMgfUovkGlHYjUkGcMvixNv6s3, nljgZHksvUm2HBQG638zP4sft8WBenLkqvesEiVGdtwW1y7umI, vtIuFVAv7mS5HIprVOsXxKDWz4SI8reybfycvbJpQfFDsryl6f, R2IMDKWV0WTMwbIsWKeMqUOBZFbAinLJ, 1, AAAAA, 2016-03-16 11:46:00.215, null, 2016-03-16 11:46:00.215, 1, 51000]
[EL Fine]: sql: 2016-03-16 11:46:00.279--ClientSession(863468662)--Connection(1183009156)--Thread(Thread[Test worker,5,main])--INSERT INTO ast_Timezone_M (timeZoneId, cities, country, gmtLabel, timeZoneLabel, utcdifference, versionId, createdBy, createdDate, updatedBy, updatedDate, activeStatus, txnAccessCode) VALUES (?, ?, ?, ?, ?, ?, ?, ?, ?, ?, ?, ?, ?)
	bind => [6F446754-3299-4F6D-9AFE-2E529D67CF52, 4O1JyTMGxpwooeNlhaiYaLtgmoicHWi8GILWRsjSXqWSczDCN3, zWlFyJxadPmRJaRBY03d8TYM0jZ7XG47uUnwq5b6h8OUQFYkSK, wGZTjcclc8fEH6Rp3Qym5buhhEaLfbGmKLApfl9CxfE357py0T, e5P6fXP0JWRtYIZRqHluUFMEb2grr0rJgjFRqHzb4TcuCufmNI, 11, 1, AAAAA, 2016-03-16 11:46:00.171, null, 2016-03-16 11:46:00.171, 1, 51000]
[EL Fine]: sql: 2016-03-16 11:46:00.352--ClientSession(85960273)--Connection(1183009156)--Thread(Thread[Test worker,5,main])--INSERT INTO ast_Country_M (countryId, capital, capitalLatitude, capitalLongitude, countryCode1, countryCode2, countryFlag, countryName, currencyCode, currencyName, currencySymbol, isoNumeric, versionId, createdBy, createdDate, updatedBy, updatedDate, activeStatus, txnAccessCode) VALUES (?, ?, ?, ?, ?, ?, ?, ?, ?, ?, ?, ?, ?, ?, ?, ?, ?, ?, ?)
	bind => [A12E41BD-1CFC-4E2B-B233-4DDB5D0FFB35, reGd67lkR1ETj8p6As7qb5rK01UO4HB6, 9, 10, 7Cy, 3LS, T0c2yECBRlypt2Umqvmz0P5Mb7z1joHdB13oLJ8MUCYpwLcQGl, DSz9YaD7jPZTdlRGVbXFreEk1JWPGq61MLM5kJAPqn0i1HQ1JV, bw3, vcJkFVuz6MtVuxVkc48ZqOPytUP2rH2Obruy94k3booGuYZeAT, iG3UAEHM7fpgyYgYXBvPr5uNG9ci9kCY, 6, 1, AAAAA, 2016-03-16 11:46:00.346, null, 2016-03-16 11:46:00.346, 1, 51000]
[EL Fine]: sql: 2016-03-16 11:46:00.375--ClientSession(725987143)--Connection(1183009156)--Thread(Thread[Test worker,5,main])--INSERT INTO ast_State_M (stateId, countryId, stateCapital, stateCapitalLatitude, stateCapitalLongitude, stateCode, stateCodeChar2, stateCodeChar3, stateDescription, stateFlag, stateName, versionId, createdBy, createdDate, updatedBy, updatedDate, activeStatus, txnAccessCode) VALUES (?, ?, ?, ?, ?, ?, ?, ?, ?, ?, ?, ?, ?, ?, ?, ?, ?, ?)
	bind => [0359DC27-BBE3-4295-9300-70EA47178EDE, A12E41BD-1CFC-4E2B-B233-4DDB5D0FFB35, 8WHvLxv9N0dE5H3jeqBH0V8uYVX6JJdCnXt42hheZUP8DcKJiw, 8, 8, 1, 0FZQ8GRj6Z6lBVtCYAMbghjg5xkV4a2h, QAlFr77daJj8d2xNmQ9intTWdNNRExW6, fN3XRqBIT6HBu0L37P65ncY1mVzhFpNTeG8SRoX5cBneHpl2m6, 9QgSnncHqLP8aJwm8mAt2OHGnnYLj2e5e0ojhOgb1fEXRj0PNO, RkT288HsQbEJHbH02se19BaXHUraTXXPNB4idW9SttpaAciDzM, 1, AAAAA, 2016-03-16 11:46:00.37, null, 2016-03-16 11:46:00.37, 1, 51000]
[EL Fine]: sql: 2016-03-16 11:46:00.444--ClientSession(102709081)--Connection(1183009156)--Thread(Thread[Test worker,5,main])--INSERT INTO ast_City_M (cityId, cityCode, cityCodeChar2, cityDescription, cityFlag, cityLatitude, cityLongitude, cityName, countryId, stateId, versionId, createdBy, createdDate, updatedBy, updatedDate, activeStatus, txnAccessCode) VALUES (?, ?, ?, ?, ?, ?, ?, ?, ?, ?, ?, ?, ?, ?, ?, ?, ?)
	bind => [1351410D-CABA-47EA-B398-D46AD83FC918, 3, 1C3u7Z4XDm4NYouuIB3kOjAkZWxg3tcx, eX4fSSCDlynLTb7geDyqdYcJJGdUwemxvesljnORPNovxl5s2s, TW9SMgGq2NC4qtnNORctwzl1MsLDC2IIJQQfDIliAGQRBkLrnw, 8, 6, U4Nbw9BZ1FYn3qoUvxJLHNDYQVAmnDpJBrHFaakc398BqYuuyF, A12E41BD-1CFC-4E2B-B233-4DDB5D0FFB35, 0359DC27-BBE3-4295-9300-70EA47178EDE, 1, AAAAA, 2016-03-16 11:46:00.37, null, 2016-03-16 11:46:00.37, 1, 51000]
[EL Fine]: sql: 2016-03-16 11:46:00.504--ClientSession(2019867825)--Connection(1183009156)--Thread(Thread[Test worker,5,main])--INSERT INTO ast_AddressType_M (addressTypeId, addressType, addressTypeDesc, addressTypeIcon, versionId, createdBy, createdDate, updatedBy, updatedDate, activeStatus, txnAccessCode) VALUES (?, ?, ?, ?, ?, ?, ?, ?, ?, ?, ?)
	bind => [B20E7745-D7D5-4253-A3FD-330E6AD68655, UuB0FUVcvTSKH9qoTGYOHCDAGIYG0T9Llt5DIs7R8RrDnMHanz, jiwEGgxytpJFGxzDebxpzDPMYLyqtzYEwgM9A5AnMqOX8ENRmE, usakL6k4PprhBzBeS2D2T3xwnwsEP6DOR3xVdFmBCoswkOd0f0, 1, AAAAA, 2016-03-16 11:46:00.501, null, 2016-03-16 11:46:00.501, 1, 51000]
[EL Fine]: sql: 2016-03-16 11:46:00.575--ClientSession(1647014343)--Connection(1183009156)--Thread(Thread[Test worker,5,main])--INSERT INTO ast_CommunicationGroup_M (commGroupId, commGroupDescription, commGroupName, versionId, createdBy, createdDate, updatedBy, updatedDate, activeStatus, txnAccessCode) VALUES (?, ?, ?, ?, ?, ?, ?, ?, ?, ?)
	bind => [048429FF-7067-48E2-BCA0-2A6D1F561751, yzBEthgM44wyU6XE2ZvYwgwn4L458zUOsxaaQlvhCqySuYVeny, ApQhz4BWfL9Xt7jGVvBU60rnR16cG9I17j7Cd4Ihc8LQ1qBL5N, 1, AAAAA, 2016-03-16 11:46:00.572, null, 2016-03-16 11:46:00.572, 1, 51000]
[EL Fine]: sql: 2016-03-16 11:46:00.592--ClientSession(1964409752)--Connection(1183009156)--Thread(Thread[Test worker,5,main])--INSERT INTO ast_CommunicationType_M (commType, commGroupId, commTypeDescription, commTypeName, versionId, createdBy, createdDate, updatedBy, updatedDate, activeStatus, txnAccessCode) VALUES (?, ?, ?, ?, ?, ?, ?, ?, ?, ?, ?)
	bind => [7833A284-9EB8-4D3F-91D5-EBE24069A377, 048429FF-7067-48E2-BCA0-2A6D1F561751, PWq6TUw4cqX0VNsK3D2wSCpAatWKwYjKHlJjC126yBxtm1sxK4, ITjCP9hAOYsYazkpHVFUEXXwrOE5S1uZdU9NxikHt5rZjeGQ3Y, 1, AAAAA, 2016-03-16 11:46:00.587, null, 2016-03-16 11:46:00.587, 1, 51000]
[EL Fine]: sql: 2016-03-16 11:46:00.619--ClientSession(527774432)--Connection(1183009156)--Thread(Thread[Test worker,5,main])--INSERT INTO ast_Title_M (titleId, titles, versionId, createdBy, createdDate, updatedBy, updatedDate, activeStatus, txnAccessCode) VALUES (?, ?, ?, ?, ?, ?, ?, ?, ?)
	bind => [FB374EF0-C1EC-48E9-8B34-54781FF073BA, 26dY1XHI2nZPSXMZd1W1Bj6QSuUWW4GzpHGEq2QJtlhsk8ViuJ, 1, AAAAA, 2016-03-16 11:46:00.616, null, 2016-03-16 11:46:00.616, 1, 51000]
[EL Fine]: sql: 2016-03-16 11:46:00.641--ClientSession(1610740458)--Connection(1183009156)--Thread(Thread[Test worker,5,main])--INSERT INTO ast_Gender_M (genderId, gender, versionId, createdBy, createdDate, updatedBy, updatedDate, activeStatus, txnAccessCode) VALUES (?, ?, ?, ?, ?, ?, ?, ?, ?)
	bind => [180BBEBA-7400-4EB3-B394-DFC26EC05492, tAOVFYxGjiOtzsn3q6anlIbmi1WxyDX9QQ7lGBDGwV5AoqpWOn, 1, AAAAA, 2016-03-16 11:46:00.638, null, 2016-03-16 11:46:00.638, 1, 51000]
[EL Fine]: sql: 2016-03-16 11:46:00.666--ClientSession(633497264)--Connection(1183009156)--Thread(Thread[Test worker,5,main])--INSERT INTO ast_Language_M (languageId, alpha2, alpha3, alpha4, alpha4parentid, language, languageDescription, languageIcon, languageType, versionId, createdBy, createdDate, updatedBy, updatedDate, activeStatus, txnAccessCode) VALUES (?, ?, ?, ?, ?, ?, ?, ?, ?, ?, ?, ?, ?, ?, ?, ?)
	bind => [736CB0A8-04FB-4701-B280-52A0699384A2, mU, w0z, xItO, 3, ZyjFyesO95FaulYLVrTuzUTbiMgfUovkGlHYjUkGcMvixNv6s3, nljgZHksvUm2HBQG638zP4sft8WBenLkqvesEiVGdtwW1y7umI, vtIuFVAv7mS5HIprVOsXxKDWz4SI8reybfycvbJpQfFDsryl6f, R2IMDKWV0WTMwbIsWKeMqUOBZFbAinLJ, 1, AAAAA, 2016-03-16 11:46:00.662, null, 2016-03-16 11:46:00.662, 1, 51000]
[EL Fine]: sql: 2016-03-16 11:46:00.734--ClientSession(923101049)--Connection(1183009156)--Thread(Thread[Test worker,5,main])--INSERT INTO ast_Timezone_M (timeZoneId, cities, country, gmtLabel, timeZoneLabel, utcdifference, versionId, createdBy, createdDate, updatedBy, updatedDate, activeStatus, txnAccessCode) VALUES (?, ?, ?, ?, ?, ?, ?, ?, ?, ?, ?, ?, ?)
	bind => [F66F3188-0FD0-4FCE-816E-699B9048F959, 4O1JyTMGxpwooeNlhaiYaLtgmoicHWi8GILWRsjSXqWSczDCN3, zWlFyJxadPmRJaRBY03d8TYM0jZ7XG47uUnwq5b6h8OUQFYkSK, wGZTjcclc8fEH6Rp3Qym5buhhEaLfbGmKLApfl9CxfE357py0T, e5P6fXP0JWRtYIZRqHluUFMEb2grr0rJgjFRqHzb4TcuCufmNI, 11, 1, AAAAA, 2016-03-16 11:46:00.616, null, 2016-03-16 11:46:00.616, 1, 51000]
[EL Fine]: sql: 2016-03-16 11:46:00.758--ClientSession(439265964)--Connection(1183009156)--Thread(Thread[Test worker,5,main])--INSERT INTO ast_Country_M (countryId, capital, capitalLatitude, capitalLongitude, countryCode1, countryCode2, countryFlag, countryName, currencyCode, currencyName, currencySymbol, isoNumeric, versionId, createdBy, createdDate, updatedBy, updatedDate, activeStatus, txnAccessCode) VALUES (?, ?, ?, ?, ?, ?, ?, ?, ?, ?, ?, ?, ?, ?, ?, ?, ?, ?, ?)
	bind => [A25DE25D-A47D-4FFC-B767-1BA81BFF5139, reGd67lkR1ETj8p6As7qb5rK01UO4HB6, 9, 10, 7Cy, 3LS, T0c2yECBRlypt2Umqvmz0P5Mb7z1joHdB13oLJ8MUCYpwLcQGl, DSz9YaD7jPZTdlRGVbXFreEk1JWPGq61MLM5kJAPqn0i1HQ1JV, bw3, vcJkFVuz6MtVuxVkc48ZqOPytUP2rH2Obruy94k3booGuYZeAT, iG3UAEHM7fpgyYgYXBvPr5uNG9ci9kCY, 6, 1, AAAAA, 2016-03-16 11:46:00.753, null, 2016-03-16 11:46:00.753, 1, 51000]
[EL Fine]: sql: 2016-03-16 11:46:00.793--ClientSession(57311879)--Connection(1183009156)--Thread(Thread[Test worker,5,main])--INSERT INTO ast_State_M (stateId, countryId, stateCapital, stateCapitalLatitude, stateCapitalLongitude, stateCode, stateCodeChar2, stateCodeChar3, stateDescription, stateFlag, stateName, versionId, createdBy, createdDate, updatedBy, updatedDate, activeStatus, txnAccessCode) VALUES (?, ?, ?, ?, ?, ?, ?, ?, ?, ?, ?, ?, ?, ?, ?, ?, ?, ?)
	bind => [CF1D2C8A-DA72-4D97-A51C-124E18F5E660, A25DE25D-A47D-4FFC-B767-1BA81BFF5139, 8WHvLxv9N0dE5H3jeqBH0V8uYVX6JJdCnXt42hheZUP8DcKJiw, 8, 8, 1, 0FZQ8GRj6Z6lBVtCYAMbghjg5xkV4a2h, QAlFr77daJj8d2xNmQ9intTWdNNRExW6, fN3XRqBIT6HBu0L37P65ncY1mVzhFpNTeG8SRoX5cBneHpl2m6, 9QgSnncHqLP8aJwm8mAt2OHGnnYLj2e5e0ojhOgb1fEXRj0PNO, RkT288HsQbEJHbH02se19BaXHUraTXXPNB4idW9SttpaAciDzM, 1, AAAAA, 2016-03-16 11:46:00.787, null, 2016-03-16 11:46:00.787, 1, 51000]
[EL Fine]: sql: 2016-03-16 11:46:00.862--ClientSession(491243410)--Connection(1183009156)--Thread(Thread[Test worker,5,main])--INSERT INTO ast_City_M (cityId, cityCode, cityCodeChar2, cityDescription, cityFlag, cityLatitude, cityLongitude, cityName, countryId, stateId, versionId, createdBy, createdDate, updatedBy, updatedDate, activeStatus, txnAccessCode) VALUES (?, ?, ?, ?, ?, ?, ?, ?, ?, ?, ?, ?, ?, ?, ?, ?, ?)
	bind => [773D9D1B-9C84-4264-B29E-155E680C1139, 3, 1C3u7Z4XDm4NYouuIB3kOjAkZWxg3tcx, eX4fSSCDlynLTb7geDyqdYcJJGdUwemxvesljnORPNovxl5s2s, TW9SMgGq2NC4qtnNORctwzl1MsLDC2IIJQQfDIliAGQRBkLrnw, 8, 6, U4Nbw9BZ1FYn3qoUvxJLHNDYQVAmnDpJBrHFaakc398BqYuuyF, A25DE25D-A47D-4FFC-B767-1BA81BFF5139, CF1D2C8A-DA72-4D97-A51C-124E18F5E660, 1, AAAAA, 2016-03-16 11:46:00.787, null, 2016-03-16 11:46:00.787, 1, 51000]
[EL Fine]: sql: 2016-03-16 11:46:00.921--ClientSession(618910804)--Connection(1183009156)--Thread(Thread[Test worker,5,main])--INSERT INTO ast_AddressType_M (addressTypeId, addressType, addressTypeDesc, addressTypeIcon, versionId, createdBy, createdDate, updatedBy, updatedDate, activeStatus, txnAccessCode) VALUES (?, ?, ?, ?, ?, ?, ?, ?, ?, ?, ?)
	bind => [19B65146-F17A-41F7-88EB-2310E04EDF37, UuB0FUVcvTSKH9qoTGYOHCDAGIYG0T9Llt5DIs7R8RrDnMHanz, jiwEGgxytpJFGxzDebxpzDPMYLyqtzYEwgM9A5AnMqOX8ENRmE, usakL6k4PprhBzBeS2D2T3xwnwsEP6DOR3xVdFmBCoswkOd0f0, 1, AAAAA, 2016-03-16 11:46:00.917, null, 2016-03-16 11:46:00.917, 1, 51000]
[EL Fine]: sql: 2016-03-16 11:46:00.948--ClientSession(1545814479)--Connection(1183009156)--Thread(Thread[Test worker,5,main])--INSERT INTO ast_CommunicationGroup_M (commGroupId, commGroupDescription, commGroupName, versionId, createdBy, createdDate, updatedBy, updatedDate, activeStatus, txnAccessCode) VALUES (?, ?, ?, ?, ?, ?, ?, ?, ?, ?)
	bind => [987F7D63-E432-4D87-AC19-D4A479F07F6E, yzBEthgM44wyU6XE2ZvYwgwn4L458zUOsxaaQlvhCqySuYVeny, ApQhz4BWfL9Xt7jGVvBU60rnR16cG9I17j7Cd4Ihc8LQ1qBL5N, 1, AAAAA, 2016-03-16 11:46:00.946, null, 2016-03-16 11:46:00.946, 1, 51000]
[EL Fine]: sql: 2016-03-16 11:46:00.971--ClientSession(2069683894)--Connection(1183009156)--Thread(Thread[Test worker,5,main])--INSERT INTO ast_CommunicationType_M (commType, commGroupId, commTypeDescription, commTypeName, versionId, createdBy, createdDate, updatedBy, updatedDate, activeStatus, txnAccessCode) VALUES (?, ?, ?, ?, ?, ?, ?, ?, ?, ?, ?)
	bind => [EE81821A-8A53-4E1C-B334-B9B4D59DAB19, 987F7D63-E432-4D87-AC19-D4A479F07F6E, PWq6TUw4cqX0VNsK3D2wSCpAatWKwYjKHlJjC126yBxtm1sxK4, ITjCP9hAOYsYazkpHVFUEXXwrOE5S1uZdU9NxikHt5rZjeGQ3Y, 1, AAAAA, 2016-03-16 11:46:00.968, null, 2016-03-16 11:46:00.968, 1, 51000]
[EL Fine]: sql: 2016-03-16 11:46:00.998--ClientSession(460398815)--Connection(1183009156)--Thread(Thread[Test worker,5,main])--INSERT INTO ast_Title_M (titleId, titles, versionId, createdBy, createdDate, updatedBy, updatedDate, activeStatus, txnAccessCode) VALUES (?, ?, ?, ?, ?, ?, ?, ?, ?)
	bind => [1FA3BA30-2D18-4AB8-9776-6FA4850FBBCB, 26dY1XHI2nZPSXMZd1W1Bj6QSuUWW4GzpHGEq2QJtlhsk8ViuJ, 1, AAAAA, 2016-03-16 11:46:00.995, null, 2016-03-16 11:46:00.995, 1, 51000]
[EL Fine]: sql: 2016-03-16 11:46:01.02--ClientSession(603304025)--Connection(1183009156)--Thread(Thread[Test worker,5,main])--INSERT INTO ast_Gender_M (genderId, gender, versionId, createdBy, createdDate, updatedBy, updatedDate, activeStatus, txnAccessCode) VALUES (?, ?, ?, ?, ?, ?, ?, ?, ?)
	bind => [132F67B4-ED35-4B94-A24E-0DE59DFC82C7, tAOVFYxGjiOtzsn3q6anlIbmi1WxyDX9QQ7lGBDGwV5AoqpWOn, 1, AAAAA, 2016-03-16 11:46:01.018, null, 2016-03-16 11:46:01.018, 1, 51000]
[EL Fine]: sql: 2016-03-16 11:46:01.08--ClientSession(1696664947)--Connection(1183009156)--Thread(Thread[Test worker,5,main])--INSERT INTO ast_Language_M (languageId, alpha2, alpha3, alpha4, alpha4parentid, language, languageDescription, languageIcon, languageType, versionId, createdBy, createdDate, updatedBy, updatedDate, activeStatus, txnAccessCode) VALUES (?, ?, ?, ?, ?, ?, ?, ?, ?, ?, ?, ?, ?, ?, ?, ?)
	bind => [131C2E8E-ABBE-44F7-9C7D-58FAEFFDCD63, mU, w0z, xItO, 3, ZyjFyesO95FaulYLVrTuzUTbiMgfUovkGlHYjUkGcMvixNv6s3, nljgZHksvUm2HBQG638zP4sft8WBenLkqvesEiVGdtwW1y7umI, vtIuFVAv7mS5HIprVOsXxKDWz4SI8reybfycvbJpQfFDsryl6f, R2IMDKWV0WTMwbIsWKeMqUOBZFbAinLJ, 1, AAAAA, 2016-03-16 11:46:01.077, null, 2016-03-16 11:46:01.077, 1, 51000]
[EL Fine]: sql: 2016-03-16 11:46:01.146--ClientSession(162679438)--Connection(1183009156)--Thread(Thread[Test worker,5,main])--INSERT INTO ast_Timezone_M (timeZoneId, cities, country, gmtLabel, timeZoneLabel, utcdifference, versionId, createdBy, createdDate, updatedBy, updatedDate, activeStatus, txnAccessCode) VALUES (?, ?, ?, ?, ?, ?, ?, ?, ?, ?, ?, ?, ?)
	bind => [E413BAAA-FA1C-436C-AB40-7312C90AB601, 4O1JyTMGxpwooeNlhaiYaLtgmoicHWi8GILWRsjSXqWSczDCN3, zWlFyJxadPmRJaRBY03d8TYM0jZ7XG47uUnwq5b6h8OUQFYkSK, wGZTjcclc8fEH6Rp3Qym5buhhEaLfbGmKLApfl9CxfE357py0T, e5P6fXP0JWRtYIZRqHluUFMEb2grr0rJgjFRqHzb4TcuCufmNI, 11, 1, AAAAA, 2016-03-16 11:46:00.995, null, 2016-03-16 11:46:00.995, 1, 51000]
[EL Fine]: sql: 2016-03-16 11:46:01.218--ClientSession(1890947716)--Connection(1183009156)--Thread(Thread[Test worker,5,main])--INSERT INTO ast_Country_M (countryId, capital, capitalLatitude, capitalLongitude, countryCode1, countryCode2, countryFlag, countryName, currencyCode, currencyName, currencySymbol, isoNumeric, versionId, createdBy, createdDate, updatedBy, updatedDate, activeStatus, txnAccessCode) VALUES (?, ?, ?, ?, ?, ?, ?, ?, ?, ?, ?, ?, ?, ?, ?, ?, ?, ?, ?)
	bind => [DDD4DDCD-FAF3-4A53-A886-DA30493537C3, reGd67lkR1ETj8p6As7qb5rK01UO4HB6, 9, 10, 7Cy, 3LS, T0c2yECBRlypt2Umqvmz0P5Mb7z1joHdB13oLJ8MUCYpwLcQGl, DSz9YaD7jPZTdlRGVbXFreEk1JWPGq61MLM5kJAPqn0i1HQ1JV, bw3, vcJkFVuz6MtVuxVkc48ZqOPytUP2rH2Obruy94k3booGuYZeAT, iG3UAEHM7fpgyYgYXBvPr5uNG9ci9kCY, 6, 1, AAAAA, 2016-03-16 11:46:01.211, null, 2016-03-16 11:46:01.211, 1, 51000]
[EL Fine]: sql: 2016-03-16 11:46:01.241--ClientSession(1853330545)--Connection(1183009156)--Thread(Thread[Test worker,5,main])--INSERT INTO ast_State_M (stateId, countryId, stateCapital, stateCapitalLatitude, stateCapitalLongitude, stateCode, stateCodeChar2, stateCodeChar3, stateDescription, stateFlag, stateName, versionId, createdBy, createdDate, updatedBy, updatedDate, activeStatus, txnAccessCode) VALUES (?, ?, ?, ?, ?, ?, ?, ?, ?, ?, ?, ?, ?, ?, ?, ?, ?, ?)
	bind => [678A5904-A9F6-4AD9-A834-B528CE8BDA77, DDD4DDCD-FAF3-4A53-A886-DA30493537C3, 8WHvLxv9N0dE5H3jeqBH0V8uYVX6JJdCnXt42hheZUP8DcKJiw, 8, 8, 1, 0FZQ8GRj6Z6lBVtCYAMbghjg5xkV4a2h, QAlFr77daJj8d2xNmQ9intTWdNNRExW6, fN3XRqBIT6HBu0L37P65ncY1mVzhFpNTeG8SRoX5cBneHpl2m6, 9QgSnncHqLP8aJwm8mAt2OHGnnYLj2e5e0ojhOgb1fEXRj0PNO, RkT288HsQbEJHbH02se19BaXHUraTXXPNB4idW9SttpaAciDzM, 1, AAAAA, 2016-03-16 11:46:01.235, null, 2016-03-16 11:46:01.235, 1, 51000]
[EL Fine]: sql: 2016-03-16 11:46:01.313--ClientSession(1050751820)--Connection(1183009156)--Thread(Thread[Test worker,5,main])--INSERT INTO ast_City_M (cityId, cityCode, cityCodeChar2, cityDescription, cityFlag, cityLatitude, cityLongitude, cityName, countryId, stateId, versionId, createdBy, createdDate, updatedBy, updatedDate, activeStatus, txnAccessCode) VALUES (?, ?, ?, ?, ?, ?, ?, ?, ?, ?, ?, ?, ?, ?, ?, ?, ?)
	bind => [E467E64D-353B-4D01-AA7E-2F7C8D2B8284, 3, 1C3u7Z4XDm4NYouuIB3kOjAkZWxg3tcx, eX4fSSCDlynLTb7geDyqdYcJJGdUwemxvesljnORPNovxl5s2s, TW9SMgGq2NC4qtnNORctwzl1MsLDC2IIJQQfDIliAGQRBkLrnw, 8, 6, U4Nbw9BZ1FYn3qoUvxJLHNDYQVAmnDpJBrHFaakc398BqYuuyF, DDD4DDCD-FAF3-4A53-A886-DA30493537C3, 678A5904-A9F6-4AD9-A834-B528CE8BDA77, 1, AAAAA, 2016-03-16 11:46:01.235, null, 2016-03-16 11:46:01.235, 1, 51000]
[EL Fine]: sql: 2016-03-16 11:46:01.369--ClientSession(1924684065)--Connection(1183009156)--Thread(Thread[Test worker,5,main])--INSERT INTO ast_AddressType_M (addressTypeId, addressType, addressTypeDesc, addressTypeIcon, versionId, createdBy, createdDate, updatedBy, updatedDate, activeStatus, txnAccessCode) VALUES (?, ?, ?, ?, ?, ?, ?, ?, ?, ?, ?)
	bind => [8148A202-2D53-4AD8-BF43-F908296D1F4C, UuB0FUVcvTSKH9qoTGYOHCDAGIYG0T9Llt5DIs7R8RrDnMHanz, jiwEGgxytpJFGxzDebxpzDPMYLyqtzYEwgM9A5AnMqOX8ENRmE, usakL6k4PprhBzBeS2D2T3xwnwsEP6DOR3xVdFmBCoswkOd0f0, 1, AAAAA, 2016-03-16 11:46:01.366, null, 2016-03-16 11:46:01.366, 1, 51000]
[EL Fine]: sql: 2016-03-16 11:46:01.441--ClientSession(1043707351)--Connection(1183009156)--Thread(Thread[Test worker,5,main])--INSERT INTO ast_CommunicationGroup_M (commGroupId, commGroupDescription, commGroupName, versionId, createdBy, createdDate, updatedBy, updatedDate, activeStatus, txnAccessCode) VALUES (?, ?, ?, ?, ?, ?, ?, ?, ?, ?)
	bind => [8CAFBD47-B2F6-4D99-B928-253611839BB1, yzBEthgM44wyU6XE2ZvYwgwn4L458zUOsxaaQlvhCqySuYVeny, ApQhz4BWfL9Xt7jGVvBU60rnR16cG9I17j7Cd4Ihc8LQ1qBL5N, 1, AAAAA, 2016-03-16 11:46:01.437, null, 2016-03-16 11:46:01.437, 1, 51000]
[EL Fine]: sql: 2016-03-16 11:46:01.464--ClientSession(903918497)--Connection(1183009156)--Thread(Thread[Test worker,5,main])--INSERT INTO ast_CommunicationType_M (commType, commGroupId, commTypeDescription, commTypeName, versionId, createdBy, createdDate, updatedBy, updatedDate, activeStatus, txnAccessCode) VALUES (?, ?, ?, ?, ?, ?, ?, ?, ?, ?, ?)
	bind => [689304A6-1205-4E53-BD32-E75A7FEF2DC4, 8CAFBD47-B2F6-4D99-B928-253611839BB1, PWq6TUw4cqX0VNsK3D2wSCpAatWKwYjKHlJjC126yBxtm1sxK4, ITjCP9hAOYsYazkpHVFUEXXwrOE5S1uZdU9NxikHt5rZjeGQ3Y, 1, AAAAA, 2016-03-16 11:46:01.461, null, 2016-03-16 11:46:01.461, 1, 51000]
[EL Fine]: sql: 2016-03-16 11:46:01.543--ClientSession(1204696251)--Connection(1183009156)--Thread(Thread[Test worker,5,main])--INSERT INTO ast_Title_M (titleId, titles, versionId, createdBy, createdDate, updatedBy, updatedDate, activeStatus, txnAccessCode) VALUES (?, ?, ?, ?, ?, ?, ?, ?, ?)
	bind => [27734AF9-9F2C-407A-A1E2-B8D99A49EC04, 26dY1XHI2nZPSXMZd1W1Bj6QSuUWW4GzpHGEq2QJtlhsk8ViuJ, 1, AAAAA, 2016-03-16 11:46:01.54, null, 2016-03-16 11:46:01.54, 1, 51000]
[EL Fine]: sql: 2016-03-16 11:46:01.599--ClientSession(921573722)--Connection(1183009156)--Thread(Thread[Test worker,5,main])--INSERT INTO ast_Gender_M (genderId, gender, versionId, createdBy, createdDate, updatedBy, updatedDate, activeStatus, txnAccessCode) VALUES (?, ?, ?, ?, ?, ?, ?, ?, ?)
	bind => [9FFFF5D4-40D2-4EAD-8A76-E8C9978AAC73, tAOVFYxGjiOtzsn3q6anlIbmi1WxyDX9QQ7lGBDGwV5AoqpWOn, 1, AAAAA, 2016-03-16 11:46:01.595, null, 2016-03-16 11:46:01.595, 1, 51000]
[EL Fine]: sql: 2016-03-16 11:46:01.661--ClientSession(1937184249)--Connection(1183009156)--Thread(Thread[Test worker,5,main])--INSERT INTO ast_Language_M (languageId, alpha2, alpha3, alpha4, alpha4parentid, language, languageDescription, languageIcon, languageType, versionId, createdBy, createdDate, updatedBy, updatedDate, activeStatus, txnAccessCode) VALUES (?, ?, ?, ?, ?, ?, ?, ?, ?, ?, ?, ?, ?, ?, ?, ?)
	bind => [8928C507-D66E-46A3-89EB-118C939F817E, mU, w0z, xItO, 3, ZyjFyesO95FaulYLVrTuzUTbiMgfUovkGlHYjUkGcMvixNv6s3, nljgZHksvUm2HBQG638zP4sft8WBenLkqvesEiVGdtwW1y7umI, vtIuFVAv7mS5HIprVOsXxKDWz4SI8reybfycvbJpQfFDsryl6f, R2IMDKWV0WTMwbIsWKeMqUOBZFbAinLJ, 1, AAAAA, 2016-03-16 11:46:01.655, null, 2016-03-16 11:46:01.655, 1, 51000]
[EL Fine]: sql: 2016-03-16 11:46:01.721--ClientSession(2079806549)--Connection(1183009156)--Thread(Thread[Test worker,5,main])--INSERT INTO ast_Timezone_M (timeZoneId, cities, country, gmtLabel, timeZoneLabel, utcdifference, versionId, createdBy, createdDate, updatedBy, updatedDate, activeStatus, txnAccessCode) VALUES (?, ?, ?, ?, ?, ?, ?, ?, ?, ?, ?, ?, ?)
	bind => [A16A1514-D8AB-4B14-8E41-DB07D7FE61BA, 4O1JyTMGxpwooeNlhaiYaLtgmoicHWi8GILWRsjSXqWSczDCN3, zWlFyJxadPmRJaRBY03d8TYM0jZ7XG47uUnwq5b6h8OUQFYkSK, wGZTjcclc8fEH6Rp3Qym5buhhEaLfbGmKLApfl9CxfE357py0T, e5P6fXP0JWRtYIZRqHluUFMEb2grr0rJgjFRqHzb4TcuCufmNI, 11, 1, AAAAA, 2016-03-16 11:46:01.54, null, 2016-03-16 11:46:01.54, 1, 51000]
[EL Fine]: sql: 2016-03-16 11:46:01.79--ClientSession(1807865333)--Connection(1183009156)--Thread(Thread[Test worker,5,main])--INSERT INTO ast_Country_M (countryId, capital, capitalLatitude, capitalLongitude, countryCode1, countryCode2, countryFlag, countryName, currencyCode, currencyName, currencySymbol, isoNumeric, versionId, createdBy, createdDate, updatedBy, updatedDate, activeStatus, txnAccessCode) VALUES (?, ?, ?, ?, ?, ?, ?, ?, ?, ?, ?, ?, ?, ?, ?, ?, ?, ?, ?)
	bind => [2798E8F5-4670-489F-B9C1-F2E4DFF68409, reGd67lkR1ETj8p6As7qb5rK01UO4HB6, 9, 10, 7Cy, 3LS, T0c2yECBRlypt2Umqvmz0P5Mb7z1joHdB13oLJ8MUCYpwLcQGl, DSz9YaD7jPZTdlRGVbXFreEk1JWPGq61MLM5kJAPqn0i1HQ1JV, bw3, vcJkFVuz6MtVuxVkc48ZqOPytUP2rH2Obruy94k3booGuYZeAT, iG3UAEHM7fpgyYgYXBvPr5uNG9ci9kCY, 6, 1, AAAAA, 2016-03-16 11:46:01.781, null, 2016-03-16 11:46:01.781, 1, 51000]
[EL Fine]: sql: 2016-03-16 11:46:01.848--ClientSession(506790159)--Connection(1183009156)--Thread(Thread[Test worker,5,main])--INSERT INTO ast_State_M (stateId, countryId, stateCapital, stateCapitalLatitude, stateCapitalLongitude, stateCode, stateCodeChar2, stateCodeChar3, stateDescription, stateFlag, stateName, versionId, createdBy, createdDate, updatedBy, updatedDate, activeStatus, txnAccessCode) VALUES (?, ?, ?, ?, ?, ?, ?, ?, ?, ?, ?, ?, ?, ?, ?, ?, ?, ?)
	bind => [017062D8-169E-4A6B-A13F-52D3CF71B537, 2798E8F5-4670-489F-B9C1-F2E4DFF68409, 8WHvLxv9N0dE5H3jeqBH0V8uYVX6JJdCnXt42hheZUP8DcKJiw, 8, 8, 1, 0FZQ8GRj6Z6lBVtCYAMbghjg5xkV4a2h, QAlFr77daJj8d2xNmQ9intTWdNNRExW6, fN3XRqBIT6HBu0L37P65ncY1mVzhFpNTeG8SRoX5cBneHpl2m6, 9QgSnncHqLP8aJwm8mAt2OHGnnYLj2e5e0ojhOgb1fEXRj0PNO, RkT288HsQbEJHbH02se19BaXHUraTXXPNB4idW9SttpaAciDzM, 1, AAAAA, 2016-03-16 11:46:01.843, null, 2016-03-16 11:46:01.843, 1, 51000]
[EL Fine]: sql: 2016-03-16 11:46:01.912--ClientSession(386434072)--Connection(1183009156)--Thread(Thread[Test worker,5,main])--INSERT INTO ast_City_M (cityId, cityCode, cityCodeChar2, cityDescription, cityFlag, cityLatitude, cityLongitude, cityName, countryId, stateId, versionId, createdBy, createdDate, updatedBy, updatedDate, activeStatus, txnAccessCode) VALUES (?, ?, ?, ?, ?, ?, ?, ?, ?, ?, ?, ?, ?, ?, ?, ?, ?)
	bind => [93291A14-6F1A-4BC9-81F7-7D41D8A24795, 3, 1C3u7Z4XDm4NYouuIB3kOjAkZWxg3tcx, eX4fSSCDlynLTb7geDyqdYcJJGdUwemxvesljnORPNovxl5s2s, TW9SMgGq2NC4qtnNORctwzl1MsLDC2IIJQQfDIliAGQRBkLrnw, 8, 6, U4Nbw9BZ1FYn3qoUvxJLHNDYQVAmnDpJBrHFaakc398BqYuuyF, 2798E8F5-4670-489F-B9C1-F2E4DFF68409, 017062D8-169E-4A6B-A13F-52D3CF71B537, 1, AAAAA, 2016-03-16 11:46:01.843, null, 2016-03-16 11:46:01.843, 1, 51000]
[EL Fine]: sql: 2016-03-16 11:46:01.932--ClientSession(912392637)--Connection(1183009156)--Thread(Thread[Test worker,5,main])--INSERT INTO ast_AddressType_M (addressTypeId, addressType, addressTypeDesc, addressTypeIcon, versionId, createdBy, createdDate, updatedBy, updatedDate, activeStatus, txnAccessCode) VALUES (?, ?, ?, ?, ?, ?, ?, ?, ?, ?, ?)
	bind => [8FA32AAE-7C7C-4A7F-AA47-A0B4BADA1C62, UuB0FUVcvTSKH9qoTGYOHCDAGIYG0T9Llt5DIs7R8RrDnMHanz, jiwEGgxytpJFGxzDebxpzDPMYLyqtzYEwgM9A5AnMqOX8ENRmE, usakL6k4PprhBzBeS2D2T3xwnwsEP6DOR3xVdFmBCoswkOd0f0, 1, AAAAA, 2016-03-16 11:46:01.929, null, 2016-03-16 11:46:01.929, 1, 51000]
[EL Fine]: sql: 2016-03-16 11:46:01.953--ClientSession(241845981)--Connection(1183009156)--Thread(Thread[Test worker,5,main])--INSERT INTO ast_CommunicationGroup_M (commGroupId, commGroupDescription, commGroupName, versionId, createdBy, createdDate, updatedBy, updatedDate, activeStatus, txnAccessCode) VALUES (?, ?, ?, ?, ?, ?, ?, ?, ?, ?)
	bind => [134A5F40-D211-4295-90C1-888F38C55D16, yzBEthgM44wyU6XE2ZvYwgwn4L458zUOsxaaQlvhCqySuYVeny, ApQhz4BWfL9Xt7jGVvBU60rnR16cG9I17j7Cd4Ihc8LQ1qBL5N, 1, AAAAA, 2016-03-16 11:46:01.95, null, 2016-03-16 11:46:01.95, 1, 51000]
[EL Fine]: sql: 2016-03-16 11:46:02.025--ClientSession(757074689)--Connection(1183009156)--Thread(Thread[Test worker,5,main])--INSERT INTO ast_CommunicationType_M (commType, commGroupId, commTypeDescription, commTypeName, versionId, createdBy, createdDate, updatedBy, updatedDate, activeStatus, txnAccessCode) VALUES (?, ?, ?, ?, ?, ?, ?, ?, ?, ?, ?)
	bind => [EF72B8E2-8A99-414A-87B7-D97BFE97DE7B, 134A5F40-D211-4295-90C1-888F38C55D16, PWq6TUw4cqX0VNsK3D2wSCpAatWKwYjKHlJjC126yBxtm1sxK4, ITjCP9hAOYsYazkpHVFUEXXwrOE5S1uZdU9NxikHt5rZjeGQ3Y, 1, AAAAA, 2016-03-16 11:46:02.022, null, 2016-03-16 11:46:02.022, 1, 51000]
]]></system-out>
  <system-err><![CDATA[issuetracker.app.shared.organizationboundedcontext.contacts.CoreContacts.firstName may not be null
com.athena.framework.server.exception.biz.SpartanConstraintViolationException: Exception in validating entity /issuetracker.app.shared.organizationboundedcontext.contacts.CoreContacts.firstName may not be null

	at com.athena.framework.server.helper.EntityValidatorHelper.validateEntity(EntityValidatorHelper.java:28)
	at issuetracker.app.shared.organizationboundedcontext.contacts.CoreContacts.isValid(CoreContacts.java:477)
	at issuetracker.app.server.service.organizationboundedcontext.contacts.CoreContactsTestCase.validateCoreContacts(CoreContactsTestCase.java:410)
	at issuetracker.app.server.service.organizationboundedcontext.contacts.CoreContactsTestCase.test5NegativeTesting(CoreContactsTestCase.java:448)
	at sun.reflect.NativeMethodAccessorImpl.invoke0(Native Method)
	at sun.reflect.NativeMethodAccessorImpl.invoke(NativeMethodAccessorImpl.java:57)
	at sun.reflect.DelegatingMethodAccessorImpl.invoke(DelegatingMethodAccessorImpl.java:43)
	at java.lang.reflect.Method.invoke(Method.java:606)
	at org.junit.runners.model.FrameworkMethod$1.runReflectiveCall(FrameworkMethod.java:47)
	at org.junit.internal.runners.model.ReflectiveCallable.run(ReflectiveCallable.java:12)
	at org.junit.runners.model.FrameworkMethod.invokeExplosively(FrameworkMethod.java:44)
	at org.junit.internal.runners.statements.InvokeMethod.evaluate(InvokeMethod.java:17)
	at org.junit.internal.runners.statements.RunBefores.evaluate(RunBefores.java:26)
	at org.springframework.test.context.junit4.statements.RunBeforeTestMethodCallbacks.evaluate(RunBeforeTestMethodCallbacks.java:74)
	at org.junit.internal.runners.statements.RunAfters.evaluate(RunAfters.java:27)
	at org.springframework.test.context.junit4.statements.RunAfterTestMethodCallbacks.evaluate(RunAfterTestMethodCallbacks.java:83)
	at org.springframework.test.context.junit4.statements.SpringRepeat.evaluate(SpringRepeat.java:72)
	at org.springframework.test.context.junit4.SpringJUnit4ClassRunner.runChild(SpringJUnit4ClassRunner.java:233)
	at org.springframework.test.context.junit4.SpringJUnit4ClassRunner.runChild(SpringJUnit4ClassRunner.java:87)
	at org.junit.runners.ParentRunner$3.run(ParentRunner.java:238)
	at org.junit.runners.ParentRunner$1.schedule(ParentRunner.java:63)
	at org.junit.runners.ParentRunner.runChildren(ParentRunner.java:236)
	at org.junit.runners.ParentRunner.access$000(ParentRunner.java:53)
	at org.junit.runners.ParentRunner$2.evaluate(ParentRunner.java:229)
	at org.springframework.test.context.junit4.statements.RunBeforeTestClassCallbacks.evaluate(RunBeforeTestClassCallbacks.java:61)
	at org.springframework.test.context.junit4.statements.RunAfterTestClassCallbacks.evaluate(RunAfterTestClassCallbacks.java:71)
	at org.junit.runners.ParentRunner.run(ParentRunner.java:309)
	at org.springframework.test.context.junit4.SpringJUnit4ClassRunner.run(SpringJUnit4ClassRunner.java:176)
	at org.gradle.api.internal.tasks.testing.junit.JUnitTestClassExecuter.runTestClass(JUnitTestClassExecuter.java:86)
	at org.gradle.api.internal.tasks.testing.junit.JUnitTestClassExecuter.execute(JUnitTestClassExecuter.java:49)
	at org.gradle.api.internal.tasks.testing.junit.JUnitTestClassProcessor.processTestClass(JUnitTestClassProcessor.java:64)
	at org.gradle.api.internal.tasks.testing.SuiteTestClassProcessor.processTestClass(SuiteTestClassProcessor.java:50)
	at sun.reflect.NativeMethodAccessorImpl.invoke0(Native Method)
	at sun.reflect.NativeMethodAccessorImpl.invoke(NativeMethodAccessorImpl.java:57)
	at sun.reflect.DelegatingMethodAccessorImpl.invoke(DelegatingMethodAccessorImpl.java:43)
	at java.lang.reflect.Method.invoke(Method.java:606)
	at org.gradle.messaging.dispatch.ReflectionDispatch.dispatch(ReflectionDispatch.java:35)
	at org.gradle.messaging.dispatch.ReflectionDispatch.dispatch(ReflectionDispatch.java:24)
	at org.gradle.messaging.dispatch.ContextClassLoaderDispatch.dispatch(ContextClassLoaderDispatch.java:32)
	at org.gradle.messaging.dispatch.ProxyDispatchAdapter$DispatchingInvocationHandler.invoke(ProxyDispatchAdapter.java:93)
	at com.sun.proxy.$Proxy2.processTestClass(Unknown Source)
	at org.gradle.api.internal.tasks.testing.worker.TestWorker.processTestClass(TestWorker.java:106)
	at sun.reflect.NativeMethodAccessorImpl.invoke0(Native Method)
	at sun.reflect.NativeMethodAccessorImpl.invoke(NativeMethodAccessorImpl.java:57)
	at sun.reflect.DelegatingMethodAccessorImpl.invoke(DelegatingMethodAccessorImpl.java:43)
	at java.lang.reflect.Method.invoke(Method.java:606)
	at org.gradle.messaging.dispatch.ReflectionDispatch.dispatch(ReflectionDispatch.java:35)
	at org.gradle.messaging.dispatch.ReflectionDispatch.dispatch(ReflectionDispatch.java:24)
	at org.gradle.messaging.remote.internal.hub.MessageHub$Handler.run(MessageHub.java:360)
	at org.gradle.internal.concurrent.DefaultExecutorFactory$StoppableExecutorImpl$1.run(DefaultExecutorFactory.java:64)
	at java.util.concurrent.ThreadPoolExecutor.runWorker(ThreadPoolExecutor.java:1145)
	at java.util.concurrent.ThreadPoolExecutor$Worker.run(ThreadPoolExecutor.java:615)
	at java.lang.Thread.run(Thread.java:745)
issuetracker.app.shared.organizationboundedcontext.contacts.CoreContacts.firstName size must be between 0 and 256
com.athena.framework.server.exception.biz.SpartanConstraintViolationException: Exception in validating entity /issuetracker.app.shared.organizationboundedcontext.contacts.CoreContacts.firstName size must be between 0 and 256

	at com.athena.framework.server.helper.EntityValidatorHelper.validateEntity(EntityValidatorHelper.java:28)
	at issuetracker.app.shared.organizationboundedcontext.contacts.CoreContacts.isValid(CoreContacts.java:477)
	at issuetracker.app.server.service.organizationboundedcontext.contacts.CoreContactsTestCase.validateCoreContacts(CoreContactsTestCase.java:408)
	at issuetracker.app.server.service.organizationboundedcontext.contacts.CoreContactsTestCase.test5NegativeTesting(CoreContactsTestCase.java:453)
	at sun.reflect.NativeMethodAccessorImpl.invoke0(Native Method)
	at sun.reflect.NativeMethodAccessorImpl.invoke(NativeMethodAccessorImpl.java:57)
	at sun.reflect.DelegatingMethodAccessorImpl.invoke(DelegatingMethodAccessorImpl.java:43)
	at java.lang.reflect.Method.invoke(Method.java:606)
	at org.junit.runners.model.FrameworkMethod$1.runReflectiveCall(FrameworkMethod.java:47)
	at org.junit.internal.runners.model.ReflectiveCallable.run(ReflectiveCallable.java:12)
	at org.junit.runners.model.FrameworkMethod.invokeExplosively(FrameworkMethod.java:44)
	at org.junit.internal.runners.statements.InvokeMethod.evaluate(InvokeMethod.java:17)
	at org.junit.internal.runners.statements.RunBefores.evaluate(RunBefores.java:26)
	at org.springframework.test.context.junit4.statements.RunBeforeTestMethodCallbacks.evaluate(RunBeforeTestMethodCallbacks.java:74)
	at org.junit.internal.runners.statements.RunAfters.evaluate(RunAfters.java:27)
	at org.springframework.test.context.junit4.statements.RunAfterTestMethodCallbacks.evaluate(RunAfterTestMethodCallbacks.java:83)
	at org.springframework.test.context.junit4.statements.SpringRepeat.evaluate(SpringRepeat.java:72)
	at org.springframework.test.context.junit4.SpringJUnit4ClassRunner.runChild(SpringJUnit4ClassRunner.java:233)
	at org.springframework.test.context.junit4.SpringJUnit4ClassRunner.runChild(SpringJUnit4ClassRunner.java:87)
	at org.junit.runners.ParentRunner$3.run(ParentRunner.java:238)
	at org.junit.runners.ParentRunner$1.schedule(ParentRunner.java:63)
	at org.junit.runners.ParentRunner.runChildren(ParentRunner.java:236)
	at org.junit.runners.ParentRunner.access$000(ParentRunner.java:53)
	at org.junit.runners.ParentRunner$2.evaluate(ParentRunner.java:229)
	at org.springframework.test.context.junit4.statements.RunBeforeTestClassCallbacks.evaluate(RunBeforeTestClassCallbacks.java:61)
	at org.springframework.test.context.junit4.statements.RunAfterTestClassCallbacks.evaluate(RunAfterTestClassCallbacks.java:71)
	at org.junit.runners.ParentRunner.run(ParentRunner.java:309)
	at org.springframework.test.context.junit4.SpringJUnit4ClassRunner.run(SpringJUnit4ClassRunner.java:176)
	at org.gradle.api.internal.tasks.testing.junit.JUnitTestClassExecuter.runTestClass(JUnitTestClassExecuter.java:86)
	at org.gradle.api.internal.tasks.testing.junit.JUnitTestClassExecuter.execute(JUnitTestClassExecuter.java:49)
	at org.gradle.api.internal.tasks.testing.junit.JUnitTestClassProcessor.processTestClass(JUnitTestClassProcessor.java:64)
	at org.gradle.api.internal.tasks.testing.SuiteTestClassProcessor.processTestClass(SuiteTestClassProcessor.java:50)
	at sun.reflect.NativeMethodAccessorImpl.invoke0(Native Method)
	at sun.reflect.NativeMethodAccessorImpl.invoke(NativeMethodAccessorImpl.java:57)
	at sun.reflect.DelegatingMethodAccessorImpl.invoke(DelegatingMethodAccessorImpl.java:43)
	at java.lang.reflect.Method.invoke(Method.java:606)
	at org.gradle.messaging.dispatch.ReflectionDispatch.dispatch(ReflectionDispatch.java:35)
	at org.gradle.messaging.dispatch.ReflectionDispatch.dispatch(ReflectionDispatch.java:24)
	at org.gradle.messaging.dispatch.ContextClassLoaderDispatch.dispatch(ContextClassLoaderDispatch.java:32)
	at org.gradle.messaging.dispatch.ProxyDispatchAdapter$DispatchingInvocationHandler.invoke(ProxyDispatchAdapter.java:93)
	at com.sun.proxy.$Proxy2.processTestClass(Unknown Source)
	at org.gradle.api.internal.tasks.testing.worker.TestWorker.processTestClass(TestWorker.java:106)
	at sun.reflect.NativeMethodAccessorImpl.invoke0(Native Method)
	at sun.reflect.NativeMethodAccessorImpl.invoke(NativeMethodAccessorImpl.java:57)
	at sun.reflect.DelegatingMethodAccessorImpl.invoke(DelegatingMethodAccessorImpl.java:43)
	at java.lang.reflect.Method.invoke(Method.java:606)
	at org.gradle.messaging.dispatch.ReflectionDispatch.dispatch(ReflectionDispatch.java:35)
	at org.gradle.messaging.dispatch.ReflectionDispatch.dispatch(ReflectionDispatch.java:24)
	at org.gradle.messaging.remote.internal.hub.MessageHub$Handler.run(MessageHub.java:360)
	at org.gradle.internal.concurrent.DefaultExecutorFactory$StoppableExecutorImpl$1.run(DefaultExecutorFactory.java:64)
	at java.util.concurrent.ThreadPoolExecutor.runWorker(ThreadPoolExecutor.java:1145)
	at java.util.concurrent.ThreadPoolExecutor$Worker.run(ThreadPoolExecutor.java:615)
	at java.lang.Thread.run(Thread.java:745)
issuetracker.app.shared.organizationboundedcontext.contacts.CoreContacts.middleName size must be between 0 and 256
com.athena.framework.server.exception.biz.SpartanConstraintViolationException: Exception in validating entity /issuetracker.app.shared.organizationboundedcontext.contacts.CoreContacts.middleName size must be between 0 and 256

	at com.athena.framework.server.helper.EntityValidatorHelper.validateEntity(EntityValidatorHelper.java:28)
	at issuetracker.app.shared.organizationboundedcontext.contacts.CoreContacts.isValid(CoreContacts.java:477)
	at issuetracker.app.server.service.organizationboundedcontext.contacts.CoreContactsTestCase.validateCoreContacts(CoreContactsTestCase.java:408)
	at issuetracker.app.server.service.organizationboundedcontext.contacts.CoreContactsTestCase.test5NegativeTesting(CoreContactsTestCase.java:458)
	at sun.reflect.NativeMethodAccessorImpl.invoke0(Native Method)
	at sun.reflect.NativeMethodAccessorImpl.invoke(NativeMethodAccessorImpl.java:57)
	at sun.reflect.DelegatingMethodAccessorImpl.invoke(DelegatingMethodAccessorImpl.java:43)
	at java.lang.reflect.Method.invoke(Method.java:606)
	at org.junit.runners.model.FrameworkMethod$1.runReflectiveCall(FrameworkMethod.java:47)
	at org.junit.internal.runners.model.ReflectiveCallable.run(ReflectiveCallable.java:12)
	at org.junit.runners.model.FrameworkMethod.invokeExplosively(FrameworkMethod.java:44)
	at org.junit.internal.runners.statements.InvokeMethod.evaluate(InvokeMethod.java:17)
	at org.junit.internal.runners.statements.RunBefores.evaluate(RunBefores.java:26)
	at org.springframework.test.context.junit4.statements.RunBeforeTestMethodCallbacks.evaluate(RunBeforeTestMethodCallbacks.java:74)
	at org.junit.internal.runners.statements.RunAfters.evaluate(RunAfters.java:27)
	at org.springframework.test.context.junit4.statements.RunAfterTestMethodCallbacks.evaluate(RunAfterTestMethodCallbacks.java:83)
	at org.springframework.test.context.junit4.statements.SpringRepeat.evaluate(SpringRepeat.java:72)
	at org.springframework.test.context.junit4.SpringJUnit4ClassRunner.runChild(SpringJUnit4ClassRunner.java:233)
	at org.springframework.test.context.junit4.SpringJUnit4ClassRunner.runChild(SpringJUnit4ClassRunner.java:87)
	at org.junit.runners.ParentRunner$3.run(ParentRunner.java:238)
	at org.junit.runners.ParentRunner$1.schedule(ParentRunner.java:63)
	at org.junit.runners.ParentRunner.runChildren(ParentRunner.java:236)
	at org.junit.runners.ParentRunner.access$000(ParentRunner.java:53)
	at org.junit.runners.ParentRunner$2.evaluate(ParentRunner.java:229)
	at org.springframework.test.context.junit4.statements.RunBeforeTestClassCallbacks.evaluate(RunBeforeTestClassCallbacks.java:61)
	at org.springframework.test.context.junit4.statements.RunAfterTestClassCallbacks.evaluate(RunAfterTestClassCallbacks.java:71)
	at org.junit.runners.ParentRunner.run(ParentRunner.java:309)
	at org.springframework.test.context.junit4.SpringJUnit4ClassRunner.run(SpringJUnit4ClassRunner.java:176)
	at org.gradle.api.internal.tasks.testing.junit.JUnitTestClassExecuter.runTestClass(JUnitTestClassExecuter.java:86)
	at org.gradle.api.internal.tasks.testing.junit.JUnitTestClassExecuter.execute(JUnitTestClassExecuter.java:49)
	at org.gradle.api.internal.tasks.testing.junit.JUnitTestClassProcessor.processTestClass(JUnitTestClassProcessor.java:64)
	at org.gradle.api.internal.tasks.testing.SuiteTestClassProcessor.processTestClass(SuiteTestClassProcessor.java:50)
	at sun.reflect.NativeMethodAccessorImpl.invoke0(Native Method)
	at sun.reflect.NativeMethodAccessorImpl.invoke(NativeMethodAccessorImpl.java:57)
	at sun.reflect.DelegatingMethodAccessorImpl.invoke(DelegatingMethodAccessorImpl.java:43)
	at java.lang.reflect.Method.invoke(Method.java:606)
	at org.gradle.messaging.dispatch.ReflectionDispatch.dispatch(ReflectionDispatch.java:35)
	at org.gradle.messaging.dispatch.ReflectionDispatch.dispatch(ReflectionDispatch.java:24)
	at org.gradle.messaging.dispatch.ContextClassLoaderDispatch.dispatch(ContextClassLoaderDispatch.java:32)
	at org.gradle.messaging.dispatch.ProxyDispatchAdapter$DispatchingInvocationHandler.invoke(ProxyDispatchAdapter.java:93)
	at com.sun.proxy.$Proxy2.processTestClass(Unknown Source)
	at org.gradle.api.internal.tasks.testing.worker.TestWorker.processTestClass(TestWorker.java:106)
	at sun.reflect.NativeMethodAccessorImpl.invoke0(Native Method)
	at sun.reflect.NativeMethodAccessorImpl.invoke(NativeMethodAccessorImpl.java:57)
	at sun.reflect.DelegatingMethodAccessorImpl.invoke(DelegatingMethodAccessorImpl.java:43)
	at java.lang.reflect.Method.invoke(Method.java:606)
	at org.gradle.messaging.dispatch.ReflectionDispatch.dispatch(ReflectionDispatch.java:35)
	at org.gradle.messaging.dispatch.ReflectionDispatch.dispatch(ReflectionDispatch.java:24)
	at org.gradle.messaging.remote.internal.hub.MessageHub$Handler.run(MessageHub.java:360)
	at org.gradle.internal.concurrent.DefaultExecutorFactory$StoppableExecutorImpl$1.run(DefaultExecutorFactory.java:64)
	at java.util.concurrent.ThreadPoolExecutor.runWorker(ThreadPoolExecutor.java:1145)
	at java.util.concurrent.ThreadPoolExecutor$Worker.run(ThreadPoolExecutor.java:615)
	at java.lang.Thread.run(Thread.java:745)
issuetracker.app.shared.organizationboundedcontext.contacts.CoreContacts.lastName may not be null
com.athena.framework.server.exception.biz.SpartanConstraintViolationException: Exception in validating entity /issuetracker.app.shared.organizationboundedcontext.contacts.CoreContacts.lastName may not be null

	at com.athena.framework.server.helper.EntityValidatorHelper.validateEntity(EntityValidatorHelper.java:28)
	at issuetracker.app.shared.organizationboundedcontext.contacts.CoreContacts.isValid(CoreContacts.java:477)
	at issuetracker.app.server.service.organizationboundedcontext.contacts.CoreContactsTestCase.validateCoreContacts(CoreContactsTestCase.java:410)
	at issuetracker.app.server.service.organizationboundedcontext.contacts.CoreContactsTestCase.test5NegativeTesting(CoreContactsTestCase.java:464)
	at sun.reflect.NativeMethodAccessorImpl.invoke0(Native Method)
	at sun.reflect.NativeMethodAccessorImpl.invoke(NativeMethodAccessorImpl.java:57)
	at sun.reflect.DelegatingMethodAccessorImpl.invoke(DelegatingMethodAccessorImpl.java:43)
	at java.lang.reflect.Method.invoke(Method.java:606)
	at org.junit.runners.model.FrameworkMethod$1.runReflectiveCall(FrameworkMethod.java:47)
	at org.junit.internal.runners.model.ReflectiveCallable.run(ReflectiveCallable.java:12)
	at org.junit.runners.model.FrameworkMethod.invokeExplosively(FrameworkMethod.java:44)
	at org.junit.internal.runners.statements.InvokeMethod.evaluate(InvokeMethod.java:17)
	at org.junit.internal.runners.statements.RunBefores.evaluate(RunBefores.java:26)
	at org.springframework.test.context.junit4.statements.RunBeforeTestMethodCallbacks.evaluate(RunBeforeTestMethodCallbacks.java:74)
	at org.junit.internal.runners.statements.RunAfters.evaluate(RunAfters.java:27)
	at org.springframework.test.context.junit4.statements.RunAfterTestMethodCallbacks.evaluate(RunAfterTestMethodCallbacks.java:83)
	at org.springframework.test.context.junit4.statements.SpringRepeat.evaluate(SpringRepeat.java:72)
	at org.springframework.test.context.junit4.SpringJUnit4ClassRunner.runChild(SpringJUnit4ClassRunner.java:233)
	at org.springframework.test.context.junit4.SpringJUnit4ClassRunner.runChild(SpringJUnit4ClassRunner.java:87)
	at org.junit.runners.ParentRunner$3.run(ParentRunner.java:238)
	at org.junit.runners.ParentRunner$1.schedule(ParentRunner.java:63)
	at org.junit.runners.ParentRunner.runChildren(ParentRunner.java:236)
	at org.junit.runners.ParentRunner.access$000(ParentRunner.java:53)
	at org.junit.runners.ParentRunner$2.evaluate(ParentRunner.java:229)
	at org.springframework.test.context.junit4.statements.RunBeforeTestClassCallbacks.evaluate(RunBeforeTestClassCallbacks.java:61)
	at org.springframework.test.context.junit4.statements.RunAfterTestClassCallbacks.evaluate(RunAfterTestClassCallbacks.java:71)
	at org.junit.runners.ParentRunner.run(ParentRunner.java:309)
	at org.springframework.test.context.junit4.SpringJUnit4ClassRunner.run(SpringJUnit4ClassRunner.java:176)
	at org.gradle.api.internal.tasks.testing.junit.JUnitTestClassExecuter.runTestClass(JUnitTestClassExecuter.java:86)
	at org.gradle.api.internal.tasks.testing.junit.JUnitTestClassExecuter.execute(JUnitTestClassExecuter.java:49)
	at org.gradle.api.internal.tasks.testing.junit.JUnitTestClassProcessor.processTestClass(JUnitTestClassProcessor.java:64)
	at org.gradle.api.internal.tasks.testing.SuiteTestClassProcessor.processTestClass(SuiteTestClassProcessor.java:50)
	at sun.reflect.NativeMethodAccessorImpl.invoke0(Native Method)
	at sun.reflect.NativeMethodAccessorImpl.invoke(NativeMethodAccessorImpl.java:57)
	at sun.reflect.DelegatingMethodAccessorImpl.invoke(DelegatingMethodAccessorImpl.java:43)
	at java.lang.reflect.Method.invoke(Method.java:606)
	at org.gradle.messaging.dispatch.ReflectionDispatch.dispatch(ReflectionDispatch.java:35)
	at org.gradle.messaging.dispatch.ReflectionDispatch.dispatch(ReflectionDispatch.java:24)
	at org.gradle.messaging.dispatch.ContextClassLoaderDispatch.dispatch(ContextClassLoaderDispatch.java:32)
	at org.gradle.messaging.dispatch.ProxyDispatchAdapter$DispatchingInvocationHandler.invoke(ProxyDispatchAdapter.java:93)
	at com.sun.proxy.$Proxy2.processTestClass(Unknown Source)
	at org.gradle.api.internal.tasks.testing.worker.TestWorker.processTestClass(TestWorker.java:106)
	at sun.reflect.NativeMethodAccessorImpl.invoke0(Native Method)
	at sun.reflect.NativeMethodAccessorImpl.invoke(NativeMethodAccessorImpl.java:57)
	at sun.reflect.DelegatingMethodAccessorImpl.invoke(DelegatingMethodAccessorImpl.java:43)
	at java.lang.reflect.Method.invoke(Method.java:606)
	at org.gradle.messaging.dispatch.ReflectionDispatch.dispatch(ReflectionDispatch.java:35)
	at org.gradle.messaging.dispatch.ReflectionDispatch.dispatch(ReflectionDispatch.java:24)
	at org.gradle.messaging.remote.internal.hub.MessageHub$Handler.run(MessageHub.java:360)
	at org.gradle.internal.concurrent.DefaultExecutorFactory$StoppableExecutorImpl$1.run(DefaultExecutorFactory.java:64)
	at java.util.concurrent.ThreadPoolExecutor.runWorker(ThreadPoolExecutor.java:1145)
	at java.util.concurrent.ThreadPoolExecutor$Worker.run(ThreadPoolExecutor.java:615)
	at java.lang.Thread.run(Thread.java:745)
issuetracker.app.shared.organizationboundedcontext.contacts.CoreContacts.lastName size must be between 0 and 256
com.athena.framework.server.exception.biz.SpartanConstraintViolationException: Exception in validating entity /issuetracker.app.shared.organizationboundedcontext.contacts.CoreContacts.lastName size must be between 0 and 256

	at com.athena.framework.server.helper.EntityValidatorHelper.validateEntity(EntityValidatorHelper.java:28)
	at issuetracker.app.shared.organizationboundedcontext.contacts.CoreContacts.isValid(CoreContacts.java:477)
	at issuetracker.app.server.service.organizationboundedcontext.contacts.CoreContactsTestCase.validateCoreContacts(CoreContactsTestCase.java:408)
	at issuetracker.app.server.service.organizationboundedcontext.contacts.CoreContactsTestCase.test5NegativeTesting(CoreContactsTestCase.java:469)
	at sun.reflect.NativeMethodAccessorImpl.invoke0(Native Method)
	at sun.reflect.NativeMethodAccessorImpl.invoke(NativeMethodAccessorImpl.java:57)
	at sun.reflect.DelegatingMethodAccessorImpl.invoke(DelegatingMethodAccessorImpl.java:43)
	at java.lang.reflect.Method.invoke(Method.java:606)
	at org.junit.runners.model.FrameworkMethod$1.runReflectiveCall(FrameworkMethod.java:47)
	at org.junit.internal.runners.model.ReflectiveCallable.run(ReflectiveCallable.java:12)
	at org.junit.runners.model.FrameworkMethod.invokeExplosively(FrameworkMethod.java:44)
	at org.junit.internal.runners.statements.InvokeMethod.evaluate(InvokeMethod.java:17)
	at org.junit.internal.runners.statements.RunBefores.evaluate(RunBefores.java:26)
	at org.springframework.test.context.junit4.statements.RunBeforeTestMethodCallbacks.evaluate(RunBeforeTestMethodCallbacks.java:74)
	at org.junit.internal.runners.statements.RunAfters.evaluate(RunAfters.java:27)
	at org.springframework.test.context.junit4.statements.RunAfterTestMethodCallbacks.evaluate(RunAfterTestMethodCallbacks.java:83)
	at org.springframework.test.context.junit4.statements.SpringRepeat.evaluate(SpringRepeat.java:72)
	at org.springframework.test.context.junit4.SpringJUnit4ClassRunner.runChild(SpringJUnit4ClassRunner.java:233)
	at org.springframework.test.context.junit4.SpringJUnit4ClassRunner.runChild(SpringJUnit4ClassRunner.java:87)
	at org.junit.runners.ParentRunner$3.run(ParentRunner.java:238)
	at org.junit.runners.ParentRunner$1.schedule(ParentRunner.java:63)
	at org.junit.runners.ParentRunner.runChildren(ParentRunner.java:236)
	at org.junit.runners.ParentRunner.access$000(ParentRunner.java:53)
	at org.junit.runners.ParentRunner$2.evaluate(ParentRunner.java:229)
	at org.springframework.test.context.junit4.statements.RunBeforeTestClassCallbacks.evaluate(RunBeforeTestClassCallbacks.java:61)
	at org.springframework.test.context.junit4.statements.RunAfterTestClassCallbacks.evaluate(RunAfterTestClassCallbacks.java:71)
	at org.junit.runners.ParentRunner.run(ParentRunner.java:309)
	at org.springframework.test.context.junit4.SpringJUnit4ClassRunner.run(SpringJUnit4ClassRunner.java:176)
	at org.gradle.api.internal.tasks.testing.junit.JUnitTestClassExecuter.runTestClass(JUnitTestClassExecuter.java:86)
	at org.gradle.api.internal.tasks.testing.junit.JUnitTestClassExecuter.execute(JUnitTestClassExecuter.java:49)
	at org.gradle.api.internal.tasks.testing.junit.JUnitTestClassProcessor.processTestClass(JUnitTestClassProcessor.java:64)
	at org.gradle.api.internal.tasks.testing.SuiteTestClassProcessor.processTestClass(SuiteTestClassProcessor.java:50)
	at sun.reflect.NativeMethodAccessorImpl.invoke0(Native Method)
	at sun.reflect.NativeMethodAccessorImpl.invoke(NativeMethodAccessorImpl.java:57)
	at sun.reflect.DelegatingMethodAccessorImpl.invoke(DelegatingMethodAccessorImpl.java:43)
	at java.lang.reflect.Method.invoke(Method.java:606)
	at org.gradle.messaging.dispatch.ReflectionDispatch.dispatch(ReflectionDispatch.java:35)
	at org.gradle.messaging.dispatch.ReflectionDispatch.dispatch(ReflectionDispatch.java:24)
	at org.gradle.messaging.dispatch.ContextClassLoaderDispatch.dispatch(ContextClassLoaderDispatch.java:32)
	at org.gradle.messaging.dispatch.ProxyDispatchAdapter$DispatchingInvocationHandler.invoke(ProxyDispatchAdapter.java:93)
	at com.sun.proxy.$Proxy2.processTestClass(Unknown Source)
	at org.gradle.api.internal.tasks.testing.worker.TestWorker.processTestClass(TestWorker.java:106)
	at sun.reflect.NativeMethodAccessorImpl.invoke0(Native Method)
	at sun.reflect.NativeMethodAccessorImpl.invoke(NativeMethodAccessorImpl.java:57)
	at sun.reflect.DelegatingMethodAccessorImpl.invoke(DelegatingMethodAccessorImpl.java:43)
	at java.lang.reflect.Method.invoke(Method.java:606)
	at org.gradle.messaging.dispatch.ReflectionDispatch.dispatch(ReflectionDispatch.java:35)
	at org.gradle.messaging.dispatch.ReflectionDispatch.dispatch(ReflectionDispatch.java:24)
	at org.gradle.messaging.remote.internal.hub.MessageHub$Handler.run(MessageHub.java:360)
	at org.gradle.internal.concurrent.DefaultExecutorFactory$StoppableExecutorImpl$1.run(DefaultExecutorFactory.java:64)
	at java.util.concurrent.ThreadPoolExecutor.runWorker(ThreadPoolExecutor.java:1145)
	at java.util.concurrent.ThreadPoolExecutor$Worker.run(ThreadPoolExecutor.java:615)
	at java.lang.Thread.run(Thread.java:745)
issuetracker.app.shared.organizationboundedcontext.contacts.CoreContacts.nativeTitle size must be between 0 and 64
com.athena.framework.server.exception.biz.SpartanConstraintViolationException: Exception in validating entity /issuetracker.app.shared.organizationboundedcontext.contacts.CoreContacts.nativeTitle size must be between 0 and 64

	at com.athena.framework.server.helper.EntityValidatorHelper.validateEntity(EntityValidatorHelper.java:28)
	at issuetracker.app.shared.organizationboundedcontext.contacts.CoreContacts.isValid(CoreContacts.java:477)
	at issuetracker.app.server.service.organizationboundedcontext.contacts.CoreContactsTestCase.validateCoreContacts(CoreContactsTestCase.java:408)
	at issuetracker.app.server.service.organizationboundedcontext.contacts.CoreContactsTestCase.test5NegativeTesting(CoreContactsTestCase.java:474)
	at sun.reflect.NativeMethodAccessorImpl.invoke0(Native Method)
	at sun.reflect.NativeMethodAccessorImpl.invoke(NativeMethodAccessorImpl.java:57)
	at sun.reflect.DelegatingMethodAccessorImpl.invoke(DelegatingMethodAccessorImpl.java:43)
	at java.lang.reflect.Method.invoke(Method.java:606)
	at org.junit.runners.model.FrameworkMethod$1.runReflectiveCall(FrameworkMethod.java:47)
	at org.junit.internal.runners.model.ReflectiveCallable.run(ReflectiveCallable.java:12)
	at org.junit.runners.model.FrameworkMethod.invokeExplosively(FrameworkMethod.java:44)
	at org.junit.internal.runners.statements.InvokeMethod.evaluate(InvokeMethod.java:17)
	at org.junit.internal.runners.statements.RunBefores.evaluate(RunBefores.java:26)
	at org.springframework.test.context.junit4.statements.RunBeforeTestMethodCallbacks.evaluate(RunBeforeTestMethodCallbacks.java:74)
	at org.junit.internal.runners.statements.RunAfters.evaluate(RunAfters.java:27)
	at org.springframework.test.context.junit4.statements.RunAfterTestMethodCallbacks.evaluate(RunAfterTestMethodCallbacks.java:83)
	at org.springframework.test.context.junit4.statements.SpringRepeat.evaluate(SpringRepeat.java:72)
	at org.springframework.test.context.junit4.SpringJUnit4ClassRunner.runChild(SpringJUnit4ClassRunner.java:233)
	at org.springframework.test.context.junit4.SpringJUnit4ClassRunner.runChild(SpringJUnit4ClassRunner.java:87)
	at org.junit.runners.ParentRunner$3.run(ParentRunner.java:238)
	at org.junit.runners.ParentRunner$1.schedule(ParentRunner.java:63)
	at org.junit.runners.ParentRunner.runChildren(ParentRunner.java:236)
	at org.junit.runners.ParentRunner.access$000(ParentRunner.java:53)
	at org.junit.runners.ParentRunner$2.evaluate(ParentRunner.java:229)
	at org.springframework.test.context.junit4.statements.RunBeforeTestClassCallbacks.evaluate(RunBeforeTestClassCallbacks.java:61)
	at org.springframework.test.context.junit4.statements.RunAfterTestClassCallbacks.evaluate(RunAfterTestClassCallbacks.java:71)
	at org.junit.runners.ParentRunner.run(ParentRunner.java:309)
	at org.springframework.test.context.junit4.SpringJUnit4ClassRunner.run(SpringJUnit4ClassRunner.java:176)
	at org.gradle.api.internal.tasks.testing.junit.JUnitTestClassExecuter.runTestClass(JUnitTestClassExecuter.java:86)
	at org.gradle.api.internal.tasks.testing.junit.JUnitTestClassExecuter.execute(JUnitTestClassExecuter.java:49)
	at org.gradle.api.internal.tasks.testing.junit.JUnitTestClassProcessor.processTestClass(JUnitTestClassProcessor.java:64)
	at org.gradle.api.internal.tasks.testing.SuiteTestClassProcessor.processTestClass(SuiteTestClassProcessor.java:50)
	at sun.reflect.NativeMethodAccessorImpl.invoke0(Native Method)
	at sun.reflect.NativeMethodAccessorImpl.invoke(NativeMethodAccessorImpl.java:57)
	at sun.reflect.DelegatingMethodAccessorImpl.invoke(DelegatingMethodAccessorImpl.java:43)
	at java.lang.reflect.Method.invoke(Method.java:606)
	at org.gradle.messaging.dispatch.ReflectionDispatch.dispatch(ReflectionDispatch.java:35)
	at org.gradle.messaging.dispatch.ReflectionDispatch.dispatch(ReflectionDispatch.java:24)
	at org.gradle.messaging.dispatch.ContextClassLoaderDispatch.dispatch(ContextClassLoaderDispatch.java:32)
	at org.gradle.messaging.dispatch.ProxyDispatchAdapter$DispatchingInvocationHandler.invoke(ProxyDispatchAdapter.java:93)
	at com.sun.proxy.$Proxy2.processTestClass(Unknown Source)
	at org.gradle.api.internal.tasks.testing.worker.TestWorker.processTestClass(TestWorker.java:106)
	at sun.reflect.NativeMethodAccessorImpl.invoke0(Native Method)
	at sun.reflect.NativeMethodAccessorImpl.invoke(NativeMethodAccessorImpl.java:57)
	at sun.reflect.DelegatingMethodAccessorImpl.invoke(DelegatingMethodAccessorImpl.java:43)
	at java.lang.reflect.Method.invoke(Method.java:606)
	at org.gradle.messaging.dispatch.ReflectionDispatch.dispatch(ReflectionDispatch.java:35)
	at org.gradle.messaging.dispatch.ReflectionDispatch.dispatch(ReflectionDispatch.java:24)
	at org.gradle.messaging.remote.internal.hub.MessageHub$Handler.run(MessageHub.java:360)
	at org.gradle.internal.concurrent.DefaultExecutorFactory$StoppableExecutorImpl$1.run(DefaultExecutorFactory.java:64)
	at java.util.concurrent.ThreadPoolExecutor.runWorker(ThreadPoolExecutor.java:1145)
	at java.util.concurrent.ThreadPoolExecutor$Worker.run(ThreadPoolExecutor.java:615)
	at java.lang.Thread.run(Thread.java:745)
issuetracker.app.shared.organizationboundedcontext.contacts.CoreContacts.nativeFirstName size must be between 0 and 256
com.athena.framework.server.exception.biz.SpartanConstraintViolationException: Exception in validating entity /issuetracker.app.shared.organizationboundedcontext.contacts.CoreContacts.nativeFirstName size must be between 0 and 256

	at com.athena.framework.server.helper.EntityValidatorHelper.validateEntity(EntityValidatorHelper.java:28)
	at issuetracker.app.shared.organizationboundedcontext.contacts.CoreContacts.isValid(CoreContacts.java:477)
	at issuetracker.app.server.service.organizationboundedcontext.contacts.CoreContactsTestCase.validateCoreContacts(CoreContactsTestCase.java:408)
	at issuetracker.app.server.service.organizationboundedcontext.contacts.CoreContactsTestCase.test5NegativeTesting(CoreContactsTestCase.java:479)
	at sun.reflect.NativeMethodAccessorImpl.invoke0(Native Method)
	at sun.reflect.NativeMethodAccessorImpl.invoke(NativeMethodAccessorImpl.java:57)
	at sun.reflect.DelegatingMethodAccessorImpl.invoke(DelegatingMethodAccessorImpl.java:43)
	at java.lang.reflect.Method.invoke(Method.java:606)
	at org.junit.runners.model.FrameworkMethod$1.runReflectiveCall(FrameworkMethod.java:47)
	at org.junit.internal.runners.model.ReflectiveCallable.run(ReflectiveCallable.java:12)
	at org.junit.runners.model.FrameworkMethod.invokeExplosively(FrameworkMethod.java:44)
	at org.junit.internal.runners.statements.InvokeMethod.evaluate(InvokeMethod.java:17)
	at org.junit.internal.runners.statements.RunBefores.evaluate(RunBefores.java:26)
	at org.springframework.test.context.junit4.statements.RunBeforeTestMethodCallbacks.evaluate(RunBeforeTestMethodCallbacks.java:74)
	at org.junit.internal.runners.statements.RunAfters.evaluate(RunAfters.java:27)
	at org.springframework.test.context.junit4.statements.RunAfterTestMethodCallbacks.evaluate(RunAfterTestMethodCallbacks.java:83)
	at org.springframework.test.context.junit4.statements.SpringRepeat.evaluate(SpringRepeat.java:72)
	at org.springframework.test.context.junit4.SpringJUnit4ClassRunner.runChild(SpringJUnit4ClassRunner.java:233)
	at org.springframework.test.context.junit4.SpringJUnit4ClassRunner.runChild(SpringJUnit4ClassRunner.java:87)
	at org.junit.runners.ParentRunner$3.run(ParentRunner.java:238)
	at org.junit.runners.ParentRunner$1.schedule(ParentRunner.java:63)
	at org.junit.runners.ParentRunner.runChildren(ParentRunner.java:236)
	at org.junit.runners.ParentRunner.access$000(ParentRunner.java:53)
	at org.junit.runners.ParentRunner$2.evaluate(ParentRunner.java:229)
	at org.springframework.test.context.junit4.statements.RunBeforeTestClassCallbacks.evaluate(RunBeforeTestClassCallbacks.java:61)
	at org.springframework.test.context.junit4.statements.RunAfterTestClassCallbacks.evaluate(RunAfterTestClassCallbacks.java:71)
	at org.junit.runners.ParentRunner.run(ParentRunner.java:309)
	at org.springframework.test.context.junit4.SpringJUnit4ClassRunner.run(SpringJUnit4ClassRunner.java:176)
	at org.gradle.api.internal.tasks.testing.junit.JUnitTestClassExecuter.runTestClass(JUnitTestClassExecuter.java:86)
	at org.gradle.api.internal.tasks.testing.junit.JUnitTestClassExecuter.execute(JUnitTestClassExecuter.java:49)
	at org.gradle.api.internal.tasks.testing.junit.JUnitTestClassProcessor.processTestClass(JUnitTestClassProcessor.java:64)
	at org.gradle.api.internal.tasks.testing.SuiteTestClassProcessor.processTestClass(SuiteTestClassProcessor.java:50)
	at sun.reflect.NativeMethodAccessorImpl.invoke0(Native Method)
	at sun.reflect.NativeMethodAccessorImpl.invoke(NativeMethodAccessorImpl.java:57)
	at sun.reflect.DelegatingMethodAccessorImpl.invoke(DelegatingMethodAccessorImpl.java:43)
	at java.lang.reflect.Method.invoke(Method.java:606)
	at org.gradle.messaging.dispatch.ReflectionDispatch.dispatch(ReflectionDispatch.java:35)
	at org.gradle.messaging.dispatch.ReflectionDispatch.dispatch(ReflectionDispatch.java:24)
	at org.gradle.messaging.dispatch.ContextClassLoaderDispatch.dispatch(ContextClassLoaderDispatch.java:32)
	at org.gradle.messaging.dispatch.ProxyDispatchAdapter$DispatchingInvocationHandler.invoke(ProxyDispatchAdapter.java:93)
	at com.sun.proxy.$Proxy2.processTestClass(Unknown Source)
	at org.gradle.api.internal.tasks.testing.worker.TestWorker.processTestClass(TestWorker.java:106)
	at sun.reflect.NativeMethodAccessorImpl.invoke0(Native Method)
	at sun.reflect.NativeMethodAccessorImpl.invoke(NativeMethodAccessorImpl.java:57)
	at sun.reflect.DelegatingMethodAccessorImpl.invoke(DelegatingMethodAccessorImpl.java:43)
	at java.lang.reflect.Method.invoke(Method.java:606)
	at org.gradle.messaging.dispatch.ReflectionDispatch.dispatch(ReflectionDispatch.java:35)
	at org.gradle.messaging.dispatch.ReflectionDispatch.dispatch(ReflectionDispatch.java:24)
	at org.gradle.messaging.remote.internal.hub.MessageHub$Handler.run(MessageHub.java:360)
	at org.gradle.internal.concurrent.DefaultExecutorFactory$StoppableExecutorImpl$1.run(DefaultExecutorFactory.java:64)
	at java.util.concurrent.ThreadPoolExecutor.runWorker(ThreadPoolExecutor.java:1145)
	at java.util.concurrent.ThreadPoolExecutor$Worker.run(ThreadPoolExecutor.java:615)
	at java.lang.Thread.run(Thread.java:745)
issuetracker.app.shared.organizationboundedcontext.contacts.CoreContacts.nativeMiddleName size must be between 0 and 256
com.athena.framework.server.exception.biz.SpartanConstraintViolationException: Exception in validating entity /issuetracker.app.shared.organizationboundedcontext.contacts.CoreContacts.nativeMiddleName size must be between 0 and 256

	at com.athena.framework.server.helper.EntityValidatorHelper.validateEntity(EntityValidatorHelper.java:28)
	at issuetracker.app.shared.organizationboundedcontext.contacts.CoreContacts.isValid(CoreContacts.java:477)
	at issuetracker.app.server.service.organizationboundedcontext.contacts.CoreContactsTestCase.validateCoreContacts(CoreContactsTestCase.java:408)
	at issuetracker.app.server.service.organizationboundedcontext.contacts.CoreContactsTestCase.test5NegativeTesting(CoreContactsTestCase.java:484)
	at sun.reflect.NativeMethodAccessorImpl.invoke0(Native Method)
	at sun.reflect.NativeMethodAccessorImpl.invoke(NativeMethodAccessorImpl.java:57)
	at sun.reflect.DelegatingMethodAccessorImpl.invoke(DelegatingMethodAccessorImpl.java:43)
	at java.lang.reflect.Method.invoke(Method.java:606)
	at org.junit.runners.model.FrameworkMethod$1.runReflectiveCall(FrameworkMethod.java:47)
	at org.junit.internal.runners.model.ReflectiveCallable.run(ReflectiveCallable.java:12)
	at org.junit.runners.model.FrameworkMethod.invokeExplosively(FrameworkMethod.java:44)
	at org.junit.internal.runners.statements.InvokeMethod.evaluate(InvokeMethod.java:17)
	at org.junit.internal.runners.statements.RunBefores.evaluate(RunBefores.java:26)
	at org.springframework.test.context.junit4.statements.RunBeforeTestMethodCallbacks.evaluate(RunBeforeTestMethodCallbacks.java:74)
	at org.junit.internal.runners.statements.RunAfters.evaluate(RunAfters.java:27)
	at org.springframework.test.context.junit4.statements.RunAfterTestMethodCallbacks.evaluate(RunAfterTestMethodCallbacks.java:83)
	at org.springframework.test.context.junit4.statements.SpringRepeat.evaluate(SpringRepeat.java:72)
	at org.springframework.test.context.junit4.SpringJUnit4ClassRunner.runChild(SpringJUnit4ClassRunner.java:233)
	at org.springframework.test.context.junit4.SpringJUnit4ClassRunner.runChild(SpringJUnit4ClassRunner.java:87)
	at org.junit.runners.ParentRunner$3.run(ParentRunner.java:238)
	at org.junit.runners.ParentRunner$1.schedule(ParentRunner.java:63)
	at org.junit.runners.ParentRunner.runChildren(ParentRunner.java:236)
	at org.junit.runners.ParentRunner.access$000(ParentRunner.java:53)
	at org.junit.runners.ParentRunner$2.evaluate(ParentRunner.java:229)
	at org.springframework.test.context.junit4.statements.RunBeforeTestClassCallbacks.evaluate(RunBeforeTestClassCallbacks.java:61)
	at org.springframework.test.context.junit4.statements.RunAfterTestClassCallbacks.evaluate(RunAfterTestClassCallbacks.java:71)
	at org.junit.runners.ParentRunner.run(ParentRunner.java:309)
	at org.springframework.test.context.junit4.SpringJUnit4ClassRunner.run(SpringJUnit4ClassRunner.java:176)
	at org.gradle.api.internal.tasks.testing.junit.JUnitTestClassExecuter.runTestClass(JUnitTestClassExecuter.java:86)
	at org.gradle.api.internal.tasks.testing.junit.JUnitTestClassExecuter.execute(JUnitTestClassExecuter.java:49)
	at org.gradle.api.internal.tasks.testing.junit.JUnitTestClassProcessor.processTestClass(JUnitTestClassProcessor.java:64)
	at org.gradle.api.internal.tasks.testing.SuiteTestClassProcessor.processTestClass(SuiteTestClassProcessor.java:50)
	at sun.reflect.NativeMethodAccessorImpl.invoke0(Native Method)
	at sun.reflect.NativeMethodAccessorImpl.invoke(NativeMethodAccessorImpl.java:57)
	at sun.reflect.DelegatingMethodAccessorImpl.invoke(DelegatingMethodAccessorImpl.java:43)
	at java.lang.reflect.Method.invoke(Method.java:606)
	at org.gradle.messaging.dispatch.ReflectionDispatch.dispatch(ReflectionDispatch.java:35)
	at org.gradle.messaging.dispatch.ReflectionDispatch.dispatch(ReflectionDispatch.java:24)
	at org.gradle.messaging.dispatch.ContextClassLoaderDispatch.dispatch(ContextClassLoaderDispatch.java:32)
	at org.gradle.messaging.dispatch.ProxyDispatchAdapter$DispatchingInvocationHandler.invoke(ProxyDispatchAdapter.java:93)
	at com.sun.proxy.$Proxy2.processTestClass(Unknown Source)
	at org.gradle.api.internal.tasks.testing.worker.TestWorker.processTestClass(TestWorker.java:106)
	at sun.reflect.NativeMethodAccessorImpl.invoke0(Native Method)
	at sun.reflect.NativeMethodAccessorImpl.invoke(NativeMethodAccessorImpl.java:57)
	at sun.reflect.DelegatingMethodAccessorImpl.invoke(DelegatingMethodAccessorImpl.java:43)
	at java.lang.reflect.Method.invoke(Method.java:606)
	at org.gradle.messaging.dispatch.ReflectionDispatch.dispatch(ReflectionDispatch.java:35)
	at org.gradle.messaging.dispatch.ReflectionDispatch.dispatch(ReflectionDispatch.java:24)
	at org.gradle.messaging.remote.internal.hub.MessageHub$Handler.run(MessageHub.java:360)
	at org.gradle.internal.concurrent.DefaultExecutorFactory$StoppableExecutorImpl$1.run(DefaultExecutorFactory.java:64)
	at java.util.concurrent.ThreadPoolExecutor.runWorker(ThreadPoolExecutor.java:1145)
	at java.util.concurrent.ThreadPoolExecutor$Worker.run(ThreadPoolExecutor.java:615)
	at java.lang.Thread.run(Thread.java:745)
issuetracker.app.shared.organizationboundedcontext.contacts.CoreContacts.nativeLastName size must be between 0 and 256
com.athena.framework.server.exception.biz.SpartanConstraintViolationException: Exception in validating entity /issuetracker.app.shared.organizationboundedcontext.contacts.CoreContacts.nativeLastName size must be between 0 and 256

	at com.athena.framework.server.helper.EntityValidatorHelper.validateEntity(EntityValidatorHelper.java:28)
	at issuetracker.app.shared.organizationboundedcontext.contacts.CoreContacts.isValid(CoreContacts.java:477)
	at issuetracker.app.server.service.organizationboundedcontext.contacts.CoreContactsTestCase.validateCoreContacts(CoreContactsTestCase.java:408)
	at issuetracker.app.server.service.organizationboundedcontext.contacts.CoreContactsTestCase.test5NegativeTesting(CoreContactsTestCase.java:489)
	at sun.reflect.NativeMethodAccessorImpl.invoke0(Native Method)
	at sun.reflect.NativeMethodAccessorImpl.invoke(NativeMethodAccessorImpl.java:57)
	at sun.reflect.DelegatingMethodAccessorImpl.invoke(DelegatingMethodAccessorImpl.java:43)
	at java.lang.reflect.Method.invoke(Method.java:606)
	at org.junit.runners.model.FrameworkMethod$1.runReflectiveCall(FrameworkMethod.java:47)
	at org.junit.internal.runners.model.ReflectiveCallable.run(ReflectiveCallable.java:12)
	at org.junit.runners.model.FrameworkMethod.invokeExplosively(FrameworkMethod.java:44)
	at org.junit.internal.runners.statements.InvokeMethod.evaluate(InvokeMethod.java:17)
	at org.junit.internal.runners.statements.RunBefores.evaluate(RunBefores.java:26)
	at org.springframework.test.context.junit4.statements.RunBeforeTestMethodCallbacks.evaluate(RunBeforeTestMethodCallbacks.java:74)
	at org.junit.internal.runners.statements.RunAfters.evaluate(RunAfters.java:27)
	at org.springframework.test.context.junit4.statements.RunAfterTestMethodCallbacks.evaluate(RunAfterTestMethodCallbacks.java:83)
	at org.springframework.test.context.junit4.statements.SpringRepeat.evaluate(SpringRepeat.java:72)
	at org.springframework.test.context.junit4.SpringJUnit4ClassRunner.runChild(SpringJUnit4ClassRunner.java:233)
	at org.springframework.test.context.junit4.SpringJUnit4ClassRunner.runChild(SpringJUnit4ClassRunner.java:87)
	at org.junit.runners.ParentRunner$3.run(ParentRunner.java:238)
	at org.junit.runners.ParentRunner$1.schedule(ParentRunner.java:63)
	at org.junit.runners.ParentRunner.runChildren(ParentRunner.java:236)
	at org.junit.runners.ParentRunner.access$000(ParentRunner.java:53)
	at org.junit.runners.ParentRunner$2.evaluate(ParentRunner.java:229)
	at org.springframework.test.context.junit4.statements.RunBeforeTestClassCallbacks.evaluate(RunBeforeTestClassCallbacks.java:61)
	at org.springframework.test.context.junit4.statements.RunAfterTestClassCallbacks.evaluate(RunAfterTestClassCallbacks.java:71)
	at org.junit.runners.ParentRunner.run(ParentRunner.java:309)
	at org.springframework.test.context.junit4.SpringJUnit4ClassRunner.run(SpringJUnit4ClassRunner.java:176)
	at org.gradle.api.internal.tasks.testing.junit.JUnitTestClassExecuter.runTestClass(JUnitTestClassExecuter.java:86)
	at org.gradle.api.internal.tasks.testing.junit.JUnitTestClassExecuter.execute(JUnitTestClassExecuter.java:49)
	at org.gradle.api.internal.tasks.testing.junit.JUnitTestClassProcessor.processTestClass(JUnitTestClassProcessor.java:64)
	at org.gradle.api.internal.tasks.testing.SuiteTestClassProcessor.processTestClass(SuiteTestClassProcessor.java:50)
	at sun.reflect.NativeMethodAccessorImpl.invoke0(Native Method)
	at sun.reflect.NativeMethodAccessorImpl.invoke(NativeMethodAccessorImpl.java:57)
	at sun.reflect.DelegatingMethodAccessorImpl.invoke(DelegatingMethodAccessorImpl.java:43)
	at java.lang.reflect.Method.invoke(Method.java:606)
	at org.gradle.messaging.dispatch.ReflectionDispatch.dispatch(ReflectionDispatch.java:35)
	at org.gradle.messaging.dispatch.ReflectionDispatch.dispatch(ReflectionDispatch.java:24)
	at org.gradle.messaging.dispatch.ContextClassLoaderDispatch.dispatch(ContextClassLoaderDispatch.java:32)
	at org.gradle.messaging.dispatch.ProxyDispatchAdapter$DispatchingInvocationHandler.invoke(ProxyDispatchAdapter.java:93)
	at com.sun.proxy.$Proxy2.processTestClass(Unknown Source)
	at org.gradle.api.internal.tasks.testing.worker.TestWorker.processTestClass(TestWorker.java:106)
	at sun.reflect.NativeMethodAccessorImpl.invoke0(Native Method)
	at sun.reflect.NativeMethodAccessorImpl.invoke(NativeMethodAccessorImpl.java:57)
	at sun.reflect.DelegatingMethodAccessorImpl.invoke(DelegatingMethodAccessorImpl.java:43)
	at java.lang.reflect.Method.invoke(Method.java:606)
	at org.gradle.messaging.dispatch.ReflectionDispatch.dispatch(ReflectionDispatch.java:35)
	at org.gradle.messaging.dispatch.ReflectionDispatch.dispatch(ReflectionDispatch.java:24)
	at org.gradle.messaging.remote.internal.hub.MessageHub$Handler.run(MessageHub.java:360)
	at org.gradle.internal.concurrent.DefaultExecutorFactory$StoppableExecutorImpl$1.run(DefaultExecutorFactory.java:64)
	at java.util.concurrent.ThreadPoolExecutor.runWorker(ThreadPoolExecutor.java:1145)
	at java.util.concurrent.ThreadPoolExecutor$Worker.run(ThreadPoolExecutor.java:615)
	at java.lang.Thread.run(Thread.java:745)
issuetracker.app.shared.organizationboundedcontext.contacts.CoreContacts.age must be less than or equal to 125
com.athena.framework.server.exception.biz.SpartanConstraintViolationException: Exception in validating entity /issuetracker.app.shared.organizationboundedcontext.contacts.CoreContacts.age must be less than or equal to 125

	at com.athena.framework.server.helper.EntityValidatorHelper.validateEntity(EntityValidatorHelper.java:28)
	at issuetracker.app.shared.organizationboundedcontext.contacts.CoreContacts.isValid(CoreContacts.java:477)
	at issuetracker.app.server.service.organizationboundedcontext.contacts.CoreContactsTestCase.validateCoreContacts(CoreContactsTestCase.java:408)
	at issuetracker.app.server.service.organizationboundedcontext.contacts.CoreContactsTestCase.test5NegativeTesting(CoreContactsTestCase.java:494)
	at sun.reflect.NativeMethodAccessorImpl.invoke0(Native Method)
	at sun.reflect.NativeMethodAccessorImpl.invoke(NativeMethodAccessorImpl.java:57)
	at sun.reflect.DelegatingMethodAccessorImpl.invoke(DelegatingMethodAccessorImpl.java:43)
	at java.lang.reflect.Method.invoke(Method.java:606)
	at org.junit.runners.model.FrameworkMethod$1.runReflectiveCall(FrameworkMethod.java:47)
	at org.junit.internal.runners.model.ReflectiveCallable.run(ReflectiveCallable.java:12)
	at org.junit.runners.model.FrameworkMethod.invokeExplosively(FrameworkMethod.java:44)
	at org.junit.internal.runners.statements.InvokeMethod.evaluate(InvokeMethod.java:17)
	at org.junit.internal.runners.statements.RunBefores.evaluate(RunBefores.java:26)
	at org.springframework.test.context.junit4.statements.RunBeforeTestMethodCallbacks.evaluate(RunBeforeTestMethodCallbacks.java:74)
	at org.junit.internal.runners.statements.RunAfters.evaluate(RunAfters.java:27)
	at org.springframework.test.context.junit4.statements.RunAfterTestMethodCallbacks.evaluate(RunAfterTestMethodCallbacks.java:83)
	at org.springframework.test.context.junit4.statements.SpringRepeat.evaluate(SpringRepeat.java:72)
	at org.springframework.test.context.junit4.SpringJUnit4ClassRunner.runChild(SpringJUnit4ClassRunner.java:233)
	at org.springframework.test.context.junit4.SpringJUnit4ClassRunner.runChild(SpringJUnit4ClassRunner.java:87)
	at org.junit.runners.ParentRunner$3.run(ParentRunner.java:238)
	at org.junit.runners.ParentRunner$1.schedule(ParentRunner.java:63)
	at org.junit.runners.ParentRunner.runChildren(ParentRunner.java:236)
	at org.junit.runners.ParentRunner.access$000(ParentRunner.java:53)
	at org.junit.runners.ParentRunner$2.evaluate(ParentRunner.java:229)
	at org.springframework.test.context.junit4.statements.RunBeforeTestClassCallbacks.evaluate(RunBeforeTestClassCallbacks.java:61)
	at org.springframework.test.context.junit4.statements.RunAfterTestClassCallbacks.evaluate(RunAfterTestClassCallbacks.java:71)
	at org.junit.runners.ParentRunner.run(ParentRunner.java:309)
	at org.springframework.test.context.junit4.SpringJUnit4ClassRunner.run(SpringJUnit4ClassRunner.java:176)
	at org.gradle.api.internal.tasks.testing.junit.JUnitTestClassExecuter.runTestClass(JUnitTestClassExecuter.java:86)
	at org.gradle.api.internal.tasks.testing.junit.JUnitTestClassExecuter.execute(JUnitTestClassExecuter.java:49)
	at org.gradle.api.internal.tasks.testing.junit.JUnitTestClassProcessor.processTestClass(JUnitTestClassProcessor.java:64)
	at org.gradle.api.internal.tasks.testing.SuiteTestClassProcessor.processTestClass(SuiteTestClassProcessor.java:50)
	at sun.reflect.NativeMethodAccessorImpl.invoke0(Native Method)
	at sun.reflect.NativeMethodAccessorImpl.invoke(NativeMethodAccessorImpl.java:57)
	at sun.reflect.DelegatingMethodAccessorImpl.invoke(DelegatingMethodAccessorImpl.java:43)
	at java.lang.reflect.Method.invoke(Method.java:606)
	at org.gradle.messaging.dispatch.ReflectionDispatch.dispatch(ReflectionDispatch.java:35)
	at org.gradle.messaging.dispatch.ReflectionDispatch.dispatch(ReflectionDispatch.java:24)
	at org.gradle.messaging.dispatch.ContextClassLoaderDispatch.dispatch(ContextClassLoaderDispatch.java:32)
	at org.gradle.messaging.dispatch.ProxyDispatchAdapter$DispatchingInvocationHandler.invoke(ProxyDispatchAdapter.java:93)
	at com.sun.proxy.$Proxy2.processTestClass(Unknown Source)
	at org.gradle.api.internal.tasks.testing.worker.TestWorker.processTestClass(TestWorker.java:106)
	at sun.reflect.NativeMethodAccessorImpl.invoke0(Native Method)
	at sun.reflect.NativeMethodAccessorImpl.invoke(NativeMethodAccessorImpl.java:57)
	at sun.reflect.DelegatingMethodAccessorImpl.invoke(DelegatingMethodAccessorImpl.java:43)
	at java.lang.reflect.Method.invoke(Method.java:606)
	at org.gradle.messaging.dispatch.ReflectionDispatch.dispatch(ReflectionDispatch.java:35)
	at org.gradle.messaging.dispatch.ReflectionDispatch.dispatch(ReflectionDispatch.java:24)
	at org.gradle.messaging.remote.internal.hub.MessageHub$Handler.run(MessageHub.java:360)
	at org.gradle.internal.concurrent.DefaultExecutorFactory$StoppableExecutorImpl$1.run(DefaultExecutorFactory.java:64)
	at java.util.concurrent.ThreadPoolExecutor.runWorker(ThreadPoolExecutor.java:1145)
	at java.util.concurrent.ThreadPoolExecutor$Worker.run(ThreadPoolExecutor.java:615)
	at java.lang.Thread.run(Thread.java:745)
issuetracker.app.shared.organizationboundedcontext.contacts.CoreContacts.emailId may not be null
com.athena.framework.server.exception.biz.SpartanConstraintViolationException: Exception in validating entity /issuetracker.app.shared.organizationboundedcontext.contacts.CoreContacts.emailId may not be null

	at com.athena.framework.server.helper.EntityValidatorHelper.validateEntity(EntityValidatorHelper.java:28)
	at issuetracker.app.shared.organizationboundedcontext.contacts.CoreContacts.isValid(CoreContacts.java:477)
	at issuetracker.app.server.service.organizationboundedcontext.contacts.CoreContactsTestCase.validateCoreContacts(CoreContactsTestCase.java:410)
	at issuetracker.app.server.service.organizationboundedcontext.contacts.CoreContactsTestCase.test5NegativeTesting(CoreContactsTestCase.java:500)
	at sun.reflect.NativeMethodAccessorImpl.invoke0(Native Method)
	at sun.reflect.NativeMethodAccessorImpl.invoke(NativeMethodAccessorImpl.java:57)
	at sun.reflect.DelegatingMethodAccessorImpl.invoke(DelegatingMethodAccessorImpl.java:43)
	at java.lang.reflect.Method.invoke(Method.java:606)
	at org.junit.runners.model.FrameworkMethod$1.runReflectiveCall(FrameworkMethod.java:47)
	at org.junit.internal.runners.model.ReflectiveCallable.run(ReflectiveCallable.java:12)
	at org.junit.runners.model.FrameworkMethod.invokeExplosively(FrameworkMethod.java:44)
	at org.junit.internal.runners.statements.InvokeMethod.evaluate(InvokeMethod.java:17)
	at org.junit.internal.runners.statements.RunBefores.evaluate(RunBefores.java:26)
	at org.springframework.test.context.junit4.statements.RunBeforeTestMethodCallbacks.evaluate(RunBeforeTestMethodCallbacks.java:74)
	at org.junit.internal.runners.statements.RunAfters.evaluate(RunAfters.java:27)
	at org.springframework.test.context.junit4.statements.RunAfterTestMethodCallbacks.evaluate(RunAfterTestMethodCallbacks.java:83)
	at org.springframework.test.context.junit4.statements.SpringRepeat.evaluate(SpringRepeat.java:72)
	at org.springframework.test.context.junit4.SpringJUnit4ClassRunner.runChild(SpringJUnit4ClassRunner.java:233)
	at org.springframework.test.context.junit4.SpringJUnit4ClassRunner.runChild(SpringJUnit4ClassRunner.java:87)
	at org.junit.runners.ParentRunner$3.run(ParentRunner.java:238)
	at org.junit.runners.ParentRunner$1.schedule(ParentRunner.java:63)
	at org.junit.runners.ParentRunner.runChildren(ParentRunner.java:236)
	at org.junit.runners.ParentRunner.access$000(ParentRunner.java:53)
	at org.junit.runners.ParentRunner$2.evaluate(ParentRunner.java:229)
	at org.springframework.test.context.junit4.statements.RunBeforeTestClassCallbacks.evaluate(RunBeforeTestClassCallbacks.java:61)
	at org.springframework.test.context.junit4.statements.RunAfterTestClassCallbacks.evaluate(RunAfterTestClassCallbacks.java:71)
	at org.junit.runners.ParentRunner.run(ParentRunner.java:309)
	at org.springframework.test.context.junit4.SpringJUnit4ClassRunner.run(SpringJUnit4ClassRunner.java:176)
	at org.gradle.api.internal.tasks.testing.junit.JUnitTestClassExecuter.runTestClass(JUnitTestClassExecuter.java:86)
	at org.gradle.api.internal.tasks.testing.junit.JUnitTestClassExecuter.execute(JUnitTestClassExecuter.java:49)
	at org.gradle.api.internal.tasks.testing.junit.JUnitTestClassProcessor.processTestClass(JUnitTestClassProcessor.java:64)
	at org.gradle.api.internal.tasks.testing.SuiteTestClassProcessor.processTestClass(SuiteTestClassProcessor.java:50)
	at sun.reflect.NativeMethodAccessorImpl.invoke0(Native Method)
	at sun.reflect.NativeMethodAccessorImpl.invoke(NativeMethodAccessorImpl.java:57)
	at sun.reflect.DelegatingMethodAccessorImpl.invoke(DelegatingMethodAccessorImpl.java:43)
	at java.lang.reflect.Method.invoke(Method.java:606)
	at org.gradle.messaging.dispatch.ReflectionDispatch.dispatch(ReflectionDispatch.java:35)
	at org.gradle.messaging.dispatch.ReflectionDispatch.dispatch(ReflectionDispatch.java:24)
	at org.gradle.messaging.dispatch.ContextClassLoaderDispatch.dispatch(ContextClassLoaderDispatch.java:32)
	at org.gradle.messaging.dispatch.ProxyDispatchAdapter$DispatchingInvocationHandler.invoke(ProxyDispatchAdapter.java:93)
	at com.sun.proxy.$Proxy2.processTestClass(Unknown Source)
	at org.gradle.api.internal.tasks.testing.worker.TestWorker.processTestClass(TestWorker.java:106)
	at sun.reflect.NativeMethodAccessorImpl.invoke0(Native Method)
	at sun.reflect.NativeMethodAccessorImpl.invoke(NativeMethodAccessorImpl.java:57)
	at sun.reflect.DelegatingMethodAccessorImpl.invoke(DelegatingMethodAccessorImpl.java:43)
	at java.lang.reflect.Method.invoke(Method.java:606)
	at org.gradle.messaging.dispatch.ReflectionDispatch.dispatch(ReflectionDispatch.java:35)
	at org.gradle.messaging.dispatch.ReflectionDispatch.dispatch(ReflectionDispatch.java:24)
	at org.gradle.messaging.remote.internal.hub.MessageHub$Handler.run(MessageHub.java:360)
	at org.gradle.internal.concurrent.DefaultExecutorFactory$StoppableExecutorImpl$1.run(DefaultExecutorFactory.java:64)
	at java.util.concurrent.ThreadPoolExecutor.runWorker(ThreadPoolExecutor.java:1145)
	at java.util.concurrent.ThreadPoolExecutor$Worker.run(ThreadPoolExecutor.java:615)
	at java.lang.Thread.run(Thread.java:745)
issuetracker.app.shared.organizationboundedcontext.contacts.CoreContacts.emailId size must be between 0 and 256
com.athena.framework.server.exception.biz.SpartanConstraintViolationException: Exception in validating entity /issuetracker.app.shared.organizationboundedcontext.contacts.CoreContacts.emailId size must be between 0 and 256

	at com.athena.framework.server.helper.EntityValidatorHelper.validateEntity(EntityValidatorHelper.java:28)
	at issuetracker.app.shared.organizationboundedcontext.contacts.CoreContacts.isValid(CoreContacts.java:477)
	at issuetracker.app.server.service.organizationboundedcontext.contacts.CoreContactsTestCase.validateCoreContacts(CoreContactsTestCase.java:408)
	at issuetracker.app.server.service.organizationboundedcontext.contacts.CoreContactsTestCase.test5NegativeTesting(CoreContactsTestCase.java:505)
	at sun.reflect.NativeMethodAccessorImpl.invoke0(Native Method)
	at sun.reflect.NativeMethodAccessorImpl.invoke(NativeMethodAccessorImpl.java:57)
	at sun.reflect.DelegatingMethodAccessorImpl.invoke(DelegatingMethodAccessorImpl.java:43)
	at java.lang.reflect.Method.invoke(Method.java:606)
	at org.junit.runners.model.FrameworkMethod$1.runReflectiveCall(FrameworkMethod.java:47)
	at org.junit.internal.runners.model.ReflectiveCallable.run(ReflectiveCallable.java:12)
	at org.junit.runners.model.FrameworkMethod.invokeExplosively(FrameworkMethod.java:44)
	at org.junit.internal.runners.statements.InvokeMethod.evaluate(InvokeMethod.java:17)
	at org.junit.internal.runners.statements.RunBefores.evaluate(RunBefores.java:26)
	at org.springframework.test.context.junit4.statements.RunBeforeTestMethodCallbacks.evaluate(RunBeforeTestMethodCallbacks.java:74)
	at org.junit.internal.runners.statements.RunAfters.evaluate(RunAfters.java:27)
	at org.springframework.test.context.junit4.statements.RunAfterTestMethodCallbacks.evaluate(RunAfterTestMethodCallbacks.java:83)
	at org.springframework.test.context.junit4.statements.SpringRepeat.evaluate(SpringRepeat.java:72)
	at org.springframework.test.context.junit4.SpringJUnit4ClassRunner.runChild(SpringJUnit4ClassRunner.java:233)
	at org.springframework.test.context.junit4.SpringJUnit4ClassRunner.runChild(SpringJUnit4ClassRunner.java:87)
	at org.junit.runners.ParentRunner$3.run(ParentRunner.java:238)
	at org.junit.runners.ParentRunner$1.schedule(ParentRunner.java:63)
	at org.junit.runners.ParentRunner.runChildren(ParentRunner.java:236)
	at org.junit.runners.ParentRunner.access$000(ParentRunner.java:53)
	at org.junit.runners.ParentRunner$2.evaluate(ParentRunner.java:229)
	at org.springframework.test.context.junit4.statements.RunBeforeTestClassCallbacks.evaluate(RunBeforeTestClassCallbacks.java:61)
	at org.springframework.test.context.junit4.statements.RunAfterTestClassCallbacks.evaluate(RunAfterTestClassCallbacks.java:71)
	at org.junit.runners.ParentRunner.run(ParentRunner.java:309)
	at org.springframework.test.context.junit4.SpringJUnit4ClassRunner.run(SpringJUnit4ClassRunner.java:176)
	at org.gradle.api.internal.tasks.testing.junit.JUnitTestClassExecuter.runTestClass(JUnitTestClassExecuter.java:86)
	at org.gradle.api.internal.tasks.testing.junit.JUnitTestClassExecuter.execute(JUnitTestClassExecuter.java:49)
	at org.gradle.api.internal.tasks.testing.junit.JUnitTestClassProcessor.processTestClass(JUnitTestClassProcessor.java:64)
	at org.gradle.api.internal.tasks.testing.SuiteTestClassProcessor.processTestClass(SuiteTestClassProcessor.java:50)
	at sun.reflect.NativeMethodAccessorImpl.invoke0(Native Method)
	at sun.reflect.NativeMethodAccessorImpl.invoke(NativeMethodAccessorImpl.java:57)
	at sun.reflect.DelegatingMethodAccessorImpl.invoke(DelegatingMethodAccessorImpl.java:43)
	at java.lang.reflect.Method.invoke(Method.java:606)
	at org.gradle.messaging.dispatch.ReflectionDispatch.dispatch(ReflectionDispatch.java:35)
	at org.gradle.messaging.dispatch.ReflectionDispatch.dispatch(ReflectionDispatch.java:24)
	at org.gradle.messaging.dispatch.ContextClassLoaderDispatch.dispatch(ContextClassLoaderDispatch.java:32)
	at org.gradle.messaging.dispatch.ProxyDispatchAdapter$DispatchingInvocationHandler.invoke(ProxyDispatchAdapter.java:93)
	at com.sun.proxy.$Proxy2.processTestClass(Unknown Source)
	at org.gradle.api.internal.tasks.testing.worker.TestWorker.processTestClass(TestWorker.java:106)
	at sun.reflect.NativeMethodAccessorImpl.invoke0(Native Method)
	at sun.reflect.NativeMethodAccessorImpl.invoke(NativeMethodAccessorImpl.java:57)
	at sun.reflect.DelegatingMethodAccessorImpl.invoke(DelegatingMethodAccessorImpl.java:43)
	at java.lang.reflect.Method.invoke(Method.java:606)
	at org.gradle.messaging.dispatch.ReflectionDispatch.dispatch(ReflectionDispatch.java:35)
	at org.gradle.messaging.dispatch.ReflectionDispatch.dispatch(ReflectionDispatch.java:24)
	at org.gradle.messaging.remote.internal.hub.MessageHub$Handler.run(MessageHub.java:360)
	at org.gradle.internal.concurrent.DefaultExecutorFactory$StoppableExecutorImpl$1.run(DefaultExecutorFactory.java:64)
	at java.util.concurrent.ThreadPoolExecutor.runWorker(ThreadPoolExecutor.java:1145)
	at java.util.concurrent.ThreadPoolExecutor$Worker.run(ThreadPoolExecutor.java:615)
	at java.lang.Thread.run(Thread.java:745)
issuetracker.app.shared.organizationboundedcontext.contacts.CoreContacts.phoneNumber may not be null
com.athena.framework.server.exception.biz.SpartanConstraintViolationException: Exception in validating entity /issuetracker.app.shared.organizationboundedcontext.contacts.CoreContacts.phoneNumber may not be null

	at com.athena.framework.server.helper.EntityValidatorHelper.validateEntity(EntityValidatorHelper.java:28)
	at issuetracker.app.shared.organizationboundedcontext.contacts.CoreContacts.isValid(CoreContacts.java:477)
	at issuetracker.app.server.service.organizationboundedcontext.contacts.CoreContactsTestCase.validateCoreContacts(CoreContactsTestCase.java:410)
	at issuetracker.app.server.service.organizationboundedcontext.contacts.CoreContactsTestCase.test5NegativeTesting(CoreContactsTestCase.java:511)
	at sun.reflect.NativeMethodAccessorImpl.invoke0(Native Method)
	at sun.reflect.NativeMethodAccessorImpl.invoke(NativeMethodAccessorImpl.java:57)
	at sun.reflect.DelegatingMethodAccessorImpl.invoke(DelegatingMethodAccessorImpl.java:43)
	at java.lang.reflect.Method.invoke(Method.java:606)
	at org.junit.runners.model.FrameworkMethod$1.runReflectiveCall(FrameworkMethod.java:47)
	at org.junit.internal.runners.model.ReflectiveCallable.run(ReflectiveCallable.java:12)
	at org.junit.runners.model.FrameworkMethod.invokeExplosively(FrameworkMethod.java:44)
	at org.junit.internal.runners.statements.InvokeMethod.evaluate(InvokeMethod.java:17)
	at org.junit.internal.runners.statements.RunBefores.evaluate(RunBefores.java:26)
	at org.springframework.test.context.junit4.statements.RunBeforeTestMethodCallbacks.evaluate(RunBeforeTestMethodCallbacks.java:74)
	at org.junit.internal.runners.statements.RunAfters.evaluate(RunAfters.java:27)
	at org.springframework.test.context.junit4.statements.RunAfterTestMethodCallbacks.evaluate(RunAfterTestMethodCallbacks.java:83)
	at org.springframework.test.context.junit4.statements.SpringRepeat.evaluate(SpringRepeat.java:72)
	at org.springframework.test.context.junit4.SpringJUnit4ClassRunner.runChild(SpringJUnit4ClassRunner.java:233)
	at org.springframework.test.context.junit4.SpringJUnit4ClassRunner.runChild(SpringJUnit4ClassRunner.java:87)
	at org.junit.runners.ParentRunner$3.run(ParentRunner.java:238)
	at org.junit.runners.ParentRunner$1.schedule(ParentRunner.java:63)
	at org.junit.runners.ParentRunner.runChildren(ParentRunner.java:236)
	at org.junit.runners.ParentRunner.access$000(ParentRunner.java:53)
	at org.junit.runners.ParentRunner$2.evaluate(ParentRunner.java:229)
	at org.springframework.test.context.junit4.statements.RunBeforeTestClassCallbacks.evaluate(RunBeforeTestClassCallbacks.java:61)
	at org.springframework.test.context.junit4.statements.RunAfterTestClassCallbacks.evaluate(RunAfterTestClassCallbacks.java:71)
	at org.junit.runners.ParentRunner.run(ParentRunner.java:309)
	at org.springframework.test.context.junit4.SpringJUnit4ClassRunner.run(SpringJUnit4ClassRunner.java:176)
	at org.gradle.api.internal.tasks.testing.junit.JUnitTestClassExecuter.runTestClass(JUnitTestClassExecuter.java:86)
	at org.gradle.api.internal.tasks.testing.junit.JUnitTestClassExecuter.execute(JUnitTestClassExecuter.java:49)
	at org.gradle.api.internal.tasks.testing.junit.JUnitTestClassProcessor.processTestClass(JUnitTestClassProcessor.java:64)
	at org.gradle.api.internal.tasks.testing.SuiteTestClassProcessor.processTestClass(SuiteTestClassProcessor.java:50)
	at sun.reflect.NativeMethodAccessorImpl.invoke0(Native Method)
	at sun.reflect.NativeMethodAccessorImpl.invoke(NativeMethodAccessorImpl.java:57)
	at sun.reflect.DelegatingMethodAccessorImpl.invoke(DelegatingMethodAccessorImpl.java:43)
	at java.lang.reflect.Method.invoke(Method.java:606)
	at org.gradle.messaging.dispatch.ReflectionDispatch.dispatch(ReflectionDispatch.java:35)
	at org.gradle.messaging.dispatch.ReflectionDispatch.dispatch(ReflectionDispatch.java:24)
	at org.gradle.messaging.dispatch.ContextClassLoaderDispatch.dispatch(ContextClassLoaderDispatch.java:32)
	at org.gradle.messaging.dispatch.ProxyDispatchAdapter$DispatchingInvocationHandler.invoke(ProxyDispatchAdapter.java:93)
	at com.sun.proxy.$Proxy2.processTestClass(Unknown Source)
	at org.gradle.api.internal.tasks.testing.worker.TestWorker.processTestClass(TestWorker.java:106)
	at sun.reflect.NativeMethodAccessorImpl.invoke0(Native Method)
	at sun.reflect.NativeMethodAccessorImpl.invoke(NativeMethodAccessorImpl.java:57)
	at sun.reflect.DelegatingMethodAccessorImpl.invoke(DelegatingMethodAccessorImpl.java:43)
	at java.lang.reflect.Method.invoke(Method.java:606)
	at org.gradle.messaging.dispatch.ReflectionDispatch.dispatch(ReflectionDispatch.java:35)
	at org.gradle.messaging.dispatch.ReflectionDispatch.dispatch(ReflectionDispatch.java:24)
	at org.gradle.messaging.remote.internal.hub.MessageHub$Handler.run(MessageHub.java:360)
	at org.gradle.internal.concurrent.DefaultExecutorFactory$StoppableExecutorImpl$1.run(DefaultExecutorFactory.java:64)
	at java.util.concurrent.ThreadPoolExecutor.runWorker(ThreadPoolExecutor.java:1145)
	at java.util.concurrent.ThreadPoolExecutor$Worker.run(ThreadPoolExecutor.java:615)
	at java.lang.Thread.run(Thread.java:745)
issuetracker.app.shared.organizationboundedcontext.contacts.CoreContacts.phoneNumber size must be between 0 and 20
com.athena.framework.server.exception.biz.SpartanConstraintViolationException: Exception in validating entity /issuetracker.app.shared.organizationboundedcontext.contacts.CoreContacts.phoneNumber size must be between 0 and 20

	at com.athena.framework.server.helper.EntityValidatorHelper.validateEntity(EntityValidatorHelper.java:28)
	at issuetracker.app.shared.organizationboundedcontext.contacts.CoreContacts.isValid(CoreContacts.java:477)
	at issuetracker.app.server.service.organizationboundedcontext.contacts.CoreContactsTestCase.validateCoreContacts(CoreContactsTestCase.java:408)
	at issuetracker.app.server.service.organizationboundedcontext.contacts.CoreContactsTestCase.test5NegativeTesting(CoreContactsTestCase.java:516)
	at sun.reflect.NativeMethodAccessorImpl.invoke0(Native Method)
	at sun.reflect.NativeMethodAccessorImpl.invoke(NativeMethodAccessorImpl.java:57)
	at sun.reflect.DelegatingMethodAccessorImpl.invoke(DelegatingMethodAccessorImpl.java:43)
	at java.lang.reflect.Method.invoke(Method.java:606)
	at org.junit.runners.model.FrameworkMethod$1.runReflectiveCall(FrameworkMethod.java:47)
	at org.junit.internal.runners.model.ReflectiveCallable.run(ReflectiveCallable.java:12)
	at org.junit.runners.model.FrameworkMethod.invokeExplosively(FrameworkMethod.java:44)
	at org.junit.internal.runners.statements.InvokeMethod.evaluate(InvokeMethod.java:17)
	at org.junit.internal.runners.statements.RunBefores.evaluate(RunBefores.java:26)
	at org.springframework.test.context.junit4.statements.RunBeforeTestMethodCallbacks.evaluate(RunBeforeTestMethodCallbacks.java:74)
	at org.junit.internal.runners.statements.RunAfters.evaluate(RunAfters.java:27)
	at org.springframework.test.context.junit4.statements.RunAfterTestMethodCallbacks.evaluate(RunAfterTestMethodCallbacks.java:83)
	at org.springframework.test.context.junit4.statements.SpringRepeat.evaluate(SpringRepeat.java:72)
	at org.springframework.test.context.junit4.SpringJUnit4ClassRunner.runChild(SpringJUnit4ClassRunner.java:233)
	at org.springframework.test.context.junit4.SpringJUnit4ClassRunner.runChild(SpringJUnit4ClassRunner.java:87)
	at org.junit.runners.ParentRunner$3.run(ParentRunner.java:238)
	at org.junit.runners.ParentRunner$1.schedule(ParentRunner.java:63)
	at org.junit.runners.ParentRunner.runChildren(ParentRunner.java:236)
	at org.junit.runners.ParentRunner.access$000(ParentRunner.java:53)
	at org.junit.runners.ParentRunner$2.evaluate(ParentRunner.java:229)
	at org.springframework.test.context.junit4.statements.RunBeforeTestClassCallbacks.evaluate(RunBeforeTestClassCallbacks.java:61)
	at org.springframework.test.context.junit4.statements.RunAfterTestClassCallbacks.evaluate(RunAfterTestClassCallbacks.java:71)
	at org.junit.runners.ParentRunner.run(ParentRunner.java:309)
	at org.springframework.test.context.junit4.SpringJUnit4ClassRunner.run(SpringJUnit4ClassRunner.java:176)
	at org.gradle.api.internal.tasks.testing.junit.JUnitTestClassExecuter.runTestClass(JUnitTestClassExecuter.java:86)
	at org.gradle.api.internal.tasks.testing.junit.JUnitTestClassExecuter.execute(JUnitTestClassExecuter.java:49)
	at org.gradle.api.internal.tasks.testing.junit.JUnitTestClassProcessor.processTestClass(JUnitTestClassProcessor.java:64)
	at org.gradle.api.internal.tasks.testing.SuiteTestClassProcessor.processTestClass(SuiteTestClassProcessor.java:50)
	at sun.reflect.NativeMethodAccessorImpl.invoke0(Native Method)
	at sun.reflect.NativeMethodAccessorImpl.invoke(NativeMethodAccessorImpl.java:57)
	at sun.reflect.DelegatingMethodAccessorImpl.invoke(DelegatingMethodAccessorImpl.java:43)
	at java.lang.reflect.Method.invoke(Method.java:606)
	at org.gradle.messaging.dispatch.ReflectionDispatch.dispatch(ReflectionDispatch.java:35)
	at org.gradle.messaging.dispatch.ReflectionDispatch.dispatch(ReflectionDispatch.java:24)
	at org.gradle.messaging.dispatch.ContextClassLoaderDispatch.dispatch(ContextClassLoaderDispatch.java:32)
	at org.gradle.messaging.dispatch.ProxyDispatchAdapter$DispatchingInvocationHandler.invoke(ProxyDispatchAdapter.java:93)
	at com.sun.proxy.$Proxy2.processTestClass(Unknown Source)
	at org.gradle.api.internal.tasks.testing.worker.TestWorker.processTestClass(TestWorker.java:106)
	at sun.reflect.NativeMethodAccessorImpl.invoke0(Native Method)
	at sun.reflect.NativeMethodAccessorImpl.invoke(NativeMethodAccessorImpl.java:57)
	at sun.reflect.DelegatingMethodAccessorImpl.invoke(DelegatingMethodAccessorImpl.java:43)
	at java.lang.reflect.Method.invoke(Method.java:606)
	at org.gradle.messaging.dispatch.ReflectionDispatch.dispatch(ReflectionDispatch.java:35)
	at org.gradle.messaging.dispatch.ReflectionDispatch.dispatch(ReflectionDispatch.java:24)
	at org.gradle.messaging.remote.internal.hub.MessageHub$Handler.run(MessageHub.java:360)
	at org.gradle.internal.concurrent.DefaultExecutorFactory$StoppableExecutorImpl$1.run(DefaultExecutorFactory.java:64)
	at java.util.concurrent.ThreadPoolExecutor.runWorker(ThreadPoolExecutor.java:1145)
	at java.util.concurrent.ThreadPoolExecutor$Worker.run(ThreadPoolExecutor.java:615)
	at java.lang.Thread.run(Thread.java:745)
]]></system-err>
</testsuite>
