<?xml version="1.0" encoding="UTF-8"?>
<testsuite name="issuetracker.app.server.service.organizationboundedcontext.location.AddressTestCase" tests="9" skipped="0" failures="0" errors="0" timestamp="2016-03-16T11:45:47" hostname="874d4be5f1eb" time="3.614">
  <properties/>
  <testcase name="test1Save" classname="issuetracker.app.server.service.organizationboundedcontext.location.AddressTestCase" time="0.576"/>
  <testcase name="test2Update" classname="issuetracker.app.server.service.organizationboundedcontext.location.AddressTestCase" time="0.114"/>
  <testcase name="test3FindById" classname="issuetracker.app.server.service.organizationboundedcontext.location.AddressTestCase" time="0.018"/>
  <testcase name="test3findByaddressTypeId" classname="issuetracker.app.server.service.organizationboundedcontext.location.AddressTestCase" time="0.022"/>
  <testcase name="test3findBycityId" classname="issuetracker.app.server.service.organizationboundedcontext.location.AddressTestCase" time="0.016"/>
  <testcase name="test3findBycountryId" classname="issuetracker.app.server.service.organizationboundedcontext.location.AddressTestCase" time="0.015"/>
  <testcase name="test3findBystateId" classname="issuetracker.app.server.service.organizationboundedcontext.location.AddressTestCase" time="0.017"/>
  <testcase name="test4Delete" classname="issuetracker.app.server.service.organizationboundedcontext.location.AddressTestCase" time="0.168"/>
  <testcase name="test5NegativeTesting" classname="issuetracker.app.server.service.organizationboundedcontext.location.AddressTestCase" time="2.665"/>
  <system-out><![CDATA[[EL Fine]: sql: 2016-03-16 11:45:47.506--ClientSession(1597723521)--Connection(1183009156)--Thread(Thread[Test worker,5,main])--INSERT INTO ast_Country_M (countryId, capital, capitalLatitude, capitalLongitude, countryCode1, countryCode2, countryFlag, countryName, currencyCode, currencyName, currencySymbol, isoNumeric, versionId, createdBy, createdDate, updatedBy, updatedDate, activeStatus, txnAccessCode) VALUES (?, ?, ?, ?, ?, ?, ?, ?, ?, ?, ?, ?, ?, ?, ?, ?, ?, ?, ?)
	bind => [53633D34-DC03-43E8-9621-762992FFB7CC, evzUr3YElMyjd7FjmBM8pdHWcxqjh8am, 2, 6, bm3, PEL, mXSPcLnLFWNjwP6YqFSFbSyJrf2gkohOcbYR5oz0ip70ZheWHh, w5QQDV9dILZZO2eLcrINRJ9aT4KD7a3HhsVodBZxdThKFYSpMJ, 4X9, dUg4H2du652d4RzwEdcrQmQHJ8ISZNJX8zzEagHn93lECMAhem, PxRI4LqV23TKW31D4RaGLiD8Y6PKihnL, 8, 1, AAAAA, 2016-03-16 11:45:47.486, null, 2016-03-16 11:45:47.486, 1, 51000]
[EL Fine]: sql: 2016-03-16 11:45:47.614--ClientSession(256263397)--Connection(1183009156)--Thread(Thread[Test worker,5,main])--INSERT INTO ast_State_M (stateId, countryId, stateCapital, stateCapitalLatitude, stateCapitalLongitude, stateCode, stateCodeChar2, stateCodeChar3, stateDescription, stateFlag, stateName, versionId, createdBy, createdDate, updatedBy, updatedDate, activeStatus, txnAccessCode) VALUES (?, ?, ?, ?, ?, ?, ?, ?, ?, ?, ?, ?, ?, ?, ?, ?, ?, ?)
	bind => [E9659FB9-8E32-4381-A5CA-800B2296EC80, 53633D34-DC03-43E8-9621-762992FFB7CC, QEQs3041qHIgGGhBWGxG84udXQeKqEdVPIMctuWLG0kdjoMVa2, 1, 8, 2, WTmJ9DzN1a3h5rH9AHT030xJFMWx1hFm, dI9dn2NwudQNEMRxjlWizIoGyocbHNQU, 9u3a5aI8ZLZKQSazcJyIAdmTmop6gmeHVm8NBagC9L2cc6GwRE, sYoZco3OrL2l0Bx7rirHpZhCCKuKPPEtV1ouAJN7TOZu4Aw3TC, a5gNUD5LUD4OT3HGoyXowbhPTNd9gxvEOGF5o8PZ6VItRQmbOh, 1, AAAAA, 2016-03-16 11:45:47.594, null, 2016-03-16 11:45:47.594, 1, 51000]
[EL Fine]: sql: 2016-03-16 11:45:47.705--ClientSession(30951313)--Connection(1183009156)--Thread(Thread[Test worker,5,main])--INSERT INTO ast_City_M (cityId, cityCode, cityCodeChar2, cityDescription, cityFlag, cityLatitude, cityLongitude, cityName, countryId, stateId, versionId, createdBy, createdDate, updatedBy, updatedDate, activeStatus, txnAccessCode) VALUES (?, ?, ?, ?, ?, ?, ?, ?, ?, ?, ?, ?, ?, ?, ?, ?, ?)
	bind => [DA525894-E34D-4E57-9AF7-0F0CC2620829, 1, A5kNnEE2GpjXAA0KhIPajuBpd9tsbXO1, tbvKb6bodwHGLvtHpIH7sYrwJ6NrP5u5sM1oSEdZed0mSSQsNL, stF5jf7I61TBXRQHLoLFi0HhEBi1V3HKOIXgGyZwzRDBUQixun, 4, 5, OLO7sYqtsr4EZunKLZEvrLQKonv0hbqJU6w3mHkwxQ1dNtIjBw, 53633D34-DC03-43E8-9621-762992FFB7CC, E9659FB9-8E32-4381-A5CA-800B2296EC80, 1, AAAAA, 2016-03-16 11:45:47.594, null, 2016-03-16 11:45:47.594, 1, 51000]
[EL Fine]: sql: 2016-03-16 11:45:47.792--ClientSession(1522994799)--Connection(1183009156)--Thread(Thread[Test worker,5,main])--INSERT INTO ast_AddressType_M (addressTypeId, addressType, addressTypeDesc, addressTypeIcon, versionId, createdBy, createdDate, updatedBy, updatedDate, activeStatus, txnAccessCode) VALUES (?, ?, ?, ?, ?, ?, ?, ?, ?, ?, ?)
	bind => [C8BB07E5-0EC2-4876-B5EB-3F56EB976658, SmPElMJG1wlNiQDLkOBMYp8P0xqXB6UxbxY06JD3DEuO1sg2AD, TxyuTYjV4dV1QFtjnrjz5fdmj5tFOmdYarjfN36jps8KjvvfpM, EvOj2FVT1zvFoZn1hDCrJBh1UyKZ9LsdmbAXlJA9wYHFLrlhPc, 1, AAAAA, 2016-03-16 11:45:47.776, null, 2016-03-16 11:45:47.776, 1, 51000]
Setting logged in user info for ADD
[EL Fine]: sql: 2016-03-16 11:45:47.963--ClientSession(66335496)--Connection(1183009156)--Thread(Thread[Test worker,5,main])--INSERT INTO ast_Address_T (addressId, address1, address2, address3, addressLabel, addressTypeId, cityId, countryId, latitude, longitude, stateId, versionId, zipcode, createdBy, createdDate, updatedBy, updatedDate, activeStatus, txnAccessCode) VALUES (?, ?, ?, ?, ?, ?, ?, ?, ?, ?, ?, ?, ?, ?, ?, ?, ?, ?, ?)
	bind => [6200C6B0-F85E-4873-BEFB-C47FF3DF278B, 4v4C4KazhUP0z3UZmwFhW08CTXkTiKpFbqAyJ9TYTXwkUnMeFK, QJEoykfM8yUrhb1XD4vmMoLoxqUq2EgqrkEY7SfVV53TfYFioK, x0UdPVwyZes8OdaYfqNwMIoaC2g1M2k1ByYo1tu0kbICD1kCYo, MycNPX5DqKO, C8BB07E5-0EC2-4876-B5EB-3F56EB976658, DA525894-E34D-4E57-9AF7-0F0CC2620829, 53633D34-DC03-43E8-9621-762992FFB7CC, NwRJSnNe70vcuZr53x8QFKzXwJpG3eeOu4U10uQaJlaJoULnJo, z4m8k3Dz4xEcwHvWqPeed8K7ap4rHnMhFT9zwF18NHaOcuYEJG, E9659FB9-8E32-4381-A5CA-800B2296EC80, 1, AXx1r9, AAAAA, 2016-03-16 11:45:47.9, null, 2016-03-16 11:45:47.9, 1, 51000]
[EL Fine]: sql: 2016-03-16 11:45:48.052--ClientSession(120654013)--Connection(1183009156)--Thread(Thread[Test worker,5,main])--SELECT addressId, address1, address2, address3, addressLabel, addressTypeId, cityId, countryId, latitude, longitude, stateId, versionId, zipcode, createdBy, createdDate, updatedBy, updatedDate, activeStatus, txnAccessCode FROM ast_Address_T WHERE ((activeStatus = ?) AND (addressId = ?))
	bind => [1, 6200C6B0-F85E-4873-BEFB-C47FF3DF278B]
Setting logged in user info for UPDATE
[EL Fine]: sql: 2016-03-16 11:45:48.063--ClientSession(1125161652)--Connection(1183009156)--Thread(Thread[Test worker,5,main])--SELECT addressId, address1, address2, address3, addressLabel, addressTypeId, cityId, countryId, latitude, longitude, stateId, versionId, zipcode, createdBy, createdDate, updatedBy, updatedDate, activeStatus, txnAccessCode FROM ast_Address_T WHERE (addressId = ?)
	bind => [6200C6B0-F85E-4873-BEFB-C47FF3DF278B]
[EL Fine]: sql: 2016-03-16 11:45:48.067--ClientSession(1125161652)--Connection(1183009156)--Thread(Thread[Test worker,5,main])--UPDATE ast_Address_T SET address1 = ?, address2 = ?, address3 = ?, addressLabel = ?, latitude = ?, longitude = ?, zipcode = ?, updatedBy = ?, versionId = ? WHERE ((addressId = ?) AND (versionId = ?))
	bind => [KMCcA0Ofl0gIrvXnuWs82Lpa2Z7q3gWI7VfxZ73xFfzSguLJOP, xZH7bYu5JbubkOZfDYtShso54NZVfYc7fmfqu0d2N9a9Gjfn3J, Boxw44LWnrsTePHFKtUi5kvQgOLNBRtkhjHKlN66K1g1PQ7qpx, 6dvUkKI32Ja, lv8bZ8ctG7jV4Gld9Goqnp4EWeTwrV63HBkLjzsJ9NFbkSf3sH, tH4crsQQyFDqHyh2dIKDncouifpr4Gozb7gsHJ1TnpkTSaQvp3, KsMM64, AAAAA, 2, 6200C6B0-F85E-4873-BEFB-C47FF3DF278B, 1]
[EL Fine]: sql: 2016-03-16 11:45:48.163--ClientSession(1283574388)--Connection(1183009156)--Thread(Thread[Test worker,5,main])--SELECT addressId, address1, address2, address3, addressLabel, addressTypeId, cityId, countryId, latitude, longitude, stateId, versionId, zipcode, createdBy, createdDate, updatedBy, updatedDate, activeStatus, txnAccessCode FROM ast_Address_T WHERE ((activeStatus = ?) AND (addressId = ?))
	bind => [1, 6200C6B0-F85E-4873-BEFB-C47FF3DF278B]
[EL Fine]: sql: 2016-03-16 11:45:48.184--ClientSession(2068507211)--Connection(1183009156)--Thread(Thread[Test worker,5,main])--SELECT addressId, address1, address2, address3, addressLabel, addressTypeId, cityId, countryId, latitude, longitude, stateId, versionId, zipcode, createdBy, createdDate, updatedBy, updatedDate, activeStatus, txnAccessCode FROM ast_Address_T WHERE ((activeStatus = ?) AND (addressTypeId = ?))
	bind => [1, C8BB07E5-0EC2-4876-B5EB-3F56EB976658]
[EL Fine]: sql: 2016-03-16 11:45:48.201--ClientSession(1550620221)--Connection(1183009156)--Thread(Thread[Test worker,5,main])--SELECT addressId, address1, address2, address3, addressLabel, addressTypeId, cityId, countryId, latitude, longitude, stateId, versionId, zipcode, createdBy, createdDate, updatedBy, updatedDate, activeStatus, txnAccessCode FROM ast_Address_T WHERE ((activeStatus = ?) AND (cityId = ?))
	bind => [1, DA525894-E34D-4E57-9AF7-0F0CC2620829]
[EL Fine]: sql: 2016-03-16 11:45:48.217--ClientSession(36940564)--Connection(1183009156)--Thread(Thread[Test worker,5,main])--SELECT addressId, address1, address2, address3, addressLabel, addressTypeId, cityId, countryId, latitude, longitude, stateId, versionId, zipcode, createdBy, createdDate, updatedBy, updatedDate, activeStatus, txnAccessCode FROM ast_Address_T WHERE ((activeStatus = ?) AND (countryId = ?))
	bind => [1, 53633D34-DC03-43E8-9621-762992FFB7CC]
[EL Fine]: sql: 2016-03-16 11:45:48.232--ClientSession(1892853892)--Connection(1183009156)--Thread(Thread[Test worker,5,main])--SELECT addressId, address1, address2, address3, addressLabel, addressTypeId, cityId, countryId, latitude, longitude, stateId, versionId, zipcode, createdBy, createdDate, updatedBy, updatedDate, activeStatus, txnAccessCode FROM ast_Address_T WHERE ((activeStatus = ?) AND (stateId = ?))
	bind => [1, E9659FB9-8E32-4381-A5CA-800B2296EC80]
[EL Fine]: sql: 2016-03-16 11:45:48.252--ClientSession(1570049241)--Connection(1183009156)--Thread(Thread[Test worker,5,main])--SELECT addressId, address1, address2, address3, addressLabel, addressTypeId, cityId, countryId, latitude, longitude, stateId, versionId, zipcode, createdBy, createdDate, updatedBy, updatedDate, activeStatus, txnAccessCode FROM ast_Address_T WHERE (addressId = ?)
	bind => [6200C6B0-F85E-4873-BEFB-C47FF3DF278B]
[EL Fine]: sql: 2016-03-16 11:45:48.254--ClientSession(1570049241)--Connection(1183009156)--Thread(Thread[Test worker,5,main])--DELETE FROM ast_Address_T WHERE ((addressId = ?) AND (versionId = ?))
	bind => [6200C6B0-F85E-4873-BEFB-C47FF3DF278B, 2]
[EL Fine]: sql: 2016-03-16 11:45:48.422--ClientSession(444728022)--Connection(1183009156)--Thread(Thread[Test worker,5,main])--INSERT INTO ast_Country_M (countryId, capital, capitalLatitude, capitalLongitude, countryCode1, countryCode2, countryFlag, countryName, currencyCode, currencyName, currencySymbol, isoNumeric, versionId, createdBy, createdDate, updatedBy, updatedDate, activeStatus, txnAccessCode) VALUES (?, ?, ?, ?, ?, ?, ?, ?, ?, ?, ?, ?, ?, ?, ?, ?, ?, ?, ?)
	bind => [B996779D-98F8-41C5-B27F-2195089F9DDA, evzUr3YElMyjd7FjmBM8pdHWcxqjh8am, 2, 6, bm3, PEL, mXSPcLnLFWNjwP6YqFSFbSyJrf2gkohOcbYR5oz0ip70ZheWHh, w5QQDV9dILZZO2eLcrINRJ9aT4KD7a3HhsVodBZxdThKFYSpMJ, 4X9, dUg4H2du652d4RzwEdcrQmQHJ8ISZNJX8zzEagHn93lECMAhem, PxRI4LqV23TKW31D4RaGLiD8Y6PKihnL, 8, 1, AAAAA, 2016-03-16 11:45:48.409, null, 2016-03-16 11:45:48.409, 1, 51000]
[EL Fine]: sql: 2016-03-16 11:45:48.485--ClientSession(820162799)--Connection(1183009156)--Thread(Thread[Test worker,5,main])--INSERT INTO ast_State_M (stateId, countryId, stateCapital, stateCapitalLatitude, stateCapitalLongitude, stateCode, stateCodeChar2, stateCodeChar3, stateDescription, stateFlag, stateName, versionId, createdBy, createdDate, updatedBy, updatedDate, activeStatus, txnAccessCode) VALUES (?, ?, ?, ?, ?, ?, ?, ?, ?, ?, ?, ?, ?, ?, ?, ?, ?, ?)
	bind => [9941616A-0606-4B32-AB2D-D59D4DAED972, B996779D-98F8-41C5-B27F-2195089F9DDA, QEQs3041qHIgGGhBWGxG84udXQeKqEdVPIMctuWLG0kdjoMVa2, 1, 8, 2, WTmJ9DzN1a3h5rH9AHT030xJFMWx1hFm, dI9dn2NwudQNEMRxjlWizIoGyocbHNQU, 9u3a5aI8ZLZKQSazcJyIAdmTmop6gmeHVm8NBagC9L2cc6GwRE, sYoZco3OrL2l0Bx7rirHpZhCCKuKPPEtV1ouAJN7TOZu4Aw3TC, a5gNUD5LUD4OT3HGoyXowbhPTNd9gxvEOGF5o8PZ6VItRQmbOh, 1, AAAAA, 2016-03-16 11:45:48.473, null, 2016-03-16 11:45:48.473, 1, 51000]
[EL Fine]: sql: 2016-03-16 11:45:48.546--ClientSession(2042429534)--Connection(1183009156)--Thread(Thread[Test worker,5,main])--INSERT INTO ast_City_M (cityId, cityCode, cityCodeChar2, cityDescription, cityFlag, cityLatitude, cityLongitude, cityName, countryId, stateId, versionId, createdBy, createdDate, updatedBy, updatedDate, activeStatus, txnAccessCode) VALUES (?, ?, ?, ?, ?, ?, ?, ?, ?, ?, ?, ?, ?, ?, ?, ?, ?)
	bind => [FB96DE82-6AB4-41D9-9E94-D2EE38004E8E, 1, A5kNnEE2GpjXAA0KhIPajuBpd9tsbXO1, tbvKb6bodwHGLvtHpIH7sYrwJ6NrP5u5sM1oSEdZed0mSSQsNL, stF5jf7I61TBXRQHLoLFi0HhEBi1V3HKOIXgGyZwzRDBUQixun, 4, 5, OLO7sYqtsr4EZunKLZEvrLQKonv0hbqJU6w3mHkwxQ1dNtIjBw, B996779D-98F8-41C5-B27F-2195089F9DDA, 9941616A-0606-4B32-AB2D-D59D4DAED972, 1, AAAAA, 2016-03-16 11:45:48.473, null, 2016-03-16 11:45:48.473, 1, 51000]
[EL Fine]: sql: 2016-03-16 11:45:48.62--ClientSession(1620755424)--Connection(1183009156)--Thread(Thread[Test worker,5,main])--INSERT INTO ast_AddressType_M (addressTypeId, addressType, addressTypeDesc, addressTypeIcon, versionId, createdBy, createdDate, updatedBy, updatedDate, activeStatus, txnAccessCode) VALUES (?, ?, ?, ?, ?, ?, ?, ?, ?, ?, ?)
	bind => [8DFE4442-269A-4C81-B806-ADAE6AD66C77, SmPElMJG1wlNiQDLkOBMYp8P0xqXB6UxbxY06JD3DEuO1sg2AD, TxyuTYjV4dV1QFtjnrjz5fdmj5tFOmdYarjfN36jps8KjvvfpM, EvOj2FVT1zvFoZn1hDCrJBh1UyKZ9LsdmbAXlJA9wYHFLrlhPc, 1, AAAAA, 2016-03-16 11:45:48.602, null, 2016-03-16 11:45:48.602, 1, 51000]
[EL Fine]: sql: 2016-03-16 11:45:48.696--ClientSession(2039814658)--Connection(1183009156)--Thread(Thread[Test worker,5,main])--INSERT INTO ast_Country_M (countryId, capital, capitalLatitude, capitalLongitude, countryCode1, countryCode2, countryFlag, countryName, currencyCode, currencyName, currencySymbol, isoNumeric, versionId, createdBy, createdDate, updatedBy, updatedDate, activeStatus, txnAccessCode) VALUES (?, ?, ?, ?, ?, ?, ?, ?, ?, ?, ?, ?, ?, ?, ?, ?, ?, ?, ?)
	bind => [20582183-45D2-4923-9936-963D1A5BA7B4, evzUr3YElMyjd7FjmBM8pdHWcxqjh8am, 2, 6, bm3, PEL, mXSPcLnLFWNjwP6YqFSFbSyJrf2gkohOcbYR5oz0ip70ZheWHh, w5QQDV9dILZZO2eLcrINRJ9aT4KD7a3HhsVodBZxdThKFYSpMJ, 4X9, dUg4H2du652d4RzwEdcrQmQHJ8ISZNJX8zzEagHn93lECMAhem, PxRI4LqV23TKW31D4RaGLiD8Y6PKihnL, 8, 1, AAAAA, 2016-03-16 11:45:48.689, null, 2016-03-16 11:45:48.689, 1, 51000]
[EL Fine]: sql: 2016-03-16 11:45:48.789--ClientSession(447638904)--Connection(1183009156)--Thread(Thread[Test worker,5,main])--INSERT INTO ast_State_M (stateId, countryId, stateCapital, stateCapitalLatitude, stateCapitalLongitude, stateCode, stateCodeChar2, stateCodeChar3, stateDescription, stateFlag, stateName, versionId, createdBy, createdDate, updatedBy, updatedDate, activeStatus, txnAccessCode) VALUES (?, ?, ?, ?, ?, ?, ?, ?, ?, ?, ?, ?, ?, ?, ?, ?, ?, ?)
	bind => [8BA3968E-551C-4345-AE58-B8BE884D977D, 20582183-45D2-4923-9936-963D1A5BA7B4, QEQs3041qHIgGGhBWGxG84udXQeKqEdVPIMctuWLG0kdjoMVa2, 1, 8, 2, WTmJ9DzN1a3h5rH9AHT030xJFMWx1hFm, dI9dn2NwudQNEMRxjlWizIoGyocbHNQU, 9u3a5aI8ZLZKQSazcJyIAdmTmop6gmeHVm8NBagC9L2cc6GwRE, sYoZco3OrL2l0Bx7rirHpZhCCKuKPPEtV1ouAJN7TOZu4Aw3TC, a5gNUD5LUD4OT3HGoyXowbhPTNd9gxvEOGF5o8PZ6VItRQmbOh, 1, AAAAA, 2016-03-16 11:45:48.781, null, 2016-03-16 11:45:48.781, 1, 51000]
[EL Fine]: sql: 2016-03-16 11:45:48.858--ClientSession(2026615553)--Connection(1183009156)--Thread(Thread[Test worker,5,main])--INSERT INTO ast_City_M (cityId, cityCode, cityCodeChar2, cityDescription, cityFlag, cityLatitude, cityLongitude, cityName, countryId, stateId, versionId, createdBy, createdDate, updatedBy, updatedDate, activeStatus, txnAccessCode) VALUES (?, ?, ?, ?, ?, ?, ?, ?, ?, ?, ?, ?, ?, ?, ?, ?, ?)
	bind => [8296E95D-9500-45BE-9B35-E136C575BF56, 1, A5kNnEE2GpjXAA0KhIPajuBpd9tsbXO1, tbvKb6bodwHGLvtHpIH7sYrwJ6NrP5u5sM1oSEdZed0mSSQsNL, stF5jf7I61TBXRQHLoLFi0HhEBi1V3HKOIXgGyZwzRDBUQixun, 4, 5, OLO7sYqtsr4EZunKLZEvrLQKonv0hbqJU6w3mHkwxQ1dNtIjBw, 20582183-45D2-4923-9936-963D1A5BA7B4, 8BA3968E-551C-4345-AE58-B8BE884D977D, 1, AAAAA, 2016-03-16 11:45:48.781, null, 2016-03-16 11:45:48.781, 1, 51000]
[EL Fine]: sql: 2016-03-16 11:45:48.916--ClientSession(1822699042)--Connection(1183009156)--Thread(Thread[Test worker,5,main])--INSERT INTO ast_AddressType_M (addressTypeId, addressType, addressTypeDesc, addressTypeIcon, versionId, createdBy, createdDate, updatedBy, updatedDate, activeStatus, txnAccessCode) VALUES (?, ?, ?, ?, ?, ?, ?, ?, ?, ?, ?)
	bind => [03E56475-E0AE-4844-8029-63A2158FD87C, SmPElMJG1wlNiQDLkOBMYp8P0xqXB6UxbxY06JD3DEuO1sg2AD, TxyuTYjV4dV1QFtjnrjz5fdmj5tFOmdYarjfN36jps8KjvvfpM, EvOj2FVT1zvFoZn1hDCrJBh1UyKZ9LsdmbAXlJA9wYHFLrlhPc, 1, AAAAA, 2016-03-16 11:45:48.913, null, 2016-03-16 11:45:48.913, 1, 51000]
[EL Fine]: sql: 2016-03-16 11:45:48.959--ClientSession(261380964)--Connection(1183009156)--Thread(Thread[Test worker,5,main])--INSERT INTO ast_Country_M (countryId, capital, capitalLatitude, capitalLongitude, countryCode1, countryCode2, countryFlag, countryName, currencyCode, currencyName, currencySymbol, isoNumeric, versionId, createdBy, createdDate, updatedBy, updatedDate, activeStatus, txnAccessCode) VALUES (?, ?, ?, ?, ?, ?, ?, ?, ?, ?, ?, ?, ?, ?, ?, ?, ?, ?, ?)
	bind => [7FCE2111-E5B0-44F0-9317-671DCFC4CDCD, evzUr3YElMyjd7FjmBM8pdHWcxqjh8am, 2, 6, bm3, PEL, mXSPcLnLFWNjwP6YqFSFbSyJrf2gkohOcbYR5oz0ip70ZheWHh, w5QQDV9dILZZO2eLcrINRJ9aT4KD7a3HhsVodBZxdThKFYSpMJ, 4X9, dUg4H2du652d4RzwEdcrQmQHJ8ISZNJX8zzEagHn93lECMAhem, PxRI4LqV23TKW31D4RaGLiD8Y6PKihnL, 8, 1, AAAAA, 2016-03-16 11:45:48.952, null, 2016-03-16 11:45:48.952, 1, 51000]
[EL Fine]: sql: 2016-03-16 11:45:49.013--ClientSession(988402850)--Connection(1183009156)--Thread(Thread[Test worker,5,main])--INSERT INTO ast_State_M (stateId, countryId, stateCapital, stateCapitalLatitude, stateCapitalLongitude, stateCode, stateCodeChar2, stateCodeChar3, stateDescription, stateFlag, stateName, versionId, createdBy, createdDate, updatedBy, updatedDate, activeStatus, txnAccessCode) VALUES (?, ?, ?, ?, ?, ?, ?, ?, ?, ?, ?, ?, ?, ?, ?, ?, ?, ?)
	bind => [73139E00-0A2B-4AC9-A8C8-DA411D988A17, 7FCE2111-E5B0-44F0-9317-671DCFC4CDCD, QEQs3041qHIgGGhBWGxG84udXQeKqEdVPIMctuWLG0kdjoMVa2, 1, 8, 2, WTmJ9DzN1a3h5rH9AHT030xJFMWx1hFm, dI9dn2NwudQNEMRxjlWizIoGyocbHNQU, 9u3a5aI8ZLZKQSazcJyIAdmTmop6gmeHVm8NBagC9L2cc6GwRE, sYoZco3OrL2l0Bx7rirHpZhCCKuKPPEtV1ouAJN7TOZu4Aw3TC, a5gNUD5LUD4OT3HGoyXowbhPTNd9gxvEOGF5o8PZ6VItRQmbOh, 1, AAAAA, 2016-03-16 11:45:49.009, null, 2016-03-16 11:45:49.009, 1, 51000]
[EL Fine]: sql: 2016-03-16 11:45:49.085--ClientSession(136843674)--Connection(1183009156)--Thread(Thread[Test worker,5,main])--INSERT INTO ast_City_M (cityId, cityCode, cityCodeChar2, cityDescription, cityFlag, cityLatitude, cityLongitude, cityName, countryId, stateId, versionId, createdBy, createdDate, updatedBy, updatedDate, activeStatus, txnAccessCode) VALUES (?, ?, ?, ?, ?, ?, ?, ?, ?, ?, ?, ?, ?, ?, ?, ?, ?)
	bind => [4FF8E960-D31E-42FD-A3F1-556BA3B80B95, 1, A5kNnEE2GpjXAA0KhIPajuBpd9tsbXO1, tbvKb6bodwHGLvtHpIH7sYrwJ6NrP5u5sM1oSEdZed0mSSQsNL, stF5jf7I61TBXRQHLoLFi0HhEBi1V3HKOIXgGyZwzRDBUQixun, 4, 5, OLO7sYqtsr4EZunKLZEvrLQKonv0hbqJU6w3mHkwxQ1dNtIjBw, 7FCE2111-E5B0-44F0-9317-671DCFC4CDCD, 73139E00-0A2B-4AC9-A8C8-DA411D988A17, 1, AAAAA, 2016-03-16 11:45:49.009, null, 2016-03-16 11:45:49.009, 1, 51000]
[EL Fine]: sql: 2016-03-16 11:45:49.136--ClientSession(580561609)--Connection(1183009156)--Thread(Thread[Test worker,5,main])--INSERT INTO ast_AddressType_M (addressTypeId, addressType, addressTypeDesc, addressTypeIcon, versionId, createdBy, createdDate, updatedBy, updatedDate, activeStatus, txnAccessCode) VALUES (?, ?, ?, ?, ?, ?, ?, ?, ?, ?, ?)
	bind => [D4206A8D-385F-42F2-AF21-E143494958DE, SmPElMJG1wlNiQDLkOBMYp8P0xqXB6UxbxY06JD3DEuO1sg2AD, TxyuTYjV4dV1QFtjnrjz5fdmj5tFOmdYarjfN36jps8KjvvfpM, EvOj2FVT1zvFoZn1hDCrJBh1UyKZ9LsdmbAXlJA9wYHFLrlhPc, 1, AAAAA, 2016-03-16 11:45:49.132, null, 2016-03-16 11:45:49.132, 1, 51000]
[EL Fine]: sql: 2016-03-16 11:45:49.18--ClientSession(619629404)--Connection(1183009156)--Thread(Thread[Test worker,5,main])--INSERT INTO ast_Country_M (countryId, capital, capitalLatitude, capitalLongitude, countryCode1, countryCode2, countryFlag, countryName, currencyCode, currencyName, currencySymbol, isoNumeric, versionId, createdBy, createdDate, updatedBy, updatedDate, activeStatus, txnAccessCode) VALUES (?, ?, ?, ?, ?, ?, ?, ?, ?, ?, ?, ?, ?, ?, ?, ?, ?, ?, ?)
	bind => [A7BEEEEB-6827-4940-806E-2423970EEBD0, evzUr3YElMyjd7FjmBM8pdHWcxqjh8am, 2, 6, bm3, PEL, mXSPcLnLFWNjwP6YqFSFbSyJrf2gkohOcbYR5oz0ip70ZheWHh, w5QQDV9dILZZO2eLcrINRJ9aT4KD7a3HhsVodBZxdThKFYSpMJ, 4X9, dUg4H2du652d4RzwEdcrQmQHJ8ISZNJX8zzEagHn93lECMAhem, PxRI4LqV23TKW31D4RaGLiD8Y6PKihnL, 8, 1, AAAAA, 2016-03-16 11:45:49.172, null, 2016-03-16 11:45:49.172, 1, 51000]
[EL Fine]: sql: 2016-03-16 11:45:49.237--ClientSession(1141709917)--Connection(1183009156)--Thread(Thread[Test worker,5,main])--INSERT INTO ast_State_M (stateId, countryId, stateCapital, stateCapitalLatitude, stateCapitalLongitude, stateCode, stateCodeChar2, stateCodeChar3, stateDescription, stateFlag, stateName, versionId, createdBy, createdDate, updatedBy, updatedDate, activeStatus, txnAccessCode) VALUES (?, ?, ?, ?, ?, ?, ?, ?, ?, ?, ?, ?, ?, ?, ?, ?, ?, ?)
	bind => [A8C5A4BD-6FE1-4B74-A515-D7C7023ACEDB, A7BEEEEB-6827-4940-806E-2423970EEBD0, QEQs3041qHIgGGhBWGxG84udXQeKqEdVPIMctuWLG0kdjoMVa2, 1, 8, 2, WTmJ9DzN1a3h5rH9AHT030xJFMWx1hFm, dI9dn2NwudQNEMRxjlWizIoGyocbHNQU, 9u3a5aI8ZLZKQSazcJyIAdmTmop6gmeHVm8NBagC9L2cc6GwRE, sYoZco3OrL2l0Bx7rirHpZhCCKuKPPEtV1ouAJN7TOZu4Aw3TC, a5gNUD5LUD4OT3HGoyXowbhPTNd9gxvEOGF5o8PZ6VItRQmbOh, 1, AAAAA, 2016-03-16 11:45:49.232, null, 2016-03-16 11:45:49.232, 1, 51000]
[EL Fine]: sql: 2016-03-16 11:45:49.26--ClientSession(965102289)--Connection(1183009156)--Thread(Thread[Test worker,5,main])--INSERT INTO ast_City_M (cityId, cityCode, cityCodeChar2, cityDescription, cityFlag, cityLatitude, cityLongitude, cityName, countryId, stateId, versionId, createdBy, createdDate, updatedBy, updatedDate, activeStatus, txnAccessCode) VALUES (?, ?, ?, ?, ?, ?, ?, ?, ?, ?, ?, ?, ?, ?, ?, ?, ?)
	bind => [99E46A66-F799-4D83-AFE4-B501A2BAA668, 1, A5kNnEE2GpjXAA0KhIPajuBpd9tsbXO1, tbvKb6bodwHGLvtHpIH7sYrwJ6NrP5u5sM1oSEdZed0mSSQsNL, stF5jf7I61TBXRQHLoLFi0HhEBi1V3HKOIXgGyZwzRDBUQixun, 4, 5, OLO7sYqtsr4EZunKLZEvrLQKonv0hbqJU6w3mHkwxQ1dNtIjBw, A7BEEEEB-6827-4940-806E-2423970EEBD0, A8C5A4BD-6FE1-4B74-A515-D7C7023ACEDB, 1, AAAAA, 2016-03-16 11:45:49.232, null, 2016-03-16 11:45:49.232, 1, 51000]
[EL Fine]: sql: 2016-03-16 11:45:49.516--ClientSession(1346168622)--Connection(1183009156)--Thread(Thread[Test worker,5,main])--INSERT INTO ast_AddressType_M (addressTypeId, addressType, addressTypeDesc, addressTypeIcon, versionId, createdBy, createdDate, updatedBy, updatedDate, activeStatus, txnAccessCode) VALUES (?, ?, ?, ?, ?, ?, ?, ?, ?, ?, ?)
	bind => [B85581F9-1007-4B92-B917-26084E72382A, SmPElMJG1wlNiQDLkOBMYp8P0xqXB6UxbxY06JD3DEuO1sg2AD, TxyuTYjV4dV1QFtjnrjz5fdmj5tFOmdYarjfN36jps8KjvvfpM, EvOj2FVT1zvFoZn1hDCrJBh1UyKZ9LsdmbAXlJA9wYHFLrlhPc, 1, AAAAA, 2016-03-16 11:45:49.513, null, 2016-03-16 11:45:49.513, 1, 51000]
[EL Fine]: sql: 2016-03-16 11:45:49.565--ClientSession(1762376816)--Connection(1183009156)--Thread(Thread[Test worker,5,main])--INSERT INTO ast_Country_M (countryId, capital, capitalLatitude, capitalLongitude, countryCode1, countryCode2, countryFlag, countryName, currencyCode, currencyName, currencySymbol, isoNumeric, versionId, createdBy, createdDate, updatedBy, updatedDate, activeStatus, txnAccessCode) VALUES (?, ?, ?, ?, ?, ?, ?, ?, ?, ?, ?, ?, ?, ?, ?, ?, ?, ?, ?)
	bind => [348B3D2D-813F-4510-A3E3-F4FD9BE255EE, evzUr3YElMyjd7FjmBM8pdHWcxqjh8am, 2, 6, bm3, PEL, mXSPcLnLFWNjwP6YqFSFbSyJrf2gkohOcbYR5oz0ip70ZheWHh, w5QQDV9dILZZO2eLcrINRJ9aT4KD7a3HhsVodBZxdThKFYSpMJ, 4X9, dUg4H2du652d4RzwEdcrQmQHJ8ISZNJX8zzEagHn93lECMAhem, PxRI4LqV23TKW31D4RaGLiD8Y6PKihnL, 8, 1, AAAAA, 2016-03-16 11:45:49.559, null, 2016-03-16 11:45:49.559, 1, 51000]
[EL Fine]: sql: 2016-03-16 11:45:49.719--ClientSession(836674754)--Connection(1183009156)--Thread(Thread[Test worker,5,main])--INSERT INTO ast_State_M (stateId, countryId, stateCapital, stateCapitalLatitude, stateCapitalLongitude, stateCode, stateCodeChar2, stateCodeChar3, stateDescription, stateFlag, stateName, versionId, createdBy, createdDate, updatedBy, updatedDate, activeStatus, txnAccessCode) VALUES (?, ?, ?, ?, ?, ?, ?, ?, ?, ?, ?, ?, ?, ?, ?, ?, ?, ?)
	bind => [E529F056-E496-4DD4-B0F3-2E74AAC10F1B, 348B3D2D-813F-4510-A3E3-F4FD9BE255EE, QEQs3041qHIgGGhBWGxG84udXQeKqEdVPIMctuWLG0kdjoMVa2, 1, 8, 2, WTmJ9DzN1a3h5rH9AHT030xJFMWx1hFm, dI9dn2NwudQNEMRxjlWizIoGyocbHNQU, 9u3a5aI8ZLZKQSazcJyIAdmTmop6gmeHVm8NBagC9L2cc6GwRE, sYoZco3OrL2l0Bx7rirHpZhCCKuKPPEtV1ouAJN7TOZu4Aw3TC, a5gNUD5LUD4OT3HGoyXowbhPTNd9gxvEOGF5o8PZ6VItRQmbOh, 1, AAAAA, 2016-03-16 11:45:49.714, null, 2016-03-16 11:45:49.714, 1, 51000]
[EL Fine]: sql: 2016-03-16 11:45:49.817--ClientSession(1358609284)--Connection(1183009156)--Thread(Thread[Test worker,5,main])--INSERT INTO ast_City_M (cityId, cityCode, cityCodeChar2, cityDescription, cityFlag, cityLatitude, cityLongitude, cityName, countryId, stateId, versionId, createdBy, createdDate, updatedBy, updatedDate, activeStatus, txnAccessCode) VALUES (?, ?, ?, ?, ?, ?, ?, ?, ?, ?, ?, ?, ?, ?, ?, ?, ?)
	bind => [5FA62A15-2C82-4C88-802D-BE621435F54E, 1, A5kNnEE2GpjXAA0KhIPajuBpd9tsbXO1, tbvKb6bodwHGLvtHpIH7sYrwJ6NrP5u5sM1oSEdZed0mSSQsNL, stF5jf7I61TBXRQHLoLFi0HhEBi1V3HKOIXgGyZwzRDBUQixun, 4, 5, OLO7sYqtsr4EZunKLZEvrLQKonv0hbqJU6w3mHkwxQ1dNtIjBw, 348B3D2D-813F-4510-A3E3-F4FD9BE255EE, E529F056-E496-4DD4-B0F3-2E74AAC10F1B, 1, AAAAA, 2016-03-16 11:45:49.714, null, 2016-03-16 11:45:49.714, 1, 51000]
[EL Fine]: sql: 2016-03-16 11:45:50.008--ClientSession(1956380106)--Connection(1183009156)--Thread(Thread[Test worker,5,main])--INSERT INTO ast_AddressType_M (addressTypeId, addressType, addressTypeDesc, addressTypeIcon, versionId, createdBy, createdDate, updatedBy, updatedDate, activeStatus, txnAccessCode) VALUES (?, ?, ?, ?, ?, ?, ?, ?, ?, ?, ?)
	bind => [52D93783-C193-4AA8-9FC4-CC852E524472, SmPElMJG1wlNiQDLkOBMYp8P0xqXB6UxbxY06JD3DEuO1sg2AD, TxyuTYjV4dV1QFtjnrjz5fdmj5tFOmdYarjfN36jps8KjvvfpM, EvOj2FVT1zvFoZn1hDCrJBh1UyKZ9LsdmbAXlJA9wYHFLrlhPc, 1, AAAAA, 2016-03-16 11:45:50.004, null, 2016-03-16 11:45:50.004, 1, 51000]
[EL Fine]: sql: 2016-03-16 11:45:50.058--ClientSession(1212740967)--Connection(1183009156)--Thread(Thread[Test worker,5,main])--INSERT INTO ast_Country_M (countryId, capital, capitalLatitude, capitalLongitude, countryCode1, countryCode2, countryFlag, countryName, currencyCode, currencyName, currencySymbol, isoNumeric, versionId, createdBy, createdDate, updatedBy, updatedDate, activeStatus, txnAccessCode) VALUES (?, ?, ?, ?, ?, ?, ?, ?, ?, ?, ?, ?, ?, ?, ?, ?, ?, ?, ?)
	bind => [90781324-B886-476E-A4A1-5BF68461D165, evzUr3YElMyjd7FjmBM8pdHWcxqjh8am, 2, 6, bm3, PEL, mXSPcLnLFWNjwP6YqFSFbSyJrf2gkohOcbYR5oz0ip70ZheWHh, w5QQDV9dILZZO2eLcrINRJ9aT4KD7a3HhsVodBZxdThKFYSpMJ, 4X9, dUg4H2du652d4RzwEdcrQmQHJ8ISZNJX8zzEagHn93lECMAhem, PxRI4LqV23TKW31D4RaGLiD8Y6PKihnL, 8, 1, AAAAA, 2016-03-16 11:45:50.053, null, 2016-03-16 11:45:50.053, 1, 51000]
[EL Fine]: sql: 2016-03-16 11:45:50.152--ClientSession(800792433)--Connection(1183009156)--Thread(Thread[Test worker,5,main])--INSERT INTO ast_State_M (stateId, countryId, stateCapital, stateCapitalLatitude, stateCapitalLongitude, stateCode, stateCodeChar2, stateCodeChar3, stateDescription, stateFlag, stateName, versionId, createdBy, createdDate, updatedBy, updatedDate, activeStatus, txnAccessCode) VALUES (?, ?, ?, ?, ?, ?, ?, ?, ?, ?, ?, ?, ?, ?, ?, ?, ?, ?)
	bind => [E7A4080F-62B7-4199-8FB9-7E61CDE84D44, 90781324-B886-476E-A4A1-5BF68461D165, QEQs3041qHIgGGhBWGxG84udXQeKqEdVPIMctuWLG0kdjoMVa2, 1, 8, 2, WTmJ9DzN1a3h5rH9AHT030xJFMWx1hFm, dI9dn2NwudQNEMRxjlWizIoGyocbHNQU, 9u3a5aI8ZLZKQSazcJyIAdmTmop6gmeHVm8NBagC9L2cc6GwRE, sYoZco3OrL2l0Bx7rirHpZhCCKuKPPEtV1ouAJN7TOZu4Aw3TC, a5gNUD5LUD4OT3HGoyXowbhPTNd9gxvEOGF5o8PZ6VItRQmbOh, 1, AAAAA, 2016-03-16 11:45:50.148, null, 2016-03-16 11:45:50.148, 1, 51000]
[EL Fine]: sql: 2016-03-16 11:45:50.173--ClientSession(20728570)--Connection(1183009156)--Thread(Thread[Test worker,5,main])--INSERT INTO ast_City_M (cityId, cityCode, cityCodeChar2, cityDescription, cityFlag, cityLatitude, cityLongitude, cityName, countryId, stateId, versionId, createdBy, createdDate, updatedBy, updatedDate, activeStatus, txnAccessCode) VALUES (?, ?, ?, ?, ?, ?, ?, ?, ?, ?, ?, ?, ?, ?, ?, ?, ?)
	bind => [D12778C0-66B6-4A0A-A8CB-E25A6F2E7E70, 1, A5kNnEE2GpjXAA0KhIPajuBpd9tsbXO1, tbvKb6bodwHGLvtHpIH7sYrwJ6NrP5u5sM1oSEdZed0mSSQsNL, stF5jf7I61TBXRQHLoLFi0HhEBi1V3HKOIXgGyZwzRDBUQixun, 4, 5, OLO7sYqtsr4EZunKLZEvrLQKonv0hbqJU6w3mHkwxQ1dNtIjBw, 90781324-B886-476E-A4A1-5BF68461D165, E7A4080F-62B7-4199-8FB9-7E61CDE84D44, 1, AAAAA, 2016-03-16 11:45:50.148, null, 2016-03-16 11:45:50.148, 1, 51000]
[EL Fine]: sql: 2016-03-16 11:45:50.232--ClientSession(1413890297)--Connection(1183009156)--Thread(Thread[Test worker,5,main])--INSERT INTO ast_AddressType_M (addressTypeId, addressType, addressTypeDesc, addressTypeIcon, versionId, createdBy, createdDate, updatedBy, updatedDate, activeStatus, txnAccessCode) VALUES (?, ?, ?, ?, ?, ?, ?, ?, ?, ?, ?)
	bind => [34A41294-832B-41AB-BF86-749A2EEB6600, SmPElMJG1wlNiQDLkOBMYp8P0xqXB6UxbxY06JD3DEuO1sg2AD, TxyuTYjV4dV1QFtjnrjz5fdmj5tFOmdYarjfN36jps8KjvvfpM, EvOj2FVT1zvFoZn1hDCrJBh1UyKZ9LsdmbAXlJA9wYHFLrlhPc, 1, AAAAA, 2016-03-16 11:45:50.228, null, 2016-03-16 11:45:50.228, 1, 51000]
[EL Fine]: sql: 2016-03-16 11:45:50.319--ClientSession(344397637)--Connection(1183009156)--Thread(Thread[Test worker,5,main])--INSERT INTO ast_Country_M (countryId, capital, capitalLatitude, capitalLongitude, countryCode1, countryCode2, countryFlag, countryName, currencyCode, currencyName, currencySymbol, isoNumeric, versionId, createdBy, createdDate, updatedBy, updatedDate, activeStatus, txnAccessCode) VALUES (?, ?, ?, ?, ?, ?, ?, ?, ?, ?, ?, ?, ?, ?, ?, ?, ?, ?, ?)
	bind => [D398A4C9-E031-4A2C-9E12-BB4F5D3BBC9C, evzUr3YElMyjd7FjmBM8pdHWcxqjh8am, 2, 6, bm3, PEL, mXSPcLnLFWNjwP6YqFSFbSyJrf2gkohOcbYR5oz0ip70ZheWHh, w5QQDV9dILZZO2eLcrINRJ9aT4KD7a3HhsVodBZxdThKFYSpMJ, 4X9, dUg4H2du652d4RzwEdcrQmQHJ8ISZNJX8zzEagHn93lECMAhem, PxRI4LqV23TKW31D4RaGLiD8Y6PKihnL, 8, 1, AAAAA, 2016-03-16 11:45:50.313, null, 2016-03-16 11:45:50.313, 1, 51000]
[EL Fine]: sql: 2016-03-16 11:45:50.37--ClientSession(180197610)--Connection(1183009156)--Thread(Thread[Test worker,5,main])--INSERT INTO ast_State_M (stateId, countryId, stateCapital, stateCapitalLatitude, stateCapitalLongitude, stateCode, stateCodeChar2, stateCodeChar3, stateDescription, stateFlag, stateName, versionId, createdBy, createdDate, updatedBy, updatedDate, activeStatus, txnAccessCode) VALUES (?, ?, ?, ?, ?, ?, ?, ?, ?, ?, ?, ?, ?, ?, ?, ?, ?, ?)
	bind => [55705FE8-CB37-403F-B7F7-A225D380B305, D398A4C9-E031-4A2C-9E12-BB4F5D3BBC9C, QEQs3041qHIgGGhBWGxG84udXQeKqEdVPIMctuWLG0kdjoMVa2, 1, 8, 2, WTmJ9DzN1a3h5rH9AHT030xJFMWx1hFm, dI9dn2NwudQNEMRxjlWizIoGyocbHNQU, 9u3a5aI8ZLZKQSazcJyIAdmTmop6gmeHVm8NBagC9L2cc6GwRE, sYoZco3OrL2l0Bx7rirHpZhCCKuKPPEtV1ouAJN7TOZu4Aw3TC, a5gNUD5LUD4OT3HGoyXowbhPTNd9gxvEOGF5o8PZ6VItRQmbOh, 1, AAAAA, 2016-03-16 11:45:50.364, null, 2016-03-16 11:45:50.364, 1, 51000]
[EL Fine]: sql: 2016-03-16 11:45:50.475--ClientSession(1730480652)--Connection(1183009156)--Thread(Thread[Test worker,5,main])--INSERT INTO ast_City_M (cityId, cityCode, cityCodeChar2, cityDescription, cityFlag, cityLatitude, cityLongitude, cityName, countryId, stateId, versionId, createdBy, createdDate, updatedBy, updatedDate, activeStatus, txnAccessCode) VALUES (?, ?, ?, ?, ?, ?, ?, ?, ?, ?, ?, ?, ?, ?, ?, ?, ?)
	bind => [F80CC8AB-4FDA-43FF-8E46-A700E4AA8D60, 1, A5kNnEE2GpjXAA0KhIPajuBpd9tsbXO1, tbvKb6bodwHGLvtHpIH7sYrwJ6NrP5u5sM1oSEdZed0mSSQsNL, stF5jf7I61TBXRQHLoLFi0HhEBi1V3HKOIXgGyZwzRDBUQixun, 4, 5, OLO7sYqtsr4EZunKLZEvrLQKonv0hbqJU6w3mHkwxQ1dNtIjBw, D398A4C9-E031-4A2C-9E12-BB4F5D3BBC9C, 55705FE8-CB37-403F-B7F7-A225D380B305, 1, AAAAA, 2016-03-16 11:45:50.364, null, 2016-03-16 11:45:50.364, 1, 51000]
[EL Fine]: sql: 2016-03-16 11:45:50.525--ClientSession(210467405)--Connection(1183009156)--Thread(Thread[Test worker,5,main])--INSERT INTO ast_AddressType_M (addressTypeId, addressType, addressTypeDesc, addressTypeIcon, versionId, createdBy, createdDate, updatedBy, updatedDate, activeStatus, txnAccessCode) VALUES (?, ?, ?, ?, ?, ?, ?, ?, ?, ?, ?)
	bind => [D3A6E7E9-3764-40E0-B7F5-E01135FDBF09, SmPElMJG1wlNiQDLkOBMYp8P0xqXB6UxbxY06JD3DEuO1sg2AD, TxyuTYjV4dV1QFtjnrjz5fdmj5tFOmdYarjfN36jps8KjvvfpM, EvOj2FVT1zvFoZn1hDCrJBh1UyKZ9LsdmbAXlJA9wYHFLrlhPc, 1, AAAAA, 2016-03-16 11:45:50.522, null, 2016-03-16 11:45:50.522, 1, 51000]
[EL Fine]: sql: 2016-03-16 11:45:50.762--ClientSession(1097319760)--Connection(1183009156)--Thread(Thread[Test worker,5,main])--INSERT INTO ast_Country_M (countryId, capital, capitalLatitude, capitalLongitude, countryCode1, countryCode2, countryFlag, countryName, currencyCode, currencyName, currencySymbol, isoNumeric, versionId, createdBy, createdDate, updatedBy, updatedDate, activeStatus, txnAccessCode) VALUES (?, ?, ?, ?, ?, ?, ?, ?, ?, ?, ?, ?, ?, ?, ?, ?, ?, ?, ?)
	bind => [5178C8E5-25C6-463E-8B18-5DF4168BF71E, evzUr3YElMyjd7FjmBM8pdHWcxqjh8am, 2, 6, bm3, PEL, mXSPcLnLFWNjwP6YqFSFbSyJrf2gkohOcbYR5oz0ip70ZheWHh, w5QQDV9dILZZO2eLcrINRJ9aT4KD7a3HhsVodBZxdThKFYSpMJ, 4X9, dUg4H2du652d4RzwEdcrQmQHJ8ISZNJX8zzEagHn93lECMAhem, PxRI4LqV23TKW31D4RaGLiD8Y6PKihnL, 8, 1, AAAAA, 2016-03-16 11:45:50.756, null, 2016-03-16 11:45:50.756, 1, 51000]
[EL Fine]: sql: 2016-03-16 11:45:50.85--ClientSession(634381257)--Connection(1183009156)--Thread(Thread[Test worker,5,main])--INSERT INTO ast_State_M (stateId, countryId, stateCapital, stateCapitalLatitude, stateCapitalLongitude, stateCode, stateCodeChar2, stateCodeChar3, stateDescription, stateFlag, stateName, versionId, createdBy, createdDate, updatedBy, updatedDate, activeStatus, txnAccessCode) VALUES (?, ?, ?, ?, ?, ?, ?, ?, ?, ?, ?, ?, ?, ?, ?, ?, ?, ?)
	bind => [4937C9DC-EC26-4899-B6F1-921F68E9D087, 5178C8E5-25C6-463E-8B18-5DF4168BF71E, QEQs3041qHIgGGhBWGxG84udXQeKqEdVPIMctuWLG0kdjoMVa2, 1, 8, 2, WTmJ9DzN1a3h5rH9AHT030xJFMWx1hFm, dI9dn2NwudQNEMRxjlWizIoGyocbHNQU, 9u3a5aI8ZLZKQSazcJyIAdmTmop6gmeHVm8NBagC9L2cc6GwRE, sYoZco3OrL2l0Bx7rirHpZhCCKuKPPEtV1ouAJN7TOZu4Aw3TC, a5gNUD5LUD4OT3HGoyXowbhPTNd9gxvEOGF5o8PZ6VItRQmbOh, 1, AAAAA, 2016-03-16 11:45:50.843, null, 2016-03-16 11:45:50.843, 1, 51000]
[EL Fine]: sql: 2016-03-16 11:45:50.911--ClientSession(1412437370)--Connection(1183009156)--Thread(Thread[Test worker,5,main])--INSERT INTO ast_City_M (cityId, cityCode, cityCodeChar2, cityDescription, cityFlag, cityLatitude, cityLongitude, cityName, countryId, stateId, versionId, createdBy, createdDate, updatedBy, updatedDate, activeStatus, txnAccessCode) VALUES (?, ?, ?, ?, ?, ?, ?, ?, ?, ?, ?, ?, ?, ?, ?, ?, ?)
	bind => [B2EFF46A-C0F6-49A3-8326-E4A83AABD8F6, 1, A5kNnEE2GpjXAA0KhIPajuBpd9tsbXO1, tbvKb6bodwHGLvtHpIH7sYrwJ6NrP5u5sM1oSEdZed0mSSQsNL, stF5jf7I61TBXRQHLoLFi0HhEBi1V3HKOIXgGyZwzRDBUQixun, 4, 5, OLO7sYqtsr4EZunKLZEvrLQKonv0hbqJU6w3mHkwxQ1dNtIjBw, 5178C8E5-25C6-463E-8B18-5DF4168BF71E, 4937C9DC-EC26-4899-B6F1-921F68E9D087, 1, AAAAA, 2016-03-16 11:45:50.843, null, 2016-03-16 11:45:50.843, 1, 51000]
[EL Fine]: sql: 2016-03-16 11:45:51.03--ClientSession(1544713545)--Connection(1183009156)--Thread(Thread[Test worker,5,main])--INSERT INTO ast_AddressType_M (addressTypeId, addressType, addressTypeDesc, addressTypeIcon, versionId, createdBy, createdDate, updatedBy, updatedDate, activeStatus, txnAccessCode) VALUES (?, ?, ?, ?, ?, ?, ?, ?, ?, ?, ?)
	bind => [CA913CEA-2B61-4B83-A989-192697F846A9, SmPElMJG1wlNiQDLkOBMYp8P0xqXB6UxbxY06JD3DEuO1sg2AD, TxyuTYjV4dV1QFtjnrjz5fdmj5tFOmdYarjfN36jps8KjvvfpM, EvOj2FVT1zvFoZn1hDCrJBh1UyKZ9LsdmbAXlJA9wYHFLrlhPc, 1, AAAAA, 2016-03-16 11:45:51.028, null, 2016-03-16 11:45:51.028, 1, 51000]
]]></system-out>
  <system-err><![CDATA[issuetracker.app.shared.organizationboundedcontext.location.Address.addressLabel size must be between 0 and 11
com.athena.framework.server.exception.biz.SpartanConstraintViolationException: Exception in validating entity /issuetracker.app.shared.organizationboundedcontext.location.Address.addressLabel size must be between 0 and 11

	at com.athena.framework.server.helper.EntityValidatorHelper.validateEntity(EntityValidatorHelper.java:28)
	at issuetracker.app.shared.organizationboundedcontext.location.Address.isValid(Address.java:265)
	at issuetracker.app.server.service.organizationboundedcontext.location.AddressTestCase.validateAddress(AddressTestCase.java:314)
	at issuetracker.app.server.service.organizationboundedcontext.location.AddressTestCase.test5NegativeTesting(AddressTestCase.java:347)
	at sun.reflect.NativeMethodAccessorImpl.invoke0(Native Method)
	at sun.reflect.NativeMethodAccessorImpl.invoke(NativeMethodAccessorImpl.java:57)
	at sun.reflect.DelegatingMethodAccessorImpl.invoke(DelegatingMethodAccessorImpl.java:43)
	at java.lang.reflect.Method.invoke(Method.java:606)
	at org.junit.runners.model.FrameworkMethod$1.runReflectiveCall(FrameworkMethod.java:47)
	at org.junit.internal.runners.model.ReflectiveCallable.run(ReflectiveCallable.java:12)
	at org.junit.runners.model.FrameworkMethod.invokeExplosively(FrameworkMethod.java:44)
	at org.junit.internal.runners.statements.InvokeMethod.evaluate(InvokeMethod.java:17)
	at org.junit.internal.runners.statements.RunBefores.evaluate(RunBefores.java:26)
	at org.springframework.test.context.junit4.statements.RunBeforeTestMethodCallbacks.evaluate(RunBeforeTestMethodCallbacks.java:74)
	at org.junit.internal.runners.statements.RunAfters.evaluate(RunAfters.java:27)
	at org.springframework.test.context.junit4.statements.RunAfterTestMethodCallbacks.evaluate(RunAfterTestMethodCallbacks.java:83)
	at org.springframework.test.context.junit4.statements.SpringRepeat.evaluate(SpringRepeat.java:72)
	at org.springframework.test.context.junit4.SpringJUnit4ClassRunner.runChild(SpringJUnit4ClassRunner.java:233)
	at org.springframework.test.context.junit4.SpringJUnit4ClassRunner.runChild(SpringJUnit4ClassRunner.java:87)
	at org.junit.runners.ParentRunner$3.run(ParentRunner.java:238)
	at org.junit.runners.ParentRunner$1.schedule(ParentRunner.java:63)
	at org.junit.runners.ParentRunner.runChildren(ParentRunner.java:236)
	at org.junit.runners.ParentRunner.access$000(ParentRunner.java:53)
	at org.junit.runners.ParentRunner$2.evaluate(ParentRunner.java:229)
	at org.springframework.test.context.junit4.statements.RunBeforeTestClassCallbacks.evaluate(RunBeforeTestClassCallbacks.java:61)
	at org.springframework.test.context.junit4.statements.RunAfterTestClassCallbacks.evaluate(RunAfterTestClassCallbacks.java:71)
	at org.junit.runners.ParentRunner.run(ParentRunner.java:309)
	at org.springframework.test.context.junit4.SpringJUnit4ClassRunner.run(SpringJUnit4ClassRunner.java:176)
	at org.gradle.api.internal.tasks.testing.junit.JUnitTestClassExecuter.runTestClass(JUnitTestClassExecuter.java:86)
	at org.gradle.api.internal.tasks.testing.junit.JUnitTestClassExecuter.execute(JUnitTestClassExecuter.java:49)
	at org.gradle.api.internal.tasks.testing.junit.JUnitTestClassProcessor.processTestClass(JUnitTestClassProcessor.java:64)
	at org.gradle.api.internal.tasks.testing.SuiteTestClassProcessor.processTestClass(SuiteTestClassProcessor.java:50)
	at sun.reflect.NativeMethodAccessorImpl.invoke0(Native Method)
	at sun.reflect.NativeMethodAccessorImpl.invoke(NativeMethodAccessorImpl.java:57)
	at sun.reflect.DelegatingMethodAccessorImpl.invoke(DelegatingMethodAccessorImpl.java:43)
	at java.lang.reflect.Method.invoke(Method.java:606)
	at org.gradle.messaging.dispatch.ReflectionDispatch.dispatch(ReflectionDispatch.java:35)
	at org.gradle.messaging.dispatch.ReflectionDispatch.dispatch(ReflectionDispatch.java:24)
	at org.gradle.messaging.dispatch.ContextClassLoaderDispatch.dispatch(ContextClassLoaderDispatch.java:32)
	at org.gradle.messaging.dispatch.ProxyDispatchAdapter$DispatchingInvocationHandler.invoke(ProxyDispatchAdapter.java:93)
	at com.sun.proxy.$Proxy2.processTestClass(Unknown Source)
	at org.gradle.api.internal.tasks.testing.worker.TestWorker.processTestClass(TestWorker.java:106)
	at sun.reflect.NativeMethodAccessorImpl.invoke0(Native Method)
	at sun.reflect.NativeMethodAccessorImpl.invoke(NativeMethodAccessorImpl.java:57)
	at sun.reflect.DelegatingMethodAccessorImpl.invoke(DelegatingMethodAccessorImpl.java:43)
	at java.lang.reflect.Method.invoke(Method.java:606)
	at org.gradle.messaging.dispatch.ReflectionDispatch.dispatch(ReflectionDispatch.java:35)
	at org.gradle.messaging.dispatch.ReflectionDispatch.dispatch(ReflectionDispatch.java:24)
	at org.gradle.messaging.remote.internal.hub.MessageHub$Handler.run(MessageHub.java:360)
	at org.gradle.internal.concurrent.DefaultExecutorFactory$StoppableExecutorImpl$1.run(DefaultExecutorFactory.java:64)
	at java.util.concurrent.ThreadPoolExecutor.runWorker(ThreadPoolExecutor.java:1145)
	at java.util.concurrent.ThreadPoolExecutor$Worker.run(ThreadPoolExecutor.java:615)
	at java.lang.Thread.run(Thread.java:745)
issuetracker.app.shared.organizationboundedcontext.location.Address.address1 size must be between 0 and 56
com.athena.framework.server.exception.biz.SpartanConstraintViolationException: Exception in validating entity /issuetracker.app.shared.organizationboundedcontext.location.Address.address1 size must be between 0 and 56

	at com.athena.framework.server.helper.EntityValidatorHelper.validateEntity(EntityValidatorHelper.java:28)
	at issuetracker.app.shared.organizationboundedcontext.location.Address.isValid(Address.java:265)
	at issuetracker.app.server.service.organizationboundedcontext.location.AddressTestCase.validateAddress(AddressTestCase.java:314)
	at issuetracker.app.server.service.organizationboundedcontext.location.AddressTestCase.test5NegativeTesting(AddressTestCase.java:352)
	at sun.reflect.NativeMethodAccessorImpl.invoke0(Native Method)
	at sun.reflect.NativeMethodAccessorImpl.invoke(NativeMethodAccessorImpl.java:57)
	at sun.reflect.DelegatingMethodAccessorImpl.invoke(DelegatingMethodAccessorImpl.java:43)
	at java.lang.reflect.Method.invoke(Method.java:606)
	at org.junit.runners.model.FrameworkMethod$1.runReflectiveCall(FrameworkMethod.java:47)
	at org.junit.internal.runners.model.ReflectiveCallable.run(ReflectiveCallable.java:12)
	at org.junit.runners.model.FrameworkMethod.invokeExplosively(FrameworkMethod.java:44)
	at org.junit.internal.runners.statements.InvokeMethod.evaluate(InvokeMethod.java:17)
	at org.junit.internal.runners.statements.RunBefores.evaluate(RunBefores.java:26)
	at org.springframework.test.context.junit4.statements.RunBeforeTestMethodCallbacks.evaluate(RunBeforeTestMethodCallbacks.java:74)
	at org.junit.internal.runners.statements.RunAfters.evaluate(RunAfters.java:27)
	at org.springframework.test.context.junit4.statements.RunAfterTestMethodCallbacks.evaluate(RunAfterTestMethodCallbacks.java:83)
	at org.springframework.test.context.junit4.statements.SpringRepeat.evaluate(SpringRepeat.java:72)
	at org.springframework.test.context.junit4.SpringJUnit4ClassRunner.runChild(SpringJUnit4ClassRunner.java:233)
	at org.springframework.test.context.junit4.SpringJUnit4ClassRunner.runChild(SpringJUnit4ClassRunner.java:87)
	at org.junit.runners.ParentRunner$3.run(ParentRunner.java:238)
	at org.junit.runners.ParentRunner$1.schedule(ParentRunner.java:63)
	at org.junit.runners.ParentRunner.runChildren(ParentRunner.java:236)
	at org.junit.runners.ParentRunner.access$000(ParentRunner.java:53)
	at org.junit.runners.ParentRunner$2.evaluate(ParentRunner.java:229)
	at org.springframework.test.context.junit4.statements.RunBeforeTestClassCallbacks.evaluate(RunBeforeTestClassCallbacks.java:61)
	at org.springframework.test.context.junit4.statements.RunAfterTestClassCallbacks.evaluate(RunAfterTestClassCallbacks.java:71)
	at org.junit.runners.ParentRunner.run(ParentRunner.java:309)
	at org.springframework.test.context.junit4.SpringJUnit4ClassRunner.run(SpringJUnit4ClassRunner.java:176)
	at org.gradle.api.internal.tasks.testing.junit.JUnitTestClassExecuter.runTestClass(JUnitTestClassExecuter.java:86)
	at org.gradle.api.internal.tasks.testing.junit.JUnitTestClassExecuter.execute(JUnitTestClassExecuter.java:49)
	at org.gradle.api.internal.tasks.testing.junit.JUnitTestClassProcessor.processTestClass(JUnitTestClassProcessor.java:64)
	at org.gradle.api.internal.tasks.testing.SuiteTestClassProcessor.processTestClass(SuiteTestClassProcessor.java:50)
	at sun.reflect.NativeMethodAccessorImpl.invoke0(Native Method)
	at sun.reflect.NativeMethodAccessorImpl.invoke(NativeMethodAccessorImpl.java:57)
	at sun.reflect.DelegatingMethodAccessorImpl.invoke(DelegatingMethodAccessorImpl.java:43)
	at java.lang.reflect.Method.invoke(Method.java:606)
	at org.gradle.messaging.dispatch.ReflectionDispatch.dispatch(ReflectionDispatch.java:35)
	at org.gradle.messaging.dispatch.ReflectionDispatch.dispatch(ReflectionDispatch.java:24)
	at org.gradle.messaging.dispatch.ContextClassLoaderDispatch.dispatch(ContextClassLoaderDispatch.java:32)
	at org.gradle.messaging.dispatch.ProxyDispatchAdapter$DispatchingInvocationHandler.invoke(ProxyDispatchAdapter.java:93)
	at com.sun.proxy.$Proxy2.processTestClass(Unknown Source)
	at org.gradle.api.internal.tasks.testing.worker.TestWorker.processTestClass(TestWorker.java:106)
	at sun.reflect.NativeMethodAccessorImpl.invoke0(Native Method)
	at sun.reflect.NativeMethodAccessorImpl.invoke(NativeMethodAccessorImpl.java:57)
	at sun.reflect.DelegatingMethodAccessorImpl.invoke(DelegatingMethodAccessorImpl.java:43)
	at java.lang.reflect.Method.invoke(Method.java:606)
	at org.gradle.messaging.dispatch.ReflectionDispatch.dispatch(ReflectionDispatch.java:35)
	at org.gradle.messaging.dispatch.ReflectionDispatch.dispatch(ReflectionDispatch.java:24)
	at org.gradle.messaging.remote.internal.hub.MessageHub$Handler.run(MessageHub.java:360)
	at org.gradle.internal.concurrent.DefaultExecutorFactory$StoppableExecutorImpl$1.run(DefaultExecutorFactory.java:64)
	at java.util.concurrent.ThreadPoolExecutor.runWorker(ThreadPoolExecutor.java:1145)
	at java.util.concurrent.ThreadPoolExecutor$Worker.run(ThreadPoolExecutor.java:615)
	at java.lang.Thread.run(Thread.java:745)
issuetracker.app.shared.organizationboundedcontext.location.Address.address2 size must be between 0 and 56
com.athena.framework.server.exception.biz.SpartanConstraintViolationException: Exception in validating entity /issuetracker.app.shared.organizationboundedcontext.location.Address.address2 size must be between 0 and 56

	at com.athena.framework.server.helper.EntityValidatorHelper.validateEntity(EntityValidatorHelper.java:28)
	at issuetracker.app.shared.organizationboundedcontext.location.Address.isValid(Address.java:265)
	at issuetracker.app.server.service.organizationboundedcontext.location.AddressTestCase.validateAddress(AddressTestCase.java:314)
	at issuetracker.app.server.service.organizationboundedcontext.location.AddressTestCase.test5NegativeTesting(AddressTestCase.java:357)
	at sun.reflect.NativeMethodAccessorImpl.invoke0(Native Method)
	at sun.reflect.NativeMethodAccessorImpl.invoke(NativeMethodAccessorImpl.java:57)
	at sun.reflect.DelegatingMethodAccessorImpl.invoke(DelegatingMethodAccessorImpl.java:43)
	at java.lang.reflect.Method.invoke(Method.java:606)
	at org.junit.runners.model.FrameworkMethod$1.runReflectiveCall(FrameworkMethod.java:47)
	at org.junit.internal.runners.model.ReflectiveCallable.run(ReflectiveCallable.java:12)
	at org.junit.runners.model.FrameworkMethod.invokeExplosively(FrameworkMethod.java:44)
	at org.junit.internal.runners.statements.InvokeMethod.evaluate(InvokeMethod.java:17)
	at org.junit.internal.runners.statements.RunBefores.evaluate(RunBefores.java:26)
	at org.springframework.test.context.junit4.statements.RunBeforeTestMethodCallbacks.evaluate(RunBeforeTestMethodCallbacks.java:74)
	at org.junit.internal.runners.statements.RunAfters.evaluate(RunAfters.java:27)
	at org.springframework.test.context.junit4.statements.RunAfterTestMethodCallbacks.evaluate(RunAfterTestMethodCallbacks.java:83)
	at org.springframework.test.context.junit4.statements.SpringRepeat.evaluate(SpringRepeat.java:72)
	at org.springframework.test.context.junit4.SpringJUnit4ClassRunner.runChild(SpringJUnit4ClassRunner.java:233)
	at org.springframework.test.context.junit4.SpringJUnit4ClassRunner.runChild(SpringJUnit4ClassRunner.java:87)
	at org.junit.runners.ParentRunner$3.run(ParentRunner.java:238)
	at org.junit.runners.ParentRunner$1.schedule(ParentRunner.java:63)
	at org.junit.runners.ParentRunner.runChildren(ParentRunner.java:236)
	at org.junit.runners.ParentRunner.access$000(ParentRunner.java:53)
	at org.junit.runners.ParentRunner$2.evaluate(ParentRunner.java:229)
	at org.springframework.test.context.junit4.statements.RunBeforeTestClassCallbacks.evaluate(RunBeforeTestClassCallbacks.java:61)
	at org.springframework.test.context.junit4.statements.RunAfterTestClassCallbacks.evaluate(RunAfterTestClassCallbacks.java:71)
	at org.junit.runners.ParentRunner.run(ParentRunner.java:309)
	at org.springframework.test.context.junit4.SpringJUnit4ClassRunner.run(SpringJUnit4ClassRunner.java:176)
	at org.gradle.api.internal.tasks.testing.junit.JUnitTestClassExecuter.runTestClass(JUnitTestClassExecuter.java:86)
	at org.gradle.api.internal.tasks.testing.junit.JUnitTestClassExecuter.execute(JUnitTestClassExecuter.java:49)
	at org.gradle.api.internal.tasks.testing.junit.JUnitTestClassProcessor.processTestClass(JUnitTestClassProcessor.java:64)
	at org.gradle.api.internal.tasks.testing.SuiteTestClassProcessor.processTestClass(SuiteTestClassProcessor.java:50)
	at sun.reflect.NativeMethodAccessorImpl.invoke0(Native Method)
	at sun.reflect.NativeMethodAccessorImpl.invoke(NativeMethodAccessorImpl.java:57)
	at sun.reflect.DelegatingMethodAccessorImpl.invoke(DelegatingMethodAccessorImpl.java:43)
	at java.lang.reflect.Method.invoke(Method.java:606)
	at org.gradle.messaging.dispatch.ReflectionDispatch.dispatch(ReflectionDispatch.java:35)
	at org.gradle.messaging.dispatch.ReflectionDispatch.dispatch(ReflectionDispatch.java:24)
	at org.gradle.messaging.dispatch.ContextClassLoaderDispatch.dispatch(ContextClassLoaderDispatch.java:32)
	at org.gradle.messaging.dispatch.ProxyDispatchAdapter$DispatchingInvocationHandler.invoke(ProxyDispatchAdapter.java:93)
	at com.sun.proxy.$Proxy2.processTestClass(Unknown Source)
	at org.gradle.api.internal.tasks.testing.worker.TestWorker.processTestClass(TestWorker.java:106)
	at sun.reflect.NativeMethodAccessorImpl.invoke0(Native Method)
	at sun.reflect.NativeMethodAccessorImpl.invoke(NativeMethodAccessorImpl.java:57)
	at sun.reflect.DelegatingMethodAccessorImpl.invoke(DelegatingMethodAccessorImpl.java:43)
	at java.lang.reflect.Method.invoke(Method.java:606)
	at org.gradle.messaging.dispatch.ReflectionDispatch.dispatch(ReflectionDispatch.java:35)
	at org.gradle.messaging.dispatch.ReflectionDispatch.dispatch(ReflectionDispatch.java:24)
	at org.gradle.messaging.remote.internal.hub.MessageHub$Handler.run(MessageHub.java:360)
	at org.gradle.internal.concurrent.DefaultExecutorFactory$StoppableExecutorImpl$1.run(DefaultExecutorFactory.java:64)
	at java.util.concurrent.ThreadPoolExecutor.runWorker(ThreadPoolExecutor.java:1145)
	at java.util.concurrent.ThreadPoolExecutor$Worker.run(ThreadPoolExecutor.java:615)
	at java.lang.Thread.run(Thread.java:745)
issuetracker.app.shared.organizationboundedcontext.location.Address.address3 size must be between 0 and 56
com.athena.framework.server.exception.biz.SpartanConstraintViolationException: Exception in validating entity /issuetracker.app.shared.organizationboundedcontext.location.Address.address3 size must be between 0 and 56

	at com.athena.framework.server.helper.EntityValidatorHelper.validateEntity(EntityValidatorHelper.java:28)
	at issuetracker.app.shared.organizationboundedcontext.location.Address.isValid(Address.java:265)
	at issuetracker.app.server.service.organizationboundedcontext.location.AddressTestCase.validateAddress(AddressTestCase.java:314)
	at issuetracker.app.server.service.organizationboundedcontext.location.AddressTestCase.test5NegativeTesting(AddressTestCase.java:362)
	at sun.reflect.NativeMethodAccessorImpl.invoke0(Native Method)
	at sun.reflect.NativeMethodAccessorImpl.invoke(NativeMethodAccessorImpl.java:57)
	at sun.reflect.DelegatingMethodAccessorImpl.invoke(DelegatingMethodAccessorImpl.java:43)
	at java.lang.reflect.Method.invoke(Method.java:606)
	at org.junit.runners.model.FrameworkMethod$1.runReflectiveCall(FrameworkMethod.java:47)
	at org.junit.internal.runners.model.ReflectiveCallable.run(ReflectiveCallable.java:12)
	at org.junit.runners.model.FrameworkMethod.invokeExplosively(FrameworkMethod.java:44)
	at org.junit.internal.runners.statements.InvokeMethod.evaluate(InvokeMethod.java:17)
	at org.junit.internal.runners.statements.RunBefores.evaluate(RunBefores.java:26)
	at org.springframework.test.context.junit4.statements.RunBeforeTestMethodCallbacks.evaluate(RunBeforeTestMethodCallbacks.java:74)
	at org.junit.internal.runners.statements.RunAfters.evaluate(RunAfters.java:27)
	at org.springframework.test.context.junit4.statements.RunAfterTestMethodCallbacks.evaluate(RunAfterTestMethodCallbacks.java:83)
	at org.springframework.test.context.junit4.statements.SpringRepeat.evaluate(SpringRepeat.java:72)
	at org.springframework.test.context.junit4.SpringJUnit4ClassRunner.runChild(SpringJUnit4ClassRunner.java:233)
	at org.springframework.test.context.junit4.SpringJUnit4ClassRunner.runChild(SpringJUnit4ClassRunner.java:87)
	at org.junit.runners.ParentRunner$3.run(ParentRunner.java:238)
	at org.junit.runners.ParentRunner$1.schedule(ParentRunner.java:63)
	at org.junit.runners.ParentRunner.runChildren(ParentRunner.java:236)
	at org.junit.runners.ParentRunner.access$000(ParentRunner.java:53)
	at org.junit.runners.ParentRunner$2.evaluate(ParentRunner.java:229)
	at org.springframework.test.context.junit4.statements.RunBeforeTestClassCallbacks.evaluate(RunBeforeTestClassCallbacks.java:61)
	at org.springframework.test.context.junit4.statements.RunAfterTestClassCallbacks.evaluate(RunAfterTestClassCallbacks.java:71)
	at org.junit.runners.ParentRunner.run(ParentRunner.java:309)
	at org.springframework.test.context.junit4.SpringJUnit4ClassRunner.run(SpringJUnit4ClassRunner.java:176)
	at org.gradle.api.internal.tasks.testing.junit.JUnitTestClassExecuter.runTestClass(JUnitTestClassExecuter.java:86)
	at org.gradle.api.internal.tasks.testing.junit.JUnitTestClassExecuter.execute(JUnitTestClassExecuter.java:49)
	at org.gradle.api.internal.tasks.testing.junit.JUnitTestClassProcessor.processTestClass(JUnitTestClassProcessor.java:64)
	at org.gradle.api.internal.tasks.testing.SuiteTestClassProcessor.processTestClass(SuiteTestClassProcessor.java:50)
	at sun.reflect.NativeMethodAccessorImpl.invoke0(Native Method)
	at sun.reflect.NativeMethodAccessorImpl.invoke(NativeMethodAccessorImpl.java:57)
	at sun.reflect.DelegatingMethodAccessorImpl.invoke(DelegatingMethodAccessorImpl.java:43)
	at java.lang.reflect.Method.invoke(Method.java:606)
	at org.gradle.messaging.dispatch.ReflectionDispatch.dispatch(ReflectionDispatch.java:35)
	at org.gradle.messaging.dispatch.ReflectionDispatch.dispatch(ReflectionDispatch.java:24)
	at org.gradle.messaging.dispatch.ContextClassLoaderDispatch.dispatch(ContextClassLoaderDispatch.java:32)
	at org.gradle.messaging.dispatch.ProxyDispatchAdapter$DispatchingInvocationHandler.invoke(ProxyDispatchAdapter.java:93)
	at com.sun.proxy.$Proxy2.processTestClass(Unknown Source)
	at org.gradle.api.internal.tasks.testing.worker.TestWorker.processTestClass(TestWorker.java:106)
	at sun.reflect.NativeMethodAccessorImpl.invoke0(Native Method)
	at sun.reflect.NativeMethodAccessorImpl.invoke(NativeMethodAccessorImpl.java:57)
	at sun.reflect.DelegatingMethodAccessorImpl.invoke(DelegatingMethodAccessorImpl.java:43)
	at java.lang.reflect.Method.invoke(Method.java:606)
	at org.gradle.messaging.dispatch.ReflectionDispatch.dispatch(ReflectionDispatch.java:35)
	at org.gradle.messaging.dispatch.ReflectionDispatch.dispatch(ReflectionDispatch.java:24)
	at org.gradle.messaging.remote.internal.hub.MessageHub$Handler.run(MessageHub.java:360)
	at org.gradle.internal.concurrent.DefaultExecutorFactory$StoppableExecutorImpl$1.run(DefaultExecutorFactory.java:64)
	at java.util.concurrent.ThreadPoolExecutor.runWorker(ThreadPoolExecutor.java:1145)
	at java.util.concurrent.ThreadPoolExecutor$Worker.run(ThreadPoolExecutor.java:615)
	at java.lang.Thread.run(Thread.java:745)
issuetracker.app.shared.organizationboundedcontext.location.Address.zipcode may not be null
com.athena.framework.server.exception.biz.SpartanConstraintViolationException: Exception in validating entity /issuetracker.app.shared.organizationboundedcontext.location.Address.zipcode may not be null

	at com.athena.framework.server.helper.EntityValidatorHelper.validateEntity(EntityValidatorHelper.java:28)
	at issuetracker.app.shared.organizationboundedcontext.location.Address.isValid(Address.java:265)
	at issuetracker.app.server.service.organizationboundedcontext.location.AddressTestCase.validateAddress(AddressTestCase.java:316)
	at issuetracker.app.server.service.organizationboundedcontext.location.AddressTestCase.test5NegativeTesting(AddressTestCase.java:368)
	at sun.reflect.NativeMethodAccessorImpl.invoke0(Native Method)
	at sun.reflect.NativeMethodAccessorImpl.invoke(NativeMethodAccessorImpl.java:57)
	at sun.reflect.DelegatingMethodAccessorImpl.invoke(DelegatingMethodAccessorImpl.java:43)
	at java.lang.reflect.Method.invoke(Method.java:606)
	at org.junit.runners.model.FrameworkMethod$1.runReflectiveCall(FrameworkMethod.java:47)
	at org.junit.internal.runners.model.ReflectiveCallable.run(ReflectiveCallable.java:12)
	at org.junit.runners.model.FrameworkMethod.invokeExplosively(FrameworkMethod.java:44)
	at org.junit.internal.runners.statements.InvokeMethod.evaluate(InvokeMethod.java:17)
	at org.junit.internal.runners.statements.RunBefores.evaluate(RunBefores.java:26)
	at org.springframework.test.context.junit4.statements.RunBeforeTestMethodCallbacks.evaluate(RunBeforeTestMethodCallbacks.java:74)
	at org.junit.internal.runners.statements.RunAfters.evaluate(RunAfters.java:27)
	at org.springframework.test.context.junit4.statements.RunAfterTestMethodCallbacks.evaluate(RunAfterTestMethodCallbacks.java:83)
	at org.springframework.test.context.junit4.statements.SpringRepeat.evaluate(SpringRepeat.java:72)
	at org.springframework.test.context.junit4.SpringJUnit4ClassRunner.runChild(SpringJUnit4ClassRunner.java:233)
	at org.springframework.test.context.junit4.SpringJUnit4ClassRunner.runChild(SpringJUnit4ClassRunner.java:87)
	at org.junit.runners.ParentRunner$3.run(ParentRunner.java:238)
	at org.junit.runners.ParentRunner$1.schedule(ParentRunner.java:63)
	at org.junit.runners.ParentRunner.runChildren(ParentRunner.java:236)
	at org.junit.runners.ParentRunner.access$000(ParentRunner.java:53)
	at org.junit.runners.ParentRunner$2.evaluate(ParentRunner.java:229)
	at org.springframework.test.context.junit4.statements.RunBeforeTestClassCallbacks.evaluate(RunBeforeTestClassCallbacks.java:61)
	at org.springframework.test.context.junit4.statements.RunAfterTestClassCallbacks.evaluate(RunAfterTestClassCallbacks.java:71)
	at org.junit.runners.ParentRunner.run(ParentRunner.java:309)
	at org.springframework.test.context.junit4.SpringJUnit4ClassRunner.run(SpringJUnit4ClassRunner.java:176)
	at org.gradle.api.internal.tasks.testing.junit.JUnitTestClassExecuter.runTestClass(JUnitTestClassExecuter.java:86)
	at org.gradle.api.internal.tasks.testing.junit.JUnitTestClassExecuter.execute(JUnitTestClassExecuter.java:49)
	at org.gradle.api.internal.tasks.testing.junit.JUnitTestClassProcessor.processTestClass(JUnitTestClassProcessor.java:64)
	at org.gradle.api.internal.tasks.testing.SuiteTestClassProcessor.processTestClass(SuiteTestClassProcessor.java:50)
	at sun.reflect.NativeMethodAccessorImpl.invoke0(Native Method)
	at sun.reflect.NativeMethodAccessorImpl.invoke(NativeMethodAccessorImpl.java:57)
	at sun.reflect.DelegatingMethodAccessorImpl.invoke(DelegatingMethodAccessorImpl.java:43)
	at java.lang.reflect.Method.invoke(Method.java:606)
	at org.gradle.messaging.dispatch.ReflectionDispatch.dispatch(ReflectionDispatch.java:35)
	at org.gradle.messaging.dispatch.ReflectionDispatch.dispatch(ReflectionDispatch.java:24)
	at org.gradle.messaging.dispatch.ContextClassLoaderDispatch.dispatch(ContextClassLoaderDispatch.java:32)
	at org.gradle.messaging.dispatch.ProxyDispatchAdapter$DispatchingInvocationHandler.invoke(ProxyDispatchAdapter.java:93)
	at com.sun.proxy.$Proxy2.processTestClass(Unknown Source)
	at org.gradle.api.internal.tasks.testing.worker.TestWorker.processTestClass(TestWorker.java:106)
	at sun.reflect.NativeMethodAccessorImpl.invoke0(Native Method)
	at sun.reflect.NativeMethodAccessorImpl.invoke(NativeMethodAccessorImpl.java:57)
	at sun.reflect.DelegatingMethodAccessorImpl.invoke(DelegatingMethodAccessorImpl.java:43)
	at java.lang.reflect.Method.invoke(Method.java:606)
	at org.gradle.messaging.dispatch.ReflectionDispatch.dispatch(ReflectionDispatch.java:35)
	at org.gradle.messaging.dispatch.ReflectionDispatch.dispatch(ReflectionDispatch.java:24)
	at org.gradle.messaging.remote.internal.hub.MessageHub$Handler.run(MessageHub.java:360)
	at org.gradle.internal.concurrent.DefaultExecutorFactory$StoppableExecutorImpl$1.run(DefaultExecutorFactory.java:64)
	at java.util.concurrent.ThreadPoolExecutor.runWorker(ThreadPoolExecutor.java:1145)
	at java.util.concurrent.ThreadPoolExecutor$Worker.run(ThreadPoolExecutor.java:615)
	at java.lang.Thread.run(Thread.java:745)
issuetracker.app.shared.organizationboundedcontext.location.Address.zipcode size must be between 0 and 6
com.athena.framework.server.exception.biz.SpartanConstraintViolationException: Exception in validating entity /issuetracker.app.shared.organizationboundedcontext.location.Address.zipcode size must be between 0 and 6

	at com.athena.framework.server.helper.EntityValidatorHelper.validateEntity(EntityValidatorHelper.java:28)
	at issuetracker.app.shared.organizationboundedcontext.location.Address.isValid(Address.java:265)
	at issuetracker.app.server.service.organizationboundedcontext.location.AddressTestCase.validateAddress(AddressTestCase.java:314)
	at issuetracker.app.server.service.organizationboundedcontext.location.AddressTestCase.test5NegativeTesting(AddressTestCase.java:373)
	at sun.reflect.NativeMethodAccessorImpl.invoke0(Native Method)
	at sun.reflect.NativeMethodAccessorImpl.invoke(NativeMethodAccessorImpl.java:57)
	at sun.reflect.DelegatingMethodAccessorImpl.invoke(DelegatingMethodAccessorImpl.java:43)
	at java.lang.reflect.Method.invoke(Method.java:606)
	at org.junit.runners.model.FrameworkMethod$1.runReflectiveCall(FrameworkMethod.java:47)
	at org.junit.internal.runners.model.ReflectiveCallable.run(ReflectiveCallable.java:12)
	at org.junit.runners.model.FrameworkMethod.invokeExplosively(FrameworkMethod.java:44)
	at org.junit.internal.runners.statements.InvokeMethod.evaluate(InvokeMethod.java:17)
	at org.junit.internal.runners.statements.RunBefores.evaluate(RunBefores.java:26)
	at org.springframework.test.context.junit4.statements.RunBeforeTestMethodCallbacks.evaluate(RunBeforeTestMethodCallbacks.java:74)
	at org.junit.internal.runners.statements.RunAfters.evaluate(RunAfters.java:27)
	at org.springframework.test.context.junit4.statements.RunAfterTestMethodCallbacks.evaluate(RunAfterTestMethodCallbacks.java:83)
	at org.springframework.test.context.junit4.statements.SpringRepeat.evaluate(SpringRepeat.java:72)
	at org.springframework.test.context.junit4.SpringJUnit4ClassRunner.runChild(SpringJUnit4ClassRunner.java:233)
	at org.springframework.test.context.junit4.SpringJUnit4ClassRunner.runChild(SpringJUnit4ClassRunner.java:87)
	at org.junit.runners.ParentRunner$3.run(ParentRunner.java:238)
	at org.junit.runners.ParentRunner$1.schedule(ParentRunner.java:63)
	at org.junit.runners.ParentRunner.runChildren(ParentRunner.java:236)
	at org.junit.runners.ParentRunner.access$000(ParentRunner.java:53)
	at org.junit.runners.ParentRunner$2.evaluate(ParentRunner.java:229)
	at org.springframework.test.context.junit4.statements.RunBeforeTestClassCallbacks.evaluate(RunBeforeTestClassCallbacks.java:61)
	at org.springframework.test.context.junit4.statements.RunAfterTestClassCallbacks.evaluate(RunAfterTestClassCallbacks.java:71)
	at org.junit.runners.ParentRunner.run(ParentRunner.java:309)
	at org.springframework.test.context.junit4.SpringJUnit4ClassRunner.run(SpringJUnit4ClassRunner.java:176)
	at org.gradle.api.internal.tasks.testing.junit.JUnitTestClassExecuter.runTestClass(JUnitTestClassExecuter.java:86)
	at org.gradle.api.internal.tasks.testing.junit.JUnitTestClassExecuter.execute(JUnitTestClassExecuter.java:49)
	at org.gradle.api.internal.tasks.testing.junit.JUnitTestClassProcessor.processTestClass(JUnitTestClassProcessor.java:64)
	at org.gradle.api.internal.tasks.testing.SuiteTestClassProcessor.processTestClass(SuiteTestClassProcessor.java:50)
	at sun.reflect.NativeMethodAccessorImpl.invoke0(Native Method)
	at sun.reflect.NativeMethodAccessorImpl.invoke(NativeMethodAccessorImpl.java:57)
	at sun.reflect.DelegatingMethodAccessorImpl.invoke(DelegatingMethodAccessorImpl.java:43)
	at java.lang.reflect.Method.invoke(Method.java:606)
	at org.gradle.messaging.dispatch.ReflectionDispatch.dispatch(ReflectionDispatch.java:35)
	at org.gradle.messaging.dispatch.ReflectionDispatch.dispatch(ReflectionDispatch.java:24)
	at org.gradle.messaging.dispatch.ContextClassLoaderDispatch.dispatch(ContextClassLoaderDispatch.java:32)
	at org.gradle.messaging.dispatch.ProxyDispatchAdapter$DispatchingInvocationHandler.invoke(ProxyDispatchAdapter.java:93)
	at com.sun.proxy.$Proxy2.processTestClass(Unknown Source)
	at org.gradle.api.internal.tasks.testing.worker.TestWorker.processTestClass(TestWorker.java:106)
	at sun.reflect.NativeMethodAccessorImpl.invoke0(Native Method)
	at sun.reflect.NativeMethodAccessorImpl.invoke(NativeMethodAccessorImpl.java:57)
	at sun.reflect.DelegatingMethodAccessorImpl.invoke(DelegatingMethodAccessorImpl.java:43)
	at java.lang.reflect.Method.invoke(Method.java:606)
	at org.gradle.messaging.dispatch.ReflectionDispatch.dispatch(ReflectionDispatch.java:35)
	at org.gradle.messaging.dispatch.ReflectionDispatch.dispatch(ReflectionDispatch.java:24)
	at org.gradle.messaging.remote.internal.hub.MessageHub$Handler.run(MessageHub.java:360)
	at org.gradle.internal.concurrent.DefaultExecutorFactory$StoppableExecutorImpl$1.run(DefaultExecutorFactory.java:64)
	at java.util.concurrent.ThreadPoolExecutor.runWorker(ThreadPoolExecutor.java:1145)
	at java.util.concurrent.ThreadPoolExecutor$Worker.run(ThreadPoolExecutor.java:615)
	at java.lang.Thread.run(Thread.java:745)
issuetracker.app.shared.organizationboundedcontext.location.Address.latitude size must be between 0 and 64
com.athena.framework.server.exception.biz.SpartanConstraintViolationException: Exception in validating entity /issuetracker.app.shared.organizationboundedcontext.location.Address.latitude size must be between 0 and 64

	at com.athena.framework.server.helper.EntityValidatorHelper.validateEntity(EntityValidatorHelper.java:28)
	at issuetracker.app.shared.organizationboundedcontext.location.Address.isValid(Address.java:265)
	at issuetracker.app.server.service.organizationboundedcontext.location.AddressTestCase.validateAddress(AddressTestCase.java:314)
	at issuetracker.app.server.service.organizationboundedcontext.location.AddressTestCase.test5NegativeTesting(AddressTestCase.java:378)
	at sun.reflect.NativeMethodAccessorImpl.invoke0(Native Method)
	at sun.reflect.NativeMethodAccessorImpl.invoke(NativeMethodAccessorImpl.java:57)
	at sun.reflect.DelegatingMethodAccessorImpl.invoke(DelegatingMethodAccessorImpl.java:43)
	at java.lang.reflect.Method.invoke(Method.java:606)
	at org.junit.runners.model.FrameworkMethod$1.runReflectiveCall(FrameworkMethod.java:47)
	at org.junit.internal.runners.model.ReflectiveCallable.run(ReflectiveCallable.java:12)
	at org.junit.runners.model.FrameworkMethod.invokeExplosively(FrameworkMethod.java:44)
	at org.junit.internal.runners.statements.InvokeMethod.evaluate(InvokeMethod.java:17)
	at org.junit.internal.runners.statements.RunBefores.evaluate(RunBefores.java:26)
	at org.springframework.test.context.junit4.statements.RunBeforeTestMethodCallbacks.evaluate(RunBeforeTestMethodCallbacks.java:74)
	at org.junit.internal.runners.statements.RunAfters.evaluate(RunAfters.java:27)
	at org.springframework.test.context.junit4.statements.RunAfterTestMethodCallbacks.evaluate(RunAfterTestMethodCallbacks.java:83)
	at org.springframework.test.context.junit4.statements.SpringRepeat.evaluate(SpringRepeat.java:72)
	at org.springframework.test.context.junit4.SpringJUnit4ClassRunner.runChild(SpringJUnit4ClassRunner.java:233)
	at org.springframework.test.context.junit4.SpringJUnit4ClassRunner.runChild(SpringJUnit4ClassRunner.java:87)
	at org.junit.runners.ParentRunner$3.run(ParentRunner.java:238)
	at org.junit.runners.ParentRunner$1.schedule(ParentRunner.java:63)
	at org.junit.runners.ParentRunner.runChildren(ParentRunner.java:236)
	at org.junit.runners.ParentRunner.access$000(ParentRunner.java:53)
	at org.junit.runners.ParentRunner$2.evaluate(ParentRunner.java:229)
	at org.springframework.test.context.junit4.statements.RunBeforeTestClassCallbacks.evaluate(RunBeforeTestClassCallbacks.java:61)
	at org.springframework.test.context.junit4.statements.RunAfterTestClassCallbacks.evaluate(RunAfterTestClassCallbacks.java:71)
	at org.junit.runners.ParentRunner.run(ParentRunner.java:309)
	at org.springframework.test.context.junit4.SpringJUnit4ClassRunner.run(SpringJUnit4ClassRunner.java:176)
	at org.gradle.api.internal.tasks.testing.junit.JUnitTestClassExecuter.runTestClass(JUnitTestClassExecuter.java:86)
	at org.gradle.api.internal.tasks.testing.junit.JUnitTestClassExecuter.execute(JUnitTestClassExecuter.java:49)
	at org.gradle.api.internal.tasks.testing.junit.JUnitTestClassProcessor.processTestClass(JUnitTestClassProcessor.java:64)
	at org.gradle.api.internal.tasks.testing.SuiteTestClassProcessor.processTestClass(SuiteTestClassProcessor.java:50)
	at sun.reflect.NativeMethodAccessorImpl.invoke0(Native Method)
	at sun.reflect.NativeMethodAccessorImpl.invoke(NativeMethodAccessorImpl.java:57)
	at sun.reflect.DelegatingMethodAccessorImpl.invoke(DelegatingMethodAccessorImpl.java:43)
	at java.lang.reflect.Method.invoke(Method.java:606)
	at org.gradle.messaging.dispatch.ReflectionDispatch.dispatch(ReflectionDispatch.java:35)
	at org.gradle.messaging.dispatch.ReflectionDispatch.dispatch(ReflectionDispatch.java:24)
	at org.gradle.messaging.dispatch.ContextClassLoaderDispatch.dispatch(ContextClassLoaderDispatch.java:32)
	at org.gradle.messaging.dispatch.ProxyDispatchAdapter$DispatchingInvocationHandler.invoke(ProxyDispatchAdapter.java:93)
	at com.sun.proxy.$Proxy2.processTestClass(Unknown Source)
	at org.gradle.api.internal.tasks.testing.worker.TestWorker.processTestClass(TestWorker.java:106)
	at sun.reflect.NativeMethodAccessorImpl.invoke0(Native Method)
	at sun.reflect.NativeMethodAccessorImpl.invoke(NativeMethodAccessorImpl.java:57)
	at sun.reflect.DelegatingMethodAccessorImpl.invoke(DelegatingMethodAccessorImpl.java:43)
	at java.lang.reflect.Method.invoke(Method.java:606)
	at org.gradle.messaging.dispatch.ReflectionDispatch.dispatch(ReflectionDispatch.java:35)
	at org.gradle.messaging.dispatch.ReflectionDispatch.dispatch(ReflectionDispatch.java:24)
	at org.gradle.messaging.remote.internal.hub.MessageHub$Handler.run(MessageHub.java:360)
	at org.gradle.internal.concurrent.DefaultExecutorFactory$StoppableExecutorImpl$1.run(DefaultExecutorFactory.java:64)
	at java.util.concurrent.ThreadPoolExecutor.runWorker(ThreadPoolExecutor.java:1145)
	at java.util.concurrent.ThreadPoolExecutor$Worker.run(ThreadPoolExecutor.java:615)
	at java.lang.Thread.run(Thread.java:745)
issuetracker.app.shared.organizationboundedcontext.location.Address.longitude size must be between 0 and 64
com.athena.framework.server.exception.biz.SpartanConstraintViolationException: Exception in validating entity /issuetracker.app.shared.organizationboundedcontext.location.Address.longitude size must be between 0 and 64

	at com.athena.framework.server.helper.EntityValidatorHelper.validateEntity(EntityValidatorHelper.java:28)
	at issuetracker.app.shared.organizationboundedcontext.location.Address.isValid(Address.java:265)
	at issuetracker.app.server.service.organizationboundedcontext.location.AddressTestCase.validateAddress(AddressTestCase.java:314)
	at issuetracker.app.server.service.organizationboundedcontext.location.AddressTestCase.test5NegativeTesting(AddressTestCase.java:383)
	at sun.reflect.NativeMethodAccessorImpl.invoke0(Native Method)
	at sun.reflect.NativeMethodAccessorImpl.invoke(NativeMethodAccessorImpl.java:57)
	at sun.reflect.DelegatingMethodAccessorImpl.invoke(DelegatingMethodAccessorImpl.java:43)
	at java.lang.reflect.Method.invoke(Method.java:606)
	at org.junit.runners.model.FrameworkMethod$1.runReflectiveCall(FrameworkMethod.java:47)
	at org.junit.internal.runners.model.ReflectiveCallable.run(ReflectiveCallable.java:12)
	at org.junit.runners.model.FrameworkMethod.invokeExplosively(FrameworkMethod.java:44)
	at org.junit.internal.runners.statements.InvokeMethod.evaluate(InvokeMethod.java:17)
	at org.junit.internal.runners.statements.RunBefores.evaluate(RunBefores.java:26)
	at org.springframework.test.context.junit4.statements.RunBeforeTestMethodCallbacks.evaluate(RunBeforeTestMethodCallbacks.java:74)
	at org.junit.internal.runners.statements.RunAfters.evaluate(RunAfters.java:27)
	at org.springframework.test.context.junit4.statements.RunAfterTestMethodCallbacks.evaluate(RunAfterTestMethodCallbacks.java:83)
	at org.springframework.test.context.junit4.statements.SpringRepeat.evaluate(SpringRepeat.java:72)
	at org.springframework.test.context.junit4.SpringJUnit4ClassRunner.runChild(SpringJUnit4ClassRunner.java:233)
	at org.springframework.test.context.junit4.SpringJUnit4ClassRunner.runChild(SpringJUnit4ClassRunner.java:87)
	at org.junit.runners.ParentRunner$3.run(ParentRunner.java:238)
	at org.junit.runners.ParentRunner$1.schedule(ParentRunner.java:63)
	at org.junit.runners.ParentRunner.runChildren(ParentRunner.java:236)
	at org.junit.runners.ParentRunner.access$000(ParentRunner.java:53)
	at org.junit.runners.ParentRunner$2.evaluate(ParentRunner.java:229)
	at org.springframework.test.context.junit4.statements.RunBeforeTestClassCallbacks.evaluate(RunBeforeTestClassCallbacks.java:61)
	at org.springframework.test.context.junit4.statements.RunAfterTestClassCallbacks.evaluate(RunAfterTestClassCallbacks.java:71)
	at org.junit.runners.ParentRunner.run(ParentRunner.java:309)
	at org.springframework.test.context.junit4.SpringJUnit4ClassRunner.run(SpringJUnit4ClassRunner.java:176)
	at org.gradle.api.internal.tasks.testing.junit.JUnitTestClassExecuter.runTestClass(JUnitTestClassExecuter.java:86)
	at org.gradle.api.internal.tasks.testing.junit.JUnitTestClassExecuter.execute(JUnitTestClassExecuter.java:49)
	at org.gradle.api.internal.tasks.testing.junit.JUnitTestClassProcessor.processTestClass(JUnitTestClassProcessor.java:64)
	at org.gradle.api.internal.tasks.testing.SuiteTestClassProcessor.processTestClass(SuiteTestClassProcessor.java:50)
	at sun.reflect.NativeMethodAccessorImpl.invoke0(Native Method)
	at sun.reflect.NativeMethodAccessorImpl.invoke(NativeMethodAccessorImpl.java:57)
	at sun.reflect.DelegatingMethodAccessorImpl.invoke(DelegatingMethodAccessorImpl.java:43)
	at java.lang.reflect.Method.invoke(Method.java:606)
	at org.gradle.messaging.dispatch.ReflectionDispatch.dispatch(ReflectionDispatch.java:35)
	at org.gradle.messaging.dispatch.ReflectionDispatch.dispatch(ReflectionDispatch.java:24)
	at org.gradle.messaging.dispatch.ContextClassLoaderDispatch.dispatch(ContextClassLoaderDispatch.java:32)
	at org.gradle.messaging.dispatch.ProxyDispatchAdapter$DispatchingInvocationHandler.invoke(ProxyDispatchAdapter.java:93)
	at com.sun.proxy.$Proxy2.processTestClass(Unknown Source)
	at org.gradle.api.internal.tasks.testing.worker.TestWorker.processTestClass(TestWorker.java:106)
	at sun.reflect.NativeMethodAccessorImpl.invoke0(Native Method)
	at sun.reflect.NativeMethodAccessorImpl.invoke(NativeMethodAccessorImpl.java:57)
	at sun.reflect.DelegatingMethodAccessorImpl.invoke(DelegatingMethodAccessorImpl.java:43)
	at java.lang.reflect.Method.invoke(Method.java:606)
	at org.gradle.messaging.dispatch.ReflectionDispatch.dispatch(ReflectionDispatch.java:35)
	at org.gradle.messaging.dispatch.ReflectionDispatch.dispatch(ReflectionDispatch.java:24)
	at org.gradle.messaging.remote.internal.hub.MessageHub$Handler.run(MessageHub.java:360)
	at org.gradle.internal.concurrent.DefaultExecutorFactory$StoppableExecutorImpl$1.run(DefaultExecutorFactory.java:64)
	at java.util.concurrent.ThreadPoolExecutor.runWorker(ThreadPoolExecutor.java:1145)
	at java.util.concurrent.ThreadPoolExecutor$Worker.run(ThreadPoolExecutor.java:615)
	at java.lang.Thread.run(Thread.java:745)
]]></system-err>
</testsuite>
