<?xml version="1.0" encoding="UTF-8"?>
<testsuite name="issuetracker.app.server.service.issuetrackerboundedcontext.issuetracker.IssueHistoryTestCase" tests="15" skipped="0" failures="0" errors="0" timestamp="2016-03-16T11:46:13" hostname="874d4be5f1eb" time="3.42">
  <properties/>
  <testcase name="test1Save" classname="issuetracker.app.server.service.issuetrackerboundedcontext.issuetracker.IssueHistoryTestCase" time="1.477"/>
  <testcase name="test2Update" classname="issuetracker.app.server.service.issuetrackerboundedcontext.issuetracker.IssueHistoryTestCase" time="0.071"/>
  <testcase name="test3FindById" classname="issuetracker.app.server.service.issuetrackerboundedcontext.issuetracker.IssueHistoryTestCase" time="0.017"/>
  <testcase name="test3findBycontactId" classname="issuetracker.app.server.service.issuetrackerboundedcontext.issuetracker.IssueHistoryTestCase" time="0.021"/>
  <testcase name="test3findByfeatureCategoryCode" classname="issuetracker.app.server.service.issuetrackerboundedcontext.issuetracker.IssueHistoryTestCase" time="0.023"/>
  <testcase name="test3findByissueActivityCode" classname="issuetracker.app.server.service.issuetrackerboundedcontext.issuetracker.IssueHistoryTestCase" time="0.025"/>
  <testcase name="test3findByissueCategoryCode" classname="issuetracker.app.server.service.issuetrackerboundedcontext.issuetracker.IssueHistoryTestCase" time="0.025"/>
  <testcase name="test3findByissueFlagCode" classname="issuetracker.app.server.service.issuetrackerboundedcontext.issuetracker.IssueHistoryTestCase" time="0.023"/>
  <testcase name="test3findByissueId" classname="issuetracker.app.server.service.issuetrackerboundedcontext.issuetracker.IssueHistoryTestCase" time="0.024"/>
  <testcase name="test3findByissuePriorityCode" classname="issuetracker.app.server.service.issuetrackerboundedcontext.issuetracker.IssueHistoryTestCase" time="0.023"/>
  <testcase name="test3findByissueSeverityCode" classname="issuetracker.app.server.service.issuetrackerboundedcontext.issuetracker.IssueHistoryTestCase" time="0.025"/>
  <testcase name="test3findByissueStageCode" classname="issuetracker.app.server.service.issuetrackerboundedcontext.issuetracker.IssueHistoryTestCase" time="0.025"/>
  <testcase name="test3findByissueStatusCode" classname="issuetracker.app.server.service.issuetrackerboundedcontext.issuetracker.IssueHistoryTestCase" time="0.02"/>
  <testcase name="test4Delete" classname="issuetracker.app.server.service.issuetrackerboundedcontext.issuetracker.IssueHistoryTestCase" time="0.079"/>
  <testcase name="test5NegativeTesting" classname="issuetracker.app.server.service.issuetrackerboundedcontext.issuetracker.IssueHistoryTestCase" time="1.538"/>
  <system-out><![CDATA[[EL Fine]: sql: 2016-03-16 11:46:13.626--ClientSession(232552879)--Connection(1183009156)--Thread(Thread[Test worker,5,main])--INSERT INTO ast_Title_M (titleId, titles, versionId, createdBy, createdDate, updatedBy, updatedDate, activeStatus, txnAccessCode) VALUES (?, ?, ?, ?, ?, ?, ?, ?, ?)
	bind => [8E238C90-196B-4E78-A275-4416ACF73673, hnHJly4d5JDJJ6I5n1YYZKMz9zEib2Z4IJz6v21p4U4aevEzp0, 1, AAAAA, 2016-03-16 11:46:13.617, null, 2016-03-16 11:46:13.617, 1, 51000]
[EL Fine]: sql: 2016-03-16 11:46:13.681--ClientSession(2001211830)--Connection(1183009156)--Thread(Thread[Test worker,5,main])--INSERT INTO ast_Gender_M (genderId, gender, versionId, createdBy, createdDate, updatedBy, updatedDate, activeStatus, txnAccessCode) VALUES (?, ?, ?, ?, ?, ?, ?, ?, ?)
	bind => [A5D04B4F-844E-4A70-8A5F-7B5F403152E2, mELRpG6XCLxGLqlxsqFmi2HgWnIWu7HsgU7SVP6DKBsdEjlP41, 1, AAAAA, 2016-03-16 11:46:13.666, null, 2016-03-16 11:46:13.666, 1, 51000]
[EL Fine]: sql: 2016-03-16 11:46:13.711--ClientSession(677082523)--Connection(1183009156)--Thread(Thread[Test worker,5,main])--INSERT INTO ast_Language_M (languageId, alpha2, alpha3, alpha4, alpha4parentid, language, languageDescription, languageIcon, languageType, versionId, createdBy, createdDate, updatedBy, updatedDate, activeStatus, txnAccessCode) VALUES (?, ?, ?, ?, ?, ?, ?, ?, ?, ?, ?, ?, ?, ?, ?, ?)
	bind => [15AFE427-153A-466D-B234-E3F8B33D8849, Yn, TRF, 4rUG, 9, J6BPHbaIeLc9wgdKXzJQ5kECRaIEi3eeGeumqmg1pxJ4FX8t3v, KZOiI3HNyehW7DgZIwd3WKz9dvpNOVOmuZ7UpaqecuDe6yPuhv, iLxF7iC1PdNLOvpXs2bzz8z6JvlIZF94WOhYSdQqk1BVvADihK, f1ejKG9WALe1dUZ8Nws4zSER6Hme72RO, 1, AAAAA, 2016-03-16 11:46:13.695, null, 2016-03-16 11:46:13.695, 1, 51000]
[EL Fine]: sql: 2016-03-16 11:46:13.782--ClientSession(1588391315)--Connection(1183009156)--Thread(Thread[Test worker,5,main])--INSERT INTO ast_Timezone_M (timeZoneId, cities, country, gmtLabel, timeZoneLabel, utcdifference, versionId, createdBy, createdDate, updatedBy, updatedDate, activeStatus, txnAccessCode) VALUES (?, ?, ?, ?, ?, ?, ?, ?, ?, ?, ?, ?, ?)
	bind => [E8EA5258-B3CB-443A-AAF4-DBC49326549D, 3lgHTgcFOvYneADpp7VFcxtp7YckQGjbQ4IzVNxQohF8pTDwnM, qviM4ndqbP6TZrr0od7CVSvYiHQXc4fXkhcSRwtAse4YmLmgcy, Yy3KTgOajhto3iKsoN5Itqao4L3SmuwuLMULrbxzLXDWiynpFB, ir2giPyWtWQKLmWb1XL1EOSuQ7cKwGL5BeHYDX3ShUPVUFpdab, 9, 1, AAAAA, 2016-03-16 11:46:13.617, null, 2016-03-16 11:46:13.617, 1, 51000]
[EL Fine]: sql: 2016-03-16 11:46:13.81--ClientSession(540401887)--Connection(1183009156)--Thread(Thread[Test worker,5,main])--INSERT INTO ast_Country_M (countryId, capital, capitalLatitude, capitalLongitude, countryCode1, countryCode2, countryFlag, countryName, currencyCode, currencyName, currencySymbol, isoNumeric, versionId, createdBy, createdDate, updatedBy, updatedDate, activeStatus, txnAccessCode) VALUES (?, ?, ?, ?, ?, ?, ?, ?, ?, ?, ?, ?, ?, ?, ?, ?, ?, ?, ?)
	bind => [A57BA48E-8EC0-468E-BC32-B2C98290AAA6, AuKeNNp7iVxKS4Yeym9pfe679pj7fn8g, 2, 11, y4N, pC0, A6mixuHA0qWP206hrgCEqOAuNXUFhxK3CxxyW84jhOFFse1NKC, AClWJnDZGl1O47JkmTO9Xf6IB6iFxYdERocMphhmIGznsU0ARI, f9R, T4XleyXCLPINnsgiJcqbdWESxX5UIX05mMhCbBz4AS9eM1Lr74, BXIqMLtqaVhUAdsF3qQg2faSAIWEtQGA, 9, 1, AAAAA, 2016-03-16 11:46:13.794, null, 2016-03-16 11:46:13.794, 1, 51000]
[EL Fine]: sql: 2016-03-16 11:46:13.87--ClientSession(1502637860)--Connection(1183009156)--Thread(Thread[Test worker,5,main])--INSERT INTO ast_State_M (stateId, countryId, stateCapital, stateCapitalLatitude, stateCapitalLongitude, stateCode, stateCodeChar2, stateCodeChar3, stateDescription, stateFlag, stateName, versionId, createdBy, createdDate, updatedBy, updatedDate, activeStatus, txnAccessCode) VALUES (?, ?, ?, ?, ?, ?, ?, ?, ?, ?, ?, ?, ?, ?, ?, ?, ?, ?)
	bind => [B0B15890-79C5-4D82-A4AE-4C7C22816CFA, A57BA48E-8EC0-468E-BC32-B2C98290AAA6, kgKB6hjdzq7LyAMYVSDQAB0mkudfJ2xEniK1vGyYVtgsI5rjl2, 2, 6, 1, GimC5Ujx5ZNAVjXk7h0Ik7X0qDlip1h0, ZEA2LGrFlRAY8UTyWpi3esE39ScWzGfo, o0eEB3MBRTJ35uBhyCymxzH9h6X3Jt7pRzDP6M9Zi6zBdCwxua, uL313LPUFoSbc1ZvIiY7TEUGJ3h8GxVNTHX0sHEWweBgg3syXo, BKEO9JY38LFH1W21ZJ0yr9W17KulxiCIZUrjsueIqMNPisz9IU, 1, AAAAA, 2016-03-16 11:46:13.856, null, 2016-03-16 11:46:13.856, 1, 51000]
[EL Fine]: sql: 2016-03-16 11:46:13.938--ClientSession(513879123)--Connection(1183009156)--Thread(Thread[Test worker,5,main])--INSERT INTO ast_City_M (cityId, cityCode, cityCodeChar2, cityDescription, cityFlag, cityLatitude, cityLongitude, cityName, countryId, stateId, versionId, createdBy, createdDate, updatedBy, updatedDate, activeStatus, txnAccessCode) VALUES (?, ?, ?, ?, ?, ?, ?, ?, ?, ?, ?, ?, ?, ?, ?, ?, ?)
	bind => [F20EA387-42BB-418E-ABA5-8C2EAFCFF7AD, 2, PqAL829uFh23HQsDDdd80BvOIqDCiDvE, Oyu2zhrNdSpUjK8MJc1LkST5BjC1XisuTNuuDilS9fvk8QV6mZ, PmhhLMZBZ0jCnhs92gftQ8eM5kernGcgUJTQz33PgSSm7hjsoP, 6, 8, Iky9J6gFngBcAHjiUG35De40PCEnQ2CeJUIDrmHb1fJqMLerOq, A57BA48E-8EC0-468E-BC32-B2C98290AAA6, B0B15890-79C5-4D82-A4AE-4C7C22816CFA, 1, AAAAA, 2016-03-16 11:46:13.856, null, 2016-03-16 11:46:13.856, 1, 51000]
[EL Fine]: sql: 2016-03-16 11:46:14.001--ClientSession(1610875132)--Connection(1183009156)--Thread(Thread[Test worker,5,main])--INSERT INTO ast_AddressType_M (addressTypeId, addressType, addressTypeDesc, addressTypeIcon, versionId, createdBy, createdDate, updatedBy, updatedDate, activeStatus, txnAccessCode) VALUES (?, ?, ?, ?, ?, ?, ?, ?, ?, ?, ?)
	bind => [D5AFC79D-E855-4C12-942D-38869880E257, oYhyupS4gO2xCJWrwOlfzJ754d9Ab2RtAsBC5eNRBurHPdkwFb, oNwNfRIy18AS0HZ2s0GFnmHaUhQP680k0aRd4ttm1QIwgsgTPk, 9gSzkwAUUp39F1lNkxYBzZsUJxgNphYZlyaUR3JGWIo1oa7wK0, 1, AAAAA, 2016-03-16 11:46:13.989, null, 2016-03-16 11:46:13.989, 1, 51000]
[EL Fine]: sql: 2016-03-16 11:46:14.029--ClientSession(1500557607)--Connection(1183009156)--Thread(Thread[Test worker,5,main])--INSERT INTO ast_CommunicationGroup_M (commGroupId, commGroupDescription, commGroupName, versionId, createdBy, createdDate, updatedBy, updatedDate, activeStatus, txnAccessCode) VALUES (?, ?, ?, ?, ?, ?, ?, ?, ?, ?)
	bind => [087B353D-3CEE-4B3D-AC66-96CCD1EF2609, VqZK0Sj0m2vtUj6pC19BUmGfd6PrmTZHOiIeRSB814YSrzPp3W, 5U68vszdr4Tn8d1n1drGjtulzrXNU14vfARI2oC7W5XAQvXsio, 1, AAAAA, 2016-03-16 11:46:14.018, null, 2016-03-16 11:46:14.018, 1, 51000]
[EL Fine]: sql: 2016-03-16 11:46:14.1--ClientSession(1455375607)--Connection(1183009156)--Thread(Thread[Test worker,5,main])--INSERT INTO ast_CommunicationType_M (commType, commGroupId, commTypeDescription, commTypeName, versionId, createdBy, createdDate, updatedBy, updatedDate, activeStatus, txnAccessCode) VALUES (?, ?, ?, ?, ?, ?, ?, ?, ?, ?, ?)
	bind => [9285EF30-7812-4035-ABD5-E39AFE8A64B3, 087B353D-3CEE-4B3D-AC66-96CCD1EF2609, tyjKGeSVs3KIHzErdz92CFtH5v9PSucVgMrJE4aYRJJekyaN43, 18YLrp3O5dx1InNyVEdJElIKHMdhmWih0RHlICccEgelysc3xc, 1, AAAAA, 2016-03-16 11:46:14.088, null, 2016-03-16 11:46:14.088, 1, 51000]
[EL Fine]: sql: 2016-03-16 11:46:14.132--ClientSession(1420449584)--Connection(1183009156)--Thread(Thread[Test worker,5,main])--SELECT timeZoneId FROM ast_Timezone_M WHERE (timeZoneId = ?)
	bind => [E8EA5258-B3CB-443A-AAF4-DBC49326549D]
[EL Fine]: sql: 2016-03-16 11:46:14.133--ClientSession(1420449584)--Connection(1183009156)--Thread(Thread[Test worker,5,main])--INSERT INTO ast_CoreContacts_T (contactId, age, approximateDOB, dateofbirth, emailId, firstName, genderId, lastName, middleName, nativeFirstName, nativeLanguageCode, nativeLastName, nativeMiddleName, nativeTitle, phoneNumber, titleId, versionId, createdBy, createdDate, updatedBy, updatedDate, activeStatus, txnAccessCode, timeZoneId) VALUES (?, ?, ?, ?, ?, ?, ?, ?, ?, ?, ?, ?, ?, ?, ?, ?, ?, ?, ?, ?, ?, ?, ?, ?)
	bind => [18CAB0D6-E4C1-4726-9405-087BEFA674BC, 53, 2016-03-16 11:31:30.788, 2016-03-16 11:31:30.905, YEPa7iqIV5xOwt0jsnJwZdnoVHdnT4YaynWbR67cSokTbrpQYF, 8q0QYxE6bv4OeuHyBPkHYSM2LvLyTfkU4XkiNbPjO6VyXuuNKW, A5D04B4F-844E-4A70-8A5F-7B5F403152E2, g5XlYvDuMOp57b3wcgMlTLgKoqzso47RufLUEk0tP5BhvvxWyj, gq3R5Pv6LgDyEwIx8VOQ7UdG2sAqYbqmB09qsHRuuAtzZufiOu, xGpUaEKRaWuKHwg8GZlARXF6FSGa4m4DD15kfgFnqNz9nTzjeH, 15AFE427-153A-466D-B234-E3F8B33D8849, kp4kfqQQmhEbJSYQXIRNsCuMwoFqM5gMwDZvMznEuUWE3GON1m, HkH8aqBlV3T10HMql4fqtUxIYYmhDlxK3acpRqCe5Ear3v82r8, bJE4jziDtBg8xw09UybnMVocmsn1BiIfONDjoPsQYRIgzcQzNG, QjIj376e3IQhn7sKByfb, 8E238C90-196B-4E78-A275-4416ACF73673, 1, AAAAA, 2016-03-16 11:46:13.617, null, 2016-03-16 11:46:13.617, 1, 51000, E8EA5258-B3CB-443A-AAF4-DBC49326549D]
[EL Fine]: sql: 2016-03-16 11:46:14.135--ClientSession(1420449584)--Connection(1183009156)--Thread(Thread[Test worker,5,main])--INSERT INTO ast_CommunicationData_TP (commDataId, commData, commGroupId, commType, versionId, createdBy, createdDate, updatedBy, updatedDate, activeStatus, txnAccessCode) VALUES (?, ?, ?, ?, ?, ?, ?, ?, ?, ?, ?)
	bind => [B366DDB5-DC02-4478-BE2E-712E67AF82A4, f84gZP0lfsD8kpbvBPUdC9RImncgcxNZrfBekolqkr3majpMYc, 087B353D-3CEE-4B3D-AC66-96CCD1EF2609, 9285EF30-7812-4035-ABD5-E39AFE8A64B3, 1, AAAAA, 2016-03-16 11:46:14.018, null, 2016-03-16 11:46:14.018, 1, 51000]
[EL Fine]: sql: 2016-03-16 11:46:14.136--ClientSession(1420449584)--Connection(1183009156)--Thread(Thread[Test worker,5,main])--INSERT INTO ast_Address_T (addressId, address1, address2, address3, addressLabel, addressTypeId, cityId, countryId, latitude, longitude, stateId, versionId, zipcode, createdBy, createdDate, updatedBy, updatedDate, activeStatus, txnAccessCode) VALUES (?, ?, ?, ?, ?, ?, ?, ?, ?, ?, ?, ?, ?, ?, ?, ?, ?, ?, ?)
	bind => [AFBBE9B4-59DB-423D-A88E-3940FDD1855B, b0CeeoQEQR0NrvZAW530nU9lKpUfZV2PxuQgIkgimopFpxcfGF, lKsxDVHAKaf8QANHYdDXmkdgUkyCreZ80q95vkkEQMmCCnZjDD, kYG7ZoufcOtymzwuZShjXIqIkC0jnBQxq3EbtDhM6jfuZawCLC, pvWNLLf3p5I, D5AFC79D-E855-4C12-942D-38869880E257, F20EA387-42BB-418E-ABA5-8C2EAFCFF7AD, A57BA48E-8EC0-468E-BC32-B2C98290AAA6, BE1xV0mzRH4eCsHE24GR850ut1evl7K3vaC8yCF7GhULyqOGj5, j211kcE6qdOjNwuAeVY6KA8rmhLtQoPlq0U6wD4lqFQASQ9G0U, B0B15890-79C5-4D82-A4AE-4C7C22816CFA, 1, qaFiDa, AAAAA, 2016-03-16 11:46:13.794, null, 2016-03-16 11:46:13.794, 1, 51000]
[EL Fine]: sql: 2016-03-16 11:46:14.138--ClientSession(1420449584)--Connection(1183009156)--Thread(Thread[Test worker,5,main])--INSERT INTO ast_AddressMap_B (addressId, contactId) VALUES (?, ?)
	bind => [AFBBE9B4-59DB-423D-A88E-3940FDD1855B, 18CAB0D6-E4C1-4726-9405-087BEFA674BC]
[EL Fine]: sql: 2016-03-16 11:46:14.139--ClientSession(1420449584)--Connection(1183009156)--Thread(Thread[Test worker,5,main])--INSERT INTO ast_CommunicationMap_B (commDataId, contactId) VALUES (?, ?)
	bind => [B366DDB5-DC02-4478-BE2E-712E67AF82A4, 18CAB0D6-E4C1-4726-9405-087BEFA674BC]
[EL Fine]: sql: 2016-03-16 11:46:14.17--ClientSession(437497468)--Connection(1183009156)--Thread(Thread[Test worker,5,main])--INSERT INTO ast_IssueStage_M (issueStageCode, issueStageDesc, issueStageId, issueStageName, versionId, createdBy, createdDate, updatedBy, updatedDate, activeStatus, txnAccessCode) VALUES (?, ?, ?, ?, ?, ?, ?, ?, ?, ?, ?)
	bind => [4EE4D7F7-107D-4239-82EB-E7AE03C16BBE, MPlkvwftY3ld8QG8OHMLS6Y3FjzQmdprqwUraoNAFjpRvfoo0O, x0I3BRzO4mSvviibxfySRNvXy1iwjsZye1c45wlRpH3DcrzqmP, tVXkvin9lzPxT4gvlddVj12MnEF3ZlLa5CWk0ztHFKNgvfkOEk, 1, AAAAA, 2016-03-16 11:46:14.155, null, 2016-03-16 11:46:14.155, 1, 51000]
[EL Fine]: sql: 2016-03-16 11:46:14.199--ClientSession(1878088931)--Connection(1183009156)--Thread(Thread[Test worker,5,main])--INSERT INTO ast_IssuePriority_M (issuePriorityCode, issuePriorityDesc, issuePriorityName, versionId, createdBy, createdDate, updatedBy, updatedDate, activeStatus, txnAccessCode) VALUES (?, ?, ?, ?, ?, ?, ?, ?, ?, ?)
	bind => [0C2BAAE5-A501-4EA3-88D4-C3B2CB42B805, XgAzY9IsaGTfru4wcDl6sibN3Sd32UIIm0qypnd4VZWFE5d9OM, nY16NL2uTcyXg4LvivIq4GS647ocV4HQsmbSAURrx8rXtfhpyy, 1, AAAAA, 2016-03-16 11:46:14.183, null, 2016-03-16 11:46:14.183, 1, 51000]
[EL Fine]: sql: 2016-03-16 11:46:14.226--ClientSession(1608914758)--Connection(1183009156)--Thread(Thread[Test worker,5,main])--INSERT INTO ast_IssueSeverity_M (issueSeverityCode, issueSeverityDesc, issueSeverityName, versionId, createdBy, createdDate, updatedBy, updatedDate, activeStatus, txnAccessCode) VALUES (?, ?, ?, ?, ?, ?, ?, ?, ?, ?)
	bind => [2831BBEA-4073-4247-8689-AB484000725E, 5t9tJmTFGIeEOLoLV4QlkwQPtGykuo5dSeLSKXRMbf6bwct4Nz, lV8wYZSzDHXbppITUdypzNUHAFdw3auKzlplZGn9H7fxrzD7XX, 1, AAAAA, 2016-03-16 11:46:14.213, null, 2016-03-16 11:46:14.213, 1, 51000]
[EL Fine]: sql: 2016-03-16 11:46:14.252--ClientSession(1603660960)--Connection(1183009156)--Thread(Thread[Test worker,5,main])--INSERT INTO ast_IssueStatus_M (issueStatusCode, issueStageCode, issueStatusDesc, issueStatusId, issueStatusName, versionId, createdBy, createdDate, updatedBy, updatedDate, activeStatus, txnAccessCode) VALUES (?, ?, ?, ?, ?, ?, ?, ?, ?, ?, ?, ?)
	bind => [0A080271-8683-4CC0-9A3E-1BCD9B1232DA, 4EE4D7F7-107D-4239-82EB-E7AE03C16BBE, kgAbfbWcbPLHgC7vOQIHqZkqBTXTY5U7skirYmS98A2sUgFBZX, "GVTEqzMjXHhSfUol9HWX4XXfHaUwGIHnfVjxvGjnyBs8OHMFdN", tjlRqcCZXw6RqijZAGFCGbEmRYzRw1rccljHjRPE9V1QKezqiD, 1, AAAAA, 2016-03-16 11:46:14.241, null, 2016-03-16 11:46:14.241, 1, 51000]
[EL Fine]: sql: 2016-03-16 11:46:14.313--ClientSession(1609286477)--Connection(1183009156)--Thread(Thread[Test worker,5,main])--INSERT INTO ast_IssueCategory_M (issueCategoryCode, issueCategoryDesc, issueCategoryName, versionId, createdBy, createdDate, updatedBy, updatedDate, activeStatus, txnAccessCode) VALUES (?, ?, ?, ?, ?, ?, ?, ?, ?, ?)
	bind => [2FD3723C-EF06-4A32-A5E1-7444DAB43AD8, UVsixVcEG6DDqIehTLPuXgyQd0GtIDFrFILqFmJvGmofL0e7i5, DI9r18Ws7jZF6IbfYQ3esLDlM4Tu1Tf01w1rhL35ni6YX0ynvq, 1, AAAAA, 2016-03-16 11:46:14.3, null, 2016-03-16 11:46:14.3, 1, 51000]
[EL Fine]: sql: 2016-03-16 11:46:14.369--ClientSession(442031451)--Connection(1183009156)--Thread(Thread[Test worker,5,main])--INSERT INTO ast_IssueFlag_M (issueFlagCode, issueFlagDesc, issueFlagName, versionId, createdBy, createdDate, updatedBy, updatedDate, activeStatus, txnAccessCode) VALUES (?, ?, ?, ?, ?, ?, ?, ?, ?, ?)
	bind => [0EEA7BB8-DBE0-4D50-BB99-F1E585811E03, UidD9L0Xqhjv3BNAU5ldi9gatav0NEFTQzzcjkKckvQlL2APlr, 3uPBm4yZzpuDBgAIROHjZhApkj8CeZ27otbAJRqqdmIA7zyAh1, 1, AAAAA, 2016-03-16 11:46:14.357, null, 2016-03-16 11:46:14.357, 1, 51000]
[EL Fine]: sql: 2016-03-16 11:46:14.44--ClientSession(1444754293)--Connection(1183009156)--Thread(Thread[Test worker,5,main])--INSERT INTO ast_IssueActivity_M (issueActivityCode, issueActivityDesc, issueActivityId, issueActivityName, issueStageCode, issueStatusCode, versionId, createdBy, createdDate, updatedBy, updatedDate, activeStatus, txnAccessCode) VALUES (?, ?, ?, ?, ?, ?, ?, ?, ?, ?, ?, ?, ?)
	bind => [BA101414-AEFC-42CF-A42E-4DB75C613D6B, QA300VjXTtJA4p798gTwweHoJmwcp2H537oxgBUDBKmzzoD0VB, "Yza1L5iD5PWHJaCXmT4ePlWEdyaAwankP6J0k9WZXSZo4CK7bm", o0iVGjVKBwNj7iHGEyXMfbGNgyWeyQfVbJ0HxJxwnC9FG92vH0, 4EE4D7F7-107D-4239-82EB-E7AE03C16BBE, 0A080271-8683-4CC0-9A3E-1BCD9B1232DA, 1, AAAAA, 2016-03-16 11:46:14.424, null, 2016-03-16 11:46:14.424, 1, 51000]
[EL Fine]: sql: 2016-03-16 11:46:14.509--ClientSession(1777886936)--Connection(1183009156)--Thread(Thread[Test worker,5,main])--INSERT INTO ast_ProjectAccessRights_M (projectAccessCode, projectAccessDesc, projectAccessName, versionId, createdBy, createdDate, updatedBy, updatedDate, activeStatus, txnAccessCode) VALUES (?, ?, ?, ?, ?, ?, ?, ?, ?, ?)
	bind => [A45EA2E0-520A-4950-8A8D-5A05CD7E3204, HiVa3tSjLm0PxrgA3iLT9rgs0HMAs7dNjEFbk4tJ51NlEqh7ni, Gfn2KHCkfTAZyQlviCxU5NEeNN4OAxeYtahpuOaopa4H9ZkgXI, 1, AAAAA, 2016-03-16 11:46:14.496, null, 2016-03-16 11:46:14.496, 1, 51000]
[EL Fine]: sql: 2016-03-16 11:46:14.586--ClientSession(659302433)--Connection(1183009156)--Thread(Thread[Test worker,5,main])--INSERT INTO ast_CreateProject_T (projectId, build, dateOfCreation, projectAccessCode, projectDescription, projectName, projectShortName, projectURL, version, versionId, createdBy, createdDate, updatedBy, updatedDate, activeStatus, txnAccessCode) VALUES (?, ?, ?, ?, ?, ?, ?, ?, ?, ?, ?, ?, ?, ?, ?, ?)
	bind => [C731E0FC-8A13-4A0A-8AEF-DD7670F47ADF, ymSUUyZFaGQLOngxuhdEDyoy4bNVebP6keFdVtLDqjnPg44tOH, 1970-01-02, A45EA2E0-520A-4950-8A8D-5A05CD7E3204, RdFNlkUVwI8F3wNpKhr5MS0mJo83W1VO1YZgMKNV93NVVi7pfA, RaUS3e9dhUR4AqeHtm6TeDzl6iGQENWN6x50Ith5LMnQdX2PbB, 9nwKbLFH7n5d1RRsRBQOLqSSG9OodNxJyEIXrokZzd0qxdpRNN, Yfl0wbjGcmffB7QqzBjrV0rOTuWxzbzvYwfB0JxW8XfHCJGV8r, wEoQkyu5w30qMNSFRL7rUCsT5XtQOlZvMLfbKu0gV9rxImb2zP, 1, AAAAA, 2016-03-16 11:46:14.496, null, 2016-03-16 11:46:14.496, 1, 51000]
[EL Fine]: sql: 2016-03-16 11:46:14.587--ClientSession(659302433)--Connection(1183009156)--Thread(Thread[Test worker,5,main])--INSERT INTO ast_ProjectUserMapping_TP (prjUserId, contactId, isAdmin, versionId, createdBy, createdDate, updatedBy, updatedDate, activeStatus, txnAccessCode, projectId) VALUES (?, ?, ?, ?, ?, ?, ?, ?, ?, ?, ?)
	bind => [18CB8298-16D5-4DE6-8AAC-1E98EF8BF9F9, 18CAB0D6-E4C1-4726-9405-087BEFA674BC, true, 1, AAAAA, 2016-03-16 11:46:14.569, null, 2016-03-16 11:46:14.569, 1, 51000, C731E0FC-8A13-4A0A-8AEF-DD7670F47ADF]
[EL Fine]: sql: 2016-03-16 11:46:14.625--ClientSession(1767703893)--Connection(1183009156)--Thread(Thread[Test worker,5,main])--INSERT INTO ast_ProjectModule_T (moduleId, build, dateOfCreation, moduleDescription, moduleName, moduleShortName, projectId, version, versionId, createdBy, createdDate, updatedBy, updatedDate, activeStatus, txnAccessCode) VALUES (?, ?, ?, ?, ?, ?, ?, ?, ?, ?, ?, ?, ?, ?, ?)
	bind => [09BC32EF-7354-4BDE-A5E5-9065463660E1, vGiMuxu4tVp2iK256fzJfanLJPO6TSQOqEBPInWzpMASvo6Ysu, 1970-01-02, FYhjST7sp7tgq7otzmaiVDUpHCViHNcHMU7eYwxdhzeZdLwait, UpkKTqz4mIr3OXVi9OYtytIA85iEtLoF7aaZaFvPxkwRuZS6ZO, wnRiVVhg7g9b8LW8Vb2ky8BDqmtDbRc8CYxi8JyCq9Q3MufOwT, C731E0FC-8A13-4A0A-8AEF-DD7670F47ADF, XO59RF3kybs33mpHQjxqJbonwYLJzM5IFT8rQKAvPvOutdLh0z, 1, AAAAA, 2016-03-16 11:46:14.496, null, 2016-03-16 11:46:14.496, 1, 51000]
[EL Fine]: sql: 2016-03-16 11:46:14.627--ClientSession(1767703893)--Connection(1183009156)--Thread(Thread[Test worker,5,main])--INSERT INTO ast_ModuleUserMapping_TP (modUserId, contactId, isAdmin, projectId, versionId, createdBy, createdDate, updatedBy, updatedDate, activeStatus, txnAccessCode, moduleId) VALUES (?, ?, ?, ?, ?, ?, ?, ?, ?, ?, ?, ?)
	bind => [4F589AAB-41EE-4D22-9C46-67D17C4BD0CC, 18CAB0D6-E4C1-4726-9405-087BEFA674BC, true, C731E0FC-8A13-4A0A-8AEF-DD7670F47ADF, 1, AAAAA, 2016-03-16 11:46:14.607, null, 2016-03-16 11:46:14.607, 1, 51000, 09BC32EF-7354-4BDE-A5E5-9065463660E1]
[EL Fine]: sql: 2016-03-16 11:46:14.702--ClientSession(1030167698)--Connection(1183009156)--Thread(Thread[Test worker,5,main])--INSERT INTO ast_ProjectFeature_T (featureId, build, dateOfCreation, featureDescription, featureName, featureShortName, moduleId, projectId, version, versionId, createdBy, createdDate, updatedBy, updatedDate, activeStatus, txnAccessCode) VALUES (?, ?, ?, ?, ?, ?, ?, ?, ?, ?, ?, ?, ?, ?, ?, ?)
	bind => [754534E4-D3CF-4662-8CB6-3FF9113B3800, 10, 1970-01-02, 23MNAyU8N7FEUtrtNISLk4F0tQk1RBJShVH6z7LCbnd6eickEn, 84lqUiASLaKyt6m3iBir38bdikDZ2LKztz8lU70kaelM2ATcJs, qJxocUexRpiBSBXpItQl7QXI5MXmBJdw9ai2y0eLLCaHXpdjpb, 09BC32EF-7354-4BDE-A5E5-9065463660E1, C731E0FC-8A13-4A0A-8AEF-DD7670F47ADF, 11, 1, AAAAA, 2016-03-16 11:46:14.496, null, 2016-03-16 11:46:14.496, 1, 51000]
[EL Fine]: sql: 2016-03-16 11:46:14.703--ClientSession(1030167698)--Connection(1183009156)--Thread(Thread[Test worker,5,main])--INSERT INTO ast_FeatureUserMapping_TP (feaUserId, contactId, isAdmin, moduleId, projectId, versionId, createdBy, createdDate, updatedBy, updatedDate, activeStatus, txnAccessCode, featureId) VALUES (?, ?, ?, ?, ?, ?, ?, ?, ?, ?, ?, ?, ?)
	bind => [2BFA00C1-C132-45B6-ABC0-FFAF406BD403, 18CAB0D6-E4C1-4726-9405-087BEFA674BC, true, 09BC32EF-7354-4BDE-A5E5-9065463660E1, C731E0FC-8A13-4A0A-8AEF-DD7670F47ADF, 1, AAAAA, 2016-03-16 11:46:14.682, null, 2016-03-16 11:46:14.682, 1, 51000, 754534E4-D3CF-4662-8CB6-3FF9113B3800]
[EL Fine]: sql: 2016-03-16 11:46:14.732--ClientSession(742913676)--Connection(1183009156)--Thread(Thread[Test worker,5,main])--INSERT INTO ast_FeatureCategory_M (featureCategoryCode, featureCategoryDesc, featureCategoryName, versionId, createdBy, createdDate, updatedBy, updatedDate, activeStatus, txnAccessCode) VALUES (?, ?, ?, ?, ?, ?, ?, ?, ?, ?)
	bind => [13EDD7EE-423A-4E96-B179-A4B35F48E02C, d9TqvDOg2Wjw5mLREvsotzyWw3rBLmD9rXk5vHpvaiJuJm34BA, RNg1QXRBONR9V4BMvkwqSSVOdiP6I4PzMRhsRlyMDxwBAfDSKx, 1, AAAAA, 2016-03-16 11:46:14.721, null, 2016-03-16 11:46:14.721, 1, 51000]
[EL Fine]: sql: 2016-03-16 11:46:14.764--ClientSession(188006948)--Connection(1183009156)--Thread(Thread[Test worker,5,main])--INSERT INTO ast_IssueWorkflow_T (issueId, browser, creatorContactId, dateCreated, featureId, issueDescription, issueTitle, moduleId, OS, projectId, stepsToReproduce, versionId, createdBy, createdDate, updatedBy, updatedDate, activeStatus, txnAccessCode) VALUES (?, ?, ?, ?, ?, ?, ?, ?, ?, ?, ?, ?, ?, ?, ?, ?, ?, ?)
	bind => [36064FCD-F92C-42DE-91AC-13F06EC224A2, wwOdM3jozojkD6XMjD0yOPhUyous51w03IFDfb0ceB5wBLDTDK, 18CAB0D6-E4C1-4726-9405-087BEFA674BC, 1970-01-02, 754534E4-D3CF-4662-8CB6-3FF9113B3800, moYIqEMHuxJj406YyW3iHZNS1W7a3pvdcfzOSqBa1m9vuXobI5, jpclaE9YwYdXZHM84ZhEs3czR7om8AxMbGr5lzlBIsmeZ2zs1o, 09BC32EF-7354-4BDE-A5E5-9065463660E1, q8rgByX10v6BRI6R68wXCM2JR1Hnng0IMQBaUQn7rInm4XUOm4, C731E0FC-8A13-4A0A-8AEF-DD7670F47ADF, rwjh7Tzkq3aCt6mUpfSXvGJDMeLycxJW130RgiRHvpq7AMSGb2, 1, AAAAA, 2016-03-16 11:46:14.496, null, 2016-03-16 11:46:14.496, 1, 51000]
[EL Fine]: sql: 2016-03-16 11:46:14.765--ClientSession(188006948)--Connection(1183009156)--Thread(Thread[Test worker,5,main])--INSERT INTO ast_AddWatchers_TP (watchId, contactId, versionId, createdBy, createdDate, updatedBy, updatedDate, activeStatus, txnAccessCode, issueId) VALUES (?, ?, ?, ?, ?, ?, ?, ?, ?, ?)
	bind => [C20CBB76-B5DE-4500-9337-2493562A7FF6, 18CAB0D6-E4C1-4726-9405-087BEFA674BC, 1, AAAAA, 2016-03-16 11:46:14.721, null, 2016-03-16 11:46:14.721, 1, 51000, 36064FCD-F92C-42DE-91AC-13F06EC224A2]
[EL Fine]: sql: 2016-03-16 11:46:14.766--ClientSession(188006948)--Connection(1183009156)--Thread(Thread[Test worker,5,main])--INSERT INTO ast_IssueAssignment_TP (basketId, comments, contactId, endTime, issueDate, startTime, versionId, createdBy, createdDate, updatedBy, updatedDate, activeStatus, txnAccessCode, issueId) VALUES (?, ?, ?, ?, ?, ?, ?, ?, ?, ?, ?, ?, ?, ?)
	bind => [F5043AC2-3A3B-4075-9B37-4D2498F674EB, p8VLa2NGfkBzpl7KgF1RHTS2YY3csR0CjZ63unLXcKktDV0nam, 18CAB0D6-E4C1-4726-9405-087BEFA674BC, 1970-01-02, 1970-01-02, 1970-01-02, 1, AAAAA, 2016-03-16 11:46:14.721, null, 2016-03-16 11:46:14.721, 1, 51000, 36064FCD-F92C-42DE-91AC-13F06EC224A2]
[EL Fine]: sql: 2016-03-16 11:46:14.767--ClientSession(188006948)--Connection(1183009156)--Thread(Thread[Test worker,5,main])--INSERT INTO ast_IssueHeaders_TP (issuePk, comments, effortEstimate, featureCategoryCode, issueActivityCode, issueCategoryCode, issueFlagCode, issuePriorityCode, issueSeverityCode, issueStageCode, issueStatusCode, lastUpdated, versionId, createdBy, createdDate, updatedBy, updatedDate, activeStatus, txnAccessCode, issueId) VALUES (?, ?, ?, ?, ?, ?, ?, ?, ?, ?, ?, ?, ?, ?, ?, ?, ?, ?, ?, ?)
	bind => [CA4A0552-FDF4-4ED1-81F2-F7AFE7E1C03F, r2RKS6Iv8J7Iv8gySI3DXX2U6DeGpQFfpH7Tg5J1H8kxsjzCsd, 1970-01-02, 13EDD7EE-423A-4E96-B179-A4B35F48E02C, BA101414-AEFC-42CF-A42E-4DB75C613D6B, 2FD3723C-EF06-4A32-A5E1-7444DAB43AD8, 0EEA7BB8-DBE0-4D50-BB99-F1E585811E03, 0C2BAAE5-A501-4EA3-88D4-C3B2CB42B805, 2831BBEA-4073-4247-8689-AB484000725E, 4EE4D7F7-107D-4239-82EB-E7AE03C16BBE, 0A080271-8683-4CC0-9A3E-1BCD9B1232DA, 1970-01-02, 1, AAAAA, 2016-03-16 11:46:14.721, null, 2016-03-16 11:46:14.721, 1, 51000, 36064FCD-F92C-42DE-91AC-13F06EC224A2]
Setting logged in user info for ADD
[EL Fine]: sql: 2016-03-16 11:46:14.93--ClientSession(1160748816)--Connection(1183009156)--Thread(Thread[Test worker,5,main])--INSERT INTO ast_IssueHistory_M (issueHistId, comments, contactId, effortEstimate, endTime, featureCategoryCode, issueActivityCode, issueCategoryCode, issueDate, issueFlagCode, issueId, issuePriorityCode, issueSeverityCode, issueStageCode, issueStatusCode, lastUpdated, startTime, versionId, createdBy, createdDate, updatedBy, updatedDate, activeStatus, txnAccessCode) VALUES (?, ?, ?, ?, ?, ?, ?, ?, ?, ?, ?, ?, ?, ?, ?, ?, ?, ?, ?, ?, ?, ?, ?, ?)
	bind => [0ADA0726-ED06-4368-B2C4-3E185B7B2A72, uum5ooYDelxyBJXIpHG4QK8KcIJAu570JnhcZ8bLFhTDzVRtlq, 18CAB0D6-E4C1-4726-9405-087BEFA674BC, 1970-01-02, 1970-01-02, 13EDD7EE-423A-4E96-B179-A4B35F48E02C, BA101414-AEFC-42CF-A42E-4DB75C613D6B, 2FD3723C-EF06-4A32-A5E1-7444DAB43AD8, 1970-01-02, 0EEA7BB8-DBE0-4D50-BB99-F1E585811E03, 36064FCD-F92C-42DE-91AC-13F06EC224A2, 0C2BAAE5-A501-4EA3-88D4-C3B2CB42B805, 2831BBEA-4073-4247-8689-AB484000725E, 4EE4D7F7-107D-4239-82EB-E7AE03C16BBE, 0A080271-8683-4CC0-9A3E-1BCD9B1232DA, 1970-01-02, 1970-01-02, 1, AAAAA, 2016-03-16 11:46:14.845, null, 2016-03-16 11:46:14.845, 1, 51000]
[EL Fine]: sql: 2016-03-16 11:46:15.086--ClientSession(534210264)--Connection(1183009156)--Thread(Thread[Test worker,5,main])--SELECT issueHistId, comments, contactId, effortEstimate, endTime, featureCategoryCode, issueActivityCode, issueCategoryCode, issueDate, issueFlagCode, issueId, issuePriorityCode, issueSeverityCode, issueStageCode, issueStatusCode, lastUpdated, startTime, versionId, createdBy, createdDate, updatedBy, updatedDate, activeStatus, txnAccessCode FROM ast_IssueHistory_M WHERE ((activeStatus = ?) AND (issueHistId = ?))
	bind => [1, 0ADA0726-ED06-4368-B2C4-3E185B7B2A72]
Setting logged in user info for UPDATE
[EL Fine]: sql: 2016-03-16 11:46:15.093--ClientSession(189361306)--Connection(1183009156)--Thread(Thread[Test worker,5,main])--SELECT issueHistId, comments, contactId, effortEstimate, endTime, featureCategoryCode, issueActivityCode, issueCategoryCode, issueDate, issueFlagCode, issueId, issuePriorityCode, issueSeverityCode, issueStageCode, issueStatusCode, lastUpdated, startTime, versionId, createdBy, createdDate, updatedBy, updatedDate, activeStatus, txnAccessCode FROM ast_IssueHistory_M WHERE (issueHistId = ?)
	bind => [0ADA0726-ED06-4368-B2C4-3E185B7B2A72]
[EL Fine]: sql: 2016-03-16 11:46:15.097--ClientSession(189361306)--Connection(1183009156)--Thread(Thread[Test worker,5,main])--UPDATE ast_IssueHistory_M SET comments = ?, effortEstimate = ?, endTime = ?, issueDate = ?, lastUpdated = ?, startTime = ?, updatedBy = ?, versionId = ? WHERE ((issueHistId = ?) AND (versionId = ?))
	bind => [sawjceRfY2yPDCrqXaxrKXsdbYkQVukXBV6tev3vg5AHB0Hjil, 1970-01-02, 1970-01-02, 1970-01-02, 1970-01-02, 1970-01-02, AAAAA, 2, 0ADA0726-ED06-4368-B2C4-3E185B7B2A72, 1]
[EL Fine]: sql: 2016-03-16 11:46:15.154--ClientSession(855555078)--Connection(1183009156)--Thread(Thread[Test worker,5,main])--SELECT issueHistId, comments, contactId, effortEstimate, endTime, featureCategoryCode, issueActivityCode, issueCategoryCode, issueDate, issueFlagCode, issueId, issuePriorityCode, issueSeverityCode, issueStageCode, issueStatusCode, lastUpdated, startTime, versionId, createdBy, createdDate, updatedBy, updatedDate, activeStatus, txnAccessCode FROM ast_IssueHistory_M WHERE ((activeStatus = ?) AND (issueHistId = ?))
	bind => [1, 0ADA0726-ED06-4368-B2C4-3E185B7B2A72]
[EL Fine]: sql: 2016-03-16 11:46:15.173--ClientSession(1056252175)--Connection(1183009156)--Thread(Thread[Test worker,5,main])--SELECT issueHistId, comments, contactId, effortEstimate, endTime, featureCategoryCode, issueActivityCode, issueCategoryCode, issueDate, issueFlagCode, issueId, issuePriorityCode, issueSeverityCode, issueStageCode, issueStatusCode, lastUpdated, startTime, versionId, createdBy, createdDate, updatedBy, updatedDate, activeStatus, txnAccessCode FROM ast_IssueHistory_M WHERE ((activeStatus = ?) AND (contactId = ?))
	bind => [1, 18CAB0D6-E4C1-4726-9405-087BEFA674BC]
[EL Fine]: sql: 2016-03-16 11:46:15.195--ClientSession(346653938)--Connection(1183009156)--Thread(Thread[Test worker,5,main])--SELECT issueHistId, comments, contactId, effortEstimate, endTime, featureCategoryCode, issueActivityCode, issueCategoryCode, issueDate, issueFlagCode, issueId, issuePriorityCode, issueSeverityCode, issueStageCode, issueStatusCode, lastUpdated, startTime, versionId, createdBy, createdDate, updatedBy, updatedDate, activeStatus, txnAccessCode FROM ast_IssueHistory_M WHERE ((activeStatus = ?) AND (featureCategoryCode = ?))
	bind => [1, 13EDD7EE-423A-4E96-B179-A4B35F48E02C]
[EL Fine]: sql: 2016-03-16 11:46:15.22--ClientSession(538389667)--Connection(1183009156)--Thread(Thread[Test worker,5,main])--SELECT issueHistId, comments, contactId, effortEstimate, endTime, featureCategoryCode, issueActivityCode, issueCategoryCode, issueDate, issueFlagCode, issueId, issuePriorityCode, issueSeverityCode, issueStageCode, issueStatusCode, lastUpdated, startTime, versionId, createdBy, createdDate, updatedBy, updatedDate, activeStatus, txnAccessCode FROM ast_IssueHistory_M WHERE ((activeStatus = ?) AND (issueActivityCode = ?))
	bind => [1, BA101414-AEFC-42CF-A42E-4DB75C613D6B]
[EL Fine]: sql: 2016-03-16 11:46:15.248--ClientSession(1205080801)--Connection(1183009156)--Thread(Thread[Test worker,5,main])--SELECT issueHistId, comments, contactId, effortEstimate, endTime, featureCategoryCode, issueActivityCode, issueCategoryCode, issueDate, issueFlagCode, issueId, issuePriorityCode, issueSeverityCode, issueStageCode, issueStatusCode, lastUpdated, startTime, versionId, createdBy, createdDate, updatedBy, updatedDate, activeStatus, txnAccessCode FROM ast_IssueHistory_M WHERE ((activeStatus = ?) AND (issueCategoryCode = ?))
	bind => [1, 2FD3723C-EF06-4A32-A5E1-7444DAB43AD8]
[EL Fine]: sql: 2016-03-16 11:46:15.27--ClientSession(1881609336)--Connection(1183009156)--Thread(Thread[Test worker,5,main])--SELECT issueHistId, comments, contactId, effortEstimate, endTime, featureCategoryCode, issueActivityCode, issueCategoryCode, issueDate, issueFlagCode, issueId, issuePriorityCode, issueSeverityCode, issueStageCode, issueStatusCode, lastUpdated, startTime, versionId, createdBy, createdDate, updatedBy, updatedDate, activeStatus, txnAccessCode FROM ast_IssueHistory_M WHERE ((activeStatus = ?) AND (issueFlagCode = ?))
	bind => [1, 0EEA7BB8-DBE0-4D50-BB99-F1E585811E03]
[EL Fine]: sql: 2016-03-16 11:46:15.294--ClientSession(617513075)--Connection(1183009156)--Thread(Thread[Test worker,5,main])--SELECT issueHistId, comments, contactId, effortEstimate, endTime, featureCategoryCode, issueActivityCode, issueCategoryCode, issueDate, issueFlagCode, issueId, issuePriorityCode, issueSeverityCode, issueStageCode, issueStatusCode, lastUpdated, startTime, versionId, createdBy, createdDate, updatedBy, updatedDate, activeStatus, txnAccessCode FROM ast_IssueHistory_M WHERE ((activeStatus = ?) AND (issueId = ?))
	bind => [1, 36064FCD-F92C-42DE-91AC-13F06EC224A2]
[EL Fine]: sql: 2016-03-16 11:46:15.318--ClientSession(935917212)--Connection(1183009156)--Thread(Thread[Test worker,5,main])--SELECT issueHistId, comments, contactId, effortEstimate, endTime, featureCategoryCode, issueActivityCode, issueCategoryCode, issueDate, issueFlagCode, issueId, issuePriorityCode, issueSeverityCode, issueStageCode, issueStatusCode, lastUpdated, startTime, versionId, createdBy, createdDate, updatedBy, updatedDate, activeStatus, txnAccessCode FROM ast_IssueHistory_M WHERE ((activeStatus = ?) AND (issuePriorityCode = ?))
	bind => [1, 0C2BAAE5-A501-4EA3-88D4-C3B2CB42B805]
[EL Fine]: sql: 2016-03-16 11:46:15.343--ClientSession(494164734)--Connection(1183009156)--Thread(Thread[Test worker,5,main])--SELECT issueHistId, comments, contactId, effortEstimate, endTime, featureCategoryCode, issueActivityCode, issueCategoryCode, issueDate, issueFlagCode, issueId, issuePriorityCode, issueSeverityCode, issueStageCode, issueStatusCode, lastUpdated, startTime, versionId, createdBy, createdDate, updatedBy, updatedDate, activeStatus, txnAccessCode FROM ast_IssueHistory_M WHERE ((activeStatus = ?) AND (issueSeverityCode = ?))
	bind => [1, 2831BBEA-4073-4247-8689-AB484000725E]
[EL Fine]: sql: 2016-03-16 11:46:15.367--ClientSession(1550661508)--Connection(1183009156)--Thread(Thread[Test worker,5,main])--SELECT issueHistId, comments, contactId, effortEstimate, endTime, featureCategoryCode, issueActivityCode, issueCategoryCode, issueDate, issueFlagCode, issueId, issuePriorityCode, issueSeverityCode, issueStageCode, issueStatusCode, lastUpdated, startTime, versionId, createdBy, createdDate, updatedBy, updatedDate, activeStatus, txnAccessCode FROM ast_IssueHistory_M WHERE ((activeStatus = ?) AND (issueStageCode = ?))
	bind => [1, 4EE4D7F7-107D-4239-82EB-E7AE03C16BBE]
[EL Fine]: sql: 2016-03-16 11:46:15.389--ClientSession(1722662029)--Connection(1183009156)--Thread(Thread[Test worker,5,main])--SELECT issueHistId, comments, contactId, effortEstimate, endTime, featureCategoryCode, issueActivityCode, issueCategoryCode, issueDate, issueFlagCode, issueId, issuePriorityCode, issueSeverityCode, issueStageCode, issueStatusCode, lastUpdated, startTime, versionId, createdBy, createdDate, updatedBy, updatedDate, activeStatus, txnAccessCode FROM ast_IssueHistory_M WHERE ((activeStatus = ?) AND (issueStatusCode = ?))
	bind => [1, 0A080271-8683-4CC0-9A3E-1BCD9B1232DA]
[EL Fine]: sql: 2016-03-16 11:46:15.413--ClientSession(146134104)--Connection(1183009156)--Thread(Thread[Test worker,5,main])--SELECT issueHistId, comments, contactId, effortEstimate, endTime, featureCategoryCode, issueActivityCode, issueCategoryCode, issueDate, issueFlagCode, issueId, issuePriorityCode, issueSeverityCode, issueStageCode, issueStatusCode, lastUpdated, startTime, versionId, createdBy, createdDate, updatedBy, updatedDate, activeStatus, txnAccessCode FROM ast_IssueHistory_M WHERE (issueHistId = ?)
	bind => [0ADA0726-ED06-4368-B2C4-3E185B7B2A72]
[EL Fine]: sql: 2016-03-16 11:46:15.415--ClientSession(146134104)--Connection(1183009156)--Thread(Thread[Test worker,5,main])--DELETE FROM ast_IssueHistory_M WHERE ((issueHistId = ?) AND (versionId = ?))
	bind => [0ADA0726-ED06-4368-B2C4-3E185B7B2A72, 2]
[EL Fine]: sql: 2016-03-16 11:46:15.491--ClientSession(2088322218)--Connection(1183009156)--Thread(Thread[Test worker,5,main])--INSERT INTO ast_Title_M (titleId, titles, versionId, createdBy, createdDate, updatedBy, updatedDate, activeStatus, txnAccessCode) VALUES (?, ?, ?, ?, ?, ?, ?, ?, ?)
	bind => [C45D4F03-0EC7-451E-AECC-B056B7A296EF, hnHJly4d5JDJJ6I5n1YYZKMz9zEib2Z4IJz6v21p4U4aevEzp0, 1, AAAAA, 2016-03-16 11:46:15.479, null, 2016-03-16 11:46:15.479, 1, 51000]
[EL Fine]: sql: 2016-03-16 11:46:15.569--ClientSession(1288473735)--Connection(1183009156)--Thread(Thread[Test worker,5,main])--INSERT INTO ast_Gender_M (genderId, gender, versionId, createdBy, createdDate, updatedBy, updatedDate, activeStatus, txnAccessCode) VALUES (?, ?, ?, ?, ?, ?, ?, ?, ?)
	bind => [FBAF239F-5A0E-4EB5-9B58-244940F57FDF, mELRpG6XCLxGLqlxsqFmi2HgWnIWu7HsgU7SVP6DKBsdEjlP41, 1, AAAAA, 2016-03-16 11:46:15.553, null, 2016-03-16 11:46:15.553, 1, 51000]
[EL Fine]: sql: 2016-03-16 11:46:15.632--ClientSession(1589573045)--Connection(1183009156)--Thread(Thread[Test worker,5,main])--INSERT INTO ast_Language_M (languageId, alpha2, alpha3, alpha4, alpha4parentid, language, languageDescription, languageIcon, languageType, versionId, createdBy, createdDate, updatedBy, updatedDate, activeStatus, txnAccessCode) VALUES (?, ?, ?, ?, ?, ?, ?, ?, ?, ?, ?, ?, ?, ?, ?, ?)
	bind => [61B7C799-D5B5-4B1D-9C24-DA886F043CEC, Yn, TRF, 4rUG, 9, J6BPHbaIeLc9wgdKXzJQ5kECRaIEi3eeGeumqmg1pxJ4FX8t3v, KZOiI3HNyehW7DgZIwd3WKz9dvpNOVOmuZ7UpaqecuDe6yPuhv, iLxF7iC1PdNLOvpXs2bzz8z6JvlIZF94WOhYSdQqk1BVvADihK, f1ejKG9WALe1dUZ8Nws4zSER6Hme72RO, 1, AAAAA, 2016-03-16 11:46:15.617, null, 2016-03-16 11:46:15.617, 1, 51000]
[EL Fine]: sql: 2016-03-16 11:46:15.694--ClientSession(18048837)--Connection(1183009156)--Thread(Thread[Test worker,5,main])--INSERT INTO ast_Timezone_M (timeZoneId, cities, country, gmtLabel, timeZoneLabel, utcdifference, versionId, createdBy, createdDate, updatedBy, updatedDate, activeStatus, txnAccessCode) VALUES (?, ?, ?, ?, ?, ?, ?, ?, ?, ?, ?, ?, ?)
	bind => [4F6723F2-2A0B-4B2F-8122-D052BF77D948, 3lgHTgcFOvYneADpp7VFcxtp7YckQGjbQ4IzVNxQohF8pTDwnM, qviM4ndqbP6TZrr0od7CVSvYiHQXc4fXkhcSRwtAse4YmLmgcy, Yy3KTgOajhto3iKsoN5Itqao4L3SmuwuLMULrbxzLXDWiynpFB, ir2giPyWtWQKLmWb1XL1EOSuQ7cKwGL5BeHYDX3ShUPVUFpdab, 9, 1, AAAAA, 2016-03-16 11:46:15.479, null, 2016-03-16 11:46:15.479, 1, 51000]
[EL Fine]: sql: 2016-03-16 11:46:15.755--ClientSession(693650090)--Connection(1183009156)--Thread(Thread[Test worker,5,main])--INSERT INTO ast_Country_M (countryId, capital, capitalLatitude, capitalLongitude, countryCode1, countryCode2, countryFlag, countryName, currencyCode, currencyName, currencySymbol, isoNumeric, versionId, createdBy, createdDate, updatedBy, updatedDate, activeStatus, txnAccessCode) VALUES (?, ?, ?, ?, ?, ?, ?, ?, ?, ?, ?, ?, ?, ?, ?, ?, ?, ?, ?)
	bind => [F58ACC35-EB47-4A6D-8C02-6FC9A70D8954, AuKeNNp7iVxKS4Yeym9pfe679pj7fn8g, 2, 11, y4N, pC0, A6mixuHA0qWP206hrgCEqOAuNXUFhxK3CxxyW84jhOFFse1NKC, AClWJnDZGl1O47JkmTO9Xf6IB6iFxYdERocMphhmIGznsU0ARI, f9R, T4XleyXCLPINnsgiJcqbdWESxX5UIX05mMhCbBz4AS9eM1Lr74, BXIqMLtqaVhUAdsF3qQg2faSAIWEtQGA, 9, 1, AAAAA, 2016-03-16 11:46:15.739, null, 2016-03-16 11:46:15.739, 1, 51000]
[EL Fine]: sql: 2016-03-16 11:46:15.824--ClientSession(1585706619)--Connection(1183009156)--Thread(Thread[Test worker,5,main])--INSERT INTO ast_State_M (stateId, countryId, stateCapital, stateCapitalLatitude, stateCapitalLongitude, stateCode, stateCodeChar2, stateCodeChar3, stateDescription, stateFlag, stateName, versionId, createdBy, createdDate, updatedBy, updatedDate, activeStatus, txnAccessCode) VALUES (?, ?, ?, ?, ?, ?, ?, ?, ?, ?, ?, ?, ?, ?, ?, ?, ?, ?)
	bind => [D8B347E9-562D-47C9-B58E-B26856FDEEA6, F58ACC35-EB47-4A6D-8C02-6FC9A70D8954, kgKB6hjdzq7LyAMYVSDQAB0mkudfJ2xEniK1vGyYVtgsI5rjl2, 2, 6, 1, GimC5Ujx5ZNAVjXk7h0Ik7X0qDlip1h0, ZEA2LGrFlRAY8UTyWpi3esE39ScWzGfo, o0eEB3MBRTJ35uBhyCymxzH9h6X3Jt7pRzDP6M9Zi6zBdCwxua, uL313LPUFoSbc1ZvIiY7TEUGJ3h8GxVNTHX0sHEWweBgg3syXo, BKEO9JY38LFH1W21ZJ0yr9W17KulxiCIZUrjsueIqMNPisz9IU, 1, AAAAA, 2016-03-16 11:46:15.809, null, 2016-03-16 11:46:15.809, 1, 51000]
[EL Fine]: sql: 2016-03-16 11:46:15.888--ClientSession(80335926)--Connection(1183009156)--Thread(Thread[Test worker,5,main])--INSERT INTO ast_City_M (cityId, cityCode, cityCodeChar2, cityDescription, cityFlag, cityLatitude, cityLongitude, cityName, countryId, stateId, versionId, createdBy, createdDate, updatedBy, updatedDate, activeStatus, txnAccessCode) VALUES (?, ?, ?, ?, ?, ?, ?, ?, ?, ?, ?, ?, ?, ?, ?, ?, ?)
	bind => [A51D970A-E7DD-466D-A9BC-41EF4B30F35C, 2, PqAL829uFh23HQsDDdd80BvOIqDCiDvE, Oyu2zhrNdSpUjK8MJc1LkST5BjC1XisuTNuuDilS9fvk8QV6mZ, PmhhLMZBZ0jCnhs92gftQ8eM5kernGcgUJTQz33PgSSm7hjsoP, 6, 8, Iky9J6gFngBcAHjiUG35De40PCEnQ2CeJUIDrmHb1fJqMLerOq, F58ACC35-EB47-4A6D-8C02-6FC9A70D8954, D8B347E9-562D-47C9-B58E-B26856FDEEA6, 1, AAAAA, 2016-03-16 11:46:15.809, null, 2016-03-16 11:46:15.809, 1, 51000]
[EL Fine]: sql: 2016-03-16 11:46:15.943--ClientSession(493147425)--Connection(1183009156)--Thread(Thread[Test worker,5,main])--INSERT INTO ast_AddressType_M (addressTypeId, addressType, addressTypeDesc, addressTypeIcon, versionId, createdBy, createdDate, updatedBy, updatedDate, activeStatus, txnAccessCode) VALUES (?, ?, ?, ?, ?, ?, ?, ?, ?, ?, ?)
	bind => [3CA6C4E9-14D7-4378-9F76-092376543E47, oYhyupS4gO2xCJWrwOlfzJ754d9Ab2RtAsBC5eNRBurHPdkwFb, oNwNfRIy18AS0HZ2s0GFnmHaUhQP680k0aRd4ttm1QIwgsgTPk, 9gSzkwAUUp39F1lNkxYBzZsUJxgNphYZlyaUR3JGWIo1oa7wK0, 1, AAAAA, 2016-03-16 11:46:15.928, null, 2016-03-16 11:46:15.928, 1, 51000]
[EL Fine]: sql: 2016-03-16 11:46:16.014--ClientSession(2139483533)--Connection(1183009156)--Thread(Thread[Test worker,5,main])--INSERT INTO ast_CommunicationGroup_M (commGroupId, commGroupDescription, commGroupName, versionId, createdBy, createdDate, updatedBy, updatedDate, activeStatus, txnAccessCode) VALUES (?, ?, ?, ?, ?, ?, ?, ?, ?, ?)
	bind => [EBE72EFC-974A-4114-B963-2F6D1A3F5EC0, VqZK0Sj0m2vtUj6pC19BUmGfd6PrmTZHOiIeRSB814YSrzPp3W, 5U68vszdr4Tn8d1n1drGjtulzrXNU14vfARI2oC7W5XAQvXsio, 1, AAAAA, 2016-03-16 11:46:16.0, null, 2016-03-16 11:46:16.0, 1, 51000]
[EL Fine]: sql: 2016-03-16 11:46:16.087--ClientSession(1419152307)--Connection(1183009156)--Thread(Thread[Test worker,5,main])--INSERT INTO ast_CommunicationType_M (commType, commGroupId, commTypeDescription, commTypeName, versionId, createdBy, createdDate, updatedBy, updatedDate, activeStatus, txnAccessCode) VALUES (?, ?, ?, ?, ?, ?, ?, ?, ?, ?, ?)
	bind => [FC72A0A3-04E7-48E7-93A7-8A42254A9C2D, EBE72EFC-974A-4114-B963-2F6D1A3F5EC0, tyjKGeSVs3KIHzErdz92CFtH5v9PSucVgMrJE4aYRJJekyaN43, 18YLrp3O5dx1InNyVEdJElIKHMdhmWih0RHlICccEgelysc3xc, 1, AAAAA, 2016-03-16 11:46:16.073, null, 2016-03-16 11:46:16.073, 1, 51000]
[EL Fine]: sql: 2016-03-16 11:46:16.164--ClientSession(881563000)--Connection(1183009156)--Thread(Thread[Test worker,5,main])--SELECT timeZoneId FROM ast_Timezone_M WHERE (timeZoneId = ?)
	bind => [4F6723F2-2A0B-4B2F-8122-D052BF77D948]
[EL Fine]: sql: 2016-03-16 11:46:16.165--ClientSession(881563000)--Connection(1183009156)--Thread(Thread[Test worker,5,main])--INSERT INTO ast_CoreContacts_T (contactId, age, approximateDOB, dateofbirth, emailId, firstName, genderId, lastName, middleName, nativeFirstName, nativeLanguageCode, nativeLastName, nativeMiddleName, nativeTitle, phoneNumber, titleId, versionId, createdBy, createdDate, updatedBy, updatedDate, activeStatus, txnAccessCode, timeZoneId) VALUES (?, ?, ?, ?, ?, ?, ?, ?, ?, ?, ?, ?, ?, ?, ?, ?, ?, ?, ?, ?, ?, ?, ?, ?)
	bind => [EDE469E0-1936-4D19-8167-A448FD49FFB3, 53, 2016-03-16 11:31:30.788, 2016-03-16 11:31:30.905, YEPa7iqIV5xOwt0jsnJwZdnoVHdnT4YaynWbR67cSokTbrpQYF, 8q0QYxE6bv4OeuHyBPkHYSM2LvLyTfkU4XkiNbPjO6VyXuuNKW, FBAF239F-5A0E-4EB5-9B58-244940F57FDF, g5XlYvDuMOp57b3wcgMlTLgKoqzso47RufLUEk0tP5BhvvxWyj, gq3R5Pv6LgDyEwIx8VOQ7UdG2sAqYbqmB09qsHRuuAtzZufiOu, xGpUaEKRaWuKHwg8GZlARXF6FSGa4m4DD15kfgFnqNz9nTzjeH, 61B7C799-D5B5-4B1D-9C24-DA886F043CEC, kp4kfqQQmhEbJSYQXIRNsCuMwoFqM5gMwDZvMznEuUWE3GON1m, HkH8aqBlV3T10HMql4fqtUxIYYmhDlxK3acpRqCe5Ear3v82r8, bJE4jziDtBg8xw09UybnMVocmsn1BiIfONDjoPsQYRIgzcQzNG, QjIj376e3IQhn7sKByfb, C45D4F03-0EC7-451E-AECC-B056B7A296EF, 1, AAAAA, 2016-03-16 11:46:15.479, null, 2016-03-16 11:46:15.479, 1, 51000, 4F6723F2-2A0B-4B2F-8122-D052BF77D948]
[EL Fine]: sql: 2016-03-16 11:46:16.166--ClientSession(881563000)--Connection(1183009156)--Thread(Thread[Test worker,5,main])--INSERT INTO ast_CommunicationData_TP (commDataId, commData, commGroupId, commType, versionId, createdBy, createdDate, updatedBy, updatedDate, activeStatus, txnAccessCode) VALUES (?, ?, ?, ?, ?, ?, ?, ?, ?, ?, ?)
	bind => [F938F356-4F7C-49DB-9C37-DB661A200BE2, f84gZP0lfsD8kpbvBPUdC9RImncgcxNZrfBekolqkr3majpMYc, EBE72EFC-974A-4114-B963-2F6D1A3F5EC0, FC72A0A3-04E7-48E7-93A7-8A42254A9C2D, 1, AAAAA, 2016-03-16 11:46:16.0, null, 2016-03-16 11:46:16.0, 1, 51000]
[EL Fine]: sql: 2016-03-16 11:46:16.168--ClientSession(881563000)--Connection(1183009156)--Thread(Thread[Test worker,5,main])--INSERT INTO ast_Address_T (addressId, address1, address2, address3, addressLabel, addressTypeId, cityId, countryId, latitude, longitude, stateId, versionId, zipcode, createdBy, createdDate, updatedBy, updatedDate, activeStatus, txnAccessCode) VALUES (?, ?, ?, ?, ?, ?, ?, ?, ?, ?, ?, ?, ?, ?, ?, ?, ?, ?, ?)
	bind => [6FCFF065-4EE1-4119-B553-182EFA8ED6D7, b0CeeoQEQR0NrvZAW530nU9lKpUfZV2PxuQgIkgimopFpxcfGF, lKsxDVHAKaf8QANHYdDXmkdgUkyCreZ80q95vkkEQMmCCnZjDD, kYG7ZoufcOtymzwuZShjXIqIkC0jnBQxq3EbtDhM6jfuZawCLC, pvWNLLf3p5I, 3CA6C4E9-14D7-4378-9F76-092376543E47, A51D970A-E7DD-466D-A9BC-41EF4B30F35C, F58ACC35-EB47-4A6D-8C02-6FC9A70D8954, BE1xV0mzRH4eCsHE24GR850ut1evl7K3vaC8yCF7GhULyqOGj5, j211kcE6qdOjNwuAeVY6KA8rmhLtQoPlq0U6wD4lqFQASQ9G0U, D8B347E9-562D-47C9-B58E-B26856FDEEA6, 1, qaFiDa, AAAAA, 2016-03-16 11:46:15.739, null, 2016-03-16 11:46:15.739, 1, 51000]
[EL Fine]: sql: 2016-03-16 11:46:16.17--ClientSession(881563000)--Connection(1183009156)--Thread(Thread[Test worker,5,main])--INSERT INTO ast_AddressMap_B (addressId, contactId) VALUES (?, ?)
	bind => [6FCFF065-4EE1-4119-B553-182EFA8ED6D7, EDE469E0-1936-4D19-8167-A448FD49FFB3]
[EL Fine]: sql: 2016-03-16 11:46:16.171--ClientSession(881563000)--Connection(1183009156)--Thread(Thread[Test worker,5,main])--INSERT INTO ast_CommunicationMap_B (commDataId, contactId) VALUES (?, ?)
	bind => [F938F356-4F7C-49DB-9C37-DB661A200BE2, EDE469E0-1936-4D19-8167-A448FD49FFB3]
[EL Fine]: sql: 2016-03-16 11:46:16.253--ClientSession(890894959)--Connection(1183009156)--Thread(Thread[Test worker,5,main])--INSERT INTO ast_IssueStage_M (issueStageCode, issueStageDesc, issueStageId, issueStageName, versionId, createdBy, createdDate, updatedBy, updatedDate, activeStatus, txnAccessCode) VALUES (?, ?, ?, ?, ?, ?, ?, ?, ?, ?, ?)
	bind => [BBA25850-C293-4119-92AE-8F6588CEC8B2, MPlkvwftY3ld8QG8OHMLS6Y3FjzQmdprqwUraoNAFjpRvfoo0O, x0I3BRzO4mSvviibxfySRNvXy1iwjsZye1c45wlRpH3DcrzqmP, tVXkvin9lzPxT4gvlddVj12MnEF3ZlLa5CWk0ztHFKNgvfkOEk, 1, AAAAA, 2016-03-16 11:46:16.236, null, 2016-03-16 11:46:16.236, 1, 51000]
[EL Fine]: sql: 2016-03-16 11:46:16.279--ClientSession(1292233611)--Connection(1183009156)--Thread(Thread[Test worker,5,main])--INSERT INTO ast_IssuePriority_M (issuePriorityCode, issuePriorityDesc, issuePriorityName, versionId, createdBy, createdDate, updatedBy, updatedDate, activeStatus, txnAccessCode) VALUES (?, ?, ?, ?, ?, ?, ?, ?, ?, ?)
	bind => [16813460-3E75-4AF6-94AB-3943C1CFDBE6, XgAzY9IsaGTfru4wcDl6sibN3Sd32UIIm0qypnd4VZWFE5d9OM, nY16NL2uTcyXg4LvivIq4GS647ocV4HQsmbSAURrx8rXtfhpyy, 1, AAAAA, 2016-03-16 11:46:16.267, null, 2016-03-16 11:46:16.267, 1, 51000]
[EL Fine]: sql: 2016-03-16 11:46:16.313--ClientSession(903495562)--Connection(1183009156)--Thread(Thread[Test worker,5,main])--INSERT INTO ast_IssueSeverity_M (issueSeverityCode, issueSeverityDesc, issueSeverityName, versionId, createdBy, createdDate, updatedBy, updatedDate, activeStatus, txnAccessCode) VALUES (?, ?, ?, ?, ?, ?, ?, ?, ?, ?)
	bind => [C8A0A6F7-138B-4347-A937-25242BD3E447, 5t9tJmTFGIeEOLoLV4QlkwQPtGykuo5dSeLSKXRMbf6bwct4Nz, lV8wYZSzDHXbppITUdypzNUHAFdw3auKzlplZGn9H7fxrzD7XX, 1, AAAAA, 2016-03-16 11:46:16.297, null, 2016-03-16 11:46:16.297, 1, 51000]
[EL Fine]: sql: 2016-03-16 11:46:16.375--ClientSession(833902710)--Connection(1183009156)--Thread(Thread[Test worker,5,main])--INSERT INTO ast_IssueStatus_M (issueStatusCode, issueStageCode, issueStatusDesc, issueStatusId, issueStatusName, versionId, createdBy, createdDate, updatedBy, updatedDate, activeStatus, txnAccessCode) VALUES (?, ?, ?, ?, ?, ?, ?, ?, ?, ?, ?, ?)
	bind => [9195C318-19B8-462D-828B-3C00D426B1E9, BBA25850-C293-4119-92AE-8F6588CEC8B2, kgAbfbWcbPLHgC7vOQIHqZkqBTXTY5U7skirYmS98A2sUgFBZX, "yd5xAdbkALX2LZPBL8rCjgygofhLkXYvD3EDU35T3Vuf0uKuKM", tjlRqcCZXw6RqijZAGFCGbEmRYzRw1rccljHjRPE9V1QKezqiD, 1, AAAAA, 2016-03-16 11:46:16.359, null, 2016-03-16 11:46:16.359, 1, 51000]
[EL Fine]: sql: 2016-03-16 11:46:16.446--ClientSession(1523476013)--Connection(1183009156)--Thread(Thread[Test worker,5,main])--INSERT INTO ast_IssueCategory_M (issueCategoryCode, issueCategoryDesc, issueCategoryName, versionId, createdBy, createdDate, updatedBy, updatedDate, activeStatus, txnAccessCode) VALUES (?, ?, ?, ?, ?, ?, ?, ?, ?, ?)
	bind => [034FDE58-F7F3-488F-8237-0CC8394401A8, UVsixVcEG6DDqIehTLPuXgyQd0GtIDFrFILqFmJvGmofL0e7i5, DI9r18Ws7jZF6IbfYQ3esLDlM4Tu1Tf01w1rhL35ni6YX0ynvq, 1, AAAAA, 2016-03-16 11:46:16.43, null, 2016-03-16 11:46:16.43, 1, 51000]
[EL Fine]: sql: 2016-03-16 11:46:16.471--ClientSession(2129161615)--Connection(1183009156)--Thread(Thread[Test worker,5,main])--INSERT INTO ast_IssueFlag_M (issueFlagCode, issueFlagDesc, issueFlagName, versionId, createdBy, createdDate, updatedBy, updatedDate, activeStatus, txnAccessCode) VALUES (?, ?, ?, ?, ?, ?, ?, ?, ?, ?)
	bind => [57267797-7756-4A80-8EB0-4CA40B27400E, UidD9L0Xqhjv3BNAU5ldi9gatav0NEFTQzzcjkKckvQlL2APlr, 3uPBm4yZzpuDBgAIROHjZhApkj8CeZ27otbAJRqqdmIA7zyAh1, 1, AAAAA, 2016-03-16 11:46:16.458, null, 2016-03-16 11:46:16.458, 1, 51000]
[EL Fine]: sql: 2016-03-16 11:46:16.505--ClientSession(725072434)--Connection(1183009156)--Thread(Thread[Test worker,5,main])--INSERT INTO ast_IssueActivity_M (issueActivityCode, issueActivityDesc, issueActivityId, issueActivityName, issueStageCode, issueStatusCode, versionId, createdBy, createdDate, updatedBy, updatedDate, activeStatus, txnAccessCode) VALUES (?, ?, ?, ?, ?, ?, ?, ?, ?, ?, ?, ?, ?)
	bind => [D16FFBC6-CA61-4980-848B-1ED45E55C1C6, QA300VjXTtJA4p798gTwweHoJmwcp2H537oxgBUDBKmzzoD0VB, "Tai2akN3uPCtfmjfxbPCagPGp7mm5bV5HquisZDi9GyMx19YXd", o0iVGjVKBwNj7iHGEyXMfbGNgyWeyQfVbJ0HxJxwnC9FG92vH0, BBA25850-C293-4119-92AE-8F6588CEC8B2, 9195C318-19B8-462D-828B-3C00D426B1E9, 1, AAAAA, 2016-03-16 11:46:16.488, null, 2016-03-16 11:46:16.488, 1, 51000]
[EL Fine]: sql: 2016-03-16 11:46:16.565--ClientSession(332347639)--Connection(1183009156)--Thread(Thread[Test worker,5,main])--INSERT INTO ast_ProjectAccessRights_M (projectAccessCode, projectAccessDesc, projectAccessName, versionId, createdBy, createdDate, updatedBy, updatedDate, activeStatus, txnAccessCode) VALUES (?, ?, ?, ?, ?, ?, ?, ?, ?, ?)
	bind => [96223B9B-6204-436E-902D-1C632A5626C2, HiVa3tSjLm0PxrgA3iLT9rgs0HMAs7dNjEFbk4tJ51NlEqh7ni, Gfn2KHCkfTAZyQlviCxU5NEeNN4OAxeYtahpuOaopa4H9ZkgXI, 1, AAAAA, 2016-03-16 11:46:16.55, null, 2016-03-16 11:46:16.55, 1, 51000]
[EL Fine]: sql: 2016-03-16 11:46:16.701--ClientSession(1990000998)--Connection(1183009156)--Thread(Thread[Test worker,5,main])--INSERT INTO ast_CreateProject_T (projectId, build, dateOfCreation, projectAccessCode, projectDescription, projectName, projectShortName, projectURL, version, versionId, createdBy, createdDate, updatedBy, updatedDate, activeStatus, txnAccessCode) VALUES (?, ?, ?, ?, ?, ?, ?, ?, ?, ?, ?, ?, ?, ?, ?, ?)
	bind => [784B0CA9-7D35-416A-B6F5-593450B965D4, ymSUUyZFaGQLOngxuhdEDyoy4bNVebP6keFdVtLDqjnPg44tOH, 1970-01-02, 96223B9B-6204-436E-902D-1C632A5626C2, RdFNlkUVwI8F3wNpKhr5MS0mJo83W1VO1YZgMKNV93NVVi7pfA, RaUS3e9dhUR4AqeHtm6TeDzl6iGQENWN6x50Ith5LMnQdX2PbB, 9nwKbLFH7n5d1RRsRBQOLqSSG9OodNxJyEIXrokZzd0qxdpRNN, Yfl0wbjGcmffB7QqzBjrV0rOTuWxzbzvYwfB0JxW8XfHCJGV8r, wEoQkyu5w30qMNSFRL7rUCsT5XtQOlZvMLfbKu0gV9rxImb2zP, 1, AAAAA, 2016-03-16 11:46:16.55, null, 2016-03-16 11:46:16.55, 1, 51000]
[EL Fine]: sql: 2016-03-16 11:46:16.703--ClientSession(1990000998)--Connection(1183009156)--Thread(Thread[Test worker,5,main])--INSERT INTO ast_ProjectUserMapping_TP (prjUserId, contactId, isAdmin, versionId, createdBy, createdDate, updatedBy, updatedDate, activeStatus, txnAccessCode, projectId) VALUES (?, ?, ?, ?, ?, ?, ?, ?, ?, ?, ?)
	bind => [9AC1D633-4D07-4893-A0B8-EA316CC1FA33, EDE469E0-1936-4D19-8167-A448FD49FFB3, true, 1, AAAAA, 2016-03-16 11:46:16.684, null, 2016-03-16 11:46:16.684, 1, 51000, 784B0CA9-7D35-416A-B6F5-593450B965D4]
[EL Fine]: sql: 2016-03-16 11:46:16.758--ClientSession(795620783)--Connection(1183009156)--Thread(Thread[Test worker,5,main])--INSERT INTO ast_ProjectModule_T (moduleId, build, dateOfCreation, moduleDescription, moduleName, moduleShortName, projectId, version, versionId, createdBy, createdDate, updatedBy, updatedDate, activeStatus, txnAccessCode) VALUES (?, ?, ?, ?, ?, ?, ?, ?, ?, ?, ?, ?, ?, ?, ?)
	bind => [256AFC97-31AB-4057-AD23-E3701B0E0520, vGiMuxu4tVp2iK256fzJfanLJPO6TSQOqEBPInWzpMASvo6Ysu, 1970-01-02, FYhjST7sp7tgq7otzmaiVDUpHCViHNcHMU7eYwxdhzeZdLwait, UpkKTqz4mIr3OXVi9OYtytIA85iEtLoF7aaZaFvPxkwRuZS6ZO, wnRiVVhg7g9b8LW8Vb2ky8BDqmtDbRc8CYxi8JyCq9Q3MufOwT, 784B0CA9-7D35-416A-B6F5-593450B965D4, XO59RF3kybs33mpHQjxqJbonwYLJzM5IFT8rQKAvPvOutdLh0z, 1, AAAAA, 2016-03-16 11:46:16.55, null, 2016-03-16 11:46:16.55, 1, 51000]
[EL Fine]: sql: 2016-03-16 11:46:16.759--ClientSession(795620783)--Connection(1183009156)--Thread(Thread[Test worker,5,main])--INSERT INTO ast_ModuleUserMapping_TP (modUserId, contactId, isAdmin, projectId, versionId, createdBy, createdDate, updatedBy, updatedDate, activeStatus, txnAccessCode, moduleId) VALUES (?, ?, ?, ?, ?, ?, ?, ?, ?, ?, ?, ?)
	bind => [86971A71-53AC-4CE6-AEA2-C244DD7B97E5, EDE469E0-1936-4D19-8167-A448FD49FFB3, true, 784B0CA9-7D35-416A-B6F5-593450B965D4, 1, AAAAA, 2016-03-16 11:46:16.741, null, 2016-03-16 11:46:16.741, 1, 51000, 256AFC97-31AB-4057-AD23-E3701B0E0520]
[EL Fine]: sql: 2016-03-16 11:46:16.893--ClientSession(2094024419)--Connection(1183009156)--Thread(Thread[Test worker,5,main])--INSERT INTO ast_ProjectFeature_T (featureId, build, dateOfCreation, featureDescription, featureName, featureShortName, moduleId, projectId, version, versionId, createdBy, createdDate, updatedBy, updatedDate, activeStatus, txnAccessCode) VALUES (?, ?, ?, ?, ?, ?, ?, ?, ?, ?, ?, ?, ?, ?, ?, ?)
	bind => [48BDD6A9-631E-41C7-997A-A50895FCEA6B, 10, 1970-01-02, 23MNAyU8N7FEUtrtNISLk4F0tQk1RBJShVH6z7LCbnd6eickEn, 84lqUiASLaKyt6m3iBir38bdikDZ2LKztz8lU70kaelM2ATcJs, qJxocUexRpiBSBXpItQl7QXI5MXmBJdw9ai2y0eLLCaHXpdjpb, 256AFC97-31AB-4057-AD23-E3701B0E0520, 784B0CA9-7D35-416A-B6F5-593450B965D4, 11, 1, AAAAA, 2016-03-16 11:46:16.55, null, 2016-03-16 11:46:16.55, 1, 51000]
[EL Fine]: sql: 2016-03-16 11:46:16.894--ClientSession(2094024419)--Connection(1183009156)--Thread(Thread[Test worker,5,main])--INSERT INTO ast_FeatureUserMapping_TP (feaUserId, contactId, isAdmin, moduleId, projectId, versionId, createdBy, createdDate, updatedBy, updatedDate, activeStatus, txnAccessCode, featureId) VALUES (?, ?, ?, ?, ?, ?, ?, ?, ?, ?, ?, ?, ?)
	bind => [BCA02594-3750-4DFB-8EB5-A40F49ACCEAB, EDE469E0-1936-4D19-8167-A448FD49FFB3, true, 256AFC97-31AB-4057-AD23-E3701B0E0520, 784B0CA9-7D35-416A-B6F5-593450B965D4, 1, AAAAA, 2016-03-16 11:46:16.876, null, 2016-03-16 11:46:16.876, 1, 51000, 48BDD6A9-631E-41C7-997A-A50895FCEA6B]
[EL Fine]: sql: 2016-03-16 11:46:16.946--ClientSession(219215426)--Connection(1183009156)--Thread(Thread[Test worker,5,main])--INSERT INTO ast_FeatureCategory_M (featureCategoryCode, featureCategoryDesc, featureCategoryName, versionId, createdBy, createdDate, updatedBy, updatedDate, activeStatus, txnAccessCode) VALUES (?, ?, ?, ?, ?, ?, ?, ?, ?, ?)
	bind => [2626816A-BF5E-4A52-81BF-B5CFACC6965C, d9TqvDOg2Wjw5mLREvsotzyWw3rBLmD9rXk5vHpvaiJuJm34BA, RNg1QXRBONR9V4BMvkwqSSVOdiP6I4PzMRhsRlyMDxwBAfDSKx, 1, AAAAA, 2016-03-16 11:46:16.934, null, 2016-03-16 11:46:16.934, 1, 51000]
[EL Fine]: sql: 2016-03-16 11:46:16.99--ClientSession(1910876847)--Connection(1183009156)--Thread(Thread[Test worker,5,main])--INSERT INTO ast_IssueWorkflow_T (issueId, browser, creatorContactId, dateCreated, featureId, issueDescription, issueTitle, moduleId, OS, projectId, stepsToReproduce, versionId, createdBy, createdDate, updatedBy, updatedDate, activeStatus, txnAccessCode) VALUES (?, ?, ?, ?, ?, ?, ?, ?, ?, ?, ?, ?, ?, ?, ?, ?, ?, ?)
	bind => [03707B8F-13DC-43EE-BCAD-5272BFD24D0B, wwOdM3jozojkD6XMjD0yOPhUyous51w03IFDfb0ceB5wBLDTDK, EDE469E0-1936-4D19-8167-A448FD49FFB3, 1970-01-02, 48BDD6A9-631E-41C7-997A-A50895FCEA6B, moYIqEMHuxJj406YyW3iHZNS1W7a3pvdcfzOSqBa1m9vuXobI5, jpclaE9YwYdXZHM84ZhEs3czR7om8AxMbGr5lzlBIsmeZ2zs1o, 256AFC97-31AB-4057-AD23-E3701B0E0520, q8rgByX10v6BRI6R68wXCM2JR1Hnng0IMQBaUQn7rInm4XUOm4, 784B0CA9-7D35-416A-B6F5-593450B965D4, rwjh7Tzkq3aCt6mUpfSXvGJDMeLycxJW130RgiRHvpq7AMSGb2, 1, AAAAA, 2016-03-16 11:46:16.55, null, 2016-03-16 11:46:16.55, 1, 51000]
[EL Fine]: sql: 2016-03-16 11:46:16.991--ClientSession(1910876847)--Connection(1183009156)--Thread(Thread[Test worker,5,main])--INSERT INTO ast_AddWatchers_TP (watchId, contactId, versionId, createdBy, createdDate, updatedBy, updatedDate, activeStatus, txnAccessCode, issueId) VALUES (?, ?, ?, ?, ?, ?, ?, ?, ?, ?)
	bind => [3E1A6493-2F6F-46BD-A139-D9EFA6A4B05E, EDE469E0-1936-4D19-8167-A448FD49FFB3, 1, AAAAA, 2016-03-16 11:46:16.934, null, 2016-03-16 11:46:16.934, 1, 51000, 03707B8F-13DC-43EE-BCAD-5272BFD24D0B]
[EL Fine]: sql: 2016-03-16 11:46:16.993--ClientSession(1910876847)--Connection(1183009156)--Thread(Thread[Test worker,5,main])--INSERT INTO ast_IssueAssignment_TP (basketId, comments, contactId, endTime, issueDate, startTime, versionId, createdBy, createdDate, updatedBy, updatedDate, activeStatus, txnAccessCode, issueId) VALUES (?, ?, ?, ?, ?, ?, ?, ?, ?, ?, ?, ?, ?, ?)
	bind => [D70D73E7-2930-4EC5-B299-69B8CAA1FFCB, p8VLa2NGfkBzpl7KgF1RHTS2YY3csR0CjZ63unLXcKktDV0nam, EDE469E0-1936-4D19-8167-A448FD49FFB3, 1970-01-02, 1970-01-02, 1970-01-02, 1, AAAAA, 2016-03-16 11:46:16.934, null, 2016-03-16 11:46:16.934, 1, 51000, 03707B8F-13DC-43EE-BCAD-5272BFD24D0B]
[EL Fine]: sql: 2016-03-16 11:46:16.994--ClientSession(1910876847)--Connection(1183009156)--Thread(Thread[Test worker,5,main])--INSERT INTO ast_IssueHeaders_TP (issuePk, comments, effortEstimate, featureCategoryCode, issueActivityCode, issueCategoryCode, issueFlagCode, issuePriorityCode, issueSeverityCode, issueStageCode, issueStatusCode, lastUpdated, versionId, createdBy, createdDate, updatedBy, updatedDate, activeStatus, txnAccessCode, issueId) VALUES (?, ?, ?, ?, ?, ?, ?, ?, ?, ?, ?, ?, ?, ?, ?, ?, ?, ?, ?, ?)
	bind => [FECEAC95-82DC-4AF3-AA27-BA55C0E2CA68, r2RKS6Iv8J7Iv8gySI3DXX2U6DeGpQFfpH7Tg5J1H8kxsjzCsd, 1970-01-02, 2626816A-BF5E-4A52-81BF-B5CFACC6965C, D16FFBC6-CA61-4980-848B-1ED45E55C1C6, 034FDE58-F7F3-488F-8237-0CC8394401A8, 57267797-7756-4A80-8EB0-4CA40B27400E, 16813460-3E75-4AF6-94AB-3943C1CFDBE6, C8A0A6F7-138B-4347-A937-25242BD3E447, BBA25850-C293-4119-92AE-8F6588CEC8B2, 9195C318-19B8-462D-828B-3C00D426B1E9, 1970-01-02, 1, AAAAA, 2016-03-16 11:46:16.934, null, 2016-03-16 11:46:16.934, 1, 51000, 03707B8F-13DC-43EE-BCAD-5272BFD24D0B]
]]></system-out>
  <system-err><![CDATA[issuetracker.app.shared.issuetrackerboundedcontext.issuetracker.IssueHistory.comments size must be between 0 and 1024
com.athena.framework.server.exception.biz.SpartanConstraintViolationException: Exception in validating entity /issuetracker.app.shared.issuetrackerboundedcontext.issuetracker.IssueHistory.comments size must be between 0 and 1024

	at com.athena.framework.server.helper.EntityValidatorHelper.validateEntity(EntityValidatorHelper.java:28)
	at issuetracker.app.shared.issuetrackerboundedcontext.issuetracker.IssueHistory.isValid(IssueHistory.java:330)
	at issuetracker.app.server.service.issuetrackerboundedcontext.issuetracker.IssueHistoryTestCase.validateIssueHistory(IssueHistoryTestCase.java:752)
	at issuetracker.app.server.service.issuetrackerboundedcontext.issuetracker.IssueHistoryTestCase.test5NegativeTesting(IssueHistoryTestCase.java:778)
	at sun.reflect.NativeMethodAccessorImpl.invoke0(Native Method)
	at sun.reflect.NativeMethodAccessorImpl.invoke(NativeMethodAccessorImpl.java:57)
	at sun.reflect.DelegatingMethodAccessorImpl.invoke(DelegatingMethodAccessorImpl.java:43)
	at java.lang.reflect.Method.invoke(Method.java:606)
	at org.junit.runners.model.FrameworkMethod$1.runReflectiveCall(FrameworkMethod.java:47)
	at org.junit.internal.runners.model.ReflectiveCallable.run(ReflectiveCallable.java:12)
	at org.junit.runners.model.FrameworkMethod.invokeExplosively(FrameworkMethod.java:44)
	at org.junit.internal.runners.statements.InvokeMethod.evaluate(InvokeMethod.java:17)
	at org.junit.internal.runners.statements.RunBefores.evaluate(RunBefores.java:26)
	at org.springframework.test.context.junit4.statements.RunBeforeTestMethodCallbacks.evaluate(RunBeforeTestMethodCallbacks.java:74)
	at org.junit.internal.runners.statements.RunAfters.evaluate(RunAfters.java:27)
	at org.springframework.test.context.junit4.statements.RunAfterTestMethodCallbacks.evaluate(RunAfterTestMethodCallbacks.java:83)
	at org.springframework.test.context.junit4.statements.SpringRepeat.evaluate(SpringRepeat.java:72)
	at org.springframework.test.context.junit4.SpringJUnit4ClassRunner.runChild(SpringJUnit4ClassRunner.java:233)
	at org.springframework.test.context.junit4.SpringJUnit4ClassRunner.runChild(SpringJUnit4ClassRunner.java:87)
	at org.junit.runners.ParentRunner$3.run(ParentRunner.java:238)
	at org.junit.runners.ParentRunner$1.schedule(ParentRunner.java:63)
	at org.junit.runners.ParentRunner.runChildren(ParentRunner.java:236)
	at org.junit.runners.ParentRunner.access$000(ParentRunner.java:53)
	at org.junit.runners.ParentRunner$2.evaluate(ParentRunner.java:229)
	at org.springframework.test.context.junit4.statements.RunBeforeTestClassCallbacks.evaluate(RunBeforeTestClassCallbacks.java:61)
	at org.springframework.test.context.junit4.statements.RunAfterTestClassCallbacks.evaluate(RunAfterTestClassCallbacks.java:71)
	at org.junit.runners.ParentRunner.run(ParentRunner.java:309)
	at org.springframework.test.context.junit4.SpringJUnit4ClassRunner.run(SpringJUnit4ClassRunner.java:176)
	at org.gradle.api.internal.tasks.testing.junit.JUnitTestClassExecuter.runTestClass(JUnitTestClassExecuter.java:86)
	at org.gradle.api.internal.tasks.testing.junit.JUnitTestClassExecuter.execute(JUnitTestClassExecuter.java:49)
	at org.gradle.api.internal.tasks.testing.junit.JUnitTestClassProcessor.processTestClass(JUnitTestClassProcessor.java:64)
	at org.gradle.api.internal.tasks.testing.SuiteTestClassProcessor.processTestClass(SuiteTestClassProcessor.java:50)
	at sun.reflect.NativeMethodAccessorImpl.invoke0(Native Method)
	at sun.reflect.NativeMethodAccessorImpl.invoke(NativeMethodAccessorImpl.java:57)
	at sun.reflect.DelegatingMethodAccessorImpl.invoke(DelegatingMethodAccessorImpl.java:43)
	at java.lang.reflect.Method.invoke(Method.java:606)
	at org.gradle.messaging.dispatch.ReflectionDispatch.dispatch(ReflectionDispatch.java:35)
	at org.gradle.messaging.dispatch.ReflectionDispatch.dispatch(ReflectionDispatch.java:24)
	at org.gradle.messaging.dispatch.ContextClassLoaderDispatch.dispatch(ContextClassLoaderDispatch.java:32)
	at org.gradle.messaging.dispatch.ProxyDispatchAdapter$DispatchingInvocationHandler.invoke(ProxyDispatchAdapter.java:93)
	at com.sun.proxy.$Proxy2.processTestClass(Unknown Source)
	at org.gradle.api.internal.tasks.testing.worker.TestWorker.processTestClass(TestWorker.java:106)
	at sun.reflect.NativeMethodAccessorImpl.invoke0(Native Method)
	at sun.reflect.NativeMethodAccessorImpl.invoke(NativeMethodAccessorImpl.java:57)
	at sun.reflect.DelegatingMethodAccessorImpl.invoke(DelegatingMethodAccessorImpl.java:43)
	at java.lang.reflect.Method.invoke(Method.java:606)
	at org.gradle.messaging.dispatch.ReflectionDispatch.dispatch(ReflectionDispatch.java:35)
	at org.gradle.messaging.dispatch.ReflectionDispatch.dispatch(ReflectionDispatch.java:24)
	at org.gradle.messaging.remote.internal.hub.MessageHub$Handler.run(MessageHub.java:360)
	at org.gradle.internal.concurrent.DefaultExecutorFactory$StoppableExecutorImpl$1.run(DefaultExecutorFactory.java:64)
	at java.util.concurrent.ThreadPoolExecutor.runWorker(ThreadPoolExecutor.java:1145)
	at java.util.concurrent.ThreadPoolExecutor$Worker.run(ThreadPoolExecutor.java:615)
	at java.lang.Thread.run(Thread.java:745)
]]></system-err>
</testsuite>
