<?xml version="1.0" encoding="UTF-8"?>
<testsuite name="issuetracker.app.server.service.aaaboundedcontext.authorization.UserRoleBridgeTestCase" tests="7" skipped="0" failures="0" errors="0" timestamp="2016-03-16T11:46:55" hostname="874d4be5f1eb" time="0.728">
  <properties/>
  <testcase name="test1Save" classname="issuetracker.app.server.service.aaaboundedcontext.authorization.UserRoleBridgeTestCase" time="0.512"/>
  <testcase name="test2Update" classname="issuetracker.app.server.service.aaaboundedcontext.authorization.UserRoleBridgeTestCase" time="0.079"/>
  <testcase name="test3FindById" classname="issuetracker.app.server.service.aaaboundedcontext.authorization.UserRoleBridgeTestCase" time="0.017"/>
  <testcase name="test3findByroleId" classname="issuetracker.app.server.service.aaaboundedcontext.authorization.UserRoleBridgeTestCase" time="0.017"/>
  <testcase name="test3findByuserId" classname="issuetracker.app.server.service.aaaboundedcontext.authorization.UserRoleBridgeTestCase" time="0.018"/>
  <testcase name="test4Delete" classname="issuetracker.app.server.service.aaaboundedcontext.authorization.UserRoleBridgeTestCase" time="0.079"/>
  <testcase name="test5NegativeTesting" classname="issuetracker.app.server.service.aaaboundedcontext.authorization.UserRoleBridgeTestCase" time="0.005"/>
  <system-out><![CDATA[[EL Fine]: sql: 2016-03-16 11:46:55.803--ClientSession(1253998962)--Connection(1183009156)--Thread(Thread[Test worker,5,main])--INSERT INTO ast_UserAccessDomain_M (userAccessDomainId, domainDescription, domainHelp, domainIcon, domainName, userAccessDomain, versionId, createdBy, createdDate, updatedBy, updatedDate, activeStatus, txnAccessCode) VALUES (?, ?, ?, ?, ?, ?, ?, ?, ?, ?, ?, ?, ?)
	bind => [88A78B23-7304-4234-AA51-9D3434DB1478, ZlBqt3zLtgUy0LdI4yv07PaGNYdmEG1Vi15wlkjaBbCybmeouk, SrEpq820rmWhSQcZyxQyQy04jLXGBfxA7tpiEFqptNscDhlARY, c9hSxIQjjc3YwXZ7KgGpU3DAL99PniH3J2kY20set1Ybqzfq9d, L7eWMYeQcyRfjs6fJuhwseeuTRuQAEk1cBer8qNqNKtn3jWcaV, 40768, 1, AAAAA, 2016-03-16 11:46:55.795, null, 2016-03-16 11:46:55.795, 1, 51000]
[EL Fine]: sql: 2016-03-16 11:46:55.876--ClientSession(2104106964)--Connection(1183009156)--Thread(Thread[Test worker,5,main])--INSERT INTO ast_UserAccessLevel_M (userAccessLevelId, levelDescription, levelHelp, levelIcon, levelName, userAccessLevel, versionId, createdBy, createdDate, updatedBy, updatedDate, activeStatus, txnAccessCode) VALUES (?, ?, ?, ?, ?, ?, ?, ?, ?, ?, ?, ?, ?)
	bind => [DF2999EE-6171-43BC-81B4-04A6E90F7CFE, qmm0ofy8cEIkYF9zLfbcfdepUtssLTTeArXV8eWEtQ6vPx4xoZ, DzW1kCidQOvDz8eGECzHByln3A8WYoSdr2xcyJDoPW4FY5V7RF, yO3qgd1tqrk7mGnkC6QDVuLVoL9zbwxuCLNwvtPybeOIGQwVrI, kerQ5KJa3nla6oULusALuoacM293x5jcRMGgsimYU1g2QcSrPk, 41997, 1, AAAAA, 2016-03-16 11:46:55.86, null, 2016-03-16 11:46:55.86, 1, 51000]
[EL Fine]: sql: 2016-03-16 11:46:55.929--ClientSession(1297105762)--Connection(1183009156)--Thread(Thread[Test worker,5,main])--INSERT INTO ast_Question_M (questionId, levelid, question, questionDetails, questionIcon, versionId, createdBy, createdDate, updatedBy, updatedDate, activeStatus, txnAccessCode) VALUES (?, ?, ?, ?, ?, ?, ?, ?, ?, ?, ?, ?)
	bind => [CD96020D-003E-4933-959C-AABFD898D2D9, 7, YYGYgDr4PVvvOrBA2yGG6GkML7z4LoJuA7yC3a83IrlMFYsQev, qxnejvjxs7, QeY0F2ZdYnav1wrpoFxInLhfXNZcP2qK8E6bnuz2sjhWl7Zc5f, 1, AAAAA, 2016-03-16 11:46:55.916, null, 2016-03-16 11:46:55.916, 1, 51000]
[EL Fine]: sql: 2016-03-16 11:46:55.99--ClientSession(131265969)--Connection(1183009156)--Thread(Thread[Test worker,5,main])--INSERT INTO ast_User_T (userId, allowMultipleLogin, changePasswordNextLogin, genTempOneTimePassword, isDeleted, isLocked, lastPasswordChangeDate, multiFactorAuthEnabled, passwordAlgo, passwordExpiryDate, sessionTimeout, userAccessCode, userAccessDomainId, userAccessLevelId, versionId, createdBy, createdDate, updatedBy, updatedDate, activeStatus, txnAccessCode) VALUES (?, ?, ?, ?, ?, ?, ?, ?, ?, ?, ?, ?, ?, ?, ?, ?, ?, ?, ?, ?, ?)
	bind => [7E56144B-F7C2-4D1C-AD83-DFE7F1BD1EDF, 1, 1, 1, 1, 1, 2016-03-16 11:31:05.921, 1, T2gVO1SMe5TNdwG2pFWxQwqUCZMt13S2Ba1aCPHDKF35wXB7qv, 2016-03-16 11:31:05.945, 640, 39634, 88A78B23-7304-4234-AA51-9D3434DB1478, DF2999EE-6171-43BC-81B4-04A6E90F7CFE, 1, AAAAA, 2016-03-16 11:46:55.795, null, 2016-03-16 11:46:55.795, 1, 51000]
[EL Fine]: sql: 2016-03-16 11:46:55.991--ClientSession(131265969)--Connection(1183009156)--Thread(Thread[Test worker,5,main])--INSERT INTO ast_PassRecovery_TP (passRecoveryId, answer, questionId, versionId, createdBy, createdDate, updatedBy, updatedDate, activeStatus, txnAccessCode, userId) VALUES (?, ?, ?, ?, ?, ?, ?, ?, ?, ?, ?)
	bind => [8985200F-BE82-4163-A054-3C68BAC3779E, VgCqhEQLS8286SBN9zyHERMClgx4zSZjqROWMzMUKZzCj7LdHN, CD96020D-003E-4933-959C-AABFD898D2D9, 1, AAAAA, 2016-03-16 11:46:55.916, null, 2016-03-16 11:46:55.916, 1, 51000, 7E56144B-F7C2-4D1C-AD83-DFE7F1BD1EDF]
[EL Fine]: sql: 2016-03-16 11:46:55.992--ClientSession(131265969)--Connection(1183009156)--Thread(Thread[Test worker,5,main])--INSERT INTO ast_UserData_TP (userDataId, last5Passwords, oneTimePassword, oneTimePasswordExpiry, oneTimePasswordGenDate, password, versionId, createdBy, createdDate, updatedBy, updatedDate, activeStatus, txnAccessCode, userId) VALUES (?, ?, ?, ?, ?, ?, ?, ?, ?, ?, ?, ?, ?, ?)
	bind => [AAF7E5EC-A747-4A9E-9075-201795343513, yUMapAb4POO92VXODMgkaE3mbfZiWCx0IEwMbqBollq2pYJRcC, MOkMtDUX4WKV4sjsOjH4SvTwGmCh7oxg, 6, 2016-03-16 11:31:06.086, 9Ly7dbBHUK7yzF1YBCutJgoqvUnfM1Uf5qsHlAp0YgBxcqzMWa, 1, AAAAA, 2016-03-16 11:46:55.985, null, 2016-03-16 11:46:55.985, 1, 51000, 7E56144B-F7C2-4D1C-AD83-DFE7F1BD1EDF]
[EL Fine]: sql: 2016-03-16 11:46:56.089--ClientSession(1614751376)--Connection(1183009156)--Thread(Thread[Test worker,5,main])--INSERT INTO ast_Roles_T (roleId, RoleDescription, roleHelp, RoleIcon, RoleName, versionId, createdBy, createdDate, updatedBy, updatedDate, activeStatus, txnAccessCode) VALUES (?, ?, ?, ?, ?, ?, ?, ?, ?, ?, ?, ?)
	bind => [8D2F928D-735B-493C-9B36-ED2B4B0DE1C9, 3bt4HBx0PA0o0AKyo2NhjSQlNyZ8geo1mLyNDcA4dz3tR9TmmO, nAwoydeYUM3CnY7XCSe0etZLaSOjHPuG5J7PCgpjaPLAsU1TOp, Luv6jHFEhg69nQWYVBRExHx2v7fJvKW5SjQOt2G0yEnn96ZcSp, MDTWx3JBHx7ZfYW9RysvhDVNLlU8hUVi0LVjrAqX2pyH95IOkb, 1, AAAAA, 2016-03-16 11:46:56.013, null, 2016-03-16 11:46:56.013, 1, 51000]
Setting logged in user info for ADD
[EL Fine]: sql: 2016-03-16 11:46:56.238--ClientSession(1920835073)--Connection(1183009156)--Thread(Thread[Test worker,5,main])--INSERT INTO ast_UserRoleBridge_T (roleUserMapId, roleId, userId, versionId, createdBy, createdDate, updatedBy, updatedDate, activeStatus, txnAccessCode) VALUES (?, ?, ?, ?, ?, ?, ?, ?, ?, ?)
	bind => [860B62A3-A063-4116-B637-E859935E3593, 8D2F928D-735B-493C-9B36-ED2B4B0DE1C9, 7E56144B-F7C2-4D1C-AD83-DFE7F1BD1EDF, 1, AAAAA, 2016-03-16 11:46:56.149, null, 2016-03-16 11:46:56.149, 1, 51000]
[EL Fine]: sql: 2016-03-16 11:46:56.305--ClientSession(1144739996)--Connection(1183009156)--Thread(Thread[Test worker,5,main])--SELECT roleUserMapId, roleId, userId, versionId, createdBy, createdDate, updatedBy, updatedDate, activeStatus, txnAccessCode FROM ast_UserRoleBridge_T WHERE ((activeStatus = ?) AND (roleUserMapId = ?))
	bind => [1, 860B62A3-A063-4116-B637-E859935E3593]
Setting logged in user info for UPDATE
[EL Fine]: sql: 2016-03-16 11:46:56.31--ClientSession(1904867915)--Connection(1183009156)--Thread(Thread[Test worker,5,main])--SELECT roleUserMapId, roleId, userId, versionId, createdBy, createdDate, updatedBy, updatedDate, activeStatus, txnAccessCode FROM ast_UserRoleBridge_T WHERE (roleUserMapId = ?)
	bind => [860B62A3-A063-4116-B637-E859935E3593]
[EL Fine]: sql: 2016-03-16 11:46:56.313--ClientSession(1904867915)--Connection(1183009156)--Thread(Thread[Test worker,5,main])--UPDATE ast_UserRoleBridge_T SET updatedBy = ?, versionId = ? WHERE ((roleUserMapId = ?) AND (versionId = ?))
	bind => [AAAAA, 2, 860B62A3-A063-4116-B637-E859935E3593, 1]
[EL Fine]: sql: 2016-03-16 11:46:56.386--ClientSession(1832765651)--Connection(1183009156)--Thread(Thread[Test worker,5,main])--SELECT roleUserMapId, roleId, userId, versionId, createdBy, createdDate, updatedBy, updatedDate, activeStatus, txnAccessCode FROM ast_UserRoleBridge_T WHERE ((activeStatus = ?) AND (roleUserMapId = ?))
	bind => [1, 860B62A3-A063-4116-B637-E859935E3593]
[EL Fine]: sql: 2016-03-16 11:46:56.399--ClientSession(554953280)--Connection(1183009156)--Thread(Thread[Test worker,5,main])--SELECT roleUserMapId, roleId, userId, versionId, createdBy, createdDate, updatedBy, updatedDate, activeStatus, txnAccessCode FROM ast_UserRoleBridge_T WHERE ((activeStatus = ?) AND (roleId = ?))
	bind => [1, 8D2F928D-735B-493C-9B36-ED2B4B0DE1C9]
[EL Fine]: sql: 2016-03-16 11:46:56.418--ClientSession(727897777)--Connection(1183009156)--Thread(Thread[Test worker,5,main])--SELECT roleUserMapId, roleId, userId, versionId, createdBy, createdDate, updatedBy, updatedDate, activeStatus, txnAccessCode FROM ast_UserRoleBridge_T WHERE ((activeStatus = ?) AND (userId = ?))
	bind => [1, 7E56144B-F7C2-4D1C-AD83-DFE7F1BD1EDF]
[EL Fine]: sql: 2016-03-16 11:46:56.436--ClientSession(1214764971)--Connection(1183009156)--Thread(Thread[Test worker,5,main])--SELECT roleUserMapId, roleId, userId, versionId, createdBy, createdDate, updatedBy, updatedDate, activeStatus, txnAccessCode FROM ast_UserRoleBridge_T WHERE (roleUserMapId = ?)
	bind => [860B62A3-A063-4116-B637-E859935E3593]
[EL Fine]: sql: 2016-03-16 11:46:56.438--ClientSession(1214764971)--Connection(1183009156)--Thread(Thread[Test worker,5,main])--DELETE FROM ast_UserRoleBridge_T WHERE ((roleUserMapId = ?) AND (versionId = ?))
	bind => [860B62A3-A063-4116-B637-E859935E3593, 2]
]]></system-out>
  <system-err><![CDATA[]]></system-err>
</testsuite>
